{"user":"x_finder3","timestamp":"2024-09-03T10:18:35.855748","nav_name":"api_owasp4","action":"停止","params":"数据窗口任务停止完毕!","operate_result":"信息","failed_reason":""}
{"user":"x_finder3","timestamp":"2024-09-03T10:18:40.755878","nav_name":"api_owasp4","action":"监控程序","params":"printf::收到消息退出","operate_result":"信息","failed_reason":""}
{"user":"x_finder3","timestamp":"2024-09-03T10:18:40.756361","nav_name":"api_owasp4","action":"停止","params":"全部停止完毕!","operate_result":"信息","failed_reason":""}
{"user":"x_finder3","timestamp":"2024-09-03T10:19:36.197932","nav_name":"api_owasp4","action":"启动参数","params":"shm_name: httpub,count: 8,","operate_result":"信息","failed_reason":""}
{"user":"x_finder3","timestamp":"2024-09-03T10:19:36.203100","nav_name":"api_owasp4","action":"组件启动","params":"开始验证授权....","operate_result":"信息","failed_reason":""}
{"user":"x_finder3","timestamp":"2024-09-03T10:19:36.203476","nav_name":"api_owasp4","action":"组件启动","params":"授权验证完成!","operate_result":"信息","failed_reason":""}
{"user":"x_finder3","timestamp":"2024-09-03T10:19:36.204116","nav_name":"api_owasp4","action":"组件启动","params":"数据窗口函数-1, 定时任务函数--1","operate_result":"信息","failed_reason":""}
{"user":"x_finder3","timestamp":"2024-09-03T10:19:36.204310","nav_name":"api_owasp4","action":"事件主循环","params":"PubShm 建立中","operate_result":"信息","failed_reason":""}
{"user":"x_finder3","timestamp":"2024-09-03T10:19:36.204883","nav_name":"api_owasp4","action":"启动出错","params":"PubShm","operate_result":"错误","failed_reason":"[Errno 2] No such file or directory: '\/xlink_shm_httpub_2.pub'"}
{"user":"x_finder3","timestamp":"2024-09-03T10:19:36.205599","nav_name":"api_owasp4","action":"主函数","params":"异常退出PubShm:[Errno 2] No such file or directory: '\/xlink_shm_httpub_2.pub'","operate_result":"错误","failed_reason":"错误跟踪Traceback (most recent call last):\n  File \"xlink_core.pyx\", line 820, in xlink_core.Main5\n  File \"\/opt\/fbi-base\/lib\/python3.11\/multiprocessing\/shared_memory.py\", line 104, in __init__\n    self._fd = _posixshmem.shm_open(\n               ^^^^^^^^^^^^^^^^^^^^^\nFileNotFoundError: [Errno 2] No such file or directory: '\/xlink_shm_httpub_2.pub'\n\nDuring handling of the above exception, another exception occurred:\n\nTraceback (most recent call last):\n  File \"xlink_core.pyx\", line 1453, in xlink_core.x_start\n  File \"xlink_core.pyx\", line 830, in xlink_core.Main5\nException: PubShm:[Errno 2] No such file or directory: '\/xlink_shm_httpub_2.pub'\n"}
{"user":"x_finder3","timestamp":"2024-09-03T10:19:36.205724","nav_name":"api_owasp4","action":"停止","params":"二阶段开始停止!","operate_result":"信息","failed_reason":""}
{"user":"x_finder3","timestamp":"2024-09-03T10:19:36.205827","nav_name":"api_owasp4","action":"停止","params":"三阶段开始停止!","operate_result":"信息","failed_reason":""}
{"user":"x_finder3","timestamp":"2024-09-03T10:19:36.304004","nav_name":"api_owasp4","action":"停止","params":"数据窗口任务停止完毕!","operate_result":"信息","failed_reason":""}
{"user":"x_finder3","timestamp":"2024-09-03T10:19:41.204200","nav_name":"api_owasp4","action":"监控程序","params":"printf::收到消息退出","operate_result":"信息","failed_reason":""}
{"user":"x_finder3","timestamp":"2024-09-03T10:19:41.204666","nav_name":"api_owasp4","action":"停止","params":"全部停止完毕!","operate_result":"信息","failed_reason":""}
{"user":"x_finder3","timestamp":"2024-09-03T10:20:36.196602","nav_name":"api_owasp4","action":"启动参数","params":"shm_name: httpub,count: 8,","operate_result":"信息","failed_reason":""}
{"user":"x_finder3","timestamp":"2024-09-03T10:20:36.201990","nav_name":"api_owasp4","action":"组件启动","params":"开始验证授权....","operate_result":"信息","failed_reason":""}
{"user":"x_finder3","timestamp":"2024-09-03T10:20:36.202379","nav_name":"api_owasp4","action":"组件启动","params":"授权验证完成!","operate_result":"信息","failed_reason":""}
{"user":"x_finder3","timestamp":"2024-09-03T10:20:36.202981","nav_name":"api_owasp4","action":"组件启动","params":"数据窗口函数-1, 定时任务函数--1","operate_result":"信息","failed_reason":""}
{"user":"x_finder3","timestamp":"2024-09-03T10:20:36.203128","nav_name":"api_owasp4","action":"事件主循环","params":"PubShm 建立中","operate_result":"信息","failed_reason":""}
{"user":"x_finder3","timestamp":"2024-09-03T10:20:36.203725","nav_name":"api_owasp4","action":"启动出错","params":"PubShm","operate_result":"错误","failed_reason":"[Errno 2] No such file or directory: '\/xlink_shm_httpub_2.pub'"}
{"user":"x_finder3","timestamp":"2024-09-03T10:20:36.204449","nav_name":"api_owasp4","action":"主函数","params":"异常退出PubShm:[Errno 2] No such file or directory: '\/xlink_shm_httpub_2.pub'","operate_result":"错误","failed_reason":"错误跟踪Traceback (most recent call last):\n  File \"xlink_core.pyx\", line 820, in xlink_core.Main5\n  File \"\/opt\/fbi-base\/lib\/python3.11\/multiprocessing\/shared_memory.py\", line 104, in __init__\n    self._fd = _posixshmem.shm_open(\n               ^^^^^^^^^^^^^^^^^^^^^\nFileNotFoundError: [Errno 2] No such file or directory: '\/xlink_shm_httpub_2.pub'\n\nDuring handling of the above exception, another exception occurred:\n\nTraceback (most recent call last):\n  File \"xlink_core.pyx\", line 1453, in xlink_core.x_start\n  File \"xlink_core.pyx\", line 830, in xlink_core.Main5\nException: PubShm:[Errno 2] No such file or directory: '\/xlink_shm_httpub_2.pub'\n"}
{"user":"x_finder3","timestamp":"2024-09-03T10:20:36.204564","nav_name":"api_owasp4","action":"停止","params":"二阶段开始停止!","operate_result":"信息","failed_reason":""}
{"user":"x_finder3","timestamp":"2024-09-03T10:20:36.204659","nav_name":"api_owasp4","action":"停止","params":"三阶段开始停止!","operate_result":"信息","failed_reason":""}
{"user":"x_finder3","timestamp":"2024-09-03T10:20:36.302969","nav_name":"api_owasp4","action":"停止","params":"数据窗口任务停止完毕!","operate_result":"信息","failed_reason":""}
{"user":"x_finder3","timestamp":"2024-09-03T10:20:41.203101","nav_name":"api_owasp4","action":"监控程序","params":"printf::收到消息退出","operate_result":"信息","failed_reason":""}
{"user":"x_finder3","timestamp":"2024-09-03T10:20:41.203561","nav_name":"api_owasp4","action":"停止","params":"全部停止完毕!","operate_result":"信息","failed_reason":""}
{"user":"x_finder3","timestamp":"2024-09-03T10:21:37.093880","nav_name":"api_owasp4","action":"启动参数","params":"shm_name: httpub,count: 8,","operate_result":"信息","failed_reason":""}
{"user":"x_finder3","timestamp":"2024-09-03T10:21:37.099649","nav_name":"api_owasp4","action":"组件启动","params":"开始验证授权....","operate_result":"信息","failed_reason":""}
{"user":"x_finder3","timestamp":"2024-09-03T10:21:37.100019","nav_name":"api_owasp4","action":"组件启动","params":"授权验证完成!","operate_result":"信息","failed_reason":""}
{"user":"x_finder3","timestamp":"2024-09-03T10:21:37.100728","nav_name":"api_owasp4","action":"组件启动","params":"数据窗口函数-1, 定时任务函数--1","operate_result":"信息","failed_reason":""}
{"user":"x_finder3","timestamp":"2024-09-03T10:21:37.100896","nav_name":"api_owasp4","action":"事件主循环","params":"PubShm 建立中","operate_result":"信息","failed_reason":""}
{"user":"x_finder3","timestamp":"2024-09-03T10:21:37.101691","nav_name":"api_owasp4","action":"启动出错","params":"PubShm","operate_result":"错误","failed_reason":"[Errno 2] No such file or directory: '\/xlink_shm_httpub_2.pub'"}
{"user":"x_finder3","timestamp":"2024-09-03T10:21:37.102622","nav_name":"api_owasp4","action":"主函数","params":"异常退出PubShm:[Errno 2] No such file or directory: '\/xlink_shm_httpub_2.pub'","operate_result":"错误","failed_reason":"错误跟踪Traceback (most recent call last):\n  File \"xlink_core.pyx\", line 820, in xlink_core.Main5\n  File \"\/opt\/fbi-base\/lib\/python3.11\/multiprocessing\/shared_memory.py\", line 104, in __init__\n    self._fd = _posixshmem.shm_open(\n               ^^^^^^^^^^^^^^^^^^^^^\nFileNotFoundError: [Errno 2] No such file or directory: '\/xlink_shm_httpub_2.pub'\n\nDuring handling of the above exception, another exception occurred:\n\nTraceback (most recent call last):\n  File \"xlink_core.pyx\", line 1453, in xlink_core.x_start\n  File \"xlink_core.pyx\", line 830, in xlink_core.Main5\nException: PubShm:[Errno 2] No such file or directory: '\/xlink_shm_httpub_2.pub'\n"}
{"user":"x_finder3","timestamp":"2024-09-03T10:21:37.102746","nav_name":"api_owasp4","action":"停止","params":"二阶段开始停止!","operate_result":"信息","failed_reason":""}
{"user":"x_finder3","timestamp":"2024-09-03T10:21:37.102841","nav_name":"api_owasp4","action":"停止","params":"三阶段开始停止!","operate_result":"信息","failed_reason":""}
{"user":"x_finder3","timestamp":"2024-09-03T10:21:37.200722","nav_name":"api_owasp4","action":"停止","params":"数据窗口任务停止完毕!","operate_result":"信息","failed_reason":""}
{"user":"x_finder3","timestamp":"2024-09-03T10:21:42.100850","nav_name":"api_owasp4","action":"监控程序","params":"printf::收到消息退出","operate_result":"信息","failed_reason":""}
{"user":"x_finder3","timestamp":"2024-09-03T10:21:42.101414","nav_name":"api_owasp4","action":"停止","params":"全部停止完毕!","operate_result":"信息","failed_reason":""}
{"user":"x_finder3","timestamp":"2024-09-03T10:22:37.219053","nav_name":"api_owasp4","action":"启动参数","params":"shm_name: httpub,count: 8,","operate_result":"信息","failed_reason":""}
{"user":"x_finder3","timestamp":"2024-09-03T10:22:37.223961","nav_name":"api_owasp4","action":"组件启动","params":"开始验证授权....","operate_result":"信息","failed_reason":""}
{"user":"x_finder3","timestamp":"2024-09-03T10:22:37.224317","nav_name":"api_owasp4","action":"组件启动","params":"授权验证完成!","operate_result":"信息","failed_reason":""}
{"user":"x_finder3","timestamp":"2024-09-03T10:22:37.224874","nav_name":"api_owasp4","action":"组件启动","params":"数据窗口函数-1, 定时任务函数--1","operate_result":"信息","failed_reason":""}
{"user":"x_finder3","timestamp":"2024-09-03T10:22:37.225016","nav_name":"api_owasp4","action":"事件主循环","params":"PubShm 建立中","operate_result":"信息","failed_reason":""}
{"user":"x_finder3","timestamp":"2024-09-03T10:22:37.225576","nav_name":"api_owasp4","action":"启动出错","params":"PubShm","operate_result":"错误","failed_reason":"[Errno 2] No such file or directory: '\/xlink_shm_httpub_2.pub'"}
{"user":"x_finder3","timestamp":"2024-09-03T10:22:37.226273","nav_name":"api_owasp4","action":"主函数","params":"异常退出PubShm:[Errno 2] No such file or directory: '\/xlink_shm_httpub_2.pub'","operate_result":"错误","failed_reason":"错误跟踪Traceback (most recent call last):\n  File \"xlink_core.pyx\", line 820, in xlink_core.Main5\n  File \"\/opt\/fbi-base\/lib\/python3.11\/multiprocessing\/shared_memory.py\", line 104, in __init__\n    self._fd = _posixshmem.shm_open(\n               ^^^^^^^^^^^^^^^^^^^^^\nFileNotFoundError: [Errno 2] No such file or directory: '\/xlink_shm_httpub_2.pub'\n\nDuring handling of the above exception, another exception occurred:\n\nTraceback (most recent call last):\n  File \"xlink_core.pyx\", line 1453, in xlink_core.x_start\n  File \"xlink_core.pyx\", line 830, in xlink_core.Main5\nException: PubShm:[Errno 2] No such file or directory: '\/xlink_shm_httpub_2.pub'\n"}
{"user":"x_finder3","timestamp":"2024-09-03T10:22:37.226384","nav_name":"api_owasp4","action":"停止","params":"二阶段开始停止!","operate_result":"信息","failed_reason":""}
{"user":"x_finder3","timestamp":"2024-09-03T10:22:37.226478","nav_name":"api_owasp4","action":"停止","params":"三阶段开始停止!","operate_result":"信息","failed_reason":""}
{"user":"x_finder3","timestamp":"2024-09-03T10:22:37.324835","nav_name":"api_owasp4","action":"停止","params":"数据窗口任务停止完毕!","operate_result":"信息","failed_reason":""}
{"user":"x_finder3","timestamp":"2024-09-03T10:22:42.224976","nav_name":"api_owasp4","action":"监控程序","params":"printf::收到消息退出","operate_result":"信息","failed_reason":""}
{"user":"x_finder3","timestamp":"2024-09-03T10:22:42.225470","nav_name":"api_owasp4","action":"停止","params":"全部停止完毕!","operate_result":"信息","failed_reason":""}
{"user":"x_finder3","timestamp":"2024-09-03T10:23:37.312158","nav_name":"api_owasp4","action":"启动参数","params":"shm_name: httpub,count: 8,","operate_result":"信息","failed_reason":""}
{"user":"x_finder3","timestamp":"2024-09-03T10:23:37.317505","nav_name":"api_owasp4","action":"组件启动","params":"开始验证授权....","operate_result":"信息","failed_reason":""}
{"user":"x_finder3","timestamp":"2024-09-03T10:23:37.317905","nav_name":"api_owasp4","action":"组件启动","params":"授权验证完成!","operate_result":"信息","failed_reason":""}
{"user":"x_finder3","timestamp":"2024-09-03T10:23:37.318665","nav_name":"api_owasp4","action":"组件启动","params":"数据窗口函数-1, 定时任务函数--1","operate_result":"信息","failed_reason":""}
{"user":"x_finder3","timestamp":"2024-09-03T10:23:37.318821","nav_name":"api_owasp4","action":"事件主循环","params":"PubShm 建立中","operate_result":"信息","failed_reason":""}
{"user":"x_finder3","timestamp":"2024-09-03T10:23:37.319404","nav_name":"api_owasp4","action":"启动出错","params":"PubShm","operate_result":"错误","failed_reason":"[Errno 2] No such file or directory: '\/xlink_shm_httpub_2.pub'"}
{"user":"x_finder3","timestamp":"2024-09-03T10:23:37.320212","nav_name":"api_owasp4","action":"主函数","params":"异常退出PubShm:[Errno 2] No such file or directory: '\/xlink_shm_httpub_2.pub'","operate_result":"错误","failed_reason":"错误跟踪Traceback (most recent call last):\n  File \"xlink_core.pyx\", line 820, in xlink_core.Main5\n  File \"\/opt\/fbi-base\/lib\/python3.11\/multiprocessing\/shared_memory.py\", line 104, in __init__\n    self._fd = _posixshmem.shm_open(\n               ^^^^^^^^^^^^^^^^^^^^^\nFileNotFoundError: [Errno 2] No such file or directory: '\/xlink_shm_httpub_2.pub'\n\nDuring handling of the above exception, another exception occurred:\n\nTraceback (most recent call last):\n  File \"xlink_core.pyx\", line 1453, in xlink_core.x_start\n  File \"xlink_core.pyx\", line 830, in xlink_core.Main5\nException: PubShm:[Errno 2] No such file or directory: '\/xlink_shm_httpub_2.pub'\n"}
{"user":"x_finder3","timestamp":"2024-09-03T10:23:37.320339","nav_name":"api_owasp4","action":"停止","params":"二阶段开始停止!","operate_result":"信息","failed_reason":""}
{"user":"x_finder3","timestamp":"2024-09-03T10:23:37.320440","nav_name":"api_owasp4","action":"停止","params":"三阶段开始停止!","operate_result":"信息","failed_reason":""}
{"user":"x_finder3","timestamp":"2024-09-03T10:23:37.418669","nav_name":"api_owasp4","action":"停止","params":"数据窗口任务停止完毕!","operate_result":"信息","failed_reason":""}
{"user":"x_finder3","timestamp":"2024-09-03T10:23:42.318761","nav_name":"api_owasp4","action":"监控程序","params":"printf::收到消息退出","operate_result":"信息","failed_reason":""}
{"user":"x_finder3","timestamp":"2024-09-03T10:23:42.319249","nav_name":"api_owasp4","action":"停止","params":"全部停止完毕!","operate_result":"信息","failed_reason":""}
{"user":"x_finder3","timestamp":"2024-09-03T10:24:37.489064","nav_name":"api_owasp4","action":"启动参数","params":"shm_name: httpub,count: 8,","operate_result":"信息","failed_reason":""}
{"user":"x_finder3","timestamp":"2024-09-03T10:24:37.494644","nav_name":"api_owasp4","action":"组件启动","params":"开始验证授权....","operate_result":"信息","failed_reason":""}
{"user":"x_finder3","timestamp":"2024-09-03T10:24:37.495055","nav_name":"api_owasp4","action":"组件启动","params":"授权验证完成!","operate_result":"信息","failed_reason":""}
{"user":"x_finder3","timestamp":"2024-09-03T10:24:37.495702","nav_name":"api_owasp4","action":"组件启动","params":"数据窗口函数-1, 定时任务函数--1","operate_result":"信息","failed_reason":""}
{"user":"x_finder3","timestamp":"2024-09-03T10:24:37.495849","nav_name":"api_owasp4","action":"事件主循环","params":"PubShm 建立中","operate_result":"信息","failed_reason":""}
{"user":"x_finder3","timestamp":"2024-09-03T10:24:37.496431","nav_name":"api_owasp4","action":"启动出错","params":"PubShm","operate_result":"错误","failed_reason":"[Errno 2] No such file or directory: '\/xlink_shm_httpub_2.pub'"}
{"user":"x_finder3","timestamp":"2024-09-03T10:24:37.497138","nav_name":"api_owasp4","action":"主函数","params":"异常退出PubShm:[Errno 2] No such file or directory: '\/xlink_shm_httpub_2.pub'","operate_result":"错误","failed_reason":"错误跟踪Traceback (most recent call last):\n  File \"xlink_core.pyx\", line 820, in xlink_core.Main5\n  File \"\/opt\/fbi-base\/lib\/python3.11\/multiprocessing\/shared_memory.py\", line 104, in __init__\n    self._fd = _posixshmem.shm_open(\n               ^^^^^^^^^^^^^^^^^^^^^\nFileNotFoundError: [Errno 2] No such file or directory: '\/xlink_shm_httpub_2.pub'\n\nDuring handling of the above exception, another exception occurred:\n\nTraceback (most recent call last):\n  File \"xlink_core.pyx\", line 1453, in xlink_core.x_start\n  File \"xlink_core.pyx\", line 830, in xlink_core.Main5\nException: PubShm:[Errno 2] No such file or directory: '\/xlink_shm_httpub_2.pub'\n"}
{"user":"x_finder3","timestamp":"2024-09-03T10:24:37.497257","nav_name":"api_owasp4","action":"停止","params":"二阶段开始停止!","operate_result":"信息","failed_reason":""}
{"user":"x_finder3","timestamp":"2024-09-03T10:24:37.497353","nav_name":"api_owasp4","action":"停止","params":"三阶段开始停止!","operate_result":"信息","failed_reason":""}
{"user":"x_finder3","timestamp":"2024-09-03T10:24:37.595674","nav_name":"api_owasp4","action":"停止","params":"数据窗口任务停止完毕!","operate_result":"信息","failed_reason":""}
{"user":"x_finder3","timestamp":"2024-09-03T10:24:42.495802","nav_name":"api_owasp4","action":"监控程序","params":"printf::收到消息退出","operate_result":"信息","failed_reason":""}
{"user":"x_finder3","timestamp":"2024-09-03T10:24:42.496269","nav_name":"api_owasp4","action":"停止","params":"全部停止完毕!","operate_result":"信息","failed_reason":""}
{"user":"x_finder3","timestamp":"2024-09-03T10:25:37.904274","nav_name":"api_owasp4","action":"启动参数","params":"shm_name: httpub,count: 8,","operate_result":"信息","failed_reason":""}
{"user":"x_finder3","timestamp":"2024-09-03T10:25:37.909312","nav_name":"api_owasp4","action":"组件启动","params":"开始验证授权....","operate_result":"信息","failed_reason":""}
{"user":"x_finder3","timestamp":"2024-09-03T10:25:37.909662","nav_name":"api_owasp4","action":"组件启动","params":"授权验证完成!","operate_result":"信息","failed_reason":""}
{"user":"x_finder3","timestamp":"2024-09-03T10:25:37.910237","nav_name":"api_owasp4","action":"组件启动","params":"数据窗口函数-1, 定时任务函数--1","operate_result":"信息","failed_reason":""}
{"user":"x_finder3","timestamp":"2024-09-03T10:25:37.910376","nav_name":"api_owasp4","action":"事件主循环","params":"PubShm 建立中","operate_result":"信息","failed_reason":""}
{"user":"x_finder3","timestamp":"2024-09-03T10:25:37.910917","nav_name":"api_owasp4","action":"启动出错","params":"PubShm","operate_result":"错误","failed_reason":"[Errno 2] No such file or directory: '\/xlink_shm_httpub_2.pub'"}
{"user":"x_finder3","timestamp":"2024-09-03T10:25:37.911607","nav_name":"api_owasp4","action":"主函数","params":"异常退出PubShm:[Errno 2] No such file or directory: '\/xlink_shm_httpub_2.pub'","operate_result":"错误","failed_reason":"错误跟踪Traceback (most recent call last):\n  File \"xlink_core.pyx\", line 820, in xlink_core.Main5\n  File \"\/opt\/fbi-base\/lib\/python3.11\/multiprocessing\/shared_memory.py\", line 104, in __init__\n    self._fd = _posixshmem.shm_open(\n               ^^^^^^^^^^^^^^^^^^^^^\nFileNotFoundError: [Errno 2] No such file or directory: '\/xlink_shm_httpub_2.pub'\n\nDuring handling of the above exception, another exception occurred:\n\nTraceback (most recent call last):\n  File \"xlink_core.pyx\", line 1453, in xlink_core.x_start\n  File \"xlink_core.pyx\", line 830, in xlink_core.Main5\nException: PubShm:[Errno 2] No such file or directory: '\/xlink_shm_httpub_2.pub'\n"}
{"user":"x_finder3","timestamp":"2024-09-03T10:25:37.911727","nav_name":"api_owasp4","action":"停止","params":"二阶段开始停止!","operate_result":"信息","failed_reason":""}
{"user":"x_finder3","timestamp":"2024-09-03T10:25:37.911822","nav_name":"api_owasp4","action":"停止","params":"三阶段开始停止!","operate_result":"信息","failed_reason":""}
{"user":"x_finder3","timestamp":"2024-09-03T10:25:38.010189","nav_name":"api_owasp4","action":"停止","params":"数据窗口任务停止完毕!","operate_result":"信息","failed_reason":""}
{"user":"x_finder3","timestamp":"2024-09-03T10:25:42.910329","nav_name":"api_owasp4","action":"监控程序","params":"printf::收到消息退出","operate_result":"信息","failed_reason":""}
{"user":"x_finder3","timestamp":"2024-09-03T10:25:42.910774","nav_name":"api_owasp4","action":"停止","params":"全部停止完毕!","operate_result":"信息","failed_reason":""}
{"user":"x_finder3","timestamp":"2024-09-03T10:26:37.799426","nav_name":"api_owasp4","action":"启动参数","params":"shm_name: httpub,count: 8,","operate_result":"信息","failed_reason":""}
{"user":"x_finder3","timestamp":"2024-09-03T10:26:37.805056","nav_name":"api_owasp4","action":"组件启动","params":"开始验证授权....","operate_result":"信息","failed_reason":""}
{"user":"x_finder3","timestamp":"2024-09-03T10:26:37.805411","nav_name":"api_owasp4","action":"组件启动","params":"授权验证完成!","operate_result":"信息","failed_reason":""}
{"user":"x_finder3","timestamp":"2024-09-03T10:26:37.806102","nav_name":"api_owasp4","action":"组件启动","params":"数据窗口函数-1, 定时任务函数--1","operate_result":"信息","failed_reason":""}
{"user":"x_finder3","timestamp":"2024-09-03T10:26:37.806252","nav_name":"api_owasp4","action":"事件主循环","params":"PubShm 建立中","operate_result":"信息","failed_reason":""}
{"user":"x_finder3","timestamp":"2024-09-03T10:26:37.806875","nav_name":"api_owasp4","action":"启动出错","params":"PubShm","operate_result":"错误","failed_reason":"[Errno 2] No such file or directory: '\/xlink_shm_httpub_2.pub'"}
{"user":"x_finder3","timestamp":"2024-09-03T10:26:37.807750","nav_name":"api_owasp4","action":"主函数","params":"异常退出PubShm:[Errno 2] No such file or directory: '\/xlink_shm_httpub_2.pub'","operate_result":"错误","failed_reason":"错误跟踪Traceback (most recent call last):\n  File \"xlink_core.pyx\", line 820, in xlink_core.Main5\n  File \"\/opt\/fbi-base\/lib\/python3.11\/multiprocessing\/shared_memory.py\", line 104, in __init__\n    self._fd = _posixshmem.shm_open(\n               ^^^^^^^^^^^^^^^^^^^^^\nFileNotFoundError: [Errno 2] No such file or directory: '\/xlink_shm_httpub_2.pub'\n\nDuring handling of the above exception, another exception occurred:\n\nTraceback (most recent call last):\n  File \"xlink_core.pyx\", line 1453, in xlink_core.x_start\n  File \"xlink_core.pyx\", line 830, in xlink_core.Main5\nException: PubShm:[Errno 2] No such file or directory: '\/xlink_shm_httpub_2.pub'\n"}
{"user":"x_finder3","timestamp":"2024-09-03T10:26:37.807868","nav_name":"api_owasp4","action":"停止","params":"二阶段开始停止!","operate_result":"信息","failed_reason":""}
{"user":"x_finder3","timestamp":"2024-09-03T10:26:37.807964","nav_name":"api_owasp4","action":"停止","params":"三阶段开始停止!","operate_result":"信息","failed_reason":""}
{"user":"x_finder3","timestamp":"2024-09-03T10:26:37.906055","nav_name":"api_owasp4","action":"停止","params":"数据窗口任务停止完毕!","operate_result":"信息","failed_reason":""}
{"user":"x_finder3","timestamp":"2024-09-03T10:26:42.806213","nav_name":"api_owasp4","action":"监控程序","params":"printf::收到消息退出","operate_result":"信息","failed_reason":""}
{"user":"x_finder3","timestamp":"2024-09-03T10:26:42.806630","nav_name":"api_owasp4","action":"停止","params":"全部停止完毕!","operate_result":"信息","failed_reason":""}
{"user":"x_finder3","timestamp":"2024-09-03T10:27:38.153178","nav_name":"api_owasp4","action":"启动参数","params":"shm_name: httpub,count: 8,","operate_result":"信息","failed_reason":""}
{"user":"x_finder3","timestamp":"2024-09-03T10:27:38.158959","nav_name":"api_owasp4","action":"组件启动","params":"开始验证授权....","operate_result":"信息","failed_reason":""}
{"user":"x_finder3","timestamp":"2024-09-03T10:27:38.159365","nav_name":"api_owasp4","action":"组件启动","params":"授权验证完成!","operate_result":"信息","failed_reason":""}
{"user":"x_finder3","timestamp":"2024-09-03T10:27:38.159916","nav_name":"api_owasp4","action":"组件启动","params":"数据窗口函数-1, 定时任务函数--1","operate_result":"信息","failed_reason":""}
{"user":"x_finder3","timestamp":"2024-09-03T10:27:38.160070","nav_name":"api_owasp4","action":"事件主循环","params":"PubShm 建立中","operate_result":"信息","failed_reason":""}
{"user":"x_finder3","timestamp":"2024-09-03T10:27:38.160719","nav_name":"api_owasp4","action":"启动出错","params":"PubShm","operate_result":"错误","failed_reason":"[Errno 2] No such file or directory: '\/xlink_shm_httpub_2.pub'"}
{"user":"x_finder3","timestamp":"2024-09-03T10:27:38.161473","nav_name":"api_owasp4","action":"主函数","params":"异常退出PubShm:[Errno 2] No such file or directory: '\/xlink_shm_httpub_2.pub'","operate_result":"错误","failed_reason":"错误跟踪Traceback (most recent call last):\n  File \"xlink_core.pyx\", line 820, in xlink_core.Main5\n  File \"\/opt\/fbi-base\/lib\/python3.11\/multiprocessing\/shared_memory.py\", line 104, in __init__\n    self._fd = _posixshmem.shm_open(\n               ^^^^^^^^^^^^^^^^^^^^^\nFileNotFoundError: [Errno 2] No such file or directory: '\/xlink_shm_httpub_2.pub'\n\nDuring handling of the above exception, another exception occurred:\n\nTraceback (most recent call last):\n  File \"xlink_core.pyx\", line 1453, in xlink_core.x_start\n  File \"xlink_core.pyx\", line 830, in xlink_core.Main5\nException: PubShm:[Errno 2] No such file or directory: '\/xlink_shm_httpub_2.pub'\n"}
{"user":"x_finder3","timestamp":"2024-09-03T10:27:38.161601","nav_name":"api_owasp4","action":"停止","params":"二阶段开始停止!","operate_result":"信息","failed_reason":""}
{"user":"x_finder3","timestamp":"2024-09-03T10:27:38.161705","nav_name":"api_owasp4","action":"停止","params":"三阶段开始停止!","operate_result":"信息","failed_reason":""}
{"user":"x_finder3","timestamp":"2024-09-03T10:27:38.259914","nav_name":"api_owasp4","action":"停止","params":"数据窗口任务停止完毕!","operate_result":"信息","failed_reason":""}
{"user":"x_finder3","timestamp":"2024-09-03T10:27:43.160045","nav_name":"api_owasp4","action":"监控程序","params":"printf::收到消息退出","operate_result":"信息","failed_reason":""}
{"user":"x_finder3","timestamp":"2024-09-03T10:27:43.160572","nav_name":"api_owasp4","action":"停止","params":"全部停止完毕!","operate_result":"信息","failed_reason":""}
{"user":"x_finder3","timestamp":"2024-09-03T10:28:38.677274","nav_name":"api_owasp4","action":"启动参数","params":"shm_name: httpub,count: 8,","operate_result":"信息","failed_reason":""}
{"user":"x_finder3","timestamp":"2024-09-03T10:28:38.682503","nav_name":"api_owasp4","action":"组件启动","params":"开始验证授权....","operate_result":"信息","failed_reason":""}
{"user":"x_finder3","timestamp":"2024-09-03T10:28:38.682872","nav_name":"api_owasp4","action":"组件启动","params":"授权验证完成!","operate_result":"信息","failed_reason":""}
{"user":"x_finder3","timestamp":"2024-09-03T10:28:38.683358","nav_name":"api_owasp4","action":"组件启动","params":"数据窗口函数-1, 定时任务函数--1","operate_result":"信息","failed_reason":""}
{"user":"x_finder3","timestamp":"2024-09-03T10:28:38.683499","nav_name":"api_owasp4","action":"事件主循环","params":"PubShm 建立中","operate_result":"信息","failed_reason":""}
{"user":"x_finder3","timestamp":"2024-09-03T10:28:38.684051","nav_name":"api_owasp4","action":"启动出错","params":"PubShm","operate_result":"错误","failed_reason":"[Errno 2] No such file or directory: '\/xlink_shm_httpub_2.pub'"}
{"user":"x_finder3","timestamp":"2024-09-03T10:28:38.684760","nav_name":"api_owasp4","action":"主函数","params":"异常退出PubShm:[Errno 2] No such file or directory: '\/xlink_shm_httpub_2.pub'","operate_result":"错误","failed_reason":"错误跟踪Traceback (most recent call last):\n  File \"xlink_core.pyx\", line 820, in xlink_core.Main5\n  File \"\/opt\/fbi-base\/lib\/python3.11\/multiprocessing\/shared_memory.py\", line 104, in __init__\n    self._fd = _posixshmem.shm_open(\n               ^^^^^^^^^^^^^^^^^^^^^\nFileNotFoundError: [Errno 2] No such file or directory: '\/xlink_shm_httpub_2.pub'\n\nDuring handling of the above exception, another exception occurred:\n\nTraceback (most recent call last):\n  File \"xlink_core.pyx\", line 1453, in xlink_core.x_start\n  File \"xlink_core.pyx\", line 830, in xlink_core.Main5\nException: PubShm:[Errno 2] No such file or directory: '\/xlink_shm_httpub_2.pub'\n"}
{"user":"x_finder3","timestamp":"2024-09-03T10:28:38.684873","nav_name":"api_owasp4","action":"停止","params":"二阶段开始停止!","operate_result":"信息","failed_reason":""}
{"user":"x_finder3","timestamp":"2024-09-03T10:28:38.684968","nav_name":"api_owasp4","action":"停止","params":"三阶段开始停止!","operate_result":"信息","failed_reason":""}
{"user":"x_finder3","timestamp":"2024-09-03T10:28:38.783402","nav_name":"api_owasp4","action":"停止","params":"数据窗口任务停止完毕!","operate_result":"信息","failed_reason":""}
{"user":"x_finder3","timestamp":"2024-09-03T10:28:43.683483","nav_name":"api_owasp4","action":"监控程序","params":"printf::收到消息退出","operate_result":"信息","failed_reason":""}
{"user":"x_finder3","timestamp":"2024-09-03T10:28:43.683965","nav_name":"api_owasp4","action":"停止","params":"全部停止完毕!","operate_result":"信息","failed_reason":""}
{"user":"x_finder3","timestamp":"2024-09-03T10:29:38.853499","nav_name":"api_owasp4","action":"启动参数","params":"shm_name: httpub,count: 8,","operate_result":"信息","failed_reason":""}
{"user":"x_finder3","timestamp":"2024-09-03T10:29:38.860215","nav_name":"api_owasp4","action":"组件启动","params":"开始验证授权....","operate_result":"信息","failed_reason":""}
{"user":"x_finder3","timestamp":"2024-09-03T10:29:38.860634","nav_name":"api_owasp4","action":"组件启动","params":"授权验证完成!","operate_result":"信息","failed_reason":""}
{"user":"x_finder3","timestamp":"2024-09-03T10:29:38.861573","nav_name":"api_owasp4","action":"组件启动","params":"数据窗口函数-1, 定时任务函数--1","operate_result":"信息","failed_reason":""}
{"user":"x_finder3","timestamp":"2024-09-03T10:29:38.861762","nav_name":"api_owasp4","action":"事件主循环","params":"PubShm 建立中","operate_result":"信息","failed_reason":""}
{"user":"x_finder3","timestamp":"2024-09-03T10:29:38.862655","nav_name":"api_owasp4","action":"启动出错","params":"PubShm","operate_result":"错误","failed_reason":"[Errno 2] No such file or directory: '\/xlink_shm_httpub_2.pub'"}
{"user":"x_finder3","timestamp":"2024-09-03T10:29:38.863685","nav_name":"api_owasp4","action":"主函数","params":"异常退出PubShm:[Errno 2] No such file or directory: '\/xlink_shm_httpub_2.pub'","operate_result":"错误","failed_reason":"错误跟踪Traceback (most recent call last):\n  File \"xlink_core.pyx\", line 820, in xlink_core.Main5\n  File \"\/opt\/fbi-base\/lib\/python3.11\/multiprocessing\/shared_memory.py\", line 104, in __init__\n    self._fd = _posixshmem.shm_open(\n               ^^^^^^^^^^^^^^^^^^^^^\nFileNotFoundError: [Errno 2] No such file or directory: '\/xlink_shm_httpub_2.pub'\n\nDuring handling of the above exception, another exception occurred:\n\nTraceback (most recent call last):\n  File \"xlink_core.pyx\", line 1453, in xlink_core.x_start\n  File \"xlink_core.pyx\", line 830, in xlink_core.Main5\nException: PubShm:[Errno 2] No such file or directory: '\/xlink_shm_httpub_2.pub'\n"}
{"user":"x_finder3","timestamp":"2024-09-03T10:29:38.863819","nav_name":"api_owasp4","action":"停止","params":"二阶段开始停止!","operate_result":"信息","failed_reason":""}
{"user":"x_finder3","timestamp":"2024-09-03T10:29:38.863915","nav_name":"api_owasp4","action":"停止","params":"三阶段开始停止!","operate_result":"信息","failed_reason":""}
{"user":"x_finder3","timestamp":"2024-09-03T10:29:38.961527","nav_name":"api_owasp4","action":"停止","params":"数据窗口任务停止完毕!","operate_result":"信息","failed_reason":""}
{"user":"x_finder3","timestamp":"2024-09-03T10:29:43.861695","nav_name":"api_owasp4","action":"监控程序","params":"printf::收到消息退出","operate_result":"信息","failed_reason":""}
{"user":"x_finder3","timestamp":"2024-09-03T10:29:43.862183","nav_name":"api_owasp4","action":"停止","params":"全部停止完毕!","operate_result":"信息","failed_reason":""}
{"user":"x_finder3","timestamp":"2024-09-03T10:30:39.090767","nav_name":"api_owasp4","action":"启动参数","params":"shm_name: httpub,count: 8,","operate_result":"信息","failed_reason":""}
{"user":"x_finder3","timestamp":"2024-09-03T10:30:39.096880","nav_name":"api_owasp4","action":"组件启动","params":"开始验证授权....","operate_result":"信息","failed_reason":""}
{"user":"x_finder3","timestamp":"2024-09-03T10:30:39.097256","nav_name":"api_owasp4","action":"组件启动","params":"授权验证完成!","operate_result":"信息","failed_reason":""}
{"user":"x_finder3","timestamp":"2024-09-03T10:30:39.098160","nav_name":"api_owasp4","action":"组件启动","params":"数据窗口函数-1, 定时任务函数--1","operate_result":"信息","failed_reason":""}
{"user":"x_finder3","timestamp":"2024-09-03T10:30:39.098355","nav_name":"api_owasp4","action":"事件主循环","params":"PubShm 建立中","operate_result":"信息","failed_reason":""}
{"user":"x_finder3","timestamp":"2024-09-03T10:30:39.099174","nav_name":"api_owasp4","action":"启动出错","params":"PubShm","operate_result":"错误","failed_reason":"[Errno 2] No such file or directory: '\/xlink_shm_httpub_2.pub'"}
{"user":"x_finder3","timestamp":"2024-09-03T10:30:39.100229","nav_name":"api_owasp4","action":"主函数","params":"异常退出PubShm:[Errno 2] No such file or directory: '\/xlink_shm_httpub_2.pub'","operate_result":"错误","failed_reason":"错误跟踪Traceback (most recent call last):\n  File \"xlink_core.pyx\", line 820, in xlink_core.Main5\n  File \"\/opt\/fbi-base\/lib\/python3.11\/multiprocessing\/shared_memory.py\", line 104, in __init__\n    self._fd = _posixshmem.shm_open(\n               ^^^^^^^^^^^^^^^^^^^^^\nFileNotFoundError: [Errno 2] No such file or directory: '\/xlink_shm_httpub_2.pub'\n\nDuring handling of the above exception, another exception occurred:\n\nTraceback (most recent call last):\n  File \"xlink_core.pyx\", line 1453, in xlink_core.x_start\n  File \"xlink_core.pyx\", line 830, in xlink_core.Main5\nException: PubShm:[Errno 2] No such file or directory: '\/xlink_shm_httpub_2.pub'\n"}
{"user":"x_finder3","timestamp":"2024-09-03T10:30:39.100362","nav_name":"api_owasp4","action":"停止","params":"二阶段开始停止!","operate_result":"信息","failed_reason":""}
{"user":"x_finder3","timestamp":"2024-09-03T10:30:39.100463","nav_name":"api_owasp4","action":"停止","params":"三阶段开始停止!","operate_result":"信息","failed_reason":""}
{"user":"x_finder3","timestamp":"2024-09-03T10:30:39.198107","nav_name":"api_owasp4","action":"停止","params":"数据窗口任务停止完毕!","operate_result":"信息","failed_reason":""}
{"user":"x_finder3","timestamp":"2024-09-03T10:30:44.098280","nav_name":"api_owasp4","action":"监控程序","params":"printf::收到消息退出","operate_result":"信息","failed_reason":""}
{"user":"x_finder3","timestamp":"2024-09-03T10:30:44.098823","nav_name":"api_owasp4","action":"停止","params":"全部停止完毕!","operate_result":"信息","failed_reason":""}
{"user":"x_finder3","timestamp":"2024-09-03T10:31:39.060211","nav_name":"api_owasp4","action":"启动参数","params":"shm_name: httpub,count: 8,","operate_result":"信息","failed_reason":""}
{"user":"x_finder3","timestamp":"2024-09-03T10:31:39.066094","nav_name":"api_owasp4","action":"组件启动","params":"开始验证授权....","operate_result":"信息","failed_reason":""}
{"user":"x_finder3","timestamp":"2024-09-03T10:31:39.066500","nav_name":"api_owasp4","action":"组件启动","params":"授权验证完成!","operate_result":"信息","failed_reason":""}
{"user":"x_finder3","timestamp":"2024-09-03T10:31:39.067047","nav_name":"api_owasp4","action":"组件启动","params":"数据窗口函数-1, 定时任务函数--1","operate_result":"信息","failed_reason":""}
{"user":"x_finder3","timestamp":"2024-09-03T10:31:39.067195","nav_name":"api_owasp4","action":"事件主循环","params":"PubShm 建立中","operate_result":"信息","failed_reason":""}
{"user":"x_finder3","timestamp":"2024-09-03T10:31:39.067840","nav_name":"api_owasp4","action":"启动出错","params":"PubShm","operate_result":"错误","failed_reason":"[Errno 2] No such file or directory: '\/xlink_shm_httpub_2.pub'"}
{"user":"x_finder3","timestamp":"2024-09-03T10:31:39.068596","nav_name":"api_owasp4","action":"主函数","params":"异常退出PubShm:[Errno 2] No such file or directory: '\/xlink_shm_httpub_2.pub'","operate_result":"错误","failed_reason":"错误跟踪Traceback (most recent call last):\n  File \"xlink_core.pyx\", line 820, in xlink_core.Main5\n  File \"\/opt\/fbi-base\/lib\/python3.11\/multiprocessing\/shared_memory.py\", line 104, in __init__\n    self._fd = _posixshmem.shm_open(\n               ^^^^^^^^^^^^^^^^^^^^^\nFileNotFoundError: [Errno 2] No such file or directory: '\/xlink_shm_httpub_2.pub'\n\nDuring handling of the above exception, another exception occurred:\n\nTraceback (most recent call last):\n  File \"xlink_core.pyx\", line 1453, in xlink_core.x_start\n  File \"xlink_core.pyx\", line 830, in xlink_core.Main5\nException: PubShm:[Errno 2] No such file or directory: '\/xlink_shm_httpub_2.pub'\n"}
{"user":"x_finder3","timestamp":"2024-09-03T10:31:39.068719","nav_name":"api_owasp4","action":"停止","params":"二阶段开始停止!","operate_result":"信息","failed_reason":""}
{"user":"x_finder3","timestamp":"2024-09-03T10:31:39.068821","nav_name":"api_owasp4","action":"停止","params":"三阶段开始停止!","operate_result":"信息","failed_reason":""}
{"user":"x_finder3","timestamp":"2024-09-03T10:31:39.167080","nav_name":"api_owasp4","action":"停止","params":"数据窗口任务停止完毕!","operate_result":"信息","failed_reason":""}
{"user":"x_finder3","timestamp":"2024-09-03T10:31:44.067165","nav_name":"api_owasp4","action":"监控程序","params":"printf::收到消息退出","operate_result":"信息","failed_reason":""}
{"user":"x_finder3","timestamp":"2024-09-03T10:31:44.067810","nav_name":"api_owasp4","action":"停止","params":"全部停止完毕!","operate_result":"信息","failed_reason":""}
{"user":"x_finder3","timestamp":"2024-09-03T10:32:39.260811","nav_name":"api_owasp4","action":"启动参数","params":"shm_name: httpub,count: 8,","operate_result":"信息","failed_reason":""}
{"user":"x_finder3","timestamp":"2024-09-03T10:32:39.268052","nav_name":"api_owasp4","action":"组件启动","params":"开始验证授权....","operate_result":"信息","failed_reason":""}
{"user":"x_finder3","timestamp":"2024-09-03T10:32:39.268492","nav_name":"api_owasp4","action":"组件启动","params":"授权验证完成!","operate_result":"信息","failed_reason":""}
{"user":"x_finder3","timestamp":"2024-09-03T10:32:39.269524","nav_name":"api_owasp4","action":"组件启动","params":"数据窗口函数-1, 定时任务函数--1","operate_result":"信息","failed_reason":""}
{"user":"x_finder3","timestamp":"2024-09-03T10:32:39.269740","nav_name":"api_owasp4","action":"事件主循环","params":"PubShm 建立中","operate_result":"信息","failed_reason":""}
{"user":"x_finder3","timestamp":"2024-09-03T10:32:39.270685","nav_name":"api_owasp4","action":"启动出错","params":"PubShm","operate_result":"错误","failed_reason":"[Errno 2] No such file or directory: '\/xlink_shm_httpub_2.pub'"}
{"user":"x_finder3","timestamp":"2024-09-03T10:32:39.271962","nav_name":"api_owasp4","action":"主函数","params":"异常退出PubShm:[Errno 2] No such file or directory: '\/xlink_shm_httpub_2.pub'","operate_result":"错误","failed_reason":"错误跟踪Traceback (most recent call last):\n  File \"xlink_core.pyx\", line 820, in xlink_core.Main5\n  File \"\/opt\/fbi-base\/lib\/python3.11\/multiprocessing\/shared_memory.py\", line 104, in __init__\n    self._fd = _posixshmem.shm_open(\n               ^^^^^^^^^^^^^^^^^^^^^\nFileNotFoundError: [Errno 2] No such file or directory: '\/xlink_shm_httpub_2.pub'\n\nDuring handling of the above exception, another exception occurred:\n\nTraceback (most recent call last):\n  File \"xlink_core.pyx\", line 1453, in xlink_core.x_start\n  File \"xlink_core.pyx\", line 830, in xlink_core.Main5\nException: PubShm:[Errno 2] No such file or directory: '\/xlink_shm_httpub_2.pub'\n"}
{"user":"x_finder3","timestamp":"2024-09-03T10:32:39.272102","nav_name":"api_owasp4","action":"停止","params":"二阶段开始停止!","operate_result":"信息","failed_reason":""}
{"user":"x_finder3","timestamp":"2024-09-03T10:32:39.272209","nav_name":"api_owasp4","action":"停止","params":"三阶段开始停止!","operate_result":"信息","failed_reason":""}
{"user":"x_finder3","timestamp":"2024-09-03T10:32:39.369449","nav_name":"api_owasp4","action":"停止","params":"数据窗口任务停止完毕!","operate_result":"信息","failed_reason":""}
{"user":"x_finder3","timestamp":"2024-09-03T10:32:44.269624","nav_name":"api_owasp4","action":"监控程序","params":"printf::收到消息退出","operate_result":"信息","failed_reason":""}
{"user":"x_finder3","timestamp":"2024-09-03T10:32:44.270274","nav_name":"api_owasp4","action":"停止","params":"全部停止完毕!","operate_result":"信息","failed_reason":""}
{"user":"x_finder3","timestamp":"2024-09-03T10:33:39.265895","nav_name":"api_owasp4","action":"启动参数","params":"shm_name: httpub,count: 8,","operate_result":"信息","failed_reason":""}
{"user":"x_finder3","timestamp":"2024-09-03T10:33:39.272543","nav_name":"api_owasp4","action":"组件启动","params":"开始验证授权....","operate_result":"信息","failed_reason":""}
{"user":"x_finder3","timestamp":"2024-09-03T10:33:39.272940","nav_name":"api_owasp4","action":"组件启动","params":"授权验证完成!","operate_result":"信息","failed_reason":""}
{"user":"x_finder3","timestamp":"2024-09-03T10:33:39.273879","nav_name":"api_owasp4","action":"组件启动","params":"数据窗口函数-1, 定时任务函数--1","operate_result":"信息","failed_reason":""}
{"user":"x_finder3","timestamp":"2024-09-03T10:33:39.274073","nav_name":"api_owasp4","action":"事件主循环","params":"PubShm 建立中","operate_result":"信息","failed_reason":""}
{"user":"x_finder3","timestamp":"2024-09-03T10:33:39.274997","nav_name":"api_owasp4","action":"启动出错","params":"PubShm","operate_result":"错误","failed_reason":"[Errno 2] No such file or directory: '\/xlink_shm_httpub_2.pub'"}
{"user":"x_finder3","timestamp":"2024-09-03T10:33:39.276280","nav_name":"api_owasp4","action":"主函数","params":"异常退出PubShm:[Errno 2] No such file or directory: '\/xlink_shm_httpub_2.pub'","operate_result":"错误","failed_reason":"错误跟踪Traceback (most recent call last):\n  File \"xlink_core.pyx\", line 820, in xlink_core.Main5\n  File \"\/opt\/fbi-base\/lib\/python3.11\/multiprocessing\/shared_memory.py\", line 104, in __init__\n    self._fd = _posixshmem.shm_open(\n               ^^^^^^^^^^^^^^^^^^^^^\nFileNotFoundError: [Errno 2] No such file or directory: '\/xlink_shm_httpub_2.pub'\n\nDuring handling of the above exception, another exception occurred:\n\nTraceback (most recent call last):\n  File \"xlink_core.pyx\", line 1453, in xlink_core.x_start\n  File \"xlink_core.pyx\", line 830, in xlink_core.Main5\nException: PubShm:[Errno 2] No such file or directory: '\/xlink_shm_httpub_2.pub'\n"}
{"user":"x_finder3","timestamp":"2024-09-03T10:33:39.276430","nav_name":"api_owasp4","action":"停止","params":"二阶段开始停止!","operate_result":"信息","failed_reason":""}
{"user":"x_finder3","timestamp":"2024-09-03T10:33:39.276534","nav_name":"api_owasp4","action":"停止","params":"三阶段开始停止!","operate_result":"信息","failed_reason":""}
{"user":"x_finder3","timestamp":"2024-09-03T10:33:39.373849","nav_name":"api_owasp4","action":"停止","params":"数据窗口任务停止完毕!","operate_result":"信息","failed_reason":""}
{"user":"x_finder3","timestamp":"2024-09-03T10:33:44.274011","nav_name":"api_owasp4","action":"监控程序","params":"printf::收到消息退出","operate_result":"信息","failed_reason":""}
{"user":"x_finder3","timestamp":"2024-09-03T10:33:44.274581","nav_name":"api_owasp4","action":"停止","params":"全部停止完毕!","operate_result":"信息","failed_reason":""}
{"user":"x_finder3","timestamp":"2024-09-03T10:34:39.806192","nav_name":"api_owasp4","action":"启动参数","params":"shm_name: httpub,count: 8,","operate_result":"信息","failed_reason":""}
{"user":"x_finder3","timestamp":"2024-09-03T10:34:39.812003","nav_name":"api_owasp4","action":"组件启动","params":"开始验证授权....","operate_result":"信息","failed_reason":""}
{"user":"x_finder3","timestamp":"2024-09-03T10:34:39.812354","nav_name":"api_owasp4","action":"组件启动","params":"授权验证完成!","operate_result":"信息","failed_reason":""}
{"user":"x_finder3","timestamp":"2024-09-03T10:34:39.813266","nav_name":"api_owasp4","action":"组件启动","params":"数据窗口函数-1, 定时任务函数--1","operate_result":"信息","failed_reason":""}
{"user":"x_finder3","timestamp":"2024-09-03T10:34:39.813439","nav_name":"api_owasp4","action":"事件主循环","params":"PubShm 建立中","operate_result":"信息","failed_reason":""}
{"user":"x_finder3","timestamp":"2024-09-03T10:34:39.814173","nav_name":"api_owasp4","action":"启动出错","params":"PubShm","operate_result":"错误","failed_reason":"[Errno 2] No such file or directory: '\/xlink_shm_httpub_2.pub'"}
{"user":"x_finder3","timestamp":"2024-09-03T10:34:39.815223","nav_name":"api_owasp4","action":"主函数","params":"异常退出PubShm:[Errno 2] No such file or directory: '\/xlink_shm_httpub_2.pub'","operate_result":"错误","failed_reason":"错误跟踪Traceback (most recent call last):\n  File \"xlink_core.pyx\", line 820, in xlink_core.Main5\n  File \"\/opt\/fbi-base\/lib\/python3.11\/multiprocessing\/shared_memory.py\", line 104, in __init__\n    self._fd = _posixshmem.shm_open(\n               ^^^^^^^^^^^^^^^^^^^^^\nFileNotFoundError: [Errno 2] No such file or directory: '\/xlink_shm_httpub_2.pub'\n\nDuring handling of the above exception, another exception occurred:\n\nTraceback (most recent call last):\n  File \"xlink_core.pyx\", line 1453, in xlink_core.x_start\n  File \"xlink_core.pyx\", line 830, in xlink_core.Main5\nException: PubShm:[Errno 2] No such file or directory: '\/xlink_shm_httpub_2.pub'\n"}
{"user":"x_finder3","timestamp":"2024-09-03T10:34:39.815349","nav_name":"api_owasp4","action":"停止","params":"二阶段开始停止!","operate_result":"信息","failed_reason":""}
{"user":"x_finder3","timestamp":"2024-09-03T10:34:39.815446","nav_name":"api_owasp4","action":"停止","params":"三阶段开始停止!","operate_result":"信息","failed_reason":""}
{"user":"x_finder3","timestamp":"2024-09-03T10:34:39.913087","nav_name":"api_owasp4","action":"停止","params":"数据窗口任务停止完毕!","operate_result":"信息","failed_reason":""}
{"user":"x_finder3","timestamp":"2024-09-03T10:34:44.813374","nav_name":"api_owasp4","action":"监控程序","params":"printf::收到消息退出","operate_result":"信息","failed_reason":""}
{"user":"x_finder3","timestamp":"2024-09-03T10:34:44.813974","nav_name":"api_owasp4","action":"停止","params":"全部停止完毕!","operate_result":"信息","failed_reason":""}
{"user":"x_finder3","timestamp":"2024-09-03T10:35:40.091505","nav_name":"api_owasp4","action":"启动参数","params":"shm_name: httpub,count: 8,","operate_result":"信息","failed_reason":""}
{"user":"x_finder3","timestamp":"2024-09-03T10:35:40.097647","nav_name":"api_owasp4","action":"组件启动","params":"开始验证授权....","operate_result":"信息","failed_reason":""}
{"user":"x_finder3","timestamp":"2024-09-03T10:35:40.098084","nav_name":"api_owasp4","action":"组件启动","params":"授权验证完成!","operate_result":"信息","failed_reason":""}
{"user":"x_finder3","timestamp":"2024-09-03T10:35:40.098796","nav_name":"api_owasp4","action":"组件启动","params":"数据窗口函数-1, 定时任务函数--1","operate_result":"信息","failed_reason":""}
{"user":"x_finder3","timestamp":"2024-09-03T10:35:40.098954","nav_name":"api_owasp4","action":"事件主循环","params":"PubShm 建立中","operate_result":"信息","failed_reason":""}
{"user":"x_finder3","timestamp":"2024-09-03T10:35:40.099756","nav_name":"api_owasp4","action":"启动出错","params":"PubShm","operate_result":"错误","failed_reason":"[Errno 2] No such file or directory: '\/xlink_shm_httpub_2.pub'"}
{"user":"x_finder3","timestamp":"2024-09-03T10:35:40.100872","nav_name":"api_owasp4","action":"主函数","params":"异常退出PubShm:[Errno 2] No such file or directory: '\/xlink_shm_httpub_2.pub'","operate_result":"错误","failed_reason":"错误跟踪Traceback (most recent call last):\n  File \"xlink_core.pyx\", line 820, in xlink_core.Main5\n  File \"\/opt\/fbi-base\/lib\/python3.11\/multiprocessing\/shared_memory.py\", line 104, in __init__\n    self._fd = _posixshmem.shm_open(\n               ^^^^^^^^^^^^^^^^^^^^^\nFileNotFoundError: [Errno 2] No such file or directory: '\/xlink_shm_httpub_2.pub'\n\nDuring handling of the above exception, another exception occurred:\n\nTraceback (most recent call last):\n  File \"xlink_core.pyx\", line 1453, in xlink_core.x_start\n  File \"xlink_core.pyx\", line 830, in xlink_core.Main5\nException: PubShm:[Errno 2] No such file or directory: '\/xlink_shm_httpub_2.pub'\n"}
{"user":"x_finder3","timestamp":"2024-09-03T10:35:40.101003","nav_name":"api_owasp4","action":"停止","params":"二阶段开始停止!","operate_result":"信息","failed_reason":""}
{"user":"x_finder3","timestamp":"2024-09-03T10:35:40.101106","nav_name":"api_owasp4","action":"停止","params":"三阶段开始停止!","operate_result":"信息","failed_reason":""}
{"user":"x_finder3","timestamp":"2024-09-03T10:35:40.198767","nav_name":"api_owasp4","action":"停止","params":"数据窗口任务停止完毕!","operate_result":"信息","failed_reason":""}
{"user":"x_finder3","timestamp":"2024-09-03T10:35:45.098917","nav_name":"api_owasp4","action":"监控程序","params":"printf::收到消息退出","operate_result":"信息","failed_reason":""}
{"user":"x_finder3","timestamp":"2024-09-03T10:35:45.099620","nav_name":"api_owasp4","action":"停止","params":"全部停止完毕!","operate_result":"信息","failed_reason":""}
{"user":"x_finder3","timestamp":"2024-09-03T10:36:40.047446","nav_name":"api_owasp4","action":"启动参数","params":"shm_name: httpub,count: 8,","operate_result":"信息","failed_reason":""}
{"user":"x_finder3","timestamp":"2024-09-03T10:36:40.053496","nav_name":"api_owasp4","action":"组件启动","params":"开始验证授权....","operate_result":"信息","failed_reason":""}
{"user":"x_finder3","timestamp":"2024-09-03T10:36:40.053913","nav_name":"api_owasp4","action":"组件启动","params":"授权验证完成!","operate_result":"信息","failed_reason":""}
{"user":"x_finder3","timestamp":"2024-09-03T10:36:40.054695","nav_name":"api_owasp4","action":"组件启动","params":"数据窗口函数-1, 定时任务函数--1","operate_result":"信息","failed_reason":""}
{"user":"x_finder3","timestamp":"2024-09-03T10:36:40.054933","nav_name":"api_owasp4","action":"事件主循环","params":"PubShm 建立中","operate_result":"信息","failed_reason":""}
{"user":"x_finder3","timestamp":"2024-09-03T10:36:40.055649","nav_name":"api_owasp4","action":"启动出错","params":"PubShm","operate_result":"错误","failed_reason":"[Errno 2] No such file or directory: '\/xlink_shm_httpub_2.pub'"}
{"user":"x_finder3","timestamp":"2024-09-03T10:36:40.056466","nav_name":"api_owasp4","action":"主函数","params":"异常退出PubShm:[Errno 2] No such file or directory: '\/xlink_shm_httpub_2.pub'","operate_result":"错误","failed_reason":"错误跟踪Traceback (most recent call last):\n  File \"xlink_core.pyx\", line 820, in xlink_core.Main5\n  File \"\/opt\/fbi-base\/lib\/python3.11\/multiprocessing\/shared_memory.py\", line 104, in __init__\n    self._fd = _posixshmem.shm_open(\n               ^^^^^^^^^^^^^^^^^^^^^\nFileNotFoundError: [Errno 2] No such file or directory: '\/xlink_shm_httpub_2.pub'\n\nDuring handling of the above exception, another exception occurred:\n\nTraceback (most recent call last):\n  File \"xlink_core.pyx\", line 1453, in xlink_core.x_start\n  File \"xlink_core.pyx\", line 830, in xlink_core.Main5\nException: PubShm:[Errno 2] No such file or directory: '\/xlink_shm_httpub_2.pub'\n"}
{"user":"x_finder3","timestamp":"2024-09-03T10:36:40.056591","nav_name":"api_owasp4","action":"停止","params":"二阶段开始停止!","operate_result":"信息","failed_reason":""}
{"user":"x_finder3","timestamp":"2024-09-03T10:36:40.056692","nav_name":"api_owasp4","action":"停止","params":"三阶段开始停止!","operate_result":"信息","failed_reason":""}
{"user":"x_finder3","timestamp":"2024-09-03T10:36:40.154608","nav_name":"api_owasp4","action":"停止","params":"数据窗口任务停止完毕!","operate_result":"信息","failed_reason":""}
{"user":"x_finder3","timestamp":"2024-09-03T10:36:45.054810","nav_name":"api_owasp4","action":"监控程序","params":"printf::收到消息退出","operate_result":"信息","failed_reason":""}
{"user":"x_finder3","timestamp":"2024-09-03T10:36:45.055299","nav_name":"api_owasp4","action":"停止","params":"全部停止完毕!","operate_result":"信息","failed_reason":""}
{"user":"x_finder3","timestamp":"2024-09-03T10:37:40.468324","nav_name":"api_owasp4","action":"启动参数","params":"shm_name: httpub,count: 8,","operate_result":"信息","failed_reason":""}
{"user":"x_finder3","timestamp":"2024-09-03T10:37:40.475228","nav_name":"api_owasp4","action":"组件启动","params":"开始验证授权....","operate_result":"信息","failed_reason":""}
{"user":"x_finder3","timestamp":"2024-09-03T10:37:40.475699","nav_name":"api_owasp4","action":"组件启动","params":"授权验证完成!","operate_result":"信息","failed_reason":""}
{"user":"x_finder3","timestamp":"2024-09-03T10:37:40.476929","nav_name":"api_owasp4","action":"组件启动","params":"数据窗口函数-1, 定时任务函数--1","operate_result":"信息","failed_reason":""}
{"user":"x_finder3","timestamp":"2024-09-03T10:37:40.477121","nav_name":"api_owasp4","action":"事件主循环","params":"PubShm 建立中","operate_result":"信息","failed_reason":""}
{"user":"x_finder3","timestamp":"2024-09-03T10:37:40.478126","nav_name":"api_owasp4","action":"启动出错","params":"PubShm","operate_result":"错误","failed_reason":"[Errno 2] No such file or directory: '\/xlink_shm_httpub_2.pub'"}
{"user":"x_finder3","timestamp":"2024-09-03T10:37:40.479781","nav_name":"api_owasp4","action":"主函数","params":"异常退出PubShm:[Errno 2] No such file or directory: '\/xlink_shm_httpub_2.pub'","operate_result":"错误","failed_reason":"错误跟踪Traceback (most recent call last):\n  File \"xlink_core.pyx\", line 820, in xlink_core.Main5\n  File \"\/opt\/fbi-base\/lib\/python3.11\/multiprocessing\/shared_memory.py\", line 104, in __init__\n    self._fd = _posixshmem.shm_open(\n               ^^^^^^^^^^^^^^^^^^^^^\nFileNotFoundError: [Errno 2] No such file or directory: '\/xlink_shm_httpub_2.pub'\n\nDuring handling of the above exception, another exception occurred:\n\nTraceback (most recent call last):\n  File \"xlink_core.pyx\", line 1453, in xlink_core.x_start\n  File \"xlink_core.pyx\", line 830, in xlink_core.Main5\nException: PubShm:[Errno 2] No such file or directory: '\/xlink_shm_httpub_2.pub'\n"}
{"user":"x_finder3","timestamp":"2024-09-03T10:37:40.479928","nav_name":"api_owasp4","action":"停止","params":"二阶段开始停止!","operate_result":"信息","failed_reason":""}
{"user":"x_finder3","timestamp":"2024-09-03T10:37:40.480034","nav_name":"api_owasp4","action":"停止","params":"三阶段开始停止!","operate_result":"信息","failed_reason":""}
{"user":"x_finder3","timestamp":"2024-09-03T10:37:40.576887","nav_name":"api_owasp4","action":"停止","params":"数据窗口任务停止完毕!","operate_result":"信息","failed_reason":""}
{"user":"x_finder3","timestamp":"2024-09-03T10:37:45.477057","nav_name":"api_owasp4","action":"监控程序","params":"printf::收到消息退出","operate_result":"信息","failed_reason":""}
{"user":"x_finder3","timestamp":"2024-09-03T10:37:45.477873","nav_name":"api_owasp4","action":"停止","params":"全部停止完毕!","operate_result":"信息","failed_reason":""}
{"user":"x_finder3","timestamp":"2024-09-03T10:38:40.745788","nav_name":"api_owasp4","action":"启动参数","params":"shm_name: httpub,count: 8,","operate_result":"信息","failed_reason":""}
{"user":"x_finder3","timestamp":"2024-09-03T10:38:40.751449","nav_name":"api_owasp4","action":"组件启动","params":"开始验证授权....","operate_result":"信息","failed_reason":""}
{"user":"x_finder3","timestamp":"2024-09-03T10:38:40.751795","nav_name":"api_owasp4","action":"组件启动","params":"授权验证完成!","operate_result":"信息","failed_reason":""}
{"user":"x_finder3","timestamp":"2024-09-03T10:38:40.752521","nav_name":"api_owasp4","action":"组件启动","params":"数据窗口函数-1, 定时任务函数--1","operate_result":"信息","failed_reason":""}
{"user":"x_finder3","timestamp":"2024-09-03T10:38:40.752691","nav_name":"api_owasp4","action":"事件主循环","params":"PubShm 建立中","operate_result":"信息","failed_reason":""}
{"user":"x_finder3","timestamp":"2024-09-03T10:38:40.753403","nav_name":"api_owasp4","action":"启动出错","params":"PubShm","operate_result":"错误","failed_reason":"[Errno 2] No such file or directory: '\/xlink_shm_httpub_2.pub'"}
{"user":"x_finder3","timestamp":"2024-09-03T10:38:40.754749","nav_name":"api_owasp4","action":"主函数","params":"异常退出PubShm:[Errno 2] No such file or directory: '\/xlink_shm_httpub_2.pub'","operate_result":"错误","failed_reason":"错误跟踪Traceback (most recent call last):\n  File \"xlink_core.pyx\", line 820, in xlink_core.Main5\n  File \"\/opt\/fbi-base\/lib\/python3.11\/multiprocessing\/shared_memory.py\", line 104, in __init__\n    self._fd = _posixshmem.shm_open(\n               ^^^^^^^^^^^^^^^^^^^^^\nFileNotFoundError: [Errno 2] No such file or directory: '\/xlink_shm_httpub_2.pub'\n\nDuring handling of the above exception, another exception occurred:\n\nTraceback (most recent call last):\n  File \"xlink_core.pyx\", line 1453, in xlink_core.x_start\n  File \"xlink_core.pyx\", line 830, in xlink_core.Main5\nException: PubShm:[Errno 2] No such file or directory: '\/xlink_shm_httpub_2.pub'\n"}
{"user":"x_finder3","timestamp":"2024-09-03T10:38:40.754898","nav_name":"api_owasp4","action":"停止","params":"二阶段开始停止!","operate_result":"信息","failed_reason":""}
{"user":"x_finder3","timestamp":"2024-09-03T10:38:40.755003","nav_name":"api_owasp4","action":"停止","params":"三阶段开始停止!","operate_result":"信息","failed_reason":""}
{"user":"x_finder3","timestamp":"2024-09-03T10:38:40.852504","nav_name":"api_owasp4","action":"停止","params":"数据窗口任务停止完毕!","operate_result":"信息","failed_reason":""}
{"user":"x_finder3","timestamp":"2024-09-03T10:38:45.752647","nav_name":"api_owasp4","action":"监控程序","params":"printf::收到消息退出","operate_result":"信息","failed_reason":""}
{"user":"x_finder3","timestamp":"2024-09-03T10:38:45.753230","nav_name":"api_owasp4","action":"停止","params":"全部停止完毕!","operate_result":"信息","failed_reason":""}
{"user":"x_finder3","timestamp":"2024-09-03T10:39:40.944900","nav_name":"api_owasp4","action":"启动参数","params":"shm_name: httpub,count: 8,","operate_result":"信息","failed_reason":""}
{"user":"x_finder3","timestamp":"2024-09-03T10:39:40.950244","nav_name":"api_owasp4","action":"组件启动","params":"开始验证授权....","operate_result":"信息","failed_reason":""}
{"user":"x_finder3","timestamp":"2024-09-03T10:39:40.950601","nav_name":"api_owasp4","action":"组件启动","params":"授权验证完成!","operate_result":"信息","failed_reason":""}
{"user":"x_finder3","timestamp":"2024-09-03T10:39:40.951152","nav_name":"api_owasp4","action":"组件启动","params":"数据窗口函数-1, 定时任务函数--1","operate_result":"信息","failed_reason":""}
{"user":"x_finder3","timestamp":"2024-09-03T10:39:40.951291","nav_name":"api_owasp4","action":"事件主循环","params":"PubShm 建立中","operate_result":"信息","failed_reason":""}
{"user":"x_finder3","timestamp":"2024-09-03T10:39:40.951851","nav_name":"api_owasp4","action":"启动出错","params":"PubShm","operate_result":"错误","failed_reason":"[Errno 2] No such file or directory: '\/xlink_shm_httpub_2.pub'"}
{"user":"x_finder3","timestamp":"2024-09-03T10:39:40.952542","nav_name":"api_owasp4","action":"主函数","params":"异常退出PubShm:[Errno 2] No such file or directory: '\/xlink_shm_httpub_2.pub'","operate_result":"错误","failed_reason":"错误跟踪Traceback (most recent call last):\n  File \"xlink_core.pyx\", line 820, in xlink_core.Main5\n  File \"\/opt\/fbi-base\/lib\/python3.11\/multiprocessing\/shared_memory.py\", line 104, in __init__\n    self._fd = _posixshmem.shm_open(\n               ^^^^^^^^^^^^^^^^^^^^^\nFileNotFoundError: [Errno 2] No such file or directory: '\/xlink_shm_httpub_2.pub'\n\nDuring handling of the above exception, another exception occurred:\n\nTraceback (most recent call last):\n  File \"xlink_core.pyx\", line 1453, in xlink_core.x_start\n  File \"xlink_core.pyx\", line 830, in xlink_core.Main5\nException: PubShm:[Errno 2] No such file or directory: '\/xlink_shm_httpub_2.pub'\n"}
{"user":"x_finder3","timestamp":"2024-09-03T10:39:40.952652","nav_name":"api_owasp4","action":"停止","params":"二阶段开始停止!","operate_result":"信息","failed_reason":""}
{"user":"x_finder3","timestamp":"2024-09-03T10:39:40.952747","nav_name":"api_owasp4","action":"停止","params":"三阶段开始停止!","operate_result":"信息","failed_reason":""}
{"user":"x_finder3","timestamp":"2024-09-03T10:39:41.051115","nav_name":"api_owasp4","action":"停止","params":"数据窗口任务停止完毕!","operate_result":"信息","failed_reason":""}
{"user":"x_finder3","timestamp":"2024-09-03T10:39:45.951273","nav_name":"api_owasp4","action":"监控程序","params":"printf::收到消息退出","operate_result":"信息","failed_reason":""}
{"user":"x_finder3","timestamp":"2024-09-03T10:39:45.951751","nav_name":"api_owasp4","action":"停止","params":"全部停止完毕!","operate_result":"信息","failed_reason":""}
{"user":"x_finder3","timestamp":"2024-09-03T10:40:41.050628","nav_name":"api_owasp4","action":"启动参数","params":"shm_name: httpub,count: 8,","operate_result":"信息","failed_reason":""}
{"user":"x_finder3","timestamp":"2024-09-03T10:40:41.056877","nav_name":"api_owasp4","action":"组件启动","params":"开始验证授权....","operate_result":"信息","failed_reason":""}
{"user":"x_finder3","timestamp":"2024-09-03T10:40:41.057243","nav_name":"api_owasp4","action":"组件启动","params":"授权验证完成!","operate_result":"信息","failed_reason":""}
{"user":"x_finder3","timestamp":"2024-09-03T10:40:41.057944","nav_name":"api_owasp4","action":"组件启动","params":"数据窗口函数-1, 定时任务函数--1","operate_result":"信息","failed_reason":""}
{"user":"x_finder3","timestamp":"2024-09-03T10:40:41.058108","nav_name":"api_owasp4","action":"事件主循环","params":"PubShm 建立中","operate_result":"信息","failed_reason":""}
{"user":"x_finder3","timestamp":"2024-09-03T10:40:41.058776","nav_name":"api_owasp4","action":"启动出错","params":"PubShm","operate_result":"错误","failed_reason":"[Errno 2] No such file or directory: '\/xlink_shm_httpub_2.pub'"}
{"user":"x_finder3","timestamp":"2024-09-03T10:40:41.059741","nav_name":"api_owasp4","action":"主函数","params":"异常退出PubShm:[Errno 2] No such file or directory: '\/xlink_shm_httpub_2.pub'","operate_result":"错误","failed_reason":"错误跟踪Traceback (most recent call last):\n  File \"xlink_core.pyx\", line 820, in xlink_core.Main5\n  File \"\/opt\/fbi-base\/lib\/python3.11\/multiprocessing\/shared_memory.py\", line 104, in __init__\n    self._fd = _posixshmem.shm_open(\n               ^^^^^^^^^^^^^^^^^^^^^\nFileNotFoundError: [Errno 2] No such file or directory: '\/xlink_shm_httpub_2.pub'\n\nDuring handling of the above exception, another exception occurred:\n\nTraceback (most recent call last):\n  File \"xlink_core.pyx\", line 1453, in xlink_core.x_start\n  File \"xlink_core.pyx\", line 830, in xlink_core.Main5\nException: PubShm:[Errno 2] No such file or directory: '\/xlink_shm_httpub_2.pub'\n"}
{"user":"x_finder3","timestamp":"2024-09-03T10:40:41.059863","nav_name":"api_owasp4","action":"停止","params":"二阶段开始停止!","operate_result":"信息","failed_reason":""}
{"user":"x_finder3","timestamp":"2024-09-03T10:40:41.059958","nav_name":"api_owasp4","action":"停止","params":"三阶段开始停止!","operate_result":"信息","failed_reason":""}
{"user":"x_finder3","timestamp":"2024-09-03T10:40:41.157938","nav_name":"api_owasp4","action":"停止","params":"数据窗口任务停止完毕!","operate_result":"信息","failed_reason":""}
{"user":"x_finder3","timestamp":"2024-09-03T10:40:46.058070","nav_name":"api_owasp4","action":"监控程序","params":"printf::收到消息退出","operate_result":"信息","failed_reason":""}
{"user":"x_finder3","timestamp":"2024-09-03T10:40:46.058573","nav_name":"api_owasp4","action":"停止","params":"全部停止完毕!","operate_result":"信息","failed_reason":""}
{"user":"x_finder3","timestamp":"2024-09-03T10:41:40.970687","nav_name":"api_owasp4","action":"启动参数","params":"shm_name: httpub,count: 8,","operate_result":"信息","failed_reason":""}
{"user":"x_finder3","timestamp":"2024-09-03T10:41:40.976065","nav_name":"api_owasp4","action":"组件启动","params":"开始验证授权....","operate_result":"信息","failed_reason":""}
{"user":"x_finder3","timestamp":"2024-09-03T10:41:40.976425","nav_name":"api_owasp4","action":"组件启动","params":"授权验证完成!","operate_result":"信息","failed_reason":""}
{"user":"x_finder3","timestamp":"2024-09-03T10:41:40.976905","nav_name":"api_owasp4","action":"组件启动","params":"数据窗口函数-1, 定时任务函数--1","operate_result":"信息","failed_reason":""}
{"user":"x_finder3","timestamp":"2024-09-03T10:41:40.977041","nav_name":"api_owasp4","action":"事件主循环","params":"PubShm 建立中","operate_result":"信息","failed_reason":""}
{"user":"x_finder3","timestamp":"2024-09-03T10:41:40.977592","nav_name":"api_owasp4","action":"启动出错","params":"PubShm","operate_result":"错误","failed_reason":"[Errno 2] No such file or directory: '\/xlink_shm_httpub_2.pub'"}
{"user":"x_finder3","timestamp":"2024-09-03T10:41:40.978314","nav_name":"api_owasp4","action":"主函数","params":"异常退出PubShm:[Errno 2] No such file or directory: '\/xlink_shm_httpub_2.pub'","operate_result":"错误","failed_reason":"错误跟踪Traceback (most recent call last):\n  File \"xlink_core.pyx\", line 820, in xlink_core.Main5\n  File \"\/opt\/fbi-base\/lib\/python3.11\/multiprocessing\/shared_memory.py\", line 104, in __init__\n    self._fd = _posixshmem.shm_open(\n               ^^^^^^^^^^^^^^^^^^^^^\nFileNotFoundError: [Errno 2] No such file or directory: '\/xlink_shm_httpub_2.pub'\n\nDuring handling of the above exception, another exception occurred:\n\nTraceback (most recent call last):\n  File \"xlink_core.pyx\", line 1453, in xlink_core.x_start\n  File \"xlink_core.pyx\", line 830, in xlink_core.Main5\nException: PubShm:[Errno 2] No such file or directory: '\/xlink_shm_httpub_2.pub'\n"}
{"user":"x_finder3","timestamp":"2024-09-03T10:41:40.978431","nav_name":"api_owasp4","action":"停止","params":"二阶段开始停止!","operate_result":"信息","failed_reason":""}
{"user":"x_finder3","timestamp":"2024-09-03T10:41:40.978529","nav_name":"api_owasp4","action":"停止","params":"三阶段开始停止!","operate_result":"信息","failed_reason":""}
{"user":"x_finder3","timestamp":"2024-09-03T10:41:41.076943","nav_name":"api_owasp4","action":"停止","params":"数据窗口任务停止完毕!","operate_result":"信息","failed_reason":""}
{"user":"x_finder3","timestamp":"2024-09-03T10:41:45.977028","nav_name":"api_owasp4","action":"监控程序","params":"printf::收到消息退出","operate_result":"信息","failed_reason":""}
{"user":"x_finder3","timestamp":"2024-09-03T10:41:45.977482","nav_name":"api_owasp4","action":"停止","params":"全部停止完毕!","operate_result":"信息","failed_reason":""}
{"user":"x_finder3","timestamp":"2024-09-03T10:42:41.264925","nav_name":"api_owasp4","action":"启动参数","params":"shm_name: httpub,count: 8,","operate_result":"信息","failed_reason":""}
{"user":"x_finder3","timestamp":"2024-09-03T10:42:41.270463","nav_name":"api_owasp4","action":"组件启动","params":"开始验证授权....","operate_result":"信息","failed_reason":""}
{"user":"x_finder3","timestamp":"2024-09-03T10:42:41.270817","nav_name":"api_owasp4","action":"组件启动","params":"授权验证完成!","operate_result":"信息","failed_reason":""}
{"user":"x_finder3","timestamp":"2024-09-03T10:42:41.271567","nav_name":"api_owasp4","action":"组件启动","params":"数据窗口函数-1, 定时任务函数--1","operate_result":"信息","failed_reason":""}
{"user":"x_finder3","timestamp":"2024-09-03T10:42:41.271734","nav_name":"api_owasp4","action":"事件主循环","params":"PubShm 建立中","operate_result":"信息","failed_reason":""}
{"user":"x_finder3","timestamp":"2024-09-03T10:42:41.272457","nav_name":"api_owasp4","action":"启动出错","params":"PubShm","operate_result":"错误","failed_reason":"[Errno 2] No such file or directory: '\/xlink_shm_httpub_2.pub'"}
{"user":"x_finder3","timestamp":"2024-09-03T10:42:41.273452","nav_name":"api_owasp4","action":"主函数","params":"异常退出PubShm:[Errno 2] No such file or directory: '\/xlink_shm_httpub_2.pub'","operate_result":"错误","failed_reason":"错误跟踪Traceback (most recent call last):\n  File \"xlink_core.pyx\", line 820, in xlink_core.Main5\n  File \"\/opt\/fbi-base\/lib\/python3.11\/multiprocessing\/shared_memory.py\", line 104, in __init__\n    self._fd = _posixshmem.shm_open(\n               ^^^^^^^^^^^^^^^^^^^^^\nFileNotFoundError: [Errno 2] No such file or directory: '\/xlink_shm_httpub_2.pub'\n\nDuring handling of the above exception, another exception occurred:\n\nTraceback (most recent call last):\n  File \"xlink_core.pyx\", line 1453, in xlink_core.x_start\n  File \"xlink_core.pyx\", line 830, in xlink_core.Main5\nException: PubShm:[Errno 2] No such file or directory: '\/xlink_shm_httpub_2.pub'\n"}
{"user":"x_finder3","timestamp":"2024-09-03T10:42:41.273582","nav_name":"api_owasp4","action":"停止","params":"二阶段开始停止!","operate_result":"信息","failed_reason":""}
{"user":"x_finder3","timestamp":"2024-09-03T10:42:41.273681","nav_name":"api_owasp4","action":"停止","params":"三阶段开始停止!","operate_result":"信息","failed_reason":""}
{"user":"x_finder3","timestamp":"2024-09-03T10:42:41.371547","nav_name":"api_owasp4","action":"停止","params":"数据窗口任务停止完毕!","operate_result":"信息","failed_reason":""}
{"user":"x_finder3","timestamp":"2024-09-03T10:42:46.271685","nav_name":"api_owasp4","action":"监控程序","params":"printf::收到消息退出","operate_result":"信息","failed_reason":""}
{"user":"x_finder3","timestamp":"2024-09-03T10:42:46.272200","nav_name":"api_owasp4","action":"停止","params":"全部停止完毕!","operate_result":"信息","failed_reason":""}
{"user":"x_finder3","timestamp":"2024-09-03T10:43:41.641573","nav_name":"api_owasp4","action":"启动参数","params":"shm_name: httpub,count: 8,","operate_result":"信息","failed_reason":""}
{"user":"x_finder3","timestamp":"2024-09-03T10:43:41.647704","nav_name":"api_owasp4","action":"组件启动","params":"开始验证授权....","operate_result":"信息","failed_reason":""}
{"user":"x_finder3","timestamp":"2024-09-03T10:43:41.648124","nav_name":"api_owasp4","action":"组件启动","params":"授权验证完成!","operate_result":"信息","failed_reason":""}
{"user":"x_finder3","timestamp":"2024-09-03T10:43:41.648855","nav_name":"api_owasp4","action":"组件启动","params":"数据窗口函数-1, 定时任务函数--1","operate_result":"信息","failed_reason":""}
{"user":"x_finder3","timestamp":"2024-09-03T10:43:41.649031","nav_name":"api_owasp4","action":"事件主循环","params":"PubShm 建立中","operate_result":"信息","failed_reason":""}
{"user":"x_finder3","timestamp":"2024-09-03T10:43:41.649781","nav_name":"api_owasp4","action":"启动出错","params":"PubShm","operate_result":"错误","failed_reason":"[Errno 2] No such file or directory: '\/xlink_shm_httpub_2.pub'"}
{"user":"x_finder3","timestamp":"2024-09-03T10:43:41.650812","nav_name":"api_owasp4","action":"主函数","params":"异常退出PubShm:[Errno 2] No such file or directory: '\/xlink_shm_httpub_2.pub'","operate_result":"错误","failed_reason":"错误跟踪Traceback (most recent call last):\n  File \"xlink_core.pyx\", line 820, in xlink_core.Main5\n  File \"\/opt\/fbi-base\/lib\/python3.11\/multiprocessing\/shared_memory.py\", line 104, in __init__\n    self._fd = _posixshmem.shm_open(\n               ^^^^^^^^^^^^^^^^^^^^^\nFileNotFoundError: [Errno 2] No such file or directory: '\/xlink_shm_httpub_2.pub'\n\nDuring handling of the above exception, another exception occurred:\n\nTraceback (most recent call last):\n  File \"xlink_core.pyx\", line 1453, in xlink_core.x_start\n  File \"xlink_core.pyx\", line 830, in xlink_core.Main5\nException: PubShm:[Errno 2] No such file or directory: '\/xlink_shm_httpub_2.pub'\n"}
{"user":"x_finder3","timestamp":"2024-09-03T10:43:41.650942","nav_name":"api_owasp4","action":"停止","params":"二阶段开始停止!","operate_result":"信息","failed_reason":""}
{"user":"x_finder3","timestamp":"2024-09-03T10:43:41.651042","nav_name":"api_owasp4","action":"停止","params":"三阶段开始停止!","operate_result":"信息","failed_reason":""}
{"user":"x_finder3","timestamp":"2024-09-03T10:43:41.748889","nav_name":"api_owasp4","action":"停止","params":"数据窗口任务停止完毕!","operate_result":"信息","failed_reason":""}
{"user":"x_finder3","timestamp":"2024-09-03T10:43:46.648981","nav_name":"api_owasp4","action":"监控程序","params":"printf::收到消息退出","operate_result":"信息","failed_reason":""}
{"user":"x_finder3","timestamp":"2024-09-03T10:43:46.649538","nav_name":"api_owasp4","action":"停止","params":"全部停止完毕!","operate_result":"信息","failed_reason":""}
{"user":"x_finder3","timestamp":"2024-09-03T10:44:41.708160","nav_name":"api_owasp4","action":"启动参数","params":"shm_name: httpub,count: 8,","operate_result":"信息","failed_reason":""}
{"user":"x_finder3","timestamp":"2024-09-03T10:44:41.713617","nav_name":"api_owasp4","action":"组件启动","params":"开始验证授权....","operate_result":"信息","failed_reason":""}
{"user":"x_finder3","timestamp":"2024-09-03T10:44:41.713991","nav_name":"api_owasp4","action":"组件启动","params":"授权验证完成!","operate_result":"信息","failed_reason":""}
{"user":"x_finder3","timestamp":"2024-09-03T10:44:41.714522","nav_name":"api_owasp4","action":"组件启动","params":"数据窗口函数-1, 定时任务函数--1","operate_result":"信息","failed_reason":""}
{"user":"x_finder3","timestamp":"2024-09-03T10:44:41.714665","nav_name":"api_owasp4","action":"事件主循环","params":"PubShm 建立中","operate_result":"信息","failed_reason":""}
{"user":"x_finder3","timestamp":"2024-09-03T10:44:41.715289","nav_name":"api_owasp4","action":"启动出错","params":"PubShm","operate_result":"错误","failed_reason":"[Errno 2] No such file or directory: '\/xlink_shm_httpub_2.pub'"}
{"user":"x_finder3","timestamp":"2024-09-03T10:44:41.716008","nav_name":"api_owasp4","action":"主函数","params":"异常退出PubShm:[Errno 2] No such file or directory: '\/xlink_shm_httpub_2.pub'","operate_result":"错误","failed_reason":"错误跟踪Traceback (most recent call last):\n  File \"xlink_core.pyx\", line 820, in xlink_core.Main5\n  File \"\/opt\/fbi-base\/lib\/python3.11\/multiprocessing\/shared_memory.py\", line 104, in __init__\n    self._fd = _posixshmem.shm_open(\n               ^^^^^^^^^^^^^^^^^^^^^\nFileNotFoundError: [Errno 2] No such file or directory: '\/xlink_shm_httpub_2.pub'\n\nDuring handling of the above exception, another exception occurred:\n\nTraceback (most recent call last):\n  File \"xlink_core.pyx\", line 1453, in xlink_core.x_start\n  File \"xlink_core.pyx\", line 830, in xlink_core.Main5\nException: PubShm:[Errno 2] No such file or directory: '\/xlink_shm_httpub_2.pub'\n"}
{"user":"x_finder3","timestamp":"2024-09-03T10:44:41.716128","nav_name":"api_owasp4","action":"停止","params":"二阶段开始停止!","operate_result":"信息","failed_reason":""}
{"user":"x_finder3","timestamp":"2024-09-03T10:44:41.716229","nav_name":"api_owasp4","action":"停止","params":"三阶段开始停止!","operate_result":"信息","failed_reason":""}
{"user":"x_finder3","timestamp":"2024-09-03T10:44:41.814514","nav_name":"api_owasp4","action":"停止","params":"数据窗口任务停止完毕!","operate_result":"信息","failed_reason":""}
{"user":"x_finder3","timestamp":"2024-09-03T10:44:46.714655","nav_name":"api_owasp4","action":"监控程序","params":"printf::收到消息退出","operate_result":"信息","failed_reason":""}
{"user":"x_finder3","timestamp":"2024-09-03T10:44:46.715193","nav_name":"api_owasp4","action":"停止","params":"全部停止完毕!","operate_result":"信息","failed_reason":""}
{"user":"x_finder3","timestamp":"2024-09-03T10:45:42.236285","nav_name":"api_owasp4","action":"启动参数","params":"shm_name: httpub,count: 8,","operate_result":"信息","failed_reason":""}
{"user":"x_finder3","timestamp":"2024-09-03T10:45:42.244162","nav_name":"api_owasp4","action":"组件启动","params":"开始验证授权....","operate_result":"信息","failed_reason":""}
{"user":"x_finder3","timestamp":"2024-09-03T10:45:42.244659","nav_name":"api_owasp4","action":"组件启动","params":"授权验证完成!","operate_result":"信息","failed_reason":""}
{"user":"x_finder3","timestamp":"2024-09-03T10:45:42.245624","nav_name":"api_owasp4","action":"组件启动","params":"数据窗口函数-1, 定时任务函数--1","operate_result":"信息","failed_reason":""}
{"user":"x_finder3","timestamp":"2024-09-03T10:45:42.245859","nav_name":"api_owasp4","action":"事件主循环","params":"PubShm 建立中","operate_result":"信息","failed_reason":""}
{"user":"x_finder3","timestamp":"2024-09-03T10:45:42.246944","nav_name":"api_owasp4","action":"启动出错","params":"PubShm","operate_result":"错误","failed_reason":"[Errno 2] No such file or directory: '\/xlink_shm_httpub_2.pub'"}
{"user":"x_finder3","timestamp":"2024-09-03T10:45:42.248247","nav_name":"api_owasp4","action":"主函数","params":"异常退出PubShm:[Errno 2] No such file or directory: '\/xlink_shm_httpub_2.pub'","operate_result":"错误","failed_reason":"错误跟踪Traceback (most recent call last):\n  File \"xlink_core.pyx\", line 820, in xlink_core.Main5\n  File \"\/opt\/fbi-base\/lib\/python3.11\/multiprocessing\/shared_memory.py\", line 104, in __init__\n    self._fd = _posixshmem.shm_open(\n               ^^^^^^^^^^^^^^^^^^^^^\nFileNotFoundError: [Errno 2] No such file or directory: '\/xlink_shm_httpub_2.pub'\n\nDuring handling of the above exception, another exception occurred:\n\nTraceback (most recent call last):\n  File \"xlink_core.pyx\", line 1453, in xlink_core.x_start\n  File \"xlink_core.pyx\", line 830, in xlink_core.Main5\nException: PubShm:[Errno 2] No such file or directory: '\/xlink_shm_httpub_2.pub'\n"}
{"user":"x_finder3","timestamp":"2024-09-03T10:45:42.248428","nav_name":"api_owasp4","action":"停止","params":"二阶段开始停止!","operate_result":"信息","failed_reason":""}
{"user":"x_finder3","timestamp":"2024-09-03T10:45:42.248559","nav_name":"api_owasp4","action":"停止","params":"三阶段开始停止!","operate_result":"信息","failed_reason":""}
{"user":"x_finder3","timestamp":"2024-09-03T10:45:42.345569","nav_name":"api_owasp4","action":"停止","params":"数据窗口任务停止完毕!","operate_result":"信息","failed_reason":""}
{"user":"x_finder3","timestamp":"2024-09-03T10:45:47.245773","nav_name":"api_owasp4","action":"监控程序","params":"printf::收到消息退出","operate_result":"信息","failed_reason":""}
{"user":"x_finder3","timestamp":"2024-09-03T10:45:47.246582","nav_name":"api_owasp4","action":"停止","params":"全部停止完毕!","operate_result":"信息","failed_reason":""}
{"user":"x_finder3","timestamp":"2024-09-03T10:46:42.312589","nav_name":"api_owasp4","action":"启动参数","params":"shm_name: httpub,count: 8,","operate_result":"信息","failed_reason":""}
{"user":"x_finder3","timestamp":"2024-09-03T10:46:42.317938","nav_name":"api_owasp4","action":"组件启动","params":"开始验证授权....","operate_result":"信息","failed_reason":""}
{"user":"x_finder3","timestamp":"2024-09-03T10:46:42.318278","nav_name":"api_owasp4","action":"组件启动","params":"授权验证完成!","operate_result":"信息","failed_reason":""}
{"user":"x_finder3","timestamp":"2024-09-03T10:46:42.318951","nav_name":"api_owasp4","action":"组件启动","params":"数据窗口函数-1, 定时任务函数--1","operate_result":"信息","failed_reason":""}
{"user":"x_finder3","timestamp":"2024-09-03T10:46:42.319121","nav_name":"api_owasp4","action":"事件主循环","params":"PubShm 建立中","operate_result":"信息","failed_reason":""}
{"user":"x_finder3","timestamp":"2024-09-03T10:46:42.319880","nav_name":"api_owasp4","action":"启动出错","params":"PubShm","operate_result":"错误","failed_reason":"[Errno 2] No such file or directory: '\/xlink_shm_httpub_2.pub'"}
{"user":"x_finder3","timestamp":"2024-09-03T10:46:42.320734","nav_name":"api_owasp4","action":"主函数","params":"异常退出PubShm:[Errno 2] No such file or directory: '\/xlink_shm_httpub_2.pub'","operate_result":"错误","failed_reason":"错误跟踪Traceback (most recent call last):\n  File \"xlink_core.pyx\", line 820, in xlink_core.Main5\n  File \"\/opt\/fbi-base\/lib\/python3.11\/multiprocessing\/shared_memory.py\", line 104, in __init__\n    self._fd = _posixshmem.shm_open(\n               ^^^^^^^^^^^^^^^^^^^^^\nFileNotFoundError: [Errno 2] No such file or directory: '\/xlink_shm_httpub_2.pub'\n\nDuring handling of the above exception, another exception occurred:\n\nTraceback (most recent call last):\n  File \"xlink_core.pyx\", line 1453, in xlink_core.x_start\n  File \"xlink_core.pyx\", line 830, in xlink_core.Main5\nException: PubShm:[Errno 2] No such file or directory: '\/xlink_shm_httpub_2.pub'\n"}
{"user":"x_finder3","timestamp":"2024-09-03T10:46:42.320851","nav_name":"api_owasp4","action":"停止","params":"二阶段开始停止!","operate_result":"信息","failed_reason":""}
{"user":"x_finder3","timestamp":"2024-09-03T10:46:42.320947","nav_name":"api_owasp4","action":"停止","params":"三阶段开始停止!","operate_result":"信息","failed_reason":""}
{"user":"x_finder3","timestamp":"2024-09-03T10:46:42.418945","nav_name":"api_owasp4","action":"停止","params":"数据窗口任务停止完毕!","operate_result":"信息","failed_reason":""}
{"user":"x_finder3","timestamp":"2024-09-03T10:46:47.319069","nav_name":"api_owasp4","action":"监控程序","params":"printf::收到消息退出","operate_result":"信息","failed_reason":""}
{"user":"x_finder3","timestamp":"2024-09-03T10:46:47.319581","nav_name":"api_owasp4","action":"停止","params":"全部停止完毕!","operate_result":"信息","failed_reason":""}
{"user":"x_finder3","timestamp":"2024-09-03T10:47:42.862381","nav_name":"api_owasp4","action":"启动参数","params":"shm_name: httpub,count: 8,","operate_result":"信息","failed_reason":""}
{"user":"x_finder3","timestamp":"2024-09-03T10:47:42.867507","nav_name":"api_owasp4","action":"组件启动","params":"开始验证授权....","operate_result":"信息","failed_reason":""}
{"user":"x_finder3","timestamp":"2024-09-03T10:47:42.867872","nav_name":"api_owasp4","action":"组件启动","params":"授权验证完成!","operate_result":"信息","failed_reason":""}
{"user":"x_finder3","timestamp":"2024-09-03T10:47:42.868445","nav_name":"api_owasp4","action":"组件启动","params":"数据窗口函数-1, 定时任务函数--1","operate_result":"信息","failed_reason":""}
{"user":"x_finder3","timestamp":"2024-09-03T10:47:42.868636","nav_name":"api_owasp4","action":"事件主循环","params":"PubShm 建立中","operate_result":"信息","failed_reason":""}
{"user":"x_finder3","timestamp":"2024-09-03T10:47:42.869220","nav_name":"api_owasp4","action":"启动出错","params":"PubShm","operate_result":"错误","failed_reason":"[Errno 2] No such file or directory: '\/xlink_shm_httpub_2.pub'"}
{"user":"x_finder3","timestamp":"2024-09-03T10:47:42.869937","nav_name":"api_owasp4","action":"主函数","params":"异常退出PubShm:[Errno 2] No such file or directory: '\/xlink_shm_httpub_2.pub'","operate_result":"错误","failed_reason":"错误跟踪Traceback (most recent call last):\n  File \"xlink_core.pyx\", line 820, in xlink_core.Main5\n  File \"\/opt\/fbi-base\/lib\/python3.11\/multiprocessing\/shared_memory.py\", line 104, in __init__\n    self._fd = _posixshmem.shm_open(\n               ^^^^^^^^^^^^^^^^^^^^^\nFileNotFoundError: [Errno 2] No such file or directory: '\/xlink_shm_httpub_2.pub'\n\nDuring handling of the above exception, another exception occurred:\n\nTraceback (most recent call last):\n  File \"xlink_core.pyx\", line 1453, in xlink_core.x_start\n  File \"xlink_core.pyx\", line 830, in xlink_core.Main5\nException: PubShm:[Errno 2] No such file or directory: '\/xlink_shm_httpub_2.pub'\n"}
{"user":"x_finder3","timestamp":"2024-09-03T10:47:42.870058","nav_name":"api_owasp4","action":"停止","params":"二阶段开始停止!","operate_result":"信息","failed_reason":""}
{"user":"x_finder3","timestamp":"2024-09-03T10:47:42.870159","nav_name":"api_owasp4","action":"停止","params":"三阶段开始停止!","operate_result":"信息","failed_reason":""}
{"user":"x_finder3","timestamp":"2024-09-03T10:47:42.968392","nav_name":"api_owasp4","action":"停止","params":"数据窗口任务停止完毕!","operate_result":"信息","failed_reason":""}
{"user":"x_finder3","timestamp":"2024-09-03T10:47:47.868571","nav_name":"api_owasp4","action":"监控程序","params":"printf::收到消息退出","operate_result":"信息","failed_reason":""}
{"user":"x_finder3","timestamp":"2024-09-03T10:47:47.869060","nav_name":"api_owasp4","action":"停止","params":"全部停止完毕!","operate_result":"信息","failed_reason":""}
