{"user":"x_finder3","timestamp":"2024-04-25T10:57:45.172715","nav_name":"api_monitor_ckh__0","action":"ST处理","params":"st_10s","operate_result":"错误","failed_reason":"错误跟踪：Traceback (most recent call last):\n  File \"\/opt\/openfbi\/fbi-bin\/addones\/streams\/__init__.py\", line 822, in store_ckh2\n    stream[\"CKH\"].execute('INSERT INTO %s (%s) VALUES'%(table,\",\".join(keys))"}
{"user":"x_finder3","timestamp":"2024-04-25T10:58:45.184197","nav_name":"api_monitor_ckh__0","action":"ST处理","params":"st_10s","operate_result":"错误","failed_reason":"错误跟踪：Traceback (most recent call last):\n  File \"\/opt\/openfbi\/fbi-bin\/addones\/streams\/__init__.py\", line 822, in store_ckh2\n    stream[\"CKH\"].execute('INSERT INTO %s (%s) VALUES'%(table,\",\".join(keys))"}
{"user":"x_finder3","timestamp":"2024-04-25T10:59:45.195458","nav_name":"api_monitor_ckh__0","action":"ST处理","params":"st_10s","operate_result":"错误","failed_reason":"错误跟踪：Traceback (most recent call last):\n  File \"\/opt\/openfbi\/fbi-bin\/addones\/streams\/__init__.py\", line 822, in store_ckh2\n    stream[\"CKH\"].execute('INSERT INTO %s (%s) VALUES'%(table,\",\".join(keys))"}
{"user":"x_finder3","timestamp":"2024-04-25T11:00:49.766596","nav_name":"api_monitor_ckh","action":"启动xlink子任务[0]","params":"ID-0,PID-3516384","operate_result":"信息","failed_reason":""}
{"user":"x_finder3","timestamp":"2024-04-25T11:00:49.769823","nav_name":"api_monitor_ckh__0","action":"组件启动","params":"开始验证授权....","operate_result":"信息","failed_reason":""}
{"user":"x_finder3","timestamp":"2024-04-25T11:00:49.770408","nav_name":"api_monitor_ckh__0","action":"组件启动","params":"授权验证完成!","operate_result":"信息","failed_reason":""}
{"user":"x_finder3","timestamp":"2024-04-25T11:00:49.770156","nav_name":"api_monitor_ckh","action":"启动xlink子任务[1]","params":"ID-1,PID-3516385","operate_result":"信息","failed_reason":""}
{"user":"x_finder3","timestamp":"2024-04-25T11:00:49.771777","nav_name":"api_monitor_ckh__0","action":"组件启动","params":"数据窗口函数-0, 定时任务函数-1","operate_result":"信息","failed_reason":""}
{"user":"x_finder3","timestamp":"2024-04-25T11:00:49.771982","nav_name":"api_monitor_ckh__0","action":"事件主循环","params":"Unix_UDP 建立中","operate_result":"信息","failed_reason":""}
{"user":"x_finder3","timestamp":"2024-04-25T11:00:49.772214","nav_name":"api_monitor_ckh__0","action":"启动完成","params":"Unix_UDP 准备完毕,开始接收消息!","operate_result":"信息","failed_reason":""}
{"user":"x_finder3","timestamp":"2024-04-25T11:00:49.773440","nav_name":"api_monitor_ckh__1","action":"组件启动","params":"开始验证授权....","operate_result":"信息","failed_reason":""}
{"user":"x_finder3","timestamp":"2024-04-25T11:00:49.773931","nav_name":"api_monitor_ckh__1","action":"组件启动","params":"授权验证完成!","operate_result":"信息","failed_reason":""}
{"user":"x_finder3","timestamp":"2024-04-25T11:00:49.773367","nav_name":"api_monitor_ckh","action":"启动xlink主任务[-1]","params":"PID-3516389","operate_result":"信息","failed_reason":""}
{"user":"x_finder3","timestamp":"2024-04-25T11:00:49.774547","nav_name":"api_monitor_ckh","action":"启动参数","params":"unix_udp: \/tmp\/http_monitor,socket: \/tmp\/http_monitor.1,","operate_result":"信息","failed_reason":""}
{"user":"x_finder3","timestamp":"2024-04-25T11:00:49.774799","nav_name":"api_monitor_ckh","action":"守护开始","params":"PID:3516254,主任务+2","operate_result":"信息","failed_reason":""}
{"user":"x_finder3","timestamp":"2024-04-25T11:00:49.774907","nav_name":"api_monitor_ckh","action":"组件启动","params":"开始验证授权....","operate_result":"信息","failed_reason":""}
{"user":"x_finder3","timestamp":"2024-04-25T11:00:49.775290","nav_name":"api_monitor_ckh__1","action":"组件启动","params":"数据窗口函数-0, 定时任务函数-1","operate_result":"信息","failed_reason":""}
{"user":"x_finder3","timestamp":"2024-04-25T11:00:49.775329","nav_name":"api_monitor_ckh","action":"组件启动","params":"授权验证完成!","operate_result":"信息","failed_reason":""}
{"user":"x_finder3","timestamp":"2024-04-25T11:00:49.775496","nav_name":"api_monitor_ckh__1","action":"事件主循环","params":"Unix_UDP 建立中","operate_result":"信息","failed_reason":""}
{"user":"x_finder3","timestamp":"2024-04-25T11:00:49.775720","nav_name":"api_monitor_ckh__1","action":"启动完成","params":"Unix_UDP 准备完毕,开始接收消息!","operate_result":"信息","failed_reason":""}
{"user":"x_finder3","timestamp":"2024-04-25T11:00:49.776482","nav_name":"api_monitor_ckh","action":"组件启动","params":"数据窗口函数-0, 定时任务函数-1","operate_result":"信息","failed_reason":""}
{"user":"x_finder3","timestamp":"2024-04-25T11:00:49.776659","nav_name":"api_monitor_ckh","action":"事件主循环","params":"Unix_UDP 建立中","operate_result":"信息","failed_reason":""}
{"user":"x_finder3","timestamp":"2024-04-25T11:00:49.776904","nav_name":"api_monitor_ckh","action":"启动完成","params":"Unix_UDP 准备完毕,开始接收消息!","operate_result":"信息","failed_reason":""}
{"user":"x_finder3","timestamp":"2024-04-25T11:03:31.495498","nav_name":"api_monitor_ckh__1","action":"退出","params":"收到退出消息!","operate_result":"信息","failed_reason":""}
{"user":"x_finder3","timestamp":"2024-04-25T11:03:31.495499","nav_name":"api_monitor_ckh","action":"退出","params":"收到退出消息!","operate_result":"信息","failed_reason":""}
{"user":"x_finder3","timestamp":"2024-04-25T11:03:31.495498","nav_name":"api_monitor_ckh__0","action":"退出","params":"收到退出消息!","operate_result":"信息","failed_reason":""}
{"user":"x_finder3","timestamp":"2024-04-25T11:03:31.497872","nav_name":"api_monitor_ckh__1","action":"停止","params":"退出消息循环,一阶段结束!","operate_result":"信息","failed_reason":""}
{"user":"x_finder3","timestamp":"2024-04-25T11:03:31.498006","nav_name":"api_monitor_ckh__1","action":"停止","params":"二阶段开始停止!","operate_result":"信息","failed_reason":""}
{"user":"x_finder3","timestamp":"2024-04-25T11:03:31.498006","nav_name":"api_monitor_ckh__0","action":"停止","params":"退出消息循环,一阶段结束!","operate_result":"信息","failed_reason":""}
{"user":"x_finder3","timestamp":"2024-04-25T11:03:31.498075","nav_name":"api_monitor_ckh__1","action":"停止","params":"三阶段开始停止!","operate_result":"信息","failed_reason":""}
{"user":"x_finder3","timestamp":"2024-04-25T11:03:31.498117","nav_name":"api_monitor_ckh__0","action":"停止","params":"二阶段开始停止!","operate_result":"信息","failed_reason":""}
{"user":"x_finder3","timestamp":"2024-04-25T11:03:31.498209","nav_name":"api_monitor_ckh__0","action":"停止","params":"三阶段开始停止!","operate_result":"信息","failed_reason":""}
{"user":"x_finder3","timestamp":"2024-04-25T11:03:31.500367","nav_name":"api_monitor_ckh","action":"停止","params":"退出消息循环,一阶段结束!","operate_result":"信息","failed_reason":""}
{"user":"x_finder3","timestamp":"2024-04-25T11:03:31.500481","nav_name":"api_monitor_ckh","action":"停止","params":"二阶段开始停止!","operate_result":"信息","failed_reason":""}
{"user":"x_finder3","timestamp":"2024-04-25T11:03:31.500543","nav_name":"api_monitor_ckh","action":"停止","params":"三阶段开始停止!","operate_result":"信息","failed_reason":""}
{"user":"x_finder3","timestamp":"2024-04-25T11:03:31.813294","nav_name":"api_monitor_ckh__0","action":"停止","params":"系统定时任务st_10s停止完毕!","operate_result":"信息","failed_reason":""}
{"user":"x_finder3","timestamp":"2024-04-25T11:03:31.813494","nav_name":"api_monitor_ckh__0","action":"停止","params":"系统定时任务st_60s停止完毕!","operate_result":"信息","failed_reason":""}
{"user":"x_finder3","timestamp":"2024-04-25T11:03:31.822720","nav_name":"api_monitor_ckh","action":"停止","params":"系统定时任务st_10s停止完毕!","operate_result":"信息","failed_reason":""}
{"user":"x_finder3","timestamp":"2024-04-25T11:03:31.822980","nav_name":"api_monitor_ckh","action":"停止","params":"系统定时任务st_60s停止完毕!","operate_result":"信息","failed_reason":""}
{"user":"x_finder3","timestamp":"2024-04-25T11:03:31.823697","nav_name":"api_monitor_ckh__1","action":"停止","params":"系统定时任务st_10s停止完毕!","operate_result":"信息","failed_reason":""}
{"user":"x_finder3","timestamp":"2024-04-25T11:03:31.823928","nav_name":"api_monitor_ckh__1","action":"停止","params":"系统定时任务st_60s停止完毕!","operate_result":"信息","failed_reason":""}
{"user":"x_finder3","timestamp":"2024-04-25T11:03:36.781161","nav_name":"api_monitor_ckh__0","action":"监控程序","params":"printf::收到消息退出","operate_result":"信息","failed_reason":""}
{"user":"x_finder3","timestamp":"2024-04-25T11:03:36.781668","nav_name":"api_monitor_ckh__0","action":"停止","params":"全部停止完毕!","operate_result":"信息","failed_reason":""}
{"user":"x_finder3","timestamp":"2024-04-25T11:03:36.783941","nav_name":"api_monitor_ckh__1","action":"监控程序","params":"printf::收到消息退出","operate_result":"信息","failed_reason":""}
{"user":"x_finder3","timestamp":"2024-04-25T11:03:36.784365","nav_name":"api_monitor_ckh__1","action":"停止","params":"全部停止完毕!","operate_result":"信息","failed_reason":""}
{"user":"x_finder3","timestamp":"2024-04-25T11:03:36.785327","nav_name":"api_monitor_ckh","action":"监控程序","params":"printf::收到消息退出","operate_result":"信息","failed_reason":""}
{"user":"x_finder3","timestamp":"2024-04-25T11:03:36.785771","nav_name":"api_monitor_ckh","action":"停止","params":"全部停止完毕!","operate_result":"信息","failed_reason":""}
{"user":"x_finder3","timestamp":"2024-04-25T11:03:49.079264","nav_name":"api_monitor_ckh","action":"启动xlink子任务[0]","params":"ID-0,PID-3523328","operate_result":"信息","failed_reason":""}
{"user":"x_finder3","timestamp":"2024-04-25T11:03:49.082834","nav_name":"api_monitor_ckh__0","action":"组件启动","params":"开始验证授权....","operate_result":"信息","failed_reason":""}
{"user":"x_finder3","timestamp":"2024-04-25T11:03:49.083473","nav_name":"api_monitor_ckh__0","action":"组件启动","params":"授权验证完成!","operate_result":"信息","failed_reason":""}
{"user":"x_finder3","timestamp":"2024-04-25T11:03:49.083472","nav_name":"api_monitor_ckh","action":"启动xlink子任务[1]","params":"ID-1,PID-3523329","operate_result":"信息","failed_reason":""}
{"user":"x_finder3","timestamp":"2024-04-25T11:03:49.084984","nav_name":"api_monitor_ckh__0","action":"组件启动","params":"数据窗口函数-0, 定时任务函数-1","operate_result":"信息","failed_reason":""}
{"user":"x_finder3","timestamp":"2024-04-25T11:03:49.085255","nav_name":"api_monitor_ckh__0","action":"事件主循环","params":"Unix_UDP 建立中","operate_result":"信息","failed_reason":""}
{"user":"x_finder3","timestamp":"2024-04-25T11:03:49.085475","nav_name":"api_monitor_ckh__0","action":"启动完成","params":"Unix_UDP 准备完毕,开始接收消息!","operate_result":"信息","failed_reason":""}
{"user":"x_finder3","timestamp":"2024-04-25T11:03:49.087271","nav_name":"api_monitor_ckh__1","action":"组件启动","params":"开始验证授权....","operate_result":"信息","failed_reason":""}
{"user":"x_finder3","timestamp":"2024-04-25T11:03:49.087747","nav_name":"api_monitor_ckh__1","action":"组件启动","params":"授权验证完成!","operate_result":"信息","failed_reason":""}
{"user":"x_finder3","timestamp":"2024-04-25T11:03:49.087090","nav_name":"api_monitor_ckh","action":"启动xlink主任务[-1]","params":"PID-3523333","operate_result":"信息","failed_reason":""}
{"user":"x_finder3","timestamp":"2024-04-25T11:03:49.088246","nav_name":"api_monitor_ckh","action":"启动参数","params":"unix_udp: \/tmp\/http_monitor,socket: \/tmp\/http_monitor.1,","operate_result":"信息","failed_reason":""}
{"user":"x_finder3","timestamp":"2024-04-25T11:03:49.088495","nav_name":"api_monitor_ckh","action":"守护开始","params":"PID:3523194,主任务+2","operate_result":"信息","failed_reason":""}
{"user":"x_finder3","timestamp":"2024-04-25T11:03:49.088872","nav_name":"api_monitor_ckh","action":"组件启动","params":"开始验证授权....","operate_result":"信息","failed_reason":""}
{"user":"x_finder3","timestamp":"2024-04-25T11:03:49.089268","nav_name":"api_monitor_ckh","action":"组件启动","params":"授权验证完成!","operate_result":"信息","failed_reason":""}
{"user":"x_finder3","timestamp":"2024-04-25T11:03:49.089238","nav_name":"api_monitor_ckh__1","action":"组件启动","params":"数据窗口函数-0, 定时任务函数-1","operate_result":"信息","failed_reason":""}
{"user":"x_finder3","timestamp":"2024-04-25T11:03:49.089490","nav_name":"api_monitor_ckh__1","action":"事件主循环","params":"Unix_UDP 建立中","operate_result":"信息","failed_reason":""}
{"user":"x_finder3","timestamp":"2024-04-25T11:03:49.089643","nav_name":"api_monitor_ckh__1","action":"启动完成","params":"Unix_UDP 准备完毕,开始接收消息!","operate_result":"信息","failed_reason":""}
{"user":"x_finder3","timestamp":"2024-04-25T11:03:49.090341","nav_name":"api_monitor_ckh","action":"组件启动","params":"数据窗口函数-0, 定时任务函数-1","operate_result":"信息","failed_reason":""}
{"user":"x_finder3","timestamp":"2024-04-25T11:03:49.090523","nav_name":"api_monitor_ckh","action":"事件主循环","params":"Unix_UDP 建立中","operate_result":"信息","failed_reason":""}
{"user":"x_finder3","timestamp":"2024-04-25T11:03:49.090872","nav_name":"api_monitor_ckh","action":"启动完成","params":"Unix_UDP 准备完毕,开始接收消息!","operate_result":"信息","failed_reason":""}
{"user":"x_finder3","timestamp":"2024-04-25T11:04:55.099243","nav_name":"api_monitor_ckh__0","action":"ST处理","params":"st_10s","operate_result":"错误","failed_reason":"错误跟踪：Traceback (most recent call last):\n  File \"\/opt\/openfbi\/fbi-bin\/addones\/streams\/__init__.py\", line 822, in store_ckh2\n    stream[\"CKH\"].execute('INSERT INTO %s (%s) VALUES'%(table,\",\".join(keys))"}
{"user":"x_finder3","timestamp":"2024-04-25T11:04:55.102993","nav_name":"api_monitor_ckh__1","action":"ST处理","params":"st_10s","operate_result":"错误","failed_reason":"错误跟踪：Traceback (most recent call last):\n  File \"\/opt\/openfbi\/fbi-bin\/addones\/streams\/__init__.py\", line 822, in store_ckh2\n    stream[\"CKH\"].execute('INSERT INTO %s (%s) VALUES'%(table,\",\".join(keys))"}
{"user":"x_finder3","timestamp":"2024-04-25T11:04:55.103299","nav_name":"api_monitor_ckh","action":"ST处理","params":"st_10s","operate_result":"错误","failed_reason":"错误跟踪：Traceback (most recent call last):\n  File \"\/opt\/openfbi\/fbi-bin\/addones\/streams\/__init__.py\", line 822, in store_ckh2\n    stream[\"CKH\"].execute('INSERT INTO %s (%s) VALUES'%(table,\",\".join(keys))"}
{"user":"x_finder3","timestamp":"2024-04-25T11:05:55.109731","nav_name":"api_monitor_ckh__0","action":"ST处理","params":"st_10s","operate_result":"错误","failed_reason":"错误跟踪：Traceback (most recent call last):\n  File \"\/opt\/openfbi\/fbi-bin\/addones\/streams\/__init__.py\", line 822, in store_ckh2\n    stream[\"CKH\"].execute('INSERT INTO %s (%s) VALUES'%(table,\",\".join(keys))"}
{"user":"x_finder3","timestamp":"2024-04-25T11:05:55.113058","nav_name":"api_monitor_ckh","action":"ST处理","params":"st_10s","operate_result":"错误","failed_reason":"错误跟踪：Traceback (most recent call last):\n  File \"\/opt\/openfbi\/fbi-bin\/addones\/streams\/__init__.py\", line 822, in store_ckh2\n    stream[\"CKH\"].execute('INSERT INTO %s (%s) VALUES'%(table,\",\".join(keys))"}
{"user":"x_finder3","timestamp":"2024-04-25T11:05:55.113082","nav_name":"api_monitor_ckh__1","action":"ST处理","params":"st_10s","operate_result":"错误","failed_reason":"错误跟踪：Traceback (most recent call last):\n  File \"\/opt\/openfbi\/fbi-bin\/addones\/streams\/__init__.py\", line 822, in store_ckh2\n    stream[\"CKH\"].execute('INSERT INTO %s (%s) VALUES'%(table,\",\".join(keys))"}
{"user":"x_finder3","timestamp":"2024-04-25T11:06:55.120429","nav_name":"api_monitor_ckh__0","action":"ST处理","params":"st_10s","operate_result":"错误","failed_reason":"错误跟踪：Traceback (most recent call last):\n  File \"\/opt\/openfbi\/fbi-bin\/addones\/streams\/__init__.py\", line 822, in store_ckh2\n    stream[\"CKH\"].execute('INSERT INTO %s (%s) VALUES'%(table,\",\".join(keys))"}
{"user":"x_finder3","timestamp":"2024-04-25T11:06:55.123213","nav_name":"api_monitor_ckh__1","action":"ST处理","params":"st_10s","operate_result":"错误","failed_reason":"错误跟踪：Traceback (most recent call last):\n  File \"\/opt\/openfbi\/fbi-bin\/addones\/streams\/__init__.py\", line 822, in store_ckh2\n    stream[\"CKH\"].execute('INSERT INTO %s (%s) VALUES'%(table,\",\".join(keys))"}
{"user":"x_finder3","timestamp":"2024-04-25T11:06:55.123237","nav_name":"api_monitor_ckh","action":"ST处理","params":"st_10s","operate_result":"错误","failed_reason":"错误跟踪：Traceback (most recent call last):\n  File \"\/opt\/openfbi\/fbi-bin\/addones\/streams\/__init__.py\", line 822, in store_ckh2\n    stream[\"CKH\"].execute('INSERT INTO %s (%s) VALUES'%(table,\",\".join(keys))"}
{"user":"x_finder3","timestamp":"2024-04-25T11:07:55.130836","nav_name":"api_monitor_ckh__0","action":"ST处理","params":"st_10s","operate_result":"错误","failed_reason":"错误跟踪：Traceback (most recent call last):\n  File \"\/opt\/openfbi\/fbi-bin\/addones\/streams\/__init__.py\", line 822, in store_ckh2\n    stream[\"CKH\"].execute('INSERT INTO %s (%s) VALUES'%(table,\",\".join(keys))"}
{"user":"x_finder3","timestamp":"2024-04-25T11:07:55.133252","nav_name":"api_monitor_ckh__1","action":"ST处理","params":"st_10s","operate_result":"错误","failed_reason":"错误跟踪：Traceback (most recent call last):\n  File \"\/opt\/openfbi\/fbi-bin\/addones\/streams\/__init__.py\", line 822, in store_ckh2\n    stream[\"CKH\"].execute('INSERT INTO %s (%s) VALUES'%(table,\",\".join(keys))"}
{"user":"x_finder3","timestamp":"2024-04-25T11:07:55.133298","nav_name":"api_monitor_ckh","action":"ST处理","params":"st_10s","operate_result":"错误","failed_reason":"错误跟踪：Traceback (most recent call last):\n  File \"\/opt\/openfbi\/fbi-bin\/addones\/streams\/__init__.py\", line 822, in store_ckh2\n    stream[\"CKH\"].execute('INSERT INTO %s (%s) VALUES'%(table,\",\".join(keys))"}
{"user":"x_finder3","timestamp":"2024-04-25T11:16:50.466650","nav_name":"api_monitor_ckh","action":"启动xlink子任务[0]","params":"ID-0,PID-3578727","operate_result":"信息","failed_reason":""}
{"user":"x_finder3","timestamp":"2024-04-25T11:16:50.470673","nav_name":"api_monitor_ckh__0","action":"组件启动","params":"开始验证授权....","operate_result":"信息","failed_reason":""}
{"user":"x_finder3","timestamp":"2024-04-25T11:16:50.471345","nav_name":"api_monitor_ckh__0","action":"组件启动","params":"授权验证完成!","operate_result":"信息","failed_reason":""}
{"user":"x_finder3","timestamp":"2024-04-25T11:16:50.470692","nav_name":"api_monitor_ckh","action":"启动xlink子任务[1]","params":"ID-1,PID-3578728","operate_result":"信息","failed_reason":""}
{"user":"x_finder3","timestamp":"2024-04-25T11:16:50.473077","nav_name":"api_monitor_ckh__0","action":"组件启动","params":"数据窗口函数-0, 定时任务函数-1","operate_result":"信息","failed_reason":""}
{"user":"x_finder3","timestamp":"2024-04-25T11:16:50.473281","nav_name":"api_monitor_ckh__0","action":"事件主循环","params":"Unix_UDP 建立中","operate_result":"信息","failed_reason":""}
{"user":"x_finder3","timestamp":"2024-04-25T11:16:50.473459","nav_name":"api_monitor_ckh__0","action":"启动完成","params":"Unix_UDP 准备完毕,开始接收消息!","operate_result":"信息","failed_reason":""}
{"user":"x_finder3","timestamp":"2024-04-25T11:16:50.474497","nav_name":"api_monitor_ckh__1","action":"组件启动","params":"开始验证授权....","operate_result":"信息","failed_reason":""}
{"user":"x_finder3","timestamp":"2024-04-25T11:16:50.475078","nav_name":"api_monitor_ckh__1","action":"组件启动","params":"授权验证完成!","operate_result":"信息","failed_reason":""}
{"user":"x_finder3","timestamp":"2024-04-25T11:16:50.474116","nav_name":"api_monitor_ckh","action":"启动xlink主任务[-1]","params":"PID-3578732","operate_result":"信息","failed_reason":""}
{"user":"x_finder3","timestamp":"2024-04-25T11:16:50.475714","nav_name":"api_monitor_ckh","action":"启动参数","params":"unix_udp: \/tmp\/http_monitor,socket: \/tmp\/http_monitor.1,","operate_result":"信息","failed_reason":""}
{"user":"x_finder3","timestamp":"2024-04-25T11:16:50.475962","nav_name":"api_monitor_ckh","action":"守护开始","params":"PID:3578065,主任务+2","operate_result":"信息","failed_reason":""}
{"user":"x_finder3","timestamp":"2024-04-25T11:16:50.476627","nav_name":"api_monitor_ckh__1","action":"组件启动","params":"数据窗口函数-0, 定时任务函数-1","operate_result":"信息","failed_reason":""}
{"user":"x_finder3","timestamp":"2024-04-25T11:16:50.476948","nav_name":"api_monitor_ckh__1","action":"事件主循环","params":"Unix_UDP 建立中","operate_result":"信息","failed_reason":""}
{"user":"x_finder3","timestamp":"2024-04-25T11:16:50.477091","nav_name":"api_monitor_ckh__1","action":"启动完成","params":"Unix_UDP 准备完毕,开始接收消息!","operate_result":"信息","failed_reason":""}
{"user":"x_finder3","timestamp":"2024-04-25T11:16:50.477477","nav_name":"api_monitor_ckh","action":"组件启动","params":"开始验证授权....","operate_result":"信息","failed_reason":""}
{"user":"x_finder3","timestamp":"2024-04-25T11:16:50.478051","nav_name":"api_monitor_ckh","action":"组件启动","params":"授权验证完成!","operate_result":"信息","failed_reason":""}
{"user":"x_finder3","timestamp":"2024-04-25T11:16:50.479644","nav_name":"api_monitor_ckh","action":"组件启动","params":"数据窗口函数-0, 定时任务函数-1","operate_result":"信息","failed_reason":""}
{"user":"x_finder3","timestamp":"2024-04-25T11:16:50.479873","nav_name":"api_monitor_ckh","action":"事件主循环","params":"Unix_UDP 建立中","operate_result":"信息","failed_reason":""}
{"user":"x_finder3","timestamp":"2024-04-25T11:16:50.480202","nav_name":"api_monitor_ckh","action":"启动完成","params":"Unix_UDP 准备完毕,开始接收消息!","operate_result":"信息","failed_reason":""}
{"user":"x_finder3","timestamp":"2024-04-25T11:18:50.494881","nav_name":"api_monitor_ckh__0","action":"ST处理","params":"st_10s","operate_result":"错误","failed_reason":"错误跟踪：Traceback (most recent call last):\n  File \"\/opt\/openfbi\/fbi-bin\/addones\/streams\/__init__.py\", line 822, in store_ckh2\n    stream[\"CKH\"].execute('INSERT INTO %s (%s) VALUES'%(table,\",\".join(keys))"}
{"user":"x_finder3","timestamp":"2024-04-25T11:18:50.497811","nav_name":"api_monitor_ckh__1","action":"ST处理","params":"st_10s","operate_result":"错误","failed_reason":"错误跟踪：Traceback (most recent call last):\n  File \"\/opt\/openfbi\/fbi-bin\/addones\/streams\/__init__.py\", line 822, in store_ckh2\n    stream[\"CKH\"].execute('INSERT INTO %s (%s) VALUES'%(table,\",\".join(keys))"}
{"user":"x_finder3","timestamp":"2024-04-25T11:18:50.499788","nav_name":"api_monitor_ckh","action":"ST处理","params":"st_10s","operate_result":"错误","failed_reason":"错误跟踪：Traceback (most recent call last):\n  File \"\/opt\/openfbi\/fbi-bin\/addones\/streams\/__init__.py\", line 822, in store_ckh2\n    stream[\"CKH\"].execute('INSERT INTO %s (%s) VALUES'%(table,\",\".join(keys))"}
{"user":"x_finder3","timestamp":"2024-04-25T11:19:50.006034","nav_name":"api_monitor_ckh__0","action":"ST处理","params":"st_10s","operate_result":"错误","failed_reason":"错误跟踪：Traceback (most recent call last):\n  File \"\/opt\/openfbi\/fbi-bin\/addones\/streams\/__init__.py\", line 822, in store_ckh2\n    stream[\"CKH\"].execute('INSERT INTO %s (%s) VALUES'%(table,\",\".join(keys))"}
{"user":"x_finder3","timestamp":"2024-04-25T11:19:50.009008","nav_name":"api_monitor_ckh__1","action":"ST处理","params":"st_10s","operate_result":"错误","failed_reason":"错误跟踪：Traceback (most recent call last):\n  File \"\/opt\/openfbi\/fbi-bin\/addones\/streams\/__init__.py\", line 822, in store_ckh2\n    stream[\"CKH\"].execute('INSERT INTO %s (%s) VALUES'%(table,\",\".join(keys))"}
{"user":"x_finder3","timestamp":"2024-04-25T11:19:50.010563","nav_name":"api_monitor_ckh","action":"ST处理","params":"st_10s","operate_result":"错误","failed_reason":"错误跟踪：Traceback (most recent call last):\n  File \"\/opt\/openfbi\/fbi-bin\/addones\/streams\/__init__.py\", line 822, in store_ckh2\n    stream[\"CKH\"].execute('INSERT INTO %s (%s) VALUES'%(table,\",\".join(keys))"}
{"user":"x_finder3","timestamp":"2024-04-25T11:20:50.030021","nav_name":"api_monitor_ckh__1","action":"ST处理","params":"st_10s","operate_result":"错误","failed_reason":"错误跟踪：Traceback (most recent call last):\n  File \"\/opt\/openfbi\/fbi-bin\/addones\/streams\/__init__.py\", line 822, in store_ckh2\n    stream[\"CKH\"].execute('INSERT INTO %s (%s) VALUES'%(table,\",\".join(keys))"}
{"user":"x_finder3","timestamp":"2024-04-25T11:20:50.030110","nav_name":"api_monitor_ckh__0","action":"ST处理","params":"st_10s","operate_result":"错误","failed_reason":"错误跟踪：Traceback (most recent call last):\n  File \"\/opt\/openfbi\/fbi-bin\/addones\/streams\/__init__.py\", line 822, in store_ckh2\n    stream[\"CKH\"].execute('INSERT INTO %s (%s) VALUES'%(table,\",\".join(keys))"}
{"user":"x_finder3","timestamp":"2024-04-25T11:20:50.039970","nav_name":"api_monitor_ckh","action":"ST处理","params":"st_10s","operate_result":"错误","failed_reason":"错误跟踪：Traceback (most recent call last):\n  File \"\/opt\/openfbi\/fbi-bin\/addones\/streams\/__init__.py\", line 822, in store_ckh2\n    stream[\"CKH\"].execute('INSERT INTO %s (%s) VALUES'%(table,\",\".join(keys))"}
{"user":"x_finder3","timestamp":"2024-04-25T11:21:50.043711","nav_name":"api_monitor_ckh__0","action":"ST处理","params":"st_10s","operate_result":"错误","failed_reason":"错误跟踪：Traceback (most recent call last):\n  File \"\/opt\/openfbi\/fbi-bin\/addones\/streams\/__init__.py\", line 822, in store_ckh2\n    stream[\"CKH\"].execute('INSERT INTO %s (%s) VALUES'%(table,\",\".join(keys))"}
{"user":"x_finder3","timestamp":"2024-04-25T11:21:50.049306","nav_name":"api_monitor_ckh__1","action":"ST处理","params":"st_10s","operate_result":"错误","failed_reason":"错误跟踪：Traceback (most recent call last):\n  File \"\/opt\/openfbi\/fbi-bin\/addones\/streams\/__init__.py\", line 822, in store_ckh2\n    stream[\"CKH\"].execute('INSERT INTO %s (%s) VALUES'%(table,\",\".join(keys))"}
{"user":"x_finder3","timestamp":"2024-04-25T11:21:50.069735","nav_name":"api_monitor_ckh","action":"ST处理","params":"st_10s","operate_result":"错误","failed_reason":"错误跟踪：Traceback (most recent call last):\n  File \"\/opt\/openfbi\/fbi-bin\/addones\/streams\/__init__.py\", line 822, in store_ckh2\n    stream[\"CKH\"].execute('INSERT INTO %s (%s) VALUES'%(table,\",\".join(keys))"}
{"user":"x_finder3","timestamp":"2024-04-25T11:22:50.074004","nav_name":"api_monitor_ckh__1","action":"ST处理","params":"st_10s","operate_result":"错误","failed_reason":"错误跟踪：Traceback (most recent call last):\n  File \"\/opt\/openfbi\/fbi-bin\/addones\/streams\/__init__.py\", line 822, in store_ckh2\n    stream[\"CKH\"].execute('INSERT INTO %s (%s) VALUES'%(table,\",\".join(keys))"}
{"user":"x_finder3","timestamp":"2024-04-25T11:22:50.073994","nav_name":"api_monitor_ckh__0","action":"ST处理","params":"st_10s","operate_result":"错误","failed_reason":"错误跟踪：Traceback (most recent call last):\n  File \"\/opt\/openfbi\/fbi-bin\/addones\/streams\/__init__.py\", line 822, in store_ckh2\n    stream[\"CKH\"].execute('INSERT INTO %s (%s) VALUES'%(table,\",\".join(keys))"}
{"user":"x_finder3","timestamp":"2024-04-25T11:22:50.080806","nav_name":"api_monitor_ckh","action":"ST处理","params":"st_10s","operate_result":"错误","failed_reason":"错误跟踪：Traceback (most recent call last):\n  File \"\/opt\/openfbi\/fbi-bin\/addones\/streams\/__init__.py\", line 822, in store_ckh2\n    stream[\"CKH\"].execute('INSERT INTO %s (%s) VALUES'%(table,\",\".join(keys))"}
{"user":"x_finder3","timestamp":"2024-04-25T11:23:50.099074","nav_name":"api_monitor_ckh__0","action":"ST处理","params":"st_10s","operate_result":"错误","failed_reason":"错误跟踪：Traceback (most recent call last):\n  File \"\/opt\/openfbi\/fbi-bin\/addones\/streams\/__init__.py\", line 822, in store_ckh2\n    stream[\"CKH\"].execute('INSERT INTO %s (%s) VALUES'%(table,\",\".join(keys))"}
{"user":"x_finder3","timestamp":"2024-04-25T11:23:50.099665","nav_name":"api_monitor_ckh__1","action":"ST处理","params":"st_10s","operate_result":"错误","failed_reason":"错误跟踪：Traceback (most recent call last):\n  File \"\/opt\/openfbi\/fbi-bin\/addones\/streams\/__init__.py\", line 822, in store_ckh2\n    stream[\"CKH\"].execute('INSERT INTO %s (%s) VALUES'%(table,\",\".join(keys))"}
{"user":"x_finder3","timestamp":"2024-04-25T11:23:50.100170","nav_name":"api_monitor_ckh","action":"ST处理","params":"st_10s","operate_result":"错误","failed_reason":"错误跟踪：Traceback (most recent call last):\n  File \"\/opt\/openfbi\/fbi-bin\/addones\/streams\/__init__.py\", line 822, in store_ckh2\n    stream[\"CKH\"].execute('INSERT INTO %s (%s) VALUES'%(table,\",\".join(keys))"}
{"user":"x_finder3","timestamp":"2024-04-25T11:26:00.954430","nav_name":"api_monitor_ckh","action":"启动xlink子任务[0]","params":"ID-0,PID-3619064","operate_result":"信息","failed_reason":""}
{"user":"x_finder3","timestamp":"2024-04-25T11:26:00.957903","nav_name":"api_monitor_ckh__0","action":"组件启动","params":"开始验证授权....","operate_result":"信息","failed_reason":""}
{"user":"x_finder3","timestamp":"2024-04-25T11:26:00.958584","nav_name":"api_monitor_ckh__0","action":"组件启动","params":"授权验证完成!","operate_result":"信息","failed_reason":""}
{"user":"x_finder3","timestamp":"2024-04-25T11:26:00.958439","nav_name":"api_monitor_ckh","action":"启动xlink子任务[1]","params":"ID-1,PID-3619068","operate_result":"信息","failed_reason":""}
{"user":"x_finder3","timestamp":"2024-04-25T11:26:00.960169","nav_name":"api_monitor_ckh__0","action":"组件启动","params":"数据窗口函数-0, 定时任务函数-1","operate_result":"信息","failed_reason":""}
{"user":"x_finder3","timestamp":"2024-04-25T11:26:00.960370","nav_name":"api_monitor_ckh__0","action":"事件主循环","params":"Unix_UDP 建立中","operate_result":"信息","failed_reason":""}
{"user":"x_finder3","timestamp":"2024-04-25T11:26:00.960546","nav_name":"api_monitor_ckh__0","action":"启动完成","params":"Unix_UDP 准备完毕,开始接收消息!","operate_result":"信息","failed_reason":""}
{"user":"x_finder3","timestamp":"2024-04-25T11:26:00.961851","nav_name":"api_monitor_ckh__1","action":"组件启动","params":"开始验证授权....","operate_result":"信息","failed_reason":""}
{"user":"x_finder3","timestamp":"2024-04-25T11:26:00.962393","nav_name":"api_monitor_ckh__1","action":"组件启动","params":"授权验证完成!","operate_result":"信息","failed_reason":""}
{"user":"x_finder3","timestamp":"2024-04-25T11:26:00.961875","nav_name":"api_monitor_ckh","action":"启动xlink主任务[-1]","params":"PID-3619075","operate_result":"信息","failed_reason":""}
{"user":"x_finder3","timestamp":"2024-04-25T11:26:00.963164","nav_name":"api_monitor_ckh","action":"启动参数","params":"unix_udp: \/tmp\/http_monitor,socket: \/tmp\/http_monitor.1,","operate_result":"信息","failed_reason":""}
{"user":"x_finder3","timestamp":"2024-04-25T11:26:00.963390","nav_name":"api_monitor_ckh","action":"守护开始","params":"PID:3618254,主任务+2","operate_result":"信息","failed_reason":""}
{"user":"x_finder3","timestamp":"2024-04-25T11:26:00.963372","nav_name":"api_monitor_ckh","action":"组件启动","params":"开始验证授权....","operate_result":"信息","failed_reason":""}
{"user":"x_finder3","timestamp":"2024-04-25T11:26:00.963894","nav_name":"api_monitor_ckh","action":"组件启动","params":"授权验证完成!","operate_result":"信息","failed_reason":""}
{"user":"x_finder3","timestamp":"2024-04-25T11:26:00.963916","nav_name":"api_monitor_ckh__1","action":"组件启动","params":"数据窗口函数-0, 定时任务函数-1","operate_result":"信息","failed_reason":""}
{"user":"x_finder3","timestamp":"2024-04-25T11:26:00.964159","nav_name":"api_monitor_ckh__1","action":"事件主循环","params":"Unix_UDP 建立中","operate_result":"信息","failed_reason":""}
{"user":"x_finder3","timestamp":"2024-04-25T11:26:00.964348","nav_name":"api_monitor_ckh__1","action":"启动完成","params":"Unix_UDP 准备完毕,开始接收消息!","operate_result":"信息","failed_reason":""}
{"user":"x_finder3","timestamp":"2024-04-25T11:26:00.965225","nav_name":"api_monitor_ckh","action":"组件启动","params":"数据窗口函数-0, 定时任务函数-1","operate_result":"信息","failed_reason":""}
{"user":"x_finder3","timestamp":"2024-04-25T11:26:00.965436","nav_name":"api_monitor_ckh","action":"事件主循环","params":"Unix_UDP 建立中","operate_result":"信息","failed_reason":""}
{"user":"x_finder3","timestamp":"2024-04-25T11:26:00.965688","nav_name":"api_monitor_ckh","action":"启动完成","params":"Unix_UDP 准备完毕,开始接收消息!","operate_result":"信息","failed_reason":""}
{"user":"x_finder3","timestamp":"2024-04-25T11:28:00.479961","nav_name":"api_monitor_ckh__0","action":"ST处理","params":"st_10s","operate_result":"错误","failed_reason":"错误跟踪：Traceback (most recent call last):\n  File \"\/opt\/openfbi\/fbi-bin\/addones\/streams\/__init__.py\", line 822, in store_ckh2\n    stream[\"CKH\"].execute('INSERT INTO %s (%s) VALUES'%(table,\",\".join(keys))"}
{"user":"x_finder3","timestamp":"2024-04-25T11:28:00.483113","nav_name":"api_monitor_ckh__1","action":"ST处理","params":"st_10s","operate_result":"错误","failed_reason":"错误跟踪：Traceback (most recent call last):\n  File \"\/opt\/openfbi\/fbi-bin\/addones\/streams\/__init__.py\", line 822, in store_ckh2\n    stream[\"CKH\"].execute('INSERT INTO %s (%s) VALUES'%(table,\",\".join(keys))"}
{"user":"x_finder3","timestamp":"2024-04-25T11:28:00.493053","nav_name":"api_monitor_ckh","action":"ST处理","params":"st_10s","operate_result":"错误","failed_reason":"错误跟踪：Traceback (most recent call last):\n  File \"\/opt\/openfbi\/fbi-bin\/addones\/streams\/__init__.py\", line 822, in store_ckh2\n    stream[\"CKH\"].execute('INSERT INTO %s (%s) VALUES'%(table,\",\".join(keys))"}
{"user":"x_finder3","timestamp":"2024-04-25T11:29:00.006006","nav_name":"api_monitor_ckh","action":"ST处理","params":"st_10s","operate_result":"错误","failed_reason":"错误跟踪：Traceback (most recent call last):\n  File \"\/opt\/openfbi\/fbi-bin\/addones\/streams\/__init__.py\", line 822, in store_ckh2\n    stream[\"CKH\"].execute('INSERT INTO %s (%s) VALUES'%(table,\",\".join(keys))"}
{"user":"x_finder3","timestamp":"2024-04-25T11:29:00.498672","nav_name":"api_monitor_ckh__0","action":"ST处理","params":"st_10s","operate_result":"错误","failed_reason":"错误跟踪：Traceback (most recent call last):\n  File \"\/opt\/openfbi\/fbi-bin\/addones\/streams\/__init__.py\", line 822, in store_ckh2\n    stream[\"CKH\"].execute('INSERT INTO %s (%s) VALUES'%(table,\",\".join(keys))"}
{"user":"x_finder3","timestamp":"2024-04-25T11:29:00.499673","nav_name":"api_monitor_ckh__1","action":"ST处理","params":"st_10s","operate_result":"错误","failed_reason":"错误跟踪：Traceback (most recent call last):\n  File \"\/opt\/openfbi\/fbi-bin\/addones\/streams\/__init__.py\", line 822, in store_ckh2\n    stream[\"CKH\"].execute('INSERT INTO %s (%s) VALUES'%(table,\",\".join(keys))"}
{"user":"x_finder3","timestamp":"2024-04-25T11:30:00.009530","nav_name":"api_monitor_ckh__0","action":"ST处理","params":"st_10s","operate_result":"错误","failed_reason":"错误跟踪：Traceback (most recent call last):\n  File \"\/opt\/openfbi\/fbi-bin\/addones\/streams\/__init__.py\", line 822, in store_ckh2\n    stream[\"CKH\"].execute('INSERT INTO %s (%s) VALUES'%(table,\",\".join(keys))"}
{"user":"x_finder3","timestamp":"2024-04-25T11:30:00.009732","nav_name":"api_monitor_ckh__1","action":"ST处理","params":"st_10s","operate_result":"错误","failed_reason":"错误跟踪：Traceback (most recent call last):\n  File \"\/opt\/openfbi\/fbi-bin\/addones\/streams\/__init__.py\", line 822, in store_ckh2\n    stream[\"CKH\"].execute('INSERT INTO %s (%s) VALUES'%(table,\",\".join(keys))"}
{"user":"x_finder3","timestamp":"2024-04-25T11:30:00.028873","nav_name":"api_monitor_ckh","action":"ST处理","params":"st_10s","operate_result":"错误","failed_reason":"错误跟踪：Traceback (most recent call last):\n  File \"\/opt\/openfbi\/fbi-bin\/addones\/streams\/__init__.py\", line 822, in store_ckh2\n    stream[\"CKH\"].execute('INSERT INTO %s (%s) VALUES'%(table,\",\".join(keys))"}
{"user":"x_finder3","timestamp":"2024-04-25T11:31:00.020460","nav_name":"api_monitor_ckh__0","action":"ST处理","params":"st_10s","operate_result":"错误","failed_reason":"错误跟踪：Traceback (most recent call last):\n  File \"\/opt\/openfbi\/fbi-bin\/addones\/streams\/__init__.py\", line 822, in store_ckh2\n    stream[\"CKH\"].execute('INSERT INTO %s (%s) VALUES'%(table,\",\".join(keys))"}
{"user":"x_finder3","timestamp":"2024-04-25T11:31:00.023583","nav_name":"api_monitor_ckh__1","action":"ST处理","params":"st_10s","operate_result":"错误","failed_reason":"错误跟踪：Traceback (most recent call last):\n  File \"\/opt\/openfbi\/fbi-bin\/addones\/streams\/__init__.py\", line 822, in store_ckh2\n    stream[\"CKH\"].execute('INSERT INTO %s (%s) VALUES'%(table,\",\".join(keys))"}
{"user":"x_finder3","timestamp":"2024-04-25T11:31:00.040498","nav_name":"api_monitor_ckh","action":"ST处理","params":"st_10s","operate_result":"错误","failed_reason":"错误跟踪：Traceback (most recent call last):\n  File \"\/opt\/openfbi\/fbi-bin\/addones\/streams\/__init__.py\", line 822, in store_ckh2\n    stream[\"CKH\"].execute('INSERT INTO %s (%s) VALUES'%(table,\",\".join(keys))"}
{"user":"x_finder3","timestamp":"2024-04-25T11:32:00.031363","nav_name":"api_monitor_ckh__0","action":"ST处理","params":"st_10s","operate_result":"错误","failed_reason":"错误跟踪：Traceback (most recent call last):\n  File \"\/opt\/openfbi\/fbi-bin\/addones\/streams\/__init__.py\", line 822, in store_ckh2\n    stream[\"CKH\"].execute('INSERT INTO %s (%s) VALUES'%(table,\",\".join(keys))"}
{"user":"x_finder3","timestamp":"2024-04-25T11:32:00.033447","nav_name":"api_monitor_ckh__1","action":"ST处理","params":"st_10s","operate_result":"错误","failed_reason":"错误跟踪：Traceback (most recent call last):\n  File \"\/opt\/openfbi\/fbi-bin\/addones\/streams\/__init__.py\", line 822, in store_ckh2\n    stream[\"CKH\"].execute('INSERT INTO %s (%s) VALUES'%(table,\",\".join(keys))"}
{"user":"x_finder3","timestamp":"2024-04-25T11:32:00.051104","nav_name":"api_monitor_ckh","action":"ST处理","params":"st_10s","operate_result":"错误","failed_reason":"错误跟踪：Traceback (most recent call last):\n  File \"\/opt\/openfbi\/fbi-bin\/addones\/streams\/__init__.py\", line 822, in store_ckh2\n    stream[\"CKH\"].execute('INSERT INTO %s (%s) VALUES'%(table,\",\".join(keys))"}
{"user":"x_finder3","timestamp":"2024-04-25T11:33:00.042422","nav_name":"api_monitor_ckh__0","action":"ST处理","params":"st_10s","operate_result":"错误","failed_reason":"错误跟踪：Traceback (most recent call last):\n  File \"\/opt\/openfbi\/fbi-bin\/addones\/streams\/__init__.py\", line 822, in store_ckh2\n    stream[\"CKH\"].execute('INSERT INTO %s (%s) VALUES'%(table,\",\".join(keys))"}
{"user":"x_finder3","timestamp":"2024-04-25T11:33:00.043315","nav_name":"api_monitor_ckh__1","action":"ST处理","params":"st_10s","operate_result":"错误","failed_reason":"错误跟踪：Traceback (most recent call last):\n  File \"\/opt\/openfbi\/fbi-bin\/addones\/streams\/__init__.py\", line 822, in store_ckh2\n    stream[\"CKH\"].execute('INSERT INTO %s (%s) VALUES'%(table,\",\".join(keys))"}
{"user":"x_finder3","timestamp":"2024-04-25T11:33:00.070570","nav_name":"api_monitor_ckh","action":"ST处理","params":"st_10s","operate_result":"错误","failed_reason":"错误跟踪：Traceback (most recent call last):\n  File \"\/opt\/openfbi\/fbi-bin\/addones\/streams\/__init__.py\", line 822, in store_ckh2\n    stream[\"CKH\"].execute('INSERT INTO %s (%s) VALUES'%(table,\",\".join(keys))"}
{"user":"x_finder3","timestamp":"2024-04-25T11:34:00.053151","nav_name":"api_monitor_ckh__0","action":"ST处理","params":"st_10s","operate_result":"错误","failed_reason":"错误跟踪：Traceback (most recent call last):\n  File \"\/opt\/openfbi\/fbi-bin\/addones\/streams\/__init__.py\", line 822, in store_ckh2\n    stream[\"CKH\"].execute('INSERT INTO %s (%s) VALUES'%(table,\",\".join(keys))"}
{"user":"x_finder3","timestamp":"2024-04-25T11:34:00.063900","nav_name":"api_monitor_ckh__1","action":"ST处理","params":"st_10s","operate_result":"错误","failed_reason":"错误跟踪：Traceback (most recent call last):\n  File \"\/opt\/openfbi\/fbi-bin\/addones\/streams\/__init__.py\", line 822, in store_ckh2\n    stream[\"CKH\"].execute('INSERT INTO %s (%s) VALUES'%(table,\",\".join(keys))"}
{"user":"x_finder3","timestamp":"2024-04-25T11:34:00.083938","nav_name":"api_monitor_ckh","action":"ST处理","params":"st_10s","operate_result":"错误","failed_reason":"错误跟踪：Traceback (most recent call last):\n  File \"\/opt\/openfbi\/fbi-bin\/addones\/streams\/__init__.py\", line 822, in store_ckh2\n    stream[\"CKH\"].execute('INSERT INTO %s (%s) VALUES'%(table,\",\".join(keys))"}
{"user":"x_finder3","timestamp":"2024-04-25T11:34:22.710220","nav_name":"api_monitor_ckh","action":"启动xlink子任务[0]","params":"ID-0,PID-3653703","operate_result":"信息","failed_reason":""}
{"user":"x_finder3","timestamp":"2024-04-25T11:34:22.713411","nav_name":"api_monitor_ckh__0","action":"组件启动","params":"开始验证授权....","operate_result":"信息","failed_reason":""}
{"user":"x_finder3","timestamp":"2024-04-25T11:34:22.713953","nav_name":"api_monitor_ckh__0","action":"组件启动","params":"授权验证完成!","operate_result":"信息","failed_reason":""}
{"user":"x_finder3","timestamp":"2024-04-25T11:34:22.713625","nav_name":"api_monitor_ckh","action":"启动xlink子任务[1]","params":"ID-1,PID-3653704","operate_result":"信息","failed_reason":""}
{"user":"x_finder3","timestamp":"2024-04-25T11:34:22.715257","nav_name":"api_monitor_ckh__0","action":"组件启动","params":"数据窗口函数-0, 定时任务函数-1","operate_result":"信息","failed_reason":""}
{"user":"x_finder3","timestamp":"2024-04-25T11:34:22.715459","nav_name":"api_monitor_ckh__0","action":"事件主循环","params":"Unix_UDP 建立中","operate_result":"信息","failed_reason":""}
{"user":"x_finder3","timestamp":"2024-04-25T11:34:22.715654","nav_name":"api_monitor_ckh__0","action":"启动完成","params":"Unix_UDP 准备完毕,开始接收消息!","operate_result":"信息","failed_reason":""}
{"user":"x_finder3","timestamp":"2024-04-25T11:34:22.716906","nav_name":"api_monitor_ckh__1","action":"组件启动","params":"开始验证授权....","operate_result":"信息","failed_reason":""}
{"user":"x_finder3","timestamp":"2024-04-25T11:34:22.717383","nav_name":"api_monitor_ckh__1","action":"组件启动","params":"授权验证完成!","operate_result":"信息","failed_reason":""}
{"user":"x_finder3","timestamp":"2024-04-25T11:34:22.716866","nav_name":"api_monitor_ckh","action":"启动xlink主任务[-1]","params":"PID-3653708","operate_result":"信息","failed_reason":""}
{"user":"x_finder3","timestamp":"2024-04-25T11:34:22.718038","nav_name":"api_monitor_ckh","action":"启动参数","params":"unix_udp: \/tmp\/http_monitor,socket: \/tmp\/http_monitor.1,","operate_result":"信息","failed_reason":""}
{"user":"x_finder3","timestamp":"2024-04-25T11:34:22.718238","nav_name":"api_monitor_ckh","action":"守护开始","params":"PID:3653638,主任务+2","operate_result":"信息","failed_reason":""}
{"user":"x_finder3","timestamp":"2024-04-25T11:34:22.718314","nav_name":"api_monitor_ckh","action":"组件启动","params":"开始验证授权....","operate_result":"信息","failed_reason":""}
{"user":"x_finder3","timestamp":"2024-04-25T11:34:22.718613","nav_name":"api_monitor_ckh__1","action":"组件启动","params":"数据窗口函数-0, 定时任务函数-1","operate_result":"信息","failed_reason":""}
{"user":"x_finder3","timestamp":"2024-04-25T11:34:22.718712","nav_name":"api_monitor_ckh","action":"组件启动","params":"授权验证完成!","operate_result":"信息","failed_reason":""}
{"user":"x_finder3","timestamp":"2024-04-25T11:34:22.718823","nav_name":"api_monitor_ckh__1","action":"事件主循环","params":"Unix_UDP 建立中","operate_result":"信息","failed_reason":""}
{"user":"x_finder3","timestamp":"2024-04-25T11:34:22.718984","nav_name":"api_monitor_ckh__1","action":"启动完成","params":"Unix_UDP 准备完毕,开始接收消息!","operate_result":"信息","failed_reason":""}
{"user":"x_finder3","timestamp":"2024-04-25T11:34:22.719842","nav_name":"api_monitor_ckh","action":"组件启动","params":"数据窗口函数-0, 定时任务函数-1","operate_result":"信息","failed_reason":""}
{"user":"x_finder3","timestamp":"2024-04-25T11:34:22.720011","nav_name":"api_monitor_ckh","action":"事件主循环","params":"Unix_UDP 建立中","operate_result":"信息","failed_reason":""}
{"user":"x_finder3","timestamp":"2024-04-25T11:34:22.720224","nav_name":"api_monitor_ckh","action":"启动完成","params":"Unix_UDP 准备完毕,开始接收消息!","operate_result":"信息","failed_reason":""}
{"user":"x_finder3","timestamp":"2024-04-25T11:35:25.228645","nav_name":"api_monitor_ckh__0","action":"ST处理","params":"st_10s","operate_result":"错误","failed_reason":"错误跟踪：Traceback (most recent call last):\n  File \"\/opt\/openfbi\/fbi-bin\/addones\/streams\/__init__.py\", line 822, in store_ckh2\n    stream[\"CKH\"].execute('INSERT INTO %s (%s) VALUES'%(table,\",\".join(keys))"}
{"user":"x_finder3","timestamp":"2024-04-25T11:35:25.230800","nav_name":"api_monitor_ckh__1","action":"ST处理","params":"st_10s","operate_result":"错误","failed_reason":"错误跟踪：Traceback (most recent call last):\n  File \"\/opt\/openfbi\/fbi-bin\/addones\/streams\/__init__.py\", line 822, in store_ckh2\n    stream[\"CKH\"].execute('INSERT INTO %s (%s) VALUES'%(table,\",\".join(keys))"}
{"user":"x_finder3","timestamp":"2024-04-25T11:35:25.242081","nav_name":"api_monitor_ckh","action":"ST处理","params":"st_10s","operate_result":"错误","failed_reason":"错误跟踪：Traceback (most recent call last):\n  File \"\/opt\/openfbi\/fbi-bin\/addones\/streams\/__init__.py\", line 822, in store_ckh2\n    stream[\"CKH\"].execute('INSERT INTO %s (%s) VALUES'%(table,\",\".join(keys))"}
{"user":"x_finder3","timestamp":"2024-04-25T11:36:25.240125","nav_name":"api_monitor_ckh__0","action":"ST处理","params":"st_10s","operate_result":"错误","failed_reason":"错误跟踪：Traceback (most recent call last):\n  File \"\/opt\/openfbi\/fbi-bin\/addones\/streams\/__init__.py\", line 822, in store_ckh2\n    stream[\"CKH\"].execute('INSERT INTO %s (%s) VALUES'%(table,\",\".join(keys))"}
{"user":"x_finder3","timestamp":"2024-04-25T11:36:25.241783","nav_name":"api_monitor_ckh__1","action":"ST处理","params":"st_10s","operate_result":"错误","failed_reason":"错误跟踪：Traceback (most recent call last):\n  File \"\/opt\/openfbi\/fbi-bin\/addones\/streams\/__init__.py\", line 822, in store_ckh2\n    stream[\"CKH\"].execute('INSERT INTO %s (%s) VALUES'%(table,\",\".join(keys))"}
{"user":"x_finder3","timestamp":"2024-04-25T11:36:25.260886","nav_name":"api_monitor_ckh","action":"ST处理","params":"st_10s","operate_result":"错误","failed_reason":"错误跟踪：Traceback (most recent call last):\n  File \"\/opt\/openfbi\/fbi-bin\/addones\/streams\/__init__.py\", line 822, in store_ckh2\n    stream[\"CKH\"].execute('INSERT INTO %s (%s) VALUES'%(table,\",\".join(keys))"}
{"user":"x_finder3","timestamp":"2024-04-25T11:37:25.251047","nav_name":"api_monitor_ckh__0","action":"ST处理","params":"st_10s","operate_result":"错误","failed_reason":"错误跟踪：Traceback (most recent call last):\n  File \"\/opt\/openfbi\/fbi-bin\/addones\/streams\/__init__.py\", line 822, in store_ckh2\n    stream[\"CKH\"].execute('INSERT INTO %s (%s) VALUES'%(table,\",\".join(keys))"}
{"user":"x_finder3","timestamp":"2024-04-25T11:37:25.252280","nav_name":"api_monitor_ckh__1","action":"ST处理","params":"st_10s","operate_result":"错误","failed_reason":"错误跟踪：Traceback (most recent call last):\n  File \"\/opt\/openfbi\/fbi-bin\/addones\/streams\/__init__.py\", line 822, in store_ckh2\n    stream[\"CKH\"].execute('INSERT INTO %s (%s) VALUES'%(table,\",\".join(keys))"}
{"user":"x_finder3","timestamp":"2024-04-25T11:37:25.271473","nav_name":"api_monitor_ckh","action":"ST处理","params":"st_10s","operate_result":"错误","failed_reason":"错误跟踪：Traceback (most recent call last):\n  File \"\/opt\/openfbi\/fbi-bin\/addones\/streams\/__init__.py\", line 822, in store_ckh2\n    stream[\"CKH\"].execute('INSERT INTO %s (%s) VALUES'%(table,\",\".join(keys))"}
{"user":"x_finder3","timestamp":"2024-04-25T11:38:25.262131","nav_name":"api_monitor_ckh__0","action":"ST处理","params":"st_10s","operate_result":"错误","failed_reason":"错误跟踪：Traceback (most recent call last):\n  File \"\/opt\/openfbi\/fbi-bin\/addones\/streams\/__init__.py\", line 822, in store_ckh2\n    stream[\"CKH\"].execute('INSERT INTO %s (%s) VALUES'%(table,\",\".join(keys))"}
{"user":"x_finder3","timestamp":"2024-04-25T11:38:25.263279","nav_name":"api_monitor_ckh__1","action":"ST处理","params":"st_10s","operate_result":"错误","failed_reason":"错误跟踪：Traceback (most recent call last):\n  File \"\/opt\/openfbi\/fbi-bin\/addones\/streams\/__init__.py\", line 822, in store_ckh2\n    stream[\"CKH\"].execute('INSERT INTO %s (%s) VALUES'%(table,\",\".join(keys))"}
{"user":"x_finder3","timestamp":"2024-04-25T11:38:25.282056","nav_name":"api_monitor_ckh","action":"ST处理","params":"st_10s","operate_result":"错误","failed_reason":"错误跟踪：Traceback (most recent call last):\n  File \"\/opt\/openfbi\/fbi-bin\/addones\/streams\/__init__.py\", line 822, in store_ckh2\n    stream[\"CKH\"].execute('INSERT INTO %s (%s) VALUES'%(table,\",\".join(keys))"}
