{"user":"x_finder3","timestamp":"2024-07-26T14:59:59.864045","nav_name":"api_monitor","action":"启动完成","params":"Unix_UDP 准备完毕,开始接收消息!","operate_result":"信息","failed_reason":""}
{"user":"x_finder3","timestamp":"2024-07-26T15:06:07.096300","nav_name":"api_monitor","action":"启动参数","params":"unix_udp: \/tmp\/http-monitor,","operate_result":"信息","failed_reason":""}
{"user":"x_finder3","timestamp":"2024-07-26T15:06:07.126799","nav_name":"api_monitor","action":"组件启动","params":"开始验证授权....","operate_result":"信息","failed_reason":""}
{"user":"x_finder3","timestamp":"2024-07-26T15:06:07.127245","nav_name":"api_monitor","action":"组件启动","params":"授权验证完成!","operate_result":"信息","failed_reason":""}
{"user":"x_finder3","timestamp":"2024-07-26T15:06:07.128095","nav_name":"api_monitor","action":"组件启动","params":"数据窗口函数-0, 定时任务函数-1","operate_result":"信息","failed_reason":""}
{"user":"x_finder3","timestamp":"2024-07-26T15:06:07.128257","nav_name":"api_monitor","action":"事件主循环","params":"Unix_UDP 建立中","operate_result":"信息","failed_reason":""}
{"user":"x_finder3","timestamp":"2024-07-26T15:06:07.128408","nav_name":"api_monitor","action":"启动完成","params":"Unix_UDP 准备完毕,开始接收消息!","operate_result":"信息","failed_reason":""}
{"user":"x_finder3","timestamp":"2024-07-26T15:57:56.506943","nav_name":"api_monitor","action":"调试","params":"退出调试模式,更新代码!","operate_result":"信息","failed_reason":""}
{"user":"x_finder3","timestamp":"2024-07-26T16:05:22.763551","nav_name":"api_monitor","action":"启动参数","params":"unix_udp: \/tmp\/http-monitor,","operate_result":"信息","failed_reason":""}
{"user":"x_finder3","timestamp":"2024-07-26T16:05:22.768951","nav_name":"api_monitor","action":"组件启动","params":"开始验证授权....","operate_result":"信息","failed_reason":""}
{"user":"x_finder3","timestamp":"2024-07-26T16:05:22.769280","nav_name":"api_monitor","action":"组件启动","params":"授权验证完成!","operate_result":"信息","failed_reason":""}
{"user":"x_finder3","timestamp":"2024-07-26T16:05:22.770080","nav_name":"api_monitor","action":"组件启动","params":"数据窗口函数-0, 定时任务函数-1","operate_result":"信息","failed_reason":""}
{"user":"x_finder3","timestamp":"2024-07-26T16:05:22.770234","nav_name":"api_monitor","action":"事件主循环","params":"Unix_UDP 建立中","operate_result":"信息","failed_reason":""}
{"user":"x_finder3","timestamp":"2024-07-26T16:05:22.770370","nav_name":"api_monitor","action":"启动完成","params":"Unix_UDP 准备完毕,开始接收消息!","operate_result":"信息","failed_reason":""}
{"user":"x_finder3","timestamp":"2024-07-26T16:43:06.510390","nav_name":"api_monitor","action":"启动参数","params":"unix_udp: \/tmp\/http-monitor,","operate_result":"信息","failed_reason":""}
{"user":"x_finder3","timestamp":"2024-07-26T16:43:06.525989","nav_name":"api_monitor","action":"组件启动","params":"开始验证授权....","operate_result":"信息","failed_reason":""}
{"user":"x_finder3","timestamp":"2024-07-26T16:43:06.526343","nav_name":"api_monitor","action":"组件启动","params":"授权验证完成!","operate_result":"信息","failed_reason":""}
{"user":"x_finder3","timestamp":"2024-07-26T16:43:06.526976","nav_name":"api_monitor","action":"组件启动","params":"数据窗口函数-0, 定时任务函数-1","operate_result":"信息","failed_reason":""}
{"user":"x_finder3","timestamp":"2024-07-26T16:43:06.527111","nav_name":"api_monitor","action":"事件主循环","params":"Unix_UDP 建立中","operate_result":"信息","failed_reason":""}
{"user":"x_finder3","timestamp":"2024-07-26T16:43:06.527248","nav_name":"api_monitor","action":"启动完成","params":"Unix_UDP 准备完毕,开始接收消息!","operate_result":"信息","failed_reason":""}
{"user":"x_finder3","timestamp":"2024-07-29T11:02:16.355829","nav_name":"api_monitor","action":"启动参数","params":"unix_udp: \/tmp\/http-monitor,","operate_result":"信息","failed_reason":""}
{"user":"x_finder3","timestamp":"2024-07-29T11:02:16.377832","nav_name":"api_monitor","action":"组件启动","params":"开始验证授权....","operate_result":"信息","failed_reason":""}
{"user":"x_finder3","timestamp":"2024-07-29T11:02:16.378208","nav_name":"api_monitor","action":"组件启动","params":"授权验证完成!","operate_result":"信息","failed_reason":""}
{"user":"x_finder3","timestamp":"2024-07-29T11:02:16.378860","nav_name":"api_monitor","action":"组件启动","params":"数据窗口函数-0, 定时任务函数-1","operate_result":"信息","failed_reason":""}
{"user":"x_finder3","timestamp":"2024-07-29T11:02:16.379003","nav_name":"api_monitor","action":"事件主循环","params":"Unix_UDP 建立中","operate_result":"信息","failed_reason":""}
{"user":"x_finder3","timestamp":"2024-07-29T11:02:16.379144","nav_name":"api_monitor","action":"启动完成","params":"Unix_UDP 准备完毕,开始接收消息!","operate_result":"信息","failed_reason":""}
{"user":"x_finder3","timestamp":"2024-07-29T11:05:38.598969","nav_name":"api_monitor","action":"启动参数","params":"unix_udp: \/tmp\/http-monitor,","operate_result":"信息","failed_reason":""}
{"user":"x_finder3","timestamp":"2024-07-29T11:05:38.685463","nav_name":"api_monitor","action":"组件启动","params":"开始验证授权....","operate_result":"信息","failed_reason":""}
{"user":"x_finder3","timestamp":"2024-07-29T11:05:38.685918","nav_name":"api_monitor","action":"组件启动","params":"授权验证完成!","operate_result":"信息","failed_reason":""}
{"user":"x_finder3","timestamp":"2024-07-29T11:05:38.687010","nav_name":"api_monitor","action":"组件启动","params":"数据窗口函数-0, 定时任务函数-1","operate_result":"信息","failed_reason":""}
{"user":"x_finder3","timestamp":"2024-07-29T11:05:38.687165","nav_name":"api_monitor","action":"事件主循环","params":"Unix_UDP 建立中","operate_result":"信息","failed_reason":""}
{"user":"x_finder3","timestamp":"2024-07-29T11:05:38.687335","nav_name":"api_monitor","action":"启动完成","params":"Unix_UDP 准备完毕,开始接收消息!","operate_result":"信息","failed_reason":""}
{"user":"x_finder3","timestamp":"2024-07-30T09:38:04.530518","nav_name":"api_monitor","action":"启动参数","params":"unix_udp: \/tmp\/http-monitor,","operate_result":"信息","failed_reason":""}
{"user":"x_finder3","timestamp":"2024-07-30T09:38:04.571985","nav_name":"api_monitor","action":"组件启动","params":"开始验证授权....","operate_result":"信息","failed_reason":""}
{"user":"x_finder3","timestamp":"2024-07-30T09:38:04.572349","nav_name":"api_monitor","action":"组件启动","params":"授权验证完成!","operate_result":"信息","failed_reason":""}
{"user":"x_finder3","timestamp":"2024-07-30T09:38:04.573082","nav_name":"api_monitor","action":"组件启动","params":"数据窗口函数-0, 定时任务函数-1","operate_result":"信息","failed_reason":""}
{"user":"x_finder3","timestamp":"2024-07-30T09:38:04.573293","nav_name":"api_monitor","action":"事件主循环","params":"Unix_UDP 建立中","operate_result":"信息","failed_reason":""}
{"user":"x_finder3","timestamp":"2024-07-30T09:38:04.573443","nav_name":"api_monitor","action":"启动完成","params":"Unix_UDP 准备完毕,开始接收消息!","operate_result":"信息","failed_reason":""}
{"user":"x_finder3","timestamp":"2024-07-30T09:49:56.377427","nav_name":"api_monitor","action":"启动参数","params":"unix_udp: \/tmp\/http-monitor,","operate_result":"信息","failed_reason":""}
{"user":"x_finder3","timestamp":"2024-07-30T09:49:56.385724","nav_name":"api_monitor","action":"组件启动","params":"开始验证授权....","operate_result":"信息","failed_reason":""}
{"user":"x_finder3","timestamp":"2024-07-30T09:49:56.386084","nav_name":"api_monitor","action":"组件启动","params":"授权验证完成!","operate_result":"信息","failed_reason":""}
{"user":"x_finder3","timestamp":"2024-07-30T09:49:56.386778","nav_name":"api_monitor","action":"组件启动","params":"数据窗口函数-0, 定时任务函数-1","operate_result":"信息","failed_reason":""}
{"user":"x_finder3","timestamp":"2024-07-30T09:49:56.386924","nav_name":"api_monitor","action":"事件主循环","params":"Unix_UDP 建立中","operate_result":"信息","failed_reason":""}
{"user":"x_finder3","timestamp":"2024-07-30T09:49:56.387064","nav_name":"api_monitor","action":"启动完成","params":"Unix_UDP 准备完毕,开始接收消息!","operate_result":"信息","failed_reason":""}
{"user":"x_finder3","timestamp":"2024-07-30T09:53:47.628724","nav_name":"api_monitor","action":"启动参数","params":"unix_udp: \/tmp\/http-monitor,","operate_result":"信息","failed_reason":""}
{"user":"x_finder3","timestamp":"2024-07-30T09:53:47.634657","nav_name":"api_monitor","action":"组件启动","params":"开始验证授权....","operate_result":"信息","failed_reason":""}
{"user":"x_finder3","timestamp":"2024-07-30T09:53:47.635048","nav_name":"api_monitor","action":"组件启动","params":"授权验证完成!","operate_result":"信息","failed_reason":""}
{"user":"x_finder3","timestamp":"2024-07-30T09:53:47.635699","nav_name":"api_monitor","action":"组件启动","params":"数据窗口函数-0, 定时任务函数-1","operate_result":"信息","failed_reason":""}
{"user":"x_finder3","timestamp":"2024-07-30T09:53:47.635842","nav_name":"api_monitor","action":"事件主循环","params":"Unix_UDP 建立中","operate_result":"信息","failed_reason":""}
{"user":"x_finder3","timestamp":"2024-07-30T09:53:47.635986","nav_name":"api_monitor","action":"启动完成","params":"Unix_UDP 准备完毕,开始接收消息!","operate_result":"信息","failed_reason":""}
{"user":"x_finder3","timestamp":"2024-07-30T10:04:08.789892","nav_name":"api_monitor","action":"启动参数","params":"unix_udp: \/tmp\/http-monitor,","operate_result":"信息","failed_reason":""}
{"user":"x_finder3","timestamp":"2024-07-30T10:04:08.807295","nav_name":"api_monitor","action":"组件启动","params":"开始验证授权....","operate_result":"信息","failed_reason":""}
{"user":"x_finder3","timestamp":"2024-07-30T10:04:08.807701","nav_name":"api_monitor","action":"组件启动","params":"授权验证完成!","operate_result":"信息","failed_reason":""}
{"user":"x_finder3","timestamp":"2024-07-30T10:04:08.808779","nav_name":"api_monitor","action":"组件启动","params":"数据窗口函数-0, 定时任务函数-1","operate_result":"信息","failed_reason":""}
{"user":"x_finder3","timestamp":"2024-07-30T10:04:08.808952","nav_name":"api_monitor","action":"事件主循环","params":"Unix_UDP 建立中","operate_result":"信息","failed_reason":""}
{"user":"x_finder3","timestamp":"2024-07-30T10:04:08.809129","nav_name":"api_monitor","action":"启动完成","params":"Unix_UDP 准备完毕,开始接收消息!","operate_result":"信息","failed_reason":""}
{"user":"x_finder3","timestamp":"2024-07-30T10:12:15.229060","nav_name":"api_monitor","action":"启动参数","params":"unix_udp: \/tmp\/http-monitor,","operate_result":"信息","failed_reason":""}
{"user":"x_finder3","timestamp":"2024-07-30T10:12:15.236160","nav_name":"api_monitor","action":"组件启动","params":"开始验证授权....","operate_result":"信息","failed_reason":""}
{"user":"x_finder3","timestamp":"2024-07-30T10:12:15.236516","nav_name":"api_monitor","action":"组件启动","params":"授权验证完成!","operate_result":"信息","failed_reason":""}
{"user":"x_finder3","timestamp":"2024-07-30T10:12:15.237153","nav_name":"api_monitor","action":"组件启动","params":"数据窗口函数-0, 定时任务函数-1","operate_result":"信息","failed_reason":""}
{"user":"x_finder3","timestamp":"2024-07-30T10:12:15.237285","nav_name":"api_monitor","action":"事件主循环","params":"Unix_UDP 建立中","operate_result":"信息","failed_reason":""}
{"user":"x_finder3","timestamp":"2024-07-30T10:12:15.237418","nav_name":"api_monitor","action":"启动完成","params":"Unix_UDP 准备完毕,开始接收消息!","operate_result":"信息","failed_reason":""}
{"user":"x_finder3","timestamp":"2024-07-30T10:17:49.945213","nav_name":"api_monitor","action":"启动参数","params":"unix_udp: \/tmp\/http-monitor,","operate_result":"信息","failed_reason":""}
{"user":"x_finder3","timestamp":"2024-07-30T10:17:49.966303","nav_name":"api_monitor","action":"组件启动","params":"开始验证授权....","operate_result":"信息","failed_reason":""}
{"user":"x_finder3","timestamp":"2024-07-30T10:17:49.966698","nav_name":"api_monitor","action":"组件启动","params":"授权验证完成!","operate_result":"信息","failed_reason":""}
{"user":"x_finder3","timestamp":"2024-07-30T10:17:49.967718","nav_name":"api_monitor","action":"组件启动","params":"数据窗口函数-0, 定时任务函数-1","operate_result":"信息","failed_reason":""}
{"user":"x_finder3","timestamp":"2024-07-30T10:17:49.967860","nav_name":"api_monitor","action":"事件主循环","params":"Unix_UDP 建立中","operate_result":"信息","failed_reason":""}
{"user":"x_finder3","timestamp":"2024-07-30T10:17:49.968009","nav_name":"api_monitor","action":"启动完成","params":"Unix_UDP 准备完毕,开始接收消息!","operate_result":"信息","failed_reason":""}
{"user":"x_finder3","timestamp":"2024-07-31T16:17:52.077919","nav_name":"api_monitor","action":"启动参数","params":"unix_udp: \/tmp\/http-monitor,","operate_result":"信息","failed_reason":""}
{"user":"x_finder3","timestamp":"2024-07-31T16:17:52.116342","nav_name":"api_monitor","action":"组件启动","params":"开始验证授权....","operate_result":"信息","failed_reason":""}
{"user":"x_finder3","timestamp":"2024-07-31T16:17:52.116707","nav_name":"api_monitor","action":"组件启动","params":"授权验证完成!","operate_result":"信息","failed_reason":""}
{"user":"x_finder3","timestamp":"2024-07-31T16:17:52.117626","nav_name":"api_monitor","action":"组件启动","params":"数据窗口函数-0, 定时任务函数-1","operate_result":"信息","failed_reason":""}
{"user":"x_finder3","timestamp":"2024-07-31T16:17:52.117766","nav_name":"api_monitor","action":"事件主循环","params":"Unix_UDP 建立中","operate_result":"信息","failed_reason":""}
{"user":"x_finder3","timestamp":"2024-07-31T16:17:52.117898","nav_name":"api_monitor","action":"启动完成","params":"Unix_UDP 准备完毕,开始接收消息!","operate_result":"信息","failed_reason":""}
{"user":"x_finder3","timestamp":"2024-07-31T16:42:47.385699","nav_name":"api_monitor","action":"启动参数","params":"unix_udp: \/tmp\/http-monitor,","operate_result":"信息","failed_reason":""}
{"user":"x_finder3","timestamp":"2024-07-31T16:42:47.391585","nav_name":"api_monitor","action":"组件启动","params":"开始验证授权....","operate_result":"信息","failed_reason":""}
{"user":"x_finder3","timestamp":"2024-07-31T16:42:47.391974","nav_name":"api_monitor","action":"组件启动","params":"授权验证完成!","operate_result":"信息","failed_reason":""}
{"user":"x_finder3","timestamp":"2024-07-31T16:42:47.392581","nav_name":"api_monitor","action":"组件启动","params":"数据窗口函数-0, 定时任务函数-1","operate_result":"信息","failed_reason":""}
{"user":"x_finder3","timestamp":"2024-07-31T16:42:47.392728","nav_name":"api_monitor","action":"事件主循环","params":"Unix_UDP 建立中","operate_result":"信息","failed_reason":""}
{"user":"x_finder3","timestamp":"2024-07-31T16:42:47.392889","nav_name":"api_monitor","action":"启动完成","params":"Unix_UDP 准备完毕,开始接收消息!","operate_result":"信息","failed_reason":""}
{"user":"x_finder3","timestamp":"2024-08-01T17:38:50.206647","nav_name":"api_monitor","action":"启动参数","params":"unix_udp: \/tmp\/http-monitor,","operate_result":"信息","failed_reason":""}
{"user":"x_finder3","timestamp":"2024-08-01T17:38:50.260396","nav_name":"api_monitor","action":"组件启动","params":"开始验证授权....","operate_result":"信息","failed_reason":""}
{"user":"x_finder3","timestamp":"2024-08-01T17:38:50.260760","nav_name":"api_monitor","action":"组件启动","params":"授权验证完成!","operate_result":"信息","failed_reason":""}
{"user":"x_finder3","timestamp":"2024-08-01T17:38:50.261525","nav_name":"api_monitor","action":"组件启动","params":"数据窗口函数-0, 定时任务函数-1","operate_result":"信息","failed_reason":""}
{"user":"x_finder3","timestamp":"2024-08-01T17:38:50.261727","nav_name":"api_monitor","action":"事件主循环","params":"Unix_UDP 建立中","operate_result":"信息","failed_reason":""}
{"user":"x_finder3","timestamp":"2024-08-01T17:38:50.261879","nav_name":"api_monitor","action":"启动完成","params":"Unix_UDP 准备完毕,开始接收消息!","operate_result":"信息","failed_reason":""}
{"user":"x_finder3","timestamp":"2024-08-01T17:39:50.170823","nav_name":"api_monitor","action":"启动参数","params":"unix_udp: \/tmp\/http-monitor,","operate_result":"信息","failed_reason":""}
{"user":"x_finder3","timestamp":"2024-08-01T17:39:50.224751","nav_name":"api_monitor","action":"组件启动","params":"开始验证授权....","operate_result":"信息","failed_reason":""}
{"user":"x_finder3","timestamp":"2024-08-01T17:39:50.225170","nav_name":"api_monitor","action":"组件启动","params":"授权验证完成!","operate_result":"信息","failed_reason":""}
{"user":"x_finder3","timestamp":"2024-08-01T17:39:50.226136","nav_name":"api_monitor","action":"组件启动","params":"数据窗口函数-0, 定时任务函数-1","operate_result":"信息","failed_reason":""}
{"user":"x_finder3","timestamp":"2024-08-01T17:39:50.226294","nav_name":"api_monitor","action":"事件主循环","params":"Unix_UDP 建立中","operate_result":"信息","failed_reason":""}
{"user":"x_finder3","timestamp":"2024-08-01T17:39:50.226460","nav_name":"api_monitor","action":"启动完成","params":"Unix_UDP 准备完毕,开始接收消息!","operate_result":"信息","failed_reason":""}
{"user":"x_finder3","timestamp":"2024-08-06T09:34:06.953242","nav_name":"api_monitor","action":"启动参数","params":"unix_udp: \/tmp\/http-monitor,","operate_result":"信息","failed_reason":""}
{"user":"x_finder3","timestamp":"2024-08-06T09:34:06.963484","nav_name":"api_monitor","action":"组件启动","params":"开始验证授权....","operate_result":"信息","failed_reason":""}
{"user":"x_finder3","timestamp":"2024-08-06T09:34:06.963948","nav_name":"api_monitor","action":"组件启动","params":"授权验证完成!","operate_result":"信息","failed_reason":""}
{"user":"x_finder3","timestamp":"2024-08-06T09:34:06.965063","nav_name":"api_monitor","action":"组件启动","params":"数据窗口函数-0, 定时任务函数-1","operate_result":"信息","failed_reason":""}
{"user":"x_finder3","timestamp":"2024-08-06T09:34:06.965265","nav_name":"api_monitor","action":"事件主循环","params":"Unix_UDP 建立中","operate_result":"信息","failed_reason":""}
{"user":"x_finder3","timestamp":"2024-08-06T09:34:06.965450","nav_name":"api_monitor","action":"启动完成","params":"Unix_UDP 准备完毕,开始接收消息!","operate_result":"信息","failed_reason":""}
{"user":"x_finder3","timestamp":"2024-08-06T09:40:39.679563","nav_name":"api_monitor","action":"启动参数","params":"unix_udp: \/tmp\/http-monitor,","operate_result":"信息","failed_reason":""}
{"user":"x_finder3","timestamp":"2024-08-06T09:40:39.710926","nav_name":"api_monitor","action":"组件启动","params":"开始验证授权....","operate_result":"信息","failed_reason":""}
{"user":"x_finder3","timestamp":"2024-08-06T09:40:39.711319","nav_name":"api_monitor","action":"组件启动","params":"授权验证完成!","operate_result":"信息","failed_reason":""}
{"user":"x_finder3","timestamp":"2024-08-06T09:40:39.712369","nav_name":"api_monitor","action":"组件启动","params":"数据窗口函数-0, 定时任务函数-1","operate_result":"信息","failed_reason":""}
{"user":"x_finder3","timestamp":"2024-08-06T09:40:39.712558","nav_name":"api_monitor","action":"事件主循环","params":"Unix_UDP 建立中","operate_result":"信息","failed_reason":""}
{"user":"x_finder3","timestamp":"2024-08-06T09:40:39.712728","nav_name":"api_monitor","action":"启动完成","params":"Unix_UDP 准备完毕,开始接收消息!","operate_result":"信息","failed_reason":""}
{"user":"x_finder3","timestamp":"2024-08-06T09:41:59.525291","nav_name":"api_monitor","action":"启动参数","params":"unix_udp: \/tmp\/http-monitor,","operate_result":"信息","failed_reason":""}
{"user":"x_finder3","timestamp":"2024-08-06T09:41:59.542700","nav_name":"api_monitor","action":"组件启动","params":"开始验证授权....","operate_result":"信息","failed_reason":""}
{"user":"x_finder3","timestamp":"2024-08-06T09:41:59.543087","nav_name":"api_monitor","action":"组件启动","params":"授权验证完成!","operate_result":"信息","failed_reason":""}
{"user":"x_finder3","timestamp":"2024-08-06T09:41:59.543935","nav_name":"api_monitor","action":"组件启动","params":"数据窗口函数-0, 定时任务函数-1","operate_result":"信息","failed_reason":""}
{"user":"x_finder3","timestamp":"2024-08-06T09:41:59.544108","nav_name":"api_monitor","action":"事件主循环","params":"Unix_UDP 建立中","operate_result":"信息","failed_reason":""}
{"user":"x_finder3","timestamp":"2024-08-06T09:41:59.544260","nav_name":"api_monitor","action":"启动完成","params":"Unix_UDP 准备完毕,开始接收消息!","operate_result":"信息","failed_reason":""}
{"user":"x_finder3","timestamp":"2024-08-07T11:32:56.745356","nav_name":"api_monitor","action":"启动参数","params":"unix_udp: \/tmp\/http-monitor,","operate_result":"信息","failed_reason":""}
{"user":"x_finder3","timestamp":"2024-08-07T11:32:56.750612","nav_name":"api_monitor","action":"组件启动","params":"开始验证授权....","operate_result":"信息","failed_reason":""}
{"user":"x_finder3","timestamp":"2024-08-07T11:32:56.750946","nav_name":"api_monitor","action":"组件启动","params":"授权验证完成!","operate_result":"信息","failed_reason":""}
{"user":"x_finder3","timestamp":"2024-08-07T11:32:56.751494","nav_name":"api_monitor","action":"组件启动","params":"数据窗口函数-0, 定时任务函数-1","operate_result":"信息","failed_reason":""}
{"user":"x_finder3","timestamp":"2024-08-07T11:32:56.751625","nav_name":"api_monitor","action":"事件主循环","params":"Unix_UDP 建立中","operate_result":"信息","failed_reason":""}
{"user":"x_finder3","timestamp":"2024-08-07T11:32:56.751760","nav_name":"api_monitor","action":"启动完成","params":"Unix_UDP 准备完毕,开始接收消息!","operate_result":"信息","failed_reason":""}
{"user":"x_finder3","timestamp":"2024-08-08T17:44:59.410565","nav_name":"api_monitor","action":"启动参数","params":"unix_udp: \/tmp\/http-monitor,","operate_result":"信息","failed_reason":""}
{"user":"x_finder3","timestamp":"2024-08-08T17:44:59.415645","nav_name":"api_monitor","action":"组件启动","params":"开始验证授权....","operate_result":"信息","failed_reason":""}
{"user":"x_finder3","timestamp":"2024-08-08T17:44:59.415996","nav_name":"api_monitor","action":"组件启动","params":"授权验证完成!","operate_result":"信息","failed_reason":""}
{"user":"x_finder3","timestamp":"2024-08-08T17:44:59.416568","nav_name":"api_monitor","action":"组件启动","params":"数据窗口函数-0, 定时任务函数-1","operate_result":"信息","failed_reason":""}
{"user":"x_finder3","timestamp":"2024-08-08T17:44:59.416710","nav_name":"api_monitor","action":"事件主循环","params":"Unix_UDP 建立中","operate_result":"信息","failed_reason":""}
{"user":"x_finder3","timestamp":"2024-08-08T17:44:59.416865","nav_name":"api_monitor","action":"启动完成","params":"Unix_UDP 准备完毕,开始接收消息!","operate_result":"信息","failed_reason":""}
{"user":"x_finder3","timestamp":"2024-08-09T16:58:04.747996","nav_name":"api_monitor","action":"启动参数","params":"unix_udp: \/tmp\/http-monitor,","operate_result":"信息","failed_reason":""}
{"user":"x_finder3","timestamp":"2024-08-09T16:58:04.763120","nav_name":"api_monitor","action":"组件启动","params":"开始验证授权....","operate_result":"信息","failed_reason":""}
{"user":"x_finder3","timestamp":"2024-08-09T16:58:04.763497","nav_name":"api_monitor","action":"组件启动","params":"授权验证完成!","operate_result":"信息","failed_reason":""}
{"user":"x_finder3","timestamp":"2024-08-09T16:58:04.764370","nav_name":"api_monitor","action":"组件启动","params":"数据窗口函数-0, 定时任务函数-1","operate_result":"信息","failed_reason":""}
{"user":"x_finder3","timestamp":"2024-08-09T16:58:04.764519","nav_name":"api_monitor","action":"事件主循环","params":"Unix_UDP 建立中","operate_result":"信息","failed_reason":""}
{"user":"x_finder3","timestamp":"2024-08-09T16:58:04.764659","nav_name":"api_monitor","action":"启动完成","params":"Unix_UDP 准备完毕,开始接收消息!","operate_result":"信息","failed_reason":""}
{"user":"x_finder3","timestamp":"2024-08-27T16:27:56.905692","nav_name":"api_monitor","action":"启动参数","params":"unix_udp: \/tmp\/http-monitor,","operate_result":"信息","failed_reason":""}
{"user":"x_finder3","timestamp":"2024-08-27T16:27:56.923577","nav_name":"api_monitor","action":"组件启动","params":"开始验证授权....","operate_result":"信息","failed_reason":""}
{"user":"x_finder3","timestamp":"2024-08-27T16:27:56.924888","nav_name":"api_monitor","action":"组件启动","params":"授权验证完成!","operate_result":"信息","failed_reason":""}
{"user":"x_finder3","timestamp":"2024-08-27T16:27:56.926559","nav_name":"api_monitor","action":"组件启动","params":"数据窗口函数-0, 定时任务函数-1","operate_result":"信息","failed_reason":""}
{"user":"x_finder3","timestamp":"2024-08-27T16:27:56.926829","nav_name":"api_monitor","action":"事件主循环","params":"Unix_UDP 建立中","operate_result":"信息","failed_reason":""}
{"user":"x_finder3","timestamp":"2024-08-27T16:27:56.927090","nav_name":"api_monitor","action":"启动完成","params":"Unix_UDP 准备完毕,开始接收消息!","operate_result":"信息","failed_reason":""}
{"user":"x_finder3","timestamp":"2024-08-29T14:31:02.231677","nav_name":"api_monitor","action":"启动参数","params":"unix_udp: \/tmp\/http-monitor,","operate_result":"信息","failed_reason":""}
{"user":"x_finder3","timestamp":"2024-08-29T14:31:02.264769","nav_name":"api_monitor","action":"组件启动","params":"开始验证授权....","operate_result":"信息","failed_reason":""}
{"user":"x_finder3","timestamp":"2024-08-29T14:31:02.265152","nav_name":"api_monitor","action":"组件启动","params":"授权验证完成!","operate_result":"信息","failed_reason":""}
{"user":"x_finder3","timestamp":"2024-08-29T14:31:02.266222","nav_name":"api_monitor","action":"组件启动","params":"数据窗口函数-0, 定时任务函数-1","operate_result":"信息","failed_reason":""}
{"user":"x_finder3","timestamp":"2024-08-29T14:31:02.266407","nav_name":"api_monitor","action":"事件主循环","params":"Unix_UDP 建立中","operate_result":"信息","failed_reason":""}
{"user":"x_finder3","timestamp":"2024-08-29T14:31:02.266574","nav_name":"api_monitor","action":"启动完成","params":"Unix_UDP 准备完毕,开始接收消息!","operate_result":"信息","failed_reason":""}
{"user":"x_finder3","timestamp":"2024-08-30T10:13:03.789836","nav_name":"api_monitor","action":"启动参数","params":"unix_udp: \/tmp\/http-monitor,","operate_result":"信息","failed_reason":""}
{"user":"x_finder3","timestamp":"2024-08-30T10:13:03.812033","nav_name":"api_monitor","action":"组件启动","params":"开始验证授权....","operate_result":"信息","failed_reason":""}
{"user":"x_finder3","timestamp":"2024-08-30T10:13:03.812406","nav_name":"api_monitor","action":"组件启动","params":"授权验证完成!","operate_result":"信息","failed_reason":""}
{"user":"x_finder3","timestamp":"2024-08-30T10:13:03.813278","nav_name":"api_monitor","action":"组件启动","params":"数据窗口函数-0, 定时任务函数-1","operate_result":"信息","failed_reason":""}
{"user":"x_finder3","timestamp":"2024-08-30T10:13:03.813462","nav_name":"api_monitor","action":"事件主循环","params":"Unix_UDP 建立中","operate_result":"信息","failed_reason":""}
{"user":"x_finder3","timestamp":"2024-08-30T10:13:03.813611","nav_name":"api_monitor","action":"启动完成","params":"Unix_UDP 准备完毕,开始接收消息!","operate_result":"信息","failed_reason":""}
{"user":"x_finder3","timestamp":"2024-08-30T10:14:52.907866","nav_name":"api_monitor","action":"启动参数","params":"unix_udp: \/tmp\/http-monitor,","operate_result":"信息","failed_reason":""}
{"user":"x_finder3","timestamp":"2024-08-30T10:14:52.941681","nav_name":"api_monitor","action":"组件启动","params":"开始验证授权....","operate_result":"信息","failed_reason":""}
{"user":"x_finder3","timestamp":"2024-08-30T10:14:52.942113","nav_name":"api_monitor","action":"组件启动","params":"授权验证完成!","operate_result":"信息","failed_reason":""}
{"user":"x_finder3","timestamp":"2024-08-30T10:14:52.943266","nav_name":"api_monitor","action":"组件启动","params":"数据窗口函数-0, 定时任务函数-1","operate_result":"信息","failed_reason":""}
{"user":"x_finder3","timestamp":"2024-08-30T10:14:52.943467","nav_name":"api_monitor","action":"事件主循环","params":"Unix_UDP 建立中","operate_result":"信息","failed_reason":""}
{"user":"x_finder3","timestamp":"2024-08-30T10:14:52.943641","nav_name":"api_monitor","action":"启动完成","params":"Unix_UDP 准备完毕,开始接收消息!","operate_result":"信息","failed_reason":""}
{"user":"x_finder3","timestamp":"2024-08-30T10:16:37.628787","nav_name":"api_monitor","action":"启动参数","params":"unix_udp: \/tmp\/http-monitor,","operate_result":"信息","failed_reason":""}
{"user":"x_finder3","timestamp":"2024-08-30T10:16:37.634671","nav_name":"api_monitor","action":"组件启动","params":"开始验证授权....","operate_result":"信息","failed_reason":""}
{"user":"x_finder3","timestamp":"2024-08-30T10:16:37.635042","nav_name":"api_monitor","action":"组件启动","params":"授权验证完成!","operate_result":"信息","failed_reason":""}
{"user":"x_finder3","timestamp":"2024-08-30T10:16:37.636375","nav_name":"api_monitor","action":"组件启动","params":"数据窗口函数-0, 定时任务函数-1","operate_result":"信息","failed_reason":""}
{"user":"x_finder3","timestamp":"2024-08-30T10:16:37.636641","nav_name":"api_monitor","action":"事件主循环","params":"Unix_UDP 建立中","operate_result":"信息","failed_reason":""}
{"user":"x_finder3","timestamp":"2024-08-30T10:16:37.636803","nav_name":"api_monitor","action":"启动完成","params":"Unix_UDP 准备完毕,开始接收消息!","operate_result":"信息","failed_reason":""}
{"user":"x_finder3","timestamp":"2024-08-30T10:17:37.635290","nav_name":"api_monitor","action":"启动参数","params":"unix_udp: \/tmp\/http-monitor,","operate_result":"信息","failed_reason":""}
{"user":"x_finder3","timestamp":"2024-08-30T10:17:37.662900","nav_name":"api_monitor","action":"组件启动","params":"开始验证授权....","operate_result":"信息","failed_reason":""}
{"user":"x_finder3","timestamp":"2024-08-30T10:17:37.663303","nav_name":"api_monitor","action":"组件启动","params":"授权验证完成!","operate_result":"信息","failed_reason":""}
{"user":"x_finder3","timestamp":"2024-08-30T10:17:37.664452","nav_name":"api_monitor","action":"组件启动","params":"数据窗口函数-0, 定时任务函数-1","operate_result":"信息","failed_reason":""}
{"user":"x_finder3","timestamp":"2024-08-30T10:17:37.664636","nav_name":"api_monitor","action":"事件主循环","params":"Unix_UDP 建立中","operate_result":"信息","failed_reason":""}
{"user":"x_finder3","timestamp":"2024-08-30T10:17:37.664794","nav_name":"api_monitor","action":"启动完成","params":"Unix_UDP 准备完毕,开始接收消息!","operate_result":"信息","failed_reason":""}
{"user":"x_finder3","timestamp":"2024-08-30T10:21:19.016648","nav_name":"api_monitor","action":"启动参数","params":"unix_udp: \/tmp\/http-monitor,","operate_result":"信息","failed_reason":""}
{"user":"x_finder3","timestamp":"2024-08-30T10:21:19.024006","nav_name":"api_monitor","action":"组件启动","params":"开始验证授权....","operate_result":"信息","failed_reason":""}
{"user":"x_finder3","timestamp":"2024-08-30T10:21:19.024451","nav_name":"api_monitor","action":"组件启动","params":"授权验证完成!","operate_result":"信息","failed_reason":""}
{"user":"x_finder3","timestamp":"2024-08-30T10:21:19.025669","nav_name":"api_monitor","action":"组件启动","params":"数据窗口函数-0, 定时任务函数-1","operate_result":"信息","failed_reason":""}
{"user":"x_finder3","timestamp":"2024-08-30T10:21:19.025884","nav_name":"api_monitor","action":"事件主循环","params":"Unix_UDP 建立中","operate_result":"信息","failed_reason":""}
{"user":"x_finder3","timestamp":"2024-08-30T10:21:19.026069","nav_name":"api_monitor","action":"启动完成","params":"Unix_UDP 准备完毕,开始接收消息!","operate_result":"信息","failed_reason":""}
{"user":"x_finder3","timestamp":"2024-08-30T10:21:58.451211","nav_name":"api_monitor","action":"启动参数","params":"unix_udp: \/tmp\/http-monitor,","operate_result":"信息","failed_reason":""}
{"user":"x_finder3","timestamp":"2024-08-30T10:21:58.508158","nav_name":"api_monitor","action":"组件启动","params":"开始验证授权....","operate_result":"信息","failed_reason":""}
{"user":"x_finder3","timestamp":"2024-08-30T10:21:58.508548","nav_name":"api_monitor","action":"组件启动","params":"授权验证完成!","operate_result":"信息","failed_reason":""}
{"user":"x_finder3","timestamp":"2024-08-30T10:21:58.512564","nav_name":"api_monitor","action":"组件启动","params":"数据窗口函数-0, 定时任务函数-1","operate_result":"信息","failed_reason":""}
{"user":"x_finder3","timestamp":"2024-08-30T10:21:58.512884","nav_name":"api_monitor","action":"事件主循环","params":"Unix_UDP 建立中","operate_result":"信息","failed_reason":""}
{"user":"x_finder3","timestamp":"2024-08-30T10:21:58.513048","nav_name":"api_monitor","action":"启动完成","params":"Unix_UDP 准备完毕,开始接收消息!","operate_result":"信息","failed_reason":""}
{"user":"x_finder3","timestamp":"2024-08-30T10:25:43.792489","nav_name":"api_monitor","action":"启动参数","params":"unix_udp: \/tmp\/http-monitor,","operate_result":"信息","failed_reason":""}
{"user":"x_finder3","timestamp":"2024-08-30T10:25:43.836612","nav_name":"api_monitor","action":"组件启动","params":"开始验证授权....","operate_result":"信息","failed_reason":""}
{"user":"x_finder3","timestamp":"2024-08-30T10:25:43.836996","nav_name":"api_monitor","action":"组件启动","params":"授权验证完成!","operate_result":"信息","failed_reason":""}
{"user":"x_finder3","timestamp":"2024-08-30T10:25:43.838356","nav_name":"api_monitor","action":"组件启动","params":"数据窗口函数-0, 定时任务函数-1","operate_result":"信息","failed_reason":""}
{"user":"x_finder3","timestamp":"2024-08-30T10:25:43.838626","nav_name":"api_monitor","action":"事件主循环","params":"Unix_UDP 建立中","operate_result":"信息","failed_reason":""}
{"user":"x_finder3","timestamp":"2024-08-30T10:25:43.838799","nav_name":"api_monitor","action":"启动完成","params":"Unix_UDP 准备完毕,开始接收消息!","operate_result":"信息","failed_reason":""}
{"user":"x_finder3","timestamp":"2024-08-30T10:26:34.066461","nav_name":"api_monitor","action":"启动参数","params":"unix_udp: \/tmp\/http-monitor,","operate_result":"信息","failed_reason":""}
{"user":"x_finder3","timestamp":"2024-08-30T10:26:34.073772","nav_name":"api_monitor","action":"组件启动","params":"开始验证授权....","operate_result":"信息","failed_reason":""}
{"user":"x_finder3","timestamp":"2024-08-30T10:26:34.074139","nav_name":"api_monitor","action":"组件启动","params":"授权验证完成!","operate_result":"信息","failed_reason":""}
{"user":"x_finder3","timestamp":"2024-08-30T10:26:34.074953","nav_name":"api_monitor","action":"组件启动","params":"数据窗口函数-0, 定时任务函数-1","operate_result":"信息","failed_reason":""}
{"user":"x_finder3","timestamp":"2024-08-30T10:26:34.075152","nav_name":"api_monitor","action":"事件主循环","params":"Unix_UDP 建立中","operate_result":"信息","failed_reason":""}
{"user":"x_finder3","timestamp":"2024-08-30T10:26:34.075336","nav_name":"api_monitor","action":"启动完成","params":"Unix_UDP 准备完毕,开始接收消息!","operate_result":"信息","failed_reason":""}
{"user":"x_finder3","timestamp":"2024-08-30T10:34:33.956459","nav_name":"api_monitor","action":"启动参数","params":"unix_udp: \/tmp\/http-monitor,","operate_result":"信息","failed_reason":""}
{"user":"x_finder3","timestamp":"2024-08-30T10:34:33.962912","nav_name":"api_monitor","action":"组件启动","params":"开始验证授权....","operate_result":"信息","failed_reason":""}
{"user":"x_finder3","timestamp":"2024-08-30T10:34:33.963337","nav_name":"api_monitor","action":"组件启动","params":"授权验证完成!","operate_result":"信息","failed_reason":""}
{"user":"x_finder3","timestamp":"2024-08-30T10:34:33.964582","nav_name":"api_monitor","action":"组件启动","params":"数据窗口函数-0, 定时任务函数-1","operate_result":"信息","failed_reason":""}
{"user":"x_finder3","timestamp":"2024-08-30T10:34:33.964827","nav_name":"api_monitor","action":"事件主循环","params":"Unix_UDP 建立中","operate_result":"信息","failed_reason":""}
{"user":"x_finder3","timestamp":"2024-08-30T10:34:33.965012","nav_name":"api_monitor","action":"启动完成","params":"Unix_UDP 准备完毕,开始接收消息!","operate_result":"信息","failed_reason":""}
{"user":"x_finder3","timestamp":"2024-08-30T10:37:11.295006","nav_name":"api_monitor","action":"启动参数","params":"unix_udp: \/tmp\/http-monitor,","operate_result":"信息","failed_reason":""}
{"user":"x_finder3","timestamp":"2024-08-30T10:37:11.302554","nav_name":"api_monitor","action":"组件启动","params":"开始验证授权....","operate_result":"信息","failed_reason":""}
{"user":"x_finder3","timestamp":"2024-08-30T10:37:11.302964","nav_name":"api_monitor","action":"组件启动","params":"授权验证完成!","operate_result":"信息","failed_reason":""}
{"user":"x_finder3","timestamp":"2024-08-30T10:37:11.304098","nav_name":"api_monitor","action":"组件启动","params":"数据窗口函数-0, 定时任务函数-1","operate_result":"信息","failed_reason":""}
{"user":"x_finder3","timestamp":"2024-08-30T10:37:11.304299","nav_name":"api_monitor","action":"事件主循环","params":"Unix_UDP 建立中","operate_result":"信息","failed_reason":""}
{"user":"x_finder3","timestamp":"2024-08-30T10:37:11.304469","nav_name":"api_monitor","action":"启动完成","params":"Unix_UDP 准备完毕,开始接收消息!","operate_result":"信息","failed_reason":""}
{"user":"x_finder3","timestamp":"2024-08-30T10:45:38.521990","nav_name":"api_monitor","action":"启动参数","params":"unix_udp: \/tmp\/http-monitor,","operate_result":"信息","failed_reason":""}
{"user":"x_finder3","timestamp":"2024-08-30T10:45:38.542200","nav_name":"api_monitor","action":"组件启动","params":"开始验证授权....","operate_result":"信息","failed_reason":""}
{"user":"x_finder3","timestamp":"2024-08-30T10:45:38.542561","nav_name":"api_monitor","action":"组件启动","params":"授权验证完成!","operate_result":"信息","failed_reason":""}
{"user":"x_finder3","timestamp":"2024-08-30T10:45:38.543637","nav_name":"api_monitor","action":"组件启动","params":"数据窗口函数-0, 定时任务函数-1","operate_result":"信息","failed_reason":""}
{"user":"x_finder3","timestamp":"2024-08-30T10:45:38.543842","nav_name":"api_monitor","action":"事件主循环","params":"Unix_UDP 建立中","operate_result":"信息","failed_reason":""}
{"user":"x_finder3","timestamp":"2024-08-30T10:45:38.543988","nav_name":"api_monitor","action":"启动完成","params":"Unix_UDP 准备完毕,开始接收消息!","operate_result":"信息","failed_reason":""}
{"user":"x_finder3","timestamp":"2024-08-30T10:59:54.133223","nav_name":"api_monitor","action":"启动参数","params":"unix_udp: \/tmp\/http-monitor,","operate_result":"信息","failed_reason":""}
{"user":"x_finder3","timestamp":"2024-08-30T10:59:54.138625","nav_name":"api_monitor","action":"组件启动","params":"开始验证授权....","operate_result":"信息","failed_reason":""}
{"user":"x_finder3","timestamp":"2024-08-30T10:59:54.138976","nav_name":"api_monitor","action":"组件启动","params":"授权验证完成!","operate_result":"信息","failed_reason":""}
{"user":"x_finder3","timestamp":"2024-08-30T10:59:54.139730","nav_name":"api_monitor","action":"组件启动","params":"数据窗口函数-0, 定时任务函数-1","operate_result":"信息","failed_reason":""}
{"user":"x_finder3","timestamp":"2024-08-30T10:59:54.139879","nav_name":"api_monitor","action":"事件主循环","params":"Unix_UDP 建立中","operate_result":"信息","failed_reason":""}
{"user":"x_finder3","timestamp":"2024-08-30T10:59:54.140040","nav_name":"api_monitor","action":"启动完成","params":"Unix_UDP 准备完毕,开始接收消息!","operate_result":"信息","failed_reason":""}
{"user":"x_finder3","timestamp":"2024-08-30T11:12:58.638670","nav_name":"api_monitor","action":"启动参数","params":"unix_udp: \/tmp\/http-monitor,","operate_result":"信息","failed_reason":""}
{"user":"x_finder3","timestamp":"2024-08-30T11:12:58.662542","nav_name":"api_monitor","action":"组件启动","params":"开始验证授权....","operate_result":"信息","failed_reason":""}
{"user":"x_finder3","timestamp":"2024-08-30T11:12:58.662960","nav_name":"api_monitor","action":"组件启动","params":"授权验证完成!","operate_result":"信息","failed_reason":""}
{"user":"x_finder3","timestamp":"2024-08-30T11:12:58.663820","nav_name":"api_monitor","action":"组件启动","params":"数据窗口函数-0, 定时任务函数-1","operate_result":"信息","failed_reason":""}
{"user":"x_finder3","timestamp":"2024-08-30T11:12:58.663969","nav_name":"api_monitor","action":"事件主循环","params":"Unix_UDP 建立中","operate_result":"信息","failed_reason":""}
{"user":"x_finder3","timestamp":"2024-08-30T11:12:58.664117","nav_name":"api_monitor","action":"启动完成","params":"Unix_UDP 准备完毕,开始接收消息!","operate_result":"信息","failed_reason":""}
{"user":"x_finder3","timestamp":"2024-08-30T11:17:03.390415","nav_name":"api_monitor","action":"启动参数","params":"unix_udp: \/tmp\/http-monitor,","operate_result":"信息","failed_reason":""}
{"user":"x_finder3","timestamp":"2024-08-30T11:17:03.402265","nav_name":"api_monitor","action":"组件启动","params":"开始验证授权....","operate_result":"信息","failed_reason":""}
{"user":"x_finder3","timestamp":"2024-08-30T11:17:03.402621","nav_name":"api_monitor","action":"组件启动","params":"授权验证完成!","operate_result":"信息","failed_reason":""}
{"user":"x_finder3","timestamp":"2024-08-30T11:17:03.403318","nav_name":"api_monitor","action":"组件启动","params":"数据窗口函数-0, 定时任务函数-1","operate_result":"信息","failed_reason":""}
{"user":"x_finder3","timestamp":"2024-08-30T11:17:03.403463","nav_name":"api_monitor","action":"事件主循环","params":"Unix_UDP 建立中","operate_result":"信息","failed_reason":""}
{"user":"x_finder3","timestamp":"2024-08-30T11:17:03.403604","nav_name":"api_monitor","action":"启动完成","params":"Unix_UDP 准备完毕,开始接收消息!","operate_result":"信息","failed_reason":""}
{"user":"x_finder3","timestamp":"2024-08-30T11:19:15.821407","nav_name":"api_monitor","action":"启动参数","params":"unix_udp: \/tmp\/http-monitor,","operate_result":"信息","failed_reason":""}
{"user":"x_finder3","timestamp":"2024-08-30T11:19:15.898172","nav_name":"api_monitor","action":"组件启动","params":"开始验证授权....","operate_result":"信息","failed_reason":""}
{"user":"x_finder3","timestamp":"2024-08-30T11:19:15.898536","nav_name":"api_monitor","action":"组件启动","params":"授权验证完成!","operate_result":"信息","failed_reason":""}
{"user":"x_finder3","timestamp":"2024-08-30T11:19:15.899857","nav_name":"api_monitor","action":"组件启动","params":"数据窗口函数-0, 定时任务函数-1","operate_result":"信息","failed_reason":""}
{"user":"x_finder3","timestamp":"2024-08-30T11:19:15.900093","nav_name":"api_monitor","action":"事件主循环","params":"Unix_UDP 建立中","operate_result":"信息","failed_reason":""}
{"user":"x_finder3","timestamp":"2024-08-30T11:19:15.900305","nav_name":"api_monitor","action":"启动完成","params":"Unix_UDP 准备完毕,开始接收消息!","operate_result":"信息","failed_reason":""}
{"user":"x_finder3","timestamp":"2024-08-30T15:02:25.137949","nav_name":"api_monitor","action":"启动参数","params":"unix_udp: \/tmp\/http-monitor,","operate_result":"信息","failed_reason":""}
{"user":"x_finder3","timestamp":"2024-08-30T15:02:25.143830","nav_name":"api_monitor","action":"组件启动","params":"开始验证授权....","operate_result":"信息","failed_reason":""}
{"user":"x_finder3","timestamp":"2024-08-30T15:02:25.144197","nav_name":"api_monitor","action":"组件启动","params":"授权验证完成!","operate_result":"信息","failed_reason":""}
{"user":"x_finder3","timestamp":"2024-08-30T15:02:25.145338","nav_name":"api_monitor","action":"组件启动","params":"数据窗口函数-0, 定时任务函数-1","operate_result":"信息","failed_reason":""}
{"user":"x_finder3","timestamp":"2024-08-30T15:02:25.145515","nav_name":"api_monitor","action":"事件主循环","params":"Unix_UDP 建立中","operate_result":"信息","failed_reason":""}
{"user":"x_finder3","timestamp":"2024-08-30T15:02:25.145664","nav_name":"api_monitor","action":"启动完成","params":"Unix_UDP 准备完毕,开始接收消息!","operate_result":"信息","failed_reason":""}
{"user":"x_finder3","timestamp":"2024-08-30T15:06:07.336709","nav_name":"api_monitor","action":"启动参数","params":"unix_udp: \/tmp\/http-monitor,","operate_result":"信息","failed_reason":""}
{"user":"x_finder3","timestamp":"2024-08-30T15:06:07.348964","nav_name":"api_monitor","action":"组件启动","params":"开始验证授权....","operate_result":"信息","failed_reason":""}
{"user":"x_finder3","timestamp":"2024-08-30T15:06:07.349280","nav_name":"api_monitor","action":"组件启动","params":"授权验证完成!","operate_result":"信息","failed_reason":""}
{"user":"x_finder3","timestamp":"2024-08-30T15:06:07.350476","nav_name":"api_monitor","action":"组件启动","params":"数据窗口函数-0, 定时任务函数-1","operate_result":"信息","failed_reason":""}
{"user":"x_finder3","timestamp":"2024-08-30T15:06:07.350654","nav_name":"api_monitor","action":"事件主循环","params":"Unix_UDP 建立中","operate_result":"信息","failed_reason":""}
{"user":"x_finder3","timestamp":"2024-08-30T15:06:07.350798","nav_name":"api_monitor","action":"启动完成","params":"Unix_UDP 准备完毕,开始接收消息!","operate_result":"信息","failed_reason":""}
{"user":"x_finder3","timestamp":"2024-08-30T15:15:26.053815","nav_name":"api_monitor","action":"启动参数","params":"unix_udp: \/tmp\/http-monitor,","operate_result":"信息","failed_reason":""}
{"user":"x_finder3","timestamp":"2024-08-30T15:15:26.064290","nav_name":"api_monitor","action":"组件启动","params":"开始验证授权....","operate_result":"信息","failed_reason":""}
{"user":"x_finder3","timestamp":"2024-08-30T15:15:26.064717","nav_name":"api_monitor","action":"组件启动","params":"授权验证完成!","operate_result":"信息","failed_reason":""}
{"user":"x_finder3","timestamp":"2024-08-30T15:15:26.065883","nav_name":"api_monitor","action":"组件启动","params":"数据窗口函数-0, 定时任务函数-1","operate_result":"信息","failed_reason":""}
{"user":"x_finder3","timestamp":"2024-08-30T15:15:26.066077","nav_name":"api_monitor","action":"事件主循环","params":"Unix_UDP 建立中","operate_result":"信息","failed_reason":""}
{"user":"x_finder3","timestamp":"2024-08-30T15:15:26.066257","nav_name":"api_monitor","action":"启动完成","params":"Unix_UDP 准备完毕,开始接收消息!","operate_result":"信息","failed_reason":""}
{"user":"x_finder3","timestamp":"2024-08-30T15:28:29.910080","nav_name":"api_monitor","action":"启动参数","params":"unix_udp: \/tmp\/http-monitor,","operate_result":"信息","failed_reason":""}
{"user":"x_finder3","timestamp":"2024-08-30T15:28:29.925635","nav_name":"api_monitor","action":"组件启动","params":"开始验证授权....","operate_result":"信息","failed_reason":""}
{"user":"x_finder3","timestamp":"2024-08-30T15:28:29.927076","nav_name":"api_monitor","action":"组件启动","params":"授权验证完成!","operate_result":"信息","failed_reason":""}
{"user":"x_finder3","timestamp":"2024-08-30T15:28:29.928558","nav_name":"api_monitor","action":"组件启动","params":"数据窗口函数-0, 定时任务函数-1","operate_result":"信息","failed_reason":""}
{"user":"x_finder3","timestamp":"2024-08-30T15:28:29.928792","nav_name":"api_monitor","action":"事件主循环","params":"Unix_UDP 建立中","operate_result":"信息","failed_reason":""}
{"user":"x_finder3","timestamp":"2024-08-30T15:28:29.928988","nav_name":"api_monitor","action":"启动完成","params":"Unix_UDP 准备完毕,开始接收消息!","operate_result":"信息","failed_reason":""}
{"user":"x_finder3","timestamp":"2024-08-30T15:41:02.884421","nav_name":"api_monitor","action":"启动参数","params":"unix_udp: \/tmp\/http-monitor,","operate_result":"信息","failed_reason":""}
{"user":"x_finder3","timestamp":"2024-08-30T15:41:02.904148","nav_name":"api_monitor","action":"组件启动","params":"开始验证授权....","operate_result":"信息","failed_reason":""}
{"user":"x_finder3","timestamp":"2024-08-30T15:41:02.905267","nav_name":"api_monitor","action":"组件启动","params":"授权验证完成!","operate_result":"信息","failed_reason":""}
{"user":"x_finder3","timestamp":"2024-08-30T15:41:02.906936","nav_name":"api_monitor","action":"组件启动","params":"数据窗口函数-0, 定时任务函数-1","operate_result":"信息","failed_reason":""}
{"user":"x_finder3","timestamp":"2024-08-30T15:41:02.907193","nav_name":"api_monitor","action":"事件主循环","params":"Unix_UDP 建立中","operate_result":"信息","failed_reason":""}
{"user":"x_finder3","timestamp":"2024-08-30T15:41:02.907520","nav_name":"api_monitor","action":"启动完成","params":"Unix_UDP 准备完毕,开始接收消息!","operate_result":"信息","failed_reason":""}
{"user":"x_finder3","timestamp":"2024-08-30T16:11:07.911704","nav_name":"api_monitor","action":"启动参数","params":"unix_udp: \/tmp\/http-monitor,","operate_result":"信息","failed_reason":""}
{"user":"x_finder3","timestamp":"2024-08-30T16:11:07.945081","nav_name":"api_monitor","action":"组件启动","params":"开始验证授权....","operate_result":"信息","failed_reason":""}
{"user":"x_finder3","timestamp":"2024-08-30T16:11:07.945427","nav_name":"api_monitor","action":"组件启动","params":"授权验证完成!","operate_result":"信息","failed_reason":""}
{"user":"x_finder3","timestamp":"2024-08-30T16:11:07.946037","nav_name":"api_monitor","action":"组件启动","params":"数据窗口函数-0, 定时任务函数-1","operate_result":"信息","failed_reason":""}
{"user":"x_finder3","timestamp":"2024-08-30T16:11:07.946184","nav_name":"api_monitor","action":"事件主循环","params":"Unix_UDP 建立中","operate_result":"信息","failed_reason":""}
{"user":"x_finder3","timestamp":"2024-08-30T16:11:07.946345","nav_name":"api_monitor","action":"启动完成","params":"Unix_UDP 准备完毕,开始接收消息!","operate_result":"信息","failed_reason":""}
