{"user":"x_finder3","timestamp":"2024-09-03T10:42:46.771622","nav_name":"api_owasp2","action":"主函数","params":"异常退出PubShm:[Errno 2] No such file or directory: '\/xlink_shm_httpub_2.pub'","operate_result":"错误","failed_reason":"错误跟踪Traceback (most recent call last):\n  File \"xlink_core.pyx\", line 820, in xlink_core.Main5\n  File \"\/opt\/fbi-base\/lib\/python3.11\/multiprocessing\/shared_memory.py\", line 104, in __init__\n    self._fd = _posixshmem.shm_open(\n               ^^^^^^^^^^^^^^^^^^^^^\nFileNotFoundError: [Errno 2] No such file or directory: '\/xlink_shm_httpub_2.pub'\n\nDuring handling of the above exception, another exception occurred:\n\nTraceback (most recent call last):\n  File \"xlink_core.pyx\", line 1453, in xlink_core.x_start\n  File \"xlink_core.pyx\", line 830, in xlink_core.Main5\nException: PubShm:[Errno 2] No such file or directory: '\/xlink_shm_httpub_2.pub'\n"}
{"user":"x_finder3","timestamp":"2024-09-03T10:42:46.772036","nav_name":"api_owasp2","action":"停止","params":"二阶段开始停止!","operate_result":"信息","failed_reason":""}
{"user":"x_finder3","timestamp":"2024-09-03T10:42:46.772145","nav_name":"api_owasp2","action":"停止","params":"三阶段开始停止!","operate_result":"信息","failed_reason":""}
{"user":"x_finder3","timestamp":"2024-09-03T10:42:46.869913","nav_name":"api_owasp2","action":"停止","params":"数据窗口任务停止完毕!","operate_result":"信息","failed_reason":""}
{"user":"x_finder3","timestamp":"2024-09-03T10:42:47.270062","nav_name":"api_owasp2","action":"停止","params":"系统定时任务st_60s停止完毕!","operate_result":"信息","failed_reason":""}
{"user":"x_finder3","timestamp":"2024-09-03T10:42:51.770221","nav_name":"api_owasp2","action":"监控程序","params":"printf::收到消息退出","operate_result":"信息","failed_reason":""}
{"user":"x_finder3","timestamp":"2024-09-03T10:42:51.770727","nav_name":"api_owasp2","action":"停止","params":"全部停止完毕!","operate_result":"信息","failed_reason":""}
{"user":"x_finder3","timestamp":"2024-09-03T10:43:47.290738","nav_name":"api_owasp2","action":"启动参数","params":"shm_name: httpub,count: 8,","operate_result":"信息","failed_reason":""}
{"user":"x_finder3","timestamp":"2024-09-03T10:43:47.297671","nav_name":"api_owasp2","action":"组件启动","params":"开始验证授权....","operate_result":"信息","failed_reason":""}
{"user":"x_finder3","timestamp":"2024-09-03T10:43:47.298114","nav_name":"api_owasp2","action":"组件启动","params":"授权验证完成!","operate_result":"信息","failed_reason":""}
{"user":"x_finder3","timestamp":"2024-09-03T10:43:47.299340","nav_name":"api_owasp2","action":"组件启动","params":"数据窗口函数-1, 定时任务函数-0","operate_result":"信息","failed_reason":""}
{"user":"x_finder3","timestamp":"2024-09-03T10:43:47.299489","nav_name":"api_owasp2","action":"事件主循环","params":"PubShm 建立中","operate_result":"信息","failed_reason":""}
{"user":"x_finder3","timestamp":"2024-09-03T10:43:47.300260","nav_name":"api_owasp2","action":"启动出错","params":"PubShm","operate_result":"错误","failed_reason":"[Errno 2] No such file or directory: '\/xlink_shm_httpub_2.pub'"}
{"user":"x_finder3","timestamp":"2024-09-03T10:43:47.301136","nav_name":"api_owasp2","action":"主函数","params":"异常退出PubShm:[Errno 2] No such file or directory: '\/xlink_shm_httpub_2.pub'","operate_result":"错误","failed_reason":"错误跟踪Traceback (most recent call last):\n  File \"xlink_core.pyx\", line 820, in xlink_core.Main5\n  File \"\/opt\/fbi-base\/lib\/python3.11\/multiprocessing\/shared_memory.py\", line 104, in __init__\n    self._fd = _posixshmem.shm_open(\n               ^^^^^^^^^^^^^^^^^^^^^\nFileNotFoundError: [Errno 2] No such file or directory: '\/xlink_shm_httpub_2.pub'\n\nDuring handling of the above exception, another exception occurred:\n\nTraceback (most recent call last):\n  File \"xlink_core.pyx\", line 1453, in xlink_core.x_start\n  File \"xlink_core.pyx\", line 830, in xlink_core.Main5\nException: PubShm:[Errno 2] No such file or directory: '\/xlink_shm_httpub_2.pub'\n"}
{"user":"x_finder3","timestamp":"2024-09-03T10:43:47.301266","nav_name":"api_owasp2","action":"停止","params":"二阶段开始停止!","operate_result":"信息","failed_reason":""}
{"user":"x_finder3","timestamp":"2024-09-03T10:43:47.301369","nav_name":"api_owasp2","action":"停止","params":"三阶段开始停止!","operate_result":"信息","failed_reason":""}
{"user":"x_finder3","timestamp":"2024-09-03T10:43:47.399172","nav_name":"api_owasp2","action":"停止","params":"数据窗口任务停止完毕!","operate_result":"信息","failed_reason":""}
{"user":"x_finder3","timestamp":"2024-09-03T10:43:47.799311","nav_name":"api_owasp2","action":"停止","params":"系统定时任务st_60s停止完毕!","operate_result":"信息","failed_reason":""}
{"user":"x_finder3","timestamp":"2024-09-03T10:43:52.299458","nav_name":"api_owasp2","action":"监控程序","params":"printf::收到消息退出","operate_result":"信息","failed_reason":""}
{"user":"x_finder3","timestamp":"2024-09-03T10:43:52.299994","nav_name":"api_owasp2","action":"停止","params":"全部停止完毕!","operate_result":"信息","failed_reason":""}
{"user":"x_finder3","timestamp":"2024-09-03T10:44:47.328412","nav_name":"api_owasp2","action":"启动参数","params":"shm_name: httpub,count: 8,","operate_result":"信息","failed_reason":""}
{"user":"x_finder3","timestamp":"2024-09-03T10:44:47.334277","nav_name":"api_owasp2","action":"组件启动","params":"开始验证授权....","operate_result":"信息","failed_reason":""}
{"user":"x_finder3","timestamp":"2024-09-03T10:44:47.334658","nav_name":"api_owasp2","action":"组件启动","params":"授权验证完成!","operate_result":"信息","failed_reason":""}
{"user":"x_finder3","timestamp":"2024-09-03T10:44:47.335571","nav_name":"api_owasp2","action":"组件启动","params":"数据窗口函数-1, 定时任务函数-0","operate_result":"信息","failed_reason":""}
{"user":"x_finder3","timestamp":"2024-09-03T10:44:47.335719","nav_name":"api_owasp2","action":"事件主循环","params":"PubShm 建立中","operate_result":"信息","failed_reason":""}
{"user":"x_finder3","timestamp":"2024-09-03T10:44:47.336335","nav_name":"api_owasp2","action":"启动出错","params":"PubShm","operate_result":"错误","failed_reason":"[Errno 2] No such file or directory: '\/xlink_shm_httpub_2.pub'"}
{"user":"x_finder3","timestamp":"2024-09-03T10:44:47.337044","nav_name":"api_owasp2","action":"主函数","params":"异常退出PubShm:[Errno 2] No such file or directory: '\/xlink_shm_httpub_2.pub'","operate_result":"错误","failed_reason":"错误跟踪Traceback (most recent call last):\n  File \"xlink_core.pyx\", line 820, in xlink_core.Main5\n  File \"\/opt\/fbi-base\/lib\/python3.11\/multiprocessing\/shared_memory.py\", line 104, in __init__\n    self._fd = _posixshmem.shm_open(\n               ^^^^^^^^^^^^^^^^^^^^^\nFileNotFoundError: [Errno 2] No such file or directory: '\/xlink_shm_httpub_2.pub'\n\nDuring handling of the above exception, another exception occurred:\n\nTraceback (most recent call last):\n  File \"xlink_core.pyx\", line 1453, in xlink_core.x_start\n  File \"xlink_core.pyx\", line 830, in xlink_core.Main5\nException: PubShm:[Errno 2] No such file or directory: '\/xlink_shm_httpub_2.pub'\n"}
{"user":"x_finder3","timestamp":"2024-09-03T10:44:47.337165","nav_name":"api_owasp2","action":"停止","params":"二阶段开始停止!","operate_result":"信息","failed_reason":""}
{"user":"x_finder3","timestamp":"2024-09-03T10:44:47.337267","nav_name":"api_owasp2","action":"停止","params":"三阶段开始停止!","operate_result":"信息","failed_reason":""}
{"user":"x_finder3","timestamp":"2024-09-03T10:44:47.435433","nav_name":"api_owasp2","action":"停止","params":"数据窗口任务停止完毕!","operate_result":"信息","failed_reason":""}
{"user":"x_finder3","timestamp":"2024-09-03T10:44:47.835551","nav_name":"api_owasp2","action":"停止","params":"系统定时任务st_60s停止完毕!","operate_result":"信息","failed_reason":""}
{"user":"x_finder3","timestamp":"2024-09-03T10:44:52.335678","nav_name":"api_owasp2","action":"监控程序","params":"printf::收到消息退出","operate_result":"信息","failed_reason":""}
{"user":"x_finder3","timestamp":"2024-09-03T10:44:52.336205","nav_name":"api_owasp2","action":"停止","params":"全部停止完毕!","operate_result":"信息","failed_reason":""}
{"user":"x_finder3","timestamp":"2024-09-03T10:45:47.535375","nav_name":"api_owasp2","action":"启动参数","params":"shm_name: httpub,count: 8,","operate_result":"信息","failed_reason":""}
{"user":"x_finder3","timestamp":"2024-09-03T10:45:47.541493","nav_name":"api_owasp2","action":"组件启动","params":"开始验证授权....","operate_result":"信息","failed_reason":""}
{"user":"x_finder3","timestamp":"2024-09-03T10:45:47.541825","nav_name":"api_owasp2","action":"组件启动","params":"授权验证完成!","operate_result":"信息","failed_reason":""}
{"user":"x_finder3","timestamp":"2024-09-03T10:45:47.543107","nav_name":"api_owasp2","action":"组件启动","params":"数据窗口函数-1, 定时任务函数-0","operate_result":"信息","failed_reason":""}
{"user":"x_finder3","timestamp":"2024-09-03T10:45:47.543249","nav_name":"api_owasp2","action":"事件主循环","params":"PubShm 建立中","operate_result":"信息","failed_reason":""}
{"user":"x_finder3","timestamp":"2024-09-03T10:45:47.544015","nav_name":"api_owasp2","action":"启动出错","params":"PubShm","operate_result":"错误","failed_reason":"[Errno 2] No such file or directory: '\/xlink_shm_httpub_2.pub'"}
{"user":"x_finder3","timestamp":"2024-09-03T10:45:47.544822","nav_name":"api_owasp2","action":"主函数","params":"异常退出PubShm:[Errno 2] No such file or directory: '\/xlink_shm_httpub_2.pub'","operate_result":"错误","failed_reason":"错误跟踪Traceback (most recent call last):\n  File \"xlink_core.pyx\", line 820, in xlink_core.Main5\n  File \"\/opt\/fbi-base\/lib\/python3.11\/multiprocessing\/shared_memory.py\", line 104, in __init__\n    self._fd = _posixshmem.shm_open(\n               ^^^^^^^^^^^^^^^^^^^^^\nFileNotFoundError: [Errno 2] No such file or directory: '\/xlink_shm_httpub_2.pub'\n\nDuring handling of the above exception, another exception occurred:\n\nTraceback (most recent call last):\n  File \"xlink_core.pyx\", line 1453, in xlink_core.x_start\n  File \"xlink_core.pyx\", line 830, in xlink_core.Main5\nException: PubShm:[Errno 2] No such file or directory: '\/xlink_shm_httpub_2.pub'\n"}
{"user":"x_finder3","timestamp":"2024-09-03T10:45:47.544940","nav_name":"api_owasp2","action":"停止","params":"二阶段开始停止!","operate_result":"信息","failed_reason":""}
{"user":"x_finder3","timestamp":"2024-09-03T10:45:47.545036","nav_name":"api_owasp2","action":"停止","params":"三阶段开始停止!","operate_result":"信息","failed_reason":""}
{"user":"x_finder3","timestamp":"2024-09-03T10:45:47.642973","nav_name":"api_owasp2","action":"停止","params":"数据窗口任务停止完毕!","operate_result":"信息","failed_reason":""}
{"user":"x_finder3","timestamp":"2024-09-03T10:45:48.043101","nav_name":"api_owasp2","action":"停止","params":"系统定时任务st_60s停止完毕!","operate_result":"信息","failed_reason":""}
{"user":"x_finder3","timestamp":"2024-09-03T10:45:52.543222","nav_name":"api_owasp2","action":"监控程序","params":"printf::收到消息退出","operate_result":"信息","failed_reason":""}
{"user":"x_finder3","timestamp":"2024-09-03T10:45:52.543652","nav_name":"api_owasp2","action":"停止","params":"全部停止完毕!","operate_result":"信息","failed_reason":""}
{"user":"x_finder3","timestamp":"2024-09-03T10:46:47.700039","nav_name":"api_owasp2","action":"启动参数","params":"shm_name: httpub,count: 8,","operate_result":"信息","failed_reason":""}
{"user":"x_finder3","timestamp":"2024-09-03T10:46:47.706116","nav_name":"api_owasp2","action":"组件启动","params":"开始验证授权....","operate_result":"信息","failed_reason":""}
{"user":"x_finder3","timestamp":"2024-09-03T10:46:47.706494","nav_name":"api_owasp2","action":"组件启动","params":"授权验证完成!","operate_result":"信息","failed_reason":""}
{"user":"x_finder3","timestamp":"2024-09-03T10:46:47.707417","nav_name":"api_owasp2","action":"组件启动","params":"数据窗口函数-1, 定时任务函数-0","operate_result":"信息","failed_reason":""}
{"user":"x_finder3","timestamp":"2024-09-03T10:46:47.707563","nav_name":"api_owasp2","action":"事件主循环","params":"PubShm 建立中","operate_result":"信息","failed_reason":""}
{"user":"x_finder3","timestamp":"2024-09-03T10:46:47.708199","nav_name":"api_owasp2","action":"启动出错","params":"PubShm","operate_result":"错误","failed_reason":"[Errno 2] No such file or directory: '\/xlink_shm_httpub_2.pub'"}
{"user":"x_finder3","timestamp":"2024-09-03T10:46:47.708946","nav_name":"api_owasp2","action":"主函数","params":"异常退出PubShm:[Errno 2] No such file or directory: '\/xlink_shm_httpub_2.pub'","operate_result":"错误","failed_reason":"错误跟踪Traceback (most recent call last):\n  File \"xlink_core.pyx\", line 820, in xlink_core.Main5\n  File \"\/opt\/fbi-base\/lib\/python3.11\/multiprocessing\/shared_memory.py\", line 104, in __init__\n    self._fd = _posixshmem.shm_open(\n               ^^^^^^^^^^^^^^^^^^^^^\nFileNotFoundError: [Errno 2] No such file or directory: '\/xlink_shm_httpub_2.pub'\n\nDuring handling of the above exception, another exception occurred:\n\nTraceback (most recent call last):\n  File \"xlink_core.pyx\", line 1453, in xlink_core.x_start\n  File \"xlink_core.pyx\", line 830, in xlink_core.Main5\nException: PubShm:[Errno 2] No such file or directory: '\/xlink_shm_httpub_2.pub'\n"}
{"user":"x_finder3","timestamp":"2024-09-03T10:46:47.709064","nav_name":"api_owasp2","action":"停止","params":"二阶段开始停止!","operate_result":"信息","failed_reason":""}
{"user":"x_finder3","timestamp":"2024-09-03T10:46:47.709164","nav_name":"api_owasp2","action":"停止","params":"三阶段开始停止!","operate_result":"信息","failed_reason":""}
{"user":"x_finder3","timestamp":"2024-09-03T10:46:47.807287","nav_name":"api_owasp2","action":"停止","params":"数据窗口任务停止完毕!","operate_result":"信息","failed_reason":""}
{"user":"x_finder3","timestamp":"2024-09-03T10:46:48.207400","nav_name":"api_owasp2","action":"停止","params":"系统定时任务st_60s停止完毕!","operate_result":"信息","failed_reason":""}
{"user":"x_finder3","timestamp":"2024-09-03T10:46:52.707537","nav_name":"api_owasp2","action":"监控程序","params":"printf::收到消息退出","operate_result":"信息","failed_reason":""}
{"user":"x_finder3","timestamp":"2024-09-03T10:46:52.708118","nav_name":"api_owasp2","action":"停止","params":"全部停止完毕!","operate_result":"信息","failed_reason":""}
{"user":"x_finder3","timestamp":"2024-09-03T10:47:48.167684","nav_name":"api_owasp2","action":"启动参数","params":"shm_name: httpub,count: 8,","operate_result":"信息","failed_reason":""}
{"user":"x_finder3","timestamp":"2024-09-03T10:47:48.173380","nav_name":"api_owasp2","action":"组件启动","params":"开始验证授权....","operate_result":"信息","failed_reason":""}
{"user":"x_finder3","timestamp":"2024-09-03T10:47:48.173735","nav_name":"api_owasp2","action":"组件启动","params":"授权验证完成!","operate_result":"信息","failed_reason":""}
{"user":"x_finder3","timestamp":"2024-09-03T10:47:48.174616","nav_name":"api_owasp2","action":"组件启动","params":"数据窗口函数-1, 定时任务函数-0","operate_result":"信息","failed_reason":""}
{"user":"x_finder3","timestamp":"2024-09-03T10:47:48.174755","nav_name":"api_owasp2","action":"事件主循环","params":"PubShm 建立中","operate_result":"信息","failed_reason":""}
{"user":"x_finder3","timestamp":"2024-09-03T10:47:48.175334","nav_name":"api_owasp2","action":"启动出错","params":"PubShm","operate_result":"错误","failed_reason":"[Errno 2] No such file or directory: '\/xlink_shm_httpub_2.pub'"}
{"user":"x_finder3","timestamp":"2024-09-03T10:47:48.176021","nav_name":"api_owasp2","action":"主函数","params":"异常退出PubShm:[Errno 2] No such file or directory: '\/xlink_shm_httpub_2.pub'","operate_result":"错误","failed_reason":"错误跟踪Traceback (most recent call last):\n  File \"xlink_core.pyx\", line 820, in xlink_core.Main5\n  File \"\/opt\/fbi-base\/lib\/python3.11\/multiprocessing\/shared_memory.py\", line 104, in __init__\n    self._fd = _posixshmem.shm_open(\n               ^^^^^^^^^^^^^^^^^^^^^\nFileNotFoundError: [Errno 2] No such file or directory: '\/xlink_shm_httpub_2.pub'\n\nDuring handling of the above exception, another exception occurred:\n\nTraceback (most recent call last):\n  File \"xlink_core.pyx\", line 1453, in xlink_core.x_start\n  File \"xlink_core.pyx\", line 830, in xlink_core.Main5\nException: PubShm:[Errno 2] No such file or directory: '\/xlink_shm_httpub_2.pub'\n"}
{"user":"x_finder3","timestamp":"2024-09-03T10:47:48.176142","nav_name":"api_owasp2","action":"停止","params":"二阶段开始停止!","operate_result":"信息","failed_reason":""}
{"user":"x_finder3","timestamp":"2024-09-03T10:47:48.176238","nav_name":"api_owasp2","action":"停止","params":"三阶段开始停止!","operate_result":"信息","failed_reason":""}
{"user":"x_finder3","timestamp":"2024-09-03T10:47:48.274501","nav_name":"api_owasp2","action":"停止","params":"数据窗口任务停止完毕!","operate_result":"信息","failed_reason":""}
{"user":"x_finder3","timestamp":"2024-09-03T10:47:48.674634","nav_name":"api_owasp2","action":"停止","params":"系统定时任务st_60s停止完毕!","operate_result":"信息","failed_reason":""}
{"user":"x_finder3","timestamp":"2024-09-03T10:47:53.174733","nav_name":"api_owasp2","action":"监控程序","params":"printf::收到消息退出","operate_result":"信息","failed_reason":""}
{"user":"x_finder3","timestamp":"2024-09-03T10:47:53.175170","nav_name":"api_owasp2","action":"停止","params":"全部停止完毕!","operate_result":"信息","failed_reason":""}
