{"user":"x_finder3","timestamp":"2024-09-03T10:37:40.453472","nav_name":"api_owasp_1_1","action":"主函数","params":"异常退出PubShm:[Errno 2] No such file or directory: '\/xlink_shm_httpub_2.pub'","operate_result":"错误","failed_reason":"错误跟踪Traceback (most recent call last):\n  File \"xlink_core.pyx\", line 820, in xlink_core.Main5\n  File \"\/opt\/fbi-base\/lib\/python3.11\/multiprocessing\/shared_memory.py\", line 104, in __init__\n    self._fd = _posixshmem.shm_open(\n               ^^^^^^^^^^^^^^^^^^^^^\nFileNotFoundError: [Errno 2] No such file or directory: '\/xlink_shm_httpub_2.pub'\n\nDuring handling of the above exception, another exception occurred:\n\nTraceback (most recent call last):\n  File \"xlink_core.pyx\", line 1453, in xlink_core.x_start\n  File \"xlink_core.pyx\", line 830, in xlink_core.Main5\nException: PubShm:[Errno 2] No such file or directory: '\/xlink_shm_httpub_2.pub'\n"}
{"user":"x_finder3","timestamp":"2024-09-03T10:37:40.453889","nav_name":"api_owasp_1_1","action":"停止","params":"二阶段开始停止!","operate_result":"信息","failed_reason":""}
{"user":"x_finder3","timestamp":"2024-09-03T10:37:40.454001","nav_name":"api_owasp_1_1","action":"停止","params":"三阶段开始停止!","operate_result":"信息","failed_reason":""}
{"user":"x_finder3","timestamp":"2024-09-03T10:37:40.551898","nav_name":"api_owasp_1_1","action":"停止","params":"数据窗口任务停止完毕!","operate_result":"信息","failed_reason":""}
{"user":"x_finder3","timestamp":"2024-09-03T10:37:40.952047","nav_name":"api_owasp_1_1","action":"停止","params":"系统定时任务st_785s停止完毕!","operate_result":"信息","failed_reason":""}
{"user":"x_finder3","timestamp":"2024-09-03T10:37:45.452137","nav_name":"api_owasp_1_1","action":"监控程序","params":"printf::收到消息退出","operate_result":"信息","failed_reason":""}
{"user":"x_finder3","timestamp":"2024-09-03T10:37:45.452613","nav_name":"api_owasp_1_1","action":"停止","params":"全部停止完毕!","operate_result":"信息","failed_reason":""}
{"user":"x_finder3","timestamp":"2024-09-03T10:38:40.632788","nav_name":"api_owasp_1_1","action":"启动参数","params":"shm_name: httpub,count: 8,","operate_result":"信息","failed_reason":""}
{"user":"x_finder3","timestamp":"2024-09-03T10:38:40.638081","nav_name":"api_owasp_1_1","action":"组件启动","params":"开始验证授权....","operate_result":"信息","failed_reason":""}
{"user":"x_finder3","timestamp":"2024-09-03T10:38:40.638491","nav_name":"api_owasp_1_1","action":"组件启动","params":"授权验证完成!","operate_result":"信息","failed_reason":""}
{"user":"x_finder3","timestamp":"2024-09-03T10:38:40.639176","nav_name":"api_owasp_1_1","action":"组件启动","params":"数据窗口函数-1, 定时任务函数-0","operate_result":"信息","failed_reason":""}
{"user":"x_finder3","timestamp":"2024-09-03T10:38:40.639329","nav_name":"api_owasp_1_1","action":"事件主循环","params":"PubShm 建立中","operate_result":"信息","failed_reason":""}
{"user":"x_finder3","timestamp":"2024-09-03T10:38:40.639904","nav_name":"api_owasp_1_1","action":"启动出错","params":"PubShm","operate_result":"错误","failed_reason":"[Errno 2] No such file or directory: '\/xlink_shm_httpub_2.pub'"}
{"user":"x_finder3","timestamp":"2024-09-03T10:38:40.640612","nav_name":"api_owasp_1_1","action":"主函数","params":"异常退出PubShm:[Errno 2] No such file or directory: '\/xlink_shm_httpub_2.pub'","operate_result":"错误","failed_reason":"错误跟踪Traceback (most recent call last):\n  File \"xlink_core.pyx\", line 820, in xlink_core.Main5\n  File \"\/opt\/fbi-base\/lib\/python3.11\/multiprocessing\/shared_memory.py\", line 104, in __init__\n    self._fd = _posixshmem.shm_open(\n               ^^^^^^^^^^^^^^^^^^^^^\nFileNotFoundError: [Errno 2] No such file or directory: '\/xlink_shm_httpub_2.pub'\n\nDuring handling of the above exception, another exception occurred:\n\nTraceback (most recent call last):\n  File \"xlink_core.pyx\", line 1453, in xlink_core.x_start\n  File \"xlink_core.pyx\", line 830, in xlink_core.Main5\nException: PubShm:[Errno 2] No such file or directory: '\/xlink_shm_httpub_2.pub'\n"}
{"user":"x_finder3","timestamp":"2024-09-03T10:38:40.640736","nav_name":"api_owasp_1_1","action":"停止","params":"二阶段开始停止!","operate_result":"信息","failed_reason":""}
{"user":"x_finder3","timestamp":"2024-09-03T10:38:40.640840","nav_name":"api_owasp_1_1","action":"停止","params":"三阶段开始停止!","operate_result":"信息","failed_reason":""}
{"user":"x_finder3","timestamp":"2024-09-03T10:38:40.739066","nav_name":"api_owasp_1_1","action":"停止","params":"数据窗口任务停止完毕!","operate_result":"信息","failed_reason":""}
{"user":"x_finder3","timestamp":"2024-09-03T10:38:41.139162","nav_name":"api_owasp_1_1","action":"停止","params":"系统定时任务st_785s停止完毕!","operate_result":"信息","failed_reason":""}
{"user":"x_finder3","timestamp":"2024-09-03T10:38:45.639286","nav_name":"api_owasp_1_1","action":"监控程序","params":"printf::收到消息退出","operate_result":"信息","failed_reason":""}
{"user":"x_finder3","timestamp":"2024-09-03T10:38:45.639720","nav_name":"api_owasp_1_1","action":"停止","params":"全部停止完毕!","operate_result":"信息","failed_reason":""}
{"user":"x_finder3","timestamp":"2024-09-03T10:39:41.050445","nav_name":"api_owasp_1_1","action":"启动参数","params":"shm_name: httpub,count: 8,","operate_result":"信息","failed_reason":""}
{"user":"x_finder3","timestamp":"2024-09-03T10:39:41.055413","nav_name":"api_owasp_1_1","action":"组件启动","params":"开始验证授权....","operate_result":"信息","failed_reason":""}
{"user":"x_finder3","timestamp":"2024-09-03T10:39:41.055758","nav_name":"api_owasp_1_1","action":"组件启动","params":"授权验证完成!","operate_result":"信息","failed_reason":""}
{"user":"x_finder3","timestamp":"2024-09-03T10:39:41.056308","nav_name":"api_owasp_1_1","action":"组件启动","params":"数据窗口函数-1, 定时任务函数-0","operate_result":"信息","failed_reason":""}
{"user":"x_finder3","timestamp":"2024-09-03T10:39:41.056446","nav_name":"api_owasp_1_1","action":"事件主循环","params":"PubShm 建立中","operate_result":"信息","failed_reason":""}
{"user":"x_finder3","timestamp":"2024-09-03T10:39:41.057036","nav_name":"api_owasp_1_1","action":"启动出错","params":"PubShm","operate_result":"错误","failed_reason":"[Errno 2] No such file or directory: '\/xlink_shm_httpub_2.pub'"}
{"user":"x_finder3","timestamp":"2024-09-03T10:39:41.057741","nav_name":"api_owasp_1_1","action":"主函数","params":"异常退出PubShm:[Errno 2] No such file or directory: '\/xlink_shm_httpub_2.pub'","operate_result":"错误","failed_reason":"错误跟踪Traceback (most recent call last):\n  File \"xlink_core.pyx\", line 820, in xlink_core.Main5\n  File \"\/opt\/fbi-base\/lib\/python3.11\/multiprocessing\/shared_memory.py\", line 104, in __init__\n    self._fd = _posixshmem.shm_open(\n               ^^^^^^^^^^^^^^^^^^^^^\nFileNotFoundError: [Errno 2] No such file or directory: '\/xlink_shm_httpub_2.pub'\n\nDuring handling of the above exception, another exception occurred:\n\nTraceback (most recent call last):\n  File \"xlink_core.pyx\", line 1453, in xlink_core.x_start\n  File \"xlink_core.pyx\", line 830, in xlink_core.Main5\nException: PubShm:[Errno 2] No such file or directory: '\/xlink_shm_httpub_2.pub'\n"}
{"user":"x_finder3","timestamp":"2024-09-03T10:39:41.057859","nav_name":"api_owasp_1_1","action":"停止","params":"二阶段开始停止!","operate_result":"信息","failed_reason":""}
{"user":"x_finder3","timestamp":"2024-09-03T10:39:41.057959","nav_name":"api_owasp_1_1","action":"停止","params":"三阶段开始停止!","operate_result":"信息","failed_reason":""}
{"user":"x_finder3","timestamp":"2024-09-03T10:39:41.156218","nav_name":"api_owasp_1_1","action":"停止","params":"数据窗口任务停止完毕!","operate_result":"信息","failed_reason":""}
{"user":"x_finder3","timestamp":"2024-09-03T10:39:41.556327","nav_name":"api_owasp_1_1","action":"停止","params":"系统定时任务st_785s停止完毕!","operate_result":"信息","failed_reason":""}
{"user":"x_finder3","timestamp":"2024-09-03T10:39:46.056441","nav_name":"api_owasp_1_1","action":"监控程序","params":"printf::收到消息退出","operate_result":"信息","failed_reason":""}
{"user":"x_finder3","timestamp":"2024-09-03T10:39:46.057015","nav_name":"api_owasp_1_1","action":"停止","params":"全部停止完毕!","operate_result":"信息","failed_reason":""}
{"user":"x_finder3","timestamp":"2024-09-03T10:40:41.112421","nav_name":"api_owasp_1_1","action":"启动参数","params":"shm_name: httpub,count: 8,","operate_result":"信息","failed_reason":""}
{"user":"x_finder3","timestamp":"2024-09-03T10:40:41.118296","nav_name":"api_owasp_1_1","action":"组件启动","params":"开始验证授权....","operate_result":"信息","failed_reason":""}
{"user":"x_finder3","timestamp":"2024-09-03T10:40:41.118679","nav_name":"api_owasp_1_1","action":"组件启动","params":"授权验证完成!","operate_result":"信息","failed_reason":""}
{"user":"x_finder3","timestamp":"2024-09-03T10:40:41.119357","nav_name":"api_owasp_1_1","action":"组件启动","params":"数据窗口函数-1, 定时任务函数-0","operate_result":"信息","failed_reason":""}
{"user":"x_finder3","timestamp":"2024-09-03T10:40:41.119536","nav_name":"api_owasp_1_1","action":"事件主循环","params":"PubShm 建立中","operate_result":"信息","failed_reason":""}
{"user":"x_finder3","timestamp":"2024-09-03T10:40:41.120263","nav_name":"api_owasp_1_1","action":"启动出错","params":"PubShm","operate_result":"错误","failed_reason":"[Errno 2] No such file or directory: '\/xlink_shm_httpub_2.pub'"}
{"user":"x_finder3","timestamp":"2024-09-03T10:40:41.121049","nav_name":"api_owasp_1_1","action":"主函数","params":"异常退出PubShm:[Errno 2] No such file or directory: '\/xlink_shm_httpub_2.pub'","operate_result":"错误","failed_reason":"错误跟踪Traceback (most recent call last):\n  File \"xlink_core.pyx\", line 820, in xlink_core.Main5\n  File \"\/opt\/fbi-base\/lib\/python3.11\/multiprocessing\/shared_memory.py\", line 104, in __init__\n    self._fd = _posixshmem.shm_open(\n               ^^^^^^^^^^^^^^^^^^^^^\nFileNotFoundError: [Errno 2] No such file or directory: '\/xlink_shm_httpub_2.pub'\n\nDuring handling of the above exception, another exception occurred:\n\nTraceback (most recent call last):\n  File \"xlink_core.pyx\", line 1453, in xlink_core.x_start\n  File \"xlink_core.pyx\", line 830, in xlink_core.Main5\nException: PubShm:[Errno 2] No such file or directory: '\/xlink_shm_httpub_2.pub'\n"}
{"user":"x_finder3","timestamp":"2024-09-03T10:40:41.121171","nav_name":"api_owasp_1_1","action":"停止","params":"二阶段开始停止!","operate_result":"信息","failed_reason":""}
{"user":"x_finder3","timestamp":"2024-09-03T10:40:41.121274","nav_name":"api_owasp_1_1","action":"停止","params":"三阶段开始停止!","operate_result":"信息","failed_reason":""}
{"user":"x_finder3","timestamp":"2024-09-03T10:40:41.219247","nav_name":"api_owasp_1_1","action":"停止","params":"数据窗口任务停止完毕!","operate_result":"信息","failed_reason":""}
{"user":"x_finder3","timestamp":"2024-09-03T10:40:41.619346","nav_name":"api_owasp_1_1","action":"停止","params":"系统定时任务st_785s停止完毕!","operate_result":"信息","failed_reason":""}
{"user":"x_finder3","timestamp":"2024-09-03T10:40:46.119485","nav_name":"api_owasp_1_1","action":"监控程序","params":"printf::收到消息退出","operate_result":"信息","failed_reason":""}
{"user":"x_finder3","timestamp":"2024-09-03T10:40:46.119966","nav_name":"api_owasp_1_1","action":"停止","params":"全部停止完毕!","operate_result":"信息","failed_reason":""}
{"user":"x_finder3","timestamp":"2024-09-03T10:41:41.315421","nav_name":"api_owasp_1_1","action":"启动参数","params":"shm_name: httpub,count: 8,","operate_result":"信息","failed_reason":""}
{"user":"x_finder3","timestamp":"2024-09-03T10:41:41.321861","nav_name":"api_owasp_1_1","action":"组件启动","params":"开始验证授权....","operate_result":"信息","failed_reason":""}
{"user":"x_finder3","timestamp":"2024-09-03T10:41:41.322295","nav_name":"api_owasp_1_1","action":"组件启动","params":"授权验证完成!","operate_result":"信息","failed_reason":""}
{"user":"x_finder3","timestamp":"2024-09-03T10:41:41.323086","nav_name":"api_owasp_1_1","action":"组件启动","params":"数据窗口函数-1, 定时任务函数-0","operate_result":"信息","failed_reason":""}
{"user":"x_finder3","timestamp":"2024-09-03T10:41:41.323269","nav_name":"api_owasp_1_1","action":"事件主循环","params":"PubShm 建立中","operate_result":"信息","failed_reason":""}
{"user":"x_finder3","timestamp":"2024-09-03T10:41:41.324015","nav_name":"api_owasp_1_1","action":"启动出错","params":"PubShm","operate_result":"错误","failed_reason":"[Errno 2] No such file or directory: '\/xlink_shm_httpub_2.pub'"}
{"user":"x_finder3","timestamp":"2024-09-03T10:41:41.324948","nav_name":"api_owasp_1_1","action":"主函数","params":"异常退出PubShm:[Errno 2] No such file or directory: '\/xlink_shm_httpub_2.pub'","operate_result":"错误","failed_reason":"错误跟踪Traceback (most recent call last):\n  File \"xlink_core.pyx\", line 820, in xlink_core.Main5\n  File \"\/opt\/fbi-base\/lib\/python3.11\/multiprocessing\/shared_memory.py\", line 104, in __init__\n    self._fd = _posixshmem.shm_open(\n               ^^^^^^^^^^^^^^^^^^^^^\nFileNotFoundError: [Errno 2] No such file or directory: '\/xlink_shm_httpub_2.pub'\n\nDuring handling of the above exception, another exception occurred:\n\nTraceback (most recent call last):\n  File \"xlink_core.pyx\", line 1453, in xlink_core.x_start\n  File \"xlink_core.pyx\", line 830, in xlink_core.Main5\nException: PubShm:[Errno 2] No such file or directory: '\/xlink_shm_httpub_2.pub'\n"}
{"user":"x_finder3","timestamp":"2024-09-03T10:41:41.325096","nav_name":"api_owasp_1_1","action":"停止","params":"二阶段开始停止!","operate_result":"信息","failed_reason":""}
{"user":"x_finder3","timestamp":"2024-09-03T10:41:41.325204","nav_name":"api_owasp_1_1","action":"停止","params":"三阶段开始停止!","operate_result":"信息","failed_reason":""}
{"user":"x_finder3","timestamp":"2024-09-03T10:41:41.422947","nav_name":"api_owasp_1_1","action":"停止","params":"数据窗口任务停止完毕!","operate_result":"信息","failed_reason":""}
{"user":"x_finder3","timestamp":"2024-09-03T10:41:41.823064","nav_name":"api_owasp_1_1","action":"停止","params":"系统定时任务st_785s停止完毕!","operate_result":"信息","failed_reason":""}
{"user":"x_finder3","timestamp":"2024-09-03T10:41:46.323195","nav_name":"api_owasp_1_1","action":"监控程序","params":"printf::收到消息退出","operate_result":"信息","failed_reason":""}
{"user":"x_finder3","timestamp":"2024-09-03T10:41:46.323752","nav_name":"api_owasp_1_1","action":"停止","params":"全部停止完毕!","operate_result":"信息","failed_reason":""}
{"user":"x_finder3","timestamp":"2024-09-03T10:42:41.357718","nav_name":"api_owasp_1_1","action":"启动参数","params":"shm_name: httpub,count: 8,","operate_result":"信息","failed_reason":""}
{"user":"x_finder3","timestamp":"2024-09-03T10:42:41.363339","nav_name":"api_owasp_1_1","action":"组件启动","params":"开始验证授权....","operate_result":"信息","failed_reason":""}
{"user":"x_finder3","timestamp":"2024-09-03T10:42:41.363882","nav_name":"api_owasp_1_1","action":"组件启动","params":"授权验证完成!","operate_result":"信息","failed_reason":""}
{"user":"x_finder3","timestamp":"2024-09-03T10:42:41.364614","nav_name":"api_owasp_1_1","action":"组件启动","params":"数据窗口函数-1, 定时任务函数-0","operate_result":"信息","failed_reason":""}
{"user":"x_finder3","timestamp":"2024-09-03T10:42:41.364798","nav_name":"api_owasp_1_1","action":"事件主循环","params":"PubShm 建立中","operate_result":"信息","failed_reason":""}
{"user":"x_finder3","timestamp":"2024-09-03T10:42:41.365503","nav_name":"api_owasp_1_1","action":"启动出错","params":"PubShm","operate_result":"错误","failed_reason":"[Errno 2] No such file or directory: '\/xlink_shm_httpub_2.pub'"}
{"user":"x_finder3","timestamp":"2024-09-03T10:42:41.366368","nav_name":"api_owasp_1_1","action":"主函数","params":"异常退出PubShm:[Errno 2] No such file or directory: '\/xlink_shm_httpub_2.pub'","operate_result":"错误","failed_reason":"错误跟踪Traceback (most recent call last):\n  File \"xlink_core.pyx\", line 820, in xlink_core.Main5\n  File \"\/opt\/fbi-base\/lib\/python3.11\/multiprocessing\/shared_memory.py\", line 104, in __init__\n    self._fd = _posixshmem.shm_open(\n               ^^^^^^^^^^^^^^^^^^^^^\nFileNotFoundError: [Errno 2] No such file or directory: '\/xlink_shm_httpub_2.pub'\n\nDuring handling of the above exception, another exception occurred:\n\nTraceback (most recent call last):\n  File \"xlink_core.pyx\", line 1453, in xlink_core.x_start\n  File \"xlink_core.pyx\", line 830, in xlink_core.Main5\nException: PubShm:[Errno 2] No such file or directory: '\/xlink_shm_httpub_2.pub'\n"}
{"user":"x_finder3","timestamp":"2024-09-03T10:42:41.366498","nav_name":"api_owasp_1_1","action":"停止","params":"二阶段开始停止!","operate_result":"信息","failed_reason":""}
{"user":"x_finder3","timestamp":"2024-09-03T10:42:41.366602","nav_name":"api_owasp_1_1","action":"停止","params":"三阶段开始停止!","operate_result":"信息","failed_reason":""}
{"user":"x_finder3","timestamp":"2024-09-03T10:42:41.464511","nav_name":"api_owasp_1_1","action":"停止","params":"数据窗口任务停止完毕!","operate_result":"信息","failed_reason":""}
{"user":"x_finder3","timestamp":"2024-09-03T10:42:41.864623","nav_name":"api_owasp_1_1","action":"停止","params":"系统定时任务st_785s停止完毕!","operate_result":"信息","failed_reason":""}
{"user":"x_finder3","timestamp":"2024-09-03T10:42:46.364745","nav_name":"api_owasp_1_1","action":"监控程序","params":"printf::收到消息退出","operate_result":"信息","failed_reason":""}
{"user":"x_finder3","timestamp":"2024-09-03T10:42:46.365246","nav_name":"api_owasp_1_1","action":"停止","params":"全部停止完毕!","operate_result":"信息","failed_reason":""}
{"user":"x_finder3","timestamp":"2024-09-03T10:43:41.855357","nav_name":"api_owasp_1_1","action":"启动参数","params":"shm_name: httpub,count: 8,","operate_result":"信息","failed_reason":""}
{"user":"x_finder3","timestamp":"2024-09-03T10:43:41.861235","nav_name":"api_owasp_1_1","action":"组件启动","params":"开始验证授权....","operate_result":"信息","failed_reason":""}
{"user":"x_finder3","timestamp":"2024-09-03T10:43:41.861615","nav_name":"api_owasp_1_1","action":"组件启动","params":"授权验证完成!","operate_result":"信息","failed_reason":""}
{"user":"x_finder3","timestamp":"2024-09-03T10:43:41.862303","nav_name":"api_owasp_1_1","action":"组件启动","params":"数据窗口函数-1, 定时任务函数-0","operate_result":"信息","failed_reason":""}
{"user":"x_finder3","timestamp":"2024-09-03T10:43:41.862460","nav_name":"api_owasp_1_1","action":"事件主循环","params":"PubShm 建立中","operate_result":"信息","failed_reason":""}
{"user":"x_finder3","timestamp":"2024-09-03T10:43:41.863158","nav_name":"api_owasp_1_1","action":"启动出错","params":"PubShm","operate_result":"错误","failed_reason":"[Errno 2] No such file or directory: '\/xlink_shm_httpub_2.pub'"}
{"user":"x_finder3","timestamp":"2024-09-03T10:43:41.863926","nav_name":"api_owasp_1_1","action":"主函数","params":"异常退出PubShm:[Errno 2] No such file or directory: '\/xlink_shm_httpub_2.pub'","operate_result":"错误","failed_reason":"错误跟踪Traceback (most recent call last):\n  File \"xlink_core.pyx\", line 820, in xlink_core.Main5\n  File \"\/opt\/fbi-base\/lib\/python3.11\/multiprocessing\/shared_memory.py\", line 104, in __init__\n    self._fd = _posixshmem.shm_open(\n               ^^^^^^^^^^^^^^^^^^^^^\nFileNotFoundError: [Errno 2] No such file or directory: '\/xlink_shm_httpub_2.pub'\n\nDuring handling of the above exception, another exception occurred:\n\nTraceback (most recent call last):\n  File \"xlink_core.pyx\", line 1453, in xlink_core.x_start\n  File \"xlink_core.pyx\", line 830, in xlink_core.Main5\nException: PubShm:[Errno 2] No such file or directory: '\/xlink_shm_httpub_2.pub'\n"}
{"user":"x_finder3","timestamp":"2024-09-03T10:43:41.864058","nav_name":"api_owasp_1_1","action":"停止","params":"二阶段开始停止!","operate_result":"信息","failed_reason":""}
{"user":"x_finder3","timestamp":"2024-09-03T10:43:41.864170","nav_name":"api_owasp_1_1","action":"停止","params":"三阶段开始停止!","operate_result":"信息","failed_reason":""}
{"user":"x_finder3","timestamp":"2024-09-03T10:43:41.962202","nav_name":"api_owasp_1_1","action":"停止","params":"数据窗口任务停止完毕!","operate_result":"信息","failed_reason":""}
{"user":"x_finder3","timestamp":"2024-09-03T10:43:42.362337","nav_name":"api_owasp_1_1","action":"停止","params":"系统定时任务st_785s停止完毕!","operate_result":"信息","failed_reason":""}
{"user":"x_finder3","timestamp":"2024-09-03T10:43:46.862433","nav_name":"api_owasp_1_1","action":"监控程序","params":"printf::收到消息退出","operate_result":"信息","failed_reason":""}
{"user":"x_finder3","timestamp":"2024-09-03T10:43:46.863060","nav_name":"api_owasp_1_1","action":"停止","params":"全部停止完毕!","operate_result":"信息","failed_reason":""}
{"user":"x_finder3","timestamp":"2024-09-03T10:44:41.867473","nav_name":"api_owasp_1_1","action":"启动参数","params":"shm_name: httpub,count: 8,","operate_result":"信息","failed_reason":""}
{"user":"x_finder3","timestamp":"2024-09-03T10:44:41.872666","nav_name":"api_owasp_1_1","action":"组件启动","params":"开始验证授权....","operate_result":"信息","failed_reason":""}
{"user":"x_finder3","timestamp":"2024-09-03T10:44:41.873032","nav_name":"api_owasp_1_1","action":"组件启动","params":"授权验证完成!","operate_result":"信息","failed_reason":""}
{"user":"x_finder3","timestamp":"2024-09-03T10:44:41.873599","nav_name":"api_owasp_1_1","action":"组件启动","params":"数据窗口函数-1, 定时任务函数-0","operate_result":"信息","failed_reason":""}
{"user":"x_finder3","timestamp":"2024-09-03T10:44:41.873742","nav_name":"api_owasp_1_1","action":"事件主循环","params":"PubShm 建立中","operate_result":"信息","failed_reason":""}
{"user":"x_finder3","timestamp":"2024-09-03T10:44:41.874330","nav_name":"api_owasp_1_1","action":"启动出错","params":"PubShm","operate_result":"错误","failed_reason":"[Errno 2] No such file or directory: '\/xlink_shm_httpub_2.pub'"}
{"user":"x_finder3","timestamp":"2024-09-03T10:44:41.875008","nav_name":"api_owasp_1_1","action":"主函数","params":"异常退出PubShm:[Errno 2] No such file or directory: '\/xlink_shm_httpub_2.pub'","operate_result":"错误","failed_reason":"错误跟踪Traceback (most recent call last):\n  File \"xlink_core.pyx\", line 820, in xlink_core.Main5\n  File \"\/opt\/fbi-base\/lib\/python3.11\/multiprocessing\/shared_memory.py\", line 104, in __init__\n    self._fd = _posixshmem.shm_open(\n               ^^^^^^^^^^^^^^^^^^^^^\nFileNotFoundError: [Errno 2] No such file or directory: '\/xlink_shm_httpub_2.pub'\n\nDuring handling of the above exception, another exception occurred:\n\nTraceback (most recent call last):\n  File \"xlink_core.pyx\", line 1453, in xlink_core.x_start\n  File \"xlink_core.pyx\", line 830, in xlink_core.Main5\nException: PubShm:[Errno 2] No such file or directory: '\/xlink_shm_httpub_2.pub'\n"}
{"user":"x_finder3","timestamp":"2024-09-03T10:44:41.875121","nav_name":"api_owasp_1_1","action":"停止","params":"二阶段开始停止!","operate_result":"信息","failed_reason":""}
{"user":"x_finder3","timestamp":"2024-09-03T10:44:41.875221","nav_name":"api_owasp_1_1","action":"停止","params":"三阶段开始停止!","operate_result":"信息","failed_reason":""}
{"user":"x_finder3","timestamp":"2024-09-03T10:44:41.973520","nav_name":"api_owasp_1_1","action":"停止","params":"数据窗口任务停止完毕!","operate_result":"信息","failed_reason":""}
{"user":"x_finder3","timestamp":"2024-09-03T10:44:42.373608","nav_name":"api_owasp_1_1","action":"停止","params":"系统定时任务st_785s停止完毕!","operate_result":"信息","failed_reason":""}
{"user":"x_finder3","timestamp":"2024-09-03T10:44:46.873727","nav_name":"api_owasp_1_1","action":"监控程序","params":"printf::收到消息退出","operate_result":"信息","failed_reason":""}
{"user":"x_finder3","timestamp":"2024-09-03T10:44:46.874297","nav_name":"api_owasp_1_1","action":"停止","params":"全部停止完毕!","operate_result":"信息","failed_reason":""}
{"user":"x_finder3","timestamp":"2024-09-03T10:45:42.224430","nav_name":"api_owasp_1_1","action":"启动参数","params":"shm_name: httpub,count: 8,","operate_result":"信息","failed_reason":""}
{"user":"x_finder3","timestamp":"2024-09-03T10:45:42.229899","nav_name":"api_owasp_1_1","action":"组件启动","params":"开始验证授权....","operate_result":"信息","failed_reason":""}
{"user":"x_finder3","timestamp":"2024-09-03T10:45:42.230278","nav_name":"api_owasp_1_1","action":"组件启动","params":"授权验证完成!","operate_result":"信息","failed_reason":""}
{"user":"x_finder3","timestamp":"2024-09-03T10:45:42.230845","nav_name":"api_owasp_1_1","action":"组件启动","params":"数据窗口函数-1, 定时任务函数-0","operate_result":"信息","failed_reason":""}
{"user":"x_finder3","timestamp":"2024-09-03T10:45:42.230986","nav_name":"api_owasp_1_1","action":"事件主循环","params":"PubShm 建立中","operate_result":"信息","failed_reason":""}
{"user":"x_finder3","timestamp":"2024-09-03T10:45:42.231553","nav_name":"api_owasp_1_1","action":"启动出错","params":"PubShm","operate_result":"错误","failed_reason":"[Errno 2] No such file or directory: '\/xlink_shm_httpub_2.pub'"}
{"user":"x_finder3","timestamp":"2024-09-03T10:45:42.232270","nav_name":"api_owasp_1_1","action":"主函数","params":"异常退出PubShm:[Errno 2] No such file or directory: '\/xlink_shm_httpub_2.pub'","operate_result":"错误","failed_reason":"错误跟踪Traceback (most recent call last):\n  File \"xlink_core.pyx\", line 820, in xlink_core.Main5\n  File \"\/opt\/fbi-base\/lib\/python3.11\/multiprocessing\/shared_memory.py\", line 104, in __init__\n    self._fd = _posixshmem.shm_open(\n               ^^^^^^^^^^^^^^^^^^^^^\nFileNotFoundError: [Errno 2] No such file or directory: '\/xlink_shm_httpub_2.pub'\n\nDuring handling of the above exception, another exception occurred:\n\nTraceback (most recent call last):\n  File \"xlink_core.pyx\", line 1453, in xlink_core.x_start\n  File \"xlink_core.pyx\", line 830, in xlink_core.Main5\nException: PubShm:[Errno 2] No such file or directory: '\/xlink_shm_httpub_2.pub'\n"}
{"user":"x_finder3","timestamp":"2024-09-03T10:45:42.232386","nav_name":"api_owasp_1_1","action":"停止","params":"二阶段开始停止!","operate_result":"信息","failed_reason":""}
{"user":"x_finder3","timestamp":"2024-09-03T10:45:42.232489","nav_name":"api_owasp_1_1","action":"停止","params":"三阶段开始停止!","operate_result":"信息","failed_reason":""}
{"user":"x_finder3","timestamp":"2024-09-03T10:45:42.330763","nav_name":"api_owasp_1_1","action":"停止","params":"数据窗口任务停止完毕!","operate_result":"信息","failed_reason":""}
{"user":"x_finder3","timestamp":"2024-09-03T10:45:42.730883","nav_name":"api_owasp_1_1","action":"停止","params":"系统定时任务st_785s停止完毕!","operate_result":"信息","failed_reason":""}
{"user":"x_finder3","timestamp":"2024-09-03T10:45:47.230969","nav_name":"api_owasp_1_1","action":"监控程序","params":"printf::收到消息退出","operate_result":"信息","failed_reason":""}
{"user":"x_finder3","timestamp":"2024-09-03T10:45:47.231489","nav_name":"api_owasp_1_1","action":"停止","params":"全部停止完毕!","operate_result":"信息","failed_reason":""}
{"user":"x_finder3","timestamp":"2024-09-03T10:46:42.142259","nav_name":"api_owasp_1_1","action":"启动参数","params":"shm_name: httpub,count: 8,","operate_result":"信息","failed_reason":""}
{"user":"x_finder3","timestamp":"2024-09-03T10:46:42.148940","nav_name":"api_owasp_1_1","action":"组件启动","params":"开始验证授权....","operate_result":"信息","failed_reason":""}
{"user":"x_finder3","timestamp":"2024-09-03T10:46:42.149343","nav_name":"api_owasp_1_1","action":"组件启动","params":"授权验证完成!","operate_result":"信息","failed_reason":""}
{"user":"x_finder3","timestamp":"2024-09-03T10:46:42.150018","nav_name":"api_owasp_1_1","action":"组件启动","params":"数据窗口函数-1, 定时任务函数-0","operate_result":"信息","failed_reason":""}
{"user":"x_finder3","timestamp":"2024-09-03T10:46:42.150194","nav_name":"api_owasp_1_1","action":"事件主循环","params":"PubShm 建立中","operate_result":"信息","failed_reason":""}
{"user":"x_finder3","timestamp":"2024-09-03T10:46:42.150924","nav_name":"api_owasp_1_1","action":"启动出错","params":"PubShm","operate_result":"错误","failed_reason":"[Errno 2] No such file or directory: '\/xlink_shm_httpub_2.pub'"}
{"user":"x_finder3","timestamp":"2024-09-03T10:46:42.151679","nav_name":"api_owasp_1_1","action":"主函数","params":"异常退出PubShm:[Errno 2] No such file or directory: '\/xlink_shm_httpub_2.pub'","operate_result":"错误","failed_reason":"错误跟踪Traceback (most recent call last):\n  File \"xlink_core.pyx\", line 820, in xlink_core.Main5\n  File \"\/opt\/fbi-base\/lib\/python3.11\/multiprocessing\/shared_memory.py\", line 104, in __init__\n    self._fd = _posixshmem.shm_open(\n               ^^^^^^^^^^^^^^^^^^^^^\nFileNotFoundError: [Errno 2] No such file or directory: '\/xlink_shm_httpub_2.pub'\n\nDuring handling of the above exception, another exception occurred:\n\nTraceback (most recent call last):\n  File \"xlink_core.pyx\", line 1453, in xlink_core.x_start\n  File \"xlink_core.pyx\", line 830, in xlink_core.Main5\nException: PubShm:[Errno 2] No such file or directory: '\/xlink_shm_httpub_2.pub'\n"}
{"user":"x_finder3","timestamp":"2024-09-03T10:46:42.151795","nav_name":"api_owasp_1_1","action":"停止","params":"二阶段开始停止!","operate_result":"信息","failed_reason":""}
{"user":"x_finder3","timestamp":"2024-09-03T10:46:42.151897","nav_name":"api_owasp_1_1","action":"停止","params":"三阶段开始停止!","operate_result":"信息","failed_reason":""}
{"user":"x_finder3","timestamp":"2024-09-03T10:46:42.249932","nav_name":"api_owasp_1_1","action":"停止","params":"数据窗口任务停止完毕!","operate_result":"信息","failed_reason":""}
{"user":"x_finder3","timestamp":"2024-09-03T10:46:42.650049","nav_name":"api_owasp_1_1","action":"停止","params":"系统定时任务st_785s停止完毕!","operate_result":"信息","failed_reason":""}
{"user":"x_finder3","timestamp":"2024-09-03T10:46:47.150145","nav_name":"api_owasp_1_1","action":"监控程序","params":"printf::收到消息退出","operate_result":"信息","failed_reason":""}
{"user":"x_finder3","timestamp":"2024-09-03T10:46:47.150692","nav_name":"api_owasp_1_1","action":"停止","params":"全部停止完毕!","operate_result":"信息","failed_reason":""}
{"user":"x_finder3","timestamp":"2024-09-03T10:47:42.818093","nav_name":"api_owasp_1_1","action":"启动参数","params":"shm_name: httpub,count: 8,","operate_result":"信息","failed_reason":""}
{"user":"x_finder3","timestamp":"2024-09-03T10:47:42.822932","nav_name":"api_owasp_1_1","action":"组件启动","params":"开始验证授权....","operate_result":"信息","failed_reason":""}
{"user":"x_finder3","timestamp":"2024-09-03T10:47:42.823284","nav_name":"api_owasp_1_1","action":"组件启动","params":"授权验证完成!","operate_result":"信息","failed_reason":""}
{"user":"x_finder3","timestamp":"2024-09-03T10:47:42.823912","nav_name":"api_owasp_1_1","action":"组件启动","params":"数据窗口函数-1, 定时任务函数-0","operate_result":"信息","failed_reason":""}
{"user":"x_finder3","timestamp":"2024-09-03T10:47:42.824056","nav_name":"api_owasp_1_1","action":"事件主循环","params":"PubShm 建立中","operate_result":"信息","failed_reason":""}
{"user":"x_finder3","timestamp":"2024-09-03T10:47:42.824599","nav_name":"api_owasp_1_1","action":"启动出错","params":"PubShm","operate_result":"错误","failed_reason":"[Errno 2] No such file or directory: '\/xlink_shm_httpub_2.pub'"}
{"user":"x_finder3","timestamp":"2024-09-03T10:47:42.825292","nav_name":"api_owasp_1_1","action":"主函数","params":"异常退出PubShm:[Errno 2] No such file or directory: '\/xlink_shm_httpub_2.pub'","operate_result":"错误","failed_reason":"错误跟踪Traceback (most recent call last):\n  File \"xlink_core.pyx\", line 820, in xlink_core.Main5\n  File \"\/opt\/fbi-base\/lib\/python3.11\/multiprocessing\/shared_memory.py\", line 104, in __init__\n    self._fd = _posixshmem.shm_open(\n               ^^^^^^^^^^^^^^^^^^^^^\nFileNotFoundError: [Errno 2] No such file or directory: '\/xlink_shm_httpub_2.pub'\n\nDuring handling of the above exception, another exception occurred:\n\nTraceback (most recent call last):\n  File \"xlink_core.pyx\", line 1453, in xlink_core.x_start\n  File \"xlink_core.pyx\", line 830, in xlink_core.Main5\nException: PubShm:[Errno 2] No such file or directory: '\/xlink_shm_httpub_2.pub'\n"}
{"user":"x_finder3","timestamp":"2024-09-03T10:47:42.825403","nav_name":"api_owasp_1_1","action":"停止","params":"二阶段开始停止!","operate_result":"信息","failed_reason":""}
{"user":"x_finder3","timestamp":"2024-09-03T10:47:42.825501","nav_name":"api_owasp_1_1","action":"停止","params":"三阶段开始停止!","operate_result":"信息","failed_reason":""}
{"user":"x_finder3","timestamp":"2024-09-03T10:47:42.923779","nav_name":"api_owasp_1_1","action":"停止","params":"数据窗口任务停止完毕!","operate_result":"信息","failed_reason":""}
{"user":"x_finder3","timestamp":"2024-09-03T10:47:43.323906","nav_name":"api_owasp_1_1","action":"停止","params":"系统定时任务st_785s停止完毕!","operate_result":"信息","failed_reason":""}
{"user":"x_finder3","timestamp":"2024-09-03T10:47:47.824034","nav_name":"api_owasp_1_1","action":"监控程序","params":"printf::收到消息退出","operate_result":"信息","failed_reason":""}
{"user":"x_finder3","timestamp":"2024-09-03T10:47:47.824530","nav_name":"api_owasp_1_1","action":"停止","params":"全部停止完毕!","operate_result":"信息","failed_reason":""}
