{"user":"x_finder3","timestamp":"2024-06-21T10:57:35.465077","nav_name":"dns","action":"组件启动","params":"数据窗口函数-0, 定时任务函数-0","operate_result":"信息","failed_reason":""}
{"user":"x_finder3","timestamp":"2024-06-21T10:57:35.465572","nav_name":"dns","action":"事件主循环","params":"Unix_UDP 建立中","operate_result":"信息","failed_reason":""}
{"user":"x_finder3","timestamp":"2024-06-21T10:57:35.465736","nav_name":"dns","action":"启动完成","params":"Unix_UDP 准备完毕,开始接收消息!","operate_result":"信息","failed_reason":""}
{"user":"x_finder3","timestamp":"2024-06-21T10:59:49.778450","nav_name":"dns","action":"启动参数","params":"unix_udp: \/tmp\/dns_proto,","operate_result":"信息","failed_reason":""}
{"user":"x_finder3","timestamp":"2024-06-21T10:59:49.797354","nav_name":"dns","action":"组件启动","params":"开始验证授权....","operate_result":"信息","failed_reason":""}
{"user":"x_finder3","timestamp":"2024-06-21T10:59:49.797805","nav_name":"dns","action":"组件启动","params":"授权验证完成!","operate_result":"信息","failed_reason":""}
{"user":"x_finder3","timestamp":"2024-06-21T10:59:49.798764","nav_name":"dns","action":"组件启动","params":"数据窗口函数-0, 定时任务函数-0","operate_result":"信息","failed_reason":""}
{"user":"x_finder3","timestamp":"2024-06-21T10:59:49.798969","nav_name":"dns","action":"事件主循环","params":"Unix_UDP 建立中","operate_result":"信息","failed_reason":""}
{"user":"x_finder3","timestamp":"2024-06-21T10:59:49.799147","nav_name":"dns","action":"启动完成","params":"Unix_UDP 准备完毕,开始接收消息!","operate_result":"信息","failed_reason":""}
{"user":"x_finder3","timestamp":"2024-06-21T11:08:42.739677","nav_name":"dns","action":"启动参数","params":"unix_udp: \/tmp\/dns_proto,","operate_result":"信息","failed_reason":""}
{"user":"x_finder3","timestamp":"2024-06-21T11:08:42.756375","nav_name":"dns","action":"组件启动","params":"开始验证授权....","operate_result":"信息","failed_reason":""}
{"user":"x_finder3","timestamp":"2024-06-21T11:08:42.756772","nav_name":"dns","action":"组件启动","params":"授权验证完成!","operate_result":"信息","failed_reason":""}
{"user":"x_finder3","timestamp":"2024-06-21T11:08:42.757662","nav_name":"dns","action":"组件启动","params":"数据窗口函数-0, 定时任务函数-0","operate_result":"信息","failed_reason":""}
{"user":"x_finder3","timestamp":"2024-06-21T11:08:42.757860","nav_name":"dns","action":"事件主循环","params":"Unix_UDP 建立中","operate_result":"信息","failed_reason":""}
{"user":"x_finder3","timestamp":"2024-06-21T11:08:42.758033","nav_name":"dns","action":"启动完成","params":"Unix_UDP 准备完毕,开始接收消息!","operate_result":"信息","failed_reason":""}
{"user":"x_finder3","timestamp":"2024-06-21T11:09:47.436845","nav_name":"dns","action":"启动参数","params":"unix_udp: \/tmp\/dns_proto,","operate_result":"信息","failed_reason":""}
{"user":"x_finder3","timestamp":"2024-06-21T11:09:47.466457","nav_name":"dns","action":"组件启动","params":"开始验证授权....","operate_result":"信息","failed_reason":""}
{"user":"x_finder3","timestamp":"2024-06-21T11:09:47.466815","nav_name":"dns","action":"组件启动","params":"授权验证完成!","operate_result":"信息","failed_reason":""}
{"user":"x_finder3","timestamp":"2024-06-21T11:09:47.467358","nav_name":"dns","action":"组件启动","params":"数据窗口函数-0, 定时任务函数-0","operate_result":"信息","failed_reason":""}
{"user":"x_finder3","timestamp":"2024-06-21T11:09:47.467492","nav_name":"dns","action":"事件主循环","params":"Unix_UDP 建立中","operate_result":"信息","failed_reason":""}
{"user":"x_finder3","timestamp":"2024-06-21T11:09:47.467634","nav_name":"dns","action":"启动完成","params":"Unix_UDP 准备完毕,开始接收消息!","operate_result":"信息","failed_reason":""}
{"user":"x_finder3","timestamp":"2024-06-21T11:16:21.662705","nav_name":"dns","action":"启动参数","params":"unix_udp: \/tmp\/dns_proto,","operate_result":"信息","failed_reason":""}
{"user":"x_finder3","timestamp":"2024-06-21T11:16:21.668867","nav_name":"dns","action":"组件启动","params":"开始验证授权....","operate_result":"信息","failed_reason":""}
{"user":"x_finder3","timestamp":"2024-06-21T11:16:21.669247","nav_name":"dns","action":"组件启动","params":"授权验证完成!","operate_result":"信息","failed_reason":""}
{"user":"x_finder3","timestamp":"2024-06-21T11:16:21.670083","nav_name":"dns","action":"组件启动","params":"数据窗口函数-0, 定时任务函数-0","operate_result":"信息","failed_reason":""}
{"user":"x_finder3","timestamp":"2024-06-21T11:16:21.670256","nav_name":"dns","action":"事件主循环","params":"Unix_UDP 建立中","operate_result":"信息","failed_reason":""}
{"user":"x_finder3","timestamp":"2024-06-21T11:16:21.670424","nav_name":"dns","action":"启动完成","params":"Unix_UDP 准备完毕,开始接收消息!","operate_result":"信息","failed_reason":""}
{"user":"x_finder3","timestamp":"2024-06-21T11:43:19.636039","nav_name":"dns","action":"启动参数","params":"unix_udp: \/tmp\/dns_proto,","operate_result":"信息","failed_reason":""}
{"user":"x_finder3","timestamp":"2024-06-21T11:43:19.657336","nav_name":"dns","action":"组件启动","params":"开始验证授权....","operate_result":"信息","failed_reason":""}
{"user":"x_finder3","timestamp":"2024-06-21T11:43:19.657725","nav_name":"dns","action":"组件启动","params":"授权验证完成!","operate_result":"信息","failed_reason":""}
{"user":"x_finder3","timestamp":"2024-06-21T11:43:19.658575","nav_name":"dns","action":"组件启动","params":"数据窗口函数-0, 定时任务函数-0","operate_result":"信息","failed_reason":""}
{"user":"x_finder3","timestamp":"2024-06-21T11:43:19.658723","nav_name":"dns","action":"事件主循环","params":"Unix_UDP 建立中","operate_result":"信息","failed_reason":""}
{"user":"x_finder3","timestamp":"2024-06-21T11:43:19.658859","nav_name":"dns","action":"启动完成","params":"Unix_UDP 准备完毕,开始接收消息!","operate_result":"信息","failed_reason":""}
{"user":"x_finder3","timestamp":"2024-06-21T14:23:17.458388","nav_name":"dns","action":"启动参数","params":"unix_udp: \/tmp\/dns_proto,","operate_result":"信息","failed_reason":""}
{"user":"x_finder3","timestamp":"2024-06-21T14:23:17.475482","nav_name":"dns","action":"组件启动","params":"开始验证授权....","operate_result":"信息","failed_reason":""}
{"user":"x_finder3","timestamp":"2024-06-21T14:23:17.475903","nav_name":"dns","action":"组件启动","params":"授权验证完成!","operate_result":"信息","failed_reason":""}
{"user":"x_finder3","timestamp":"2024-06-21T14:23:17.476513","nav_name":"dns","action":"组件启动","params":"数据窗口函数-0, 定时任务函数-0","operate_result":"信息","failed_reason":""}
{"user":"x_finder3","timestamp":"2024-06-21T14:23:17.476671","nav_name":"dns","action":"事件主循环","params":"Unix_UDP 建立中","operate_result":"信息","failed_reason":""}
{"user":"x_finder3","timestamp":"2024-06-21T14:23:17.476839","nav_name":"dns","action":"启动完成","params":"Unix_UDP 准备完毕,开始接收消息!","operate_result":"信息","failed_reason":""}
{"user":"x_finder3","timestamp":"2024-06-21T14:24:56.340928","nav_name":"dns","action":"启动参数","params":"unix_udp: \/tmp\/dns_proto,","operate_result":"信息","failed_reason":""}
{"user":"x_finder3","timestamp":"2024-06-21T14:24:56.366656","nav_name":"dns","action":"组件启动","params":"开始验证授权....","operate_result":"信息","failed_reason":""}
{"user":"x_finder3","timestamp":"2024-06-21T14:24:56.367716","nav_name":"dns","action":"组件启动","params":"授权验证完成!","operate_result":"信息","failed_reason":""}
{"user":"x_finder3","timestamp":"2024-06-21T14:24:56.369004","nav_name":"dns","action":"组件启动","params":"数据窗口函数-0, 定时任务函数-0","operate_result":"信息","failed_reason":""}
{"user":"x_finder3","timestamp":"2024-06-21T14:24:56.369225","nav_name":"dns","action":"事件主循环","params":"Unix_UDP 建立中","operate_result":"信息","failed_reason":""}
{"user":"x_finder3","timestamp":"2024-06-21T14:24:56.369495","nav_name":"dns","action":"启动完成","params":"Unix_UDP 准备完毕,开始接收消息!","operate_result":"信息","failed_reason":""}
{"user":"x_finder3","timestamp":"2024-06-21T14:31:42.662587","nav_name":"dns","action":"启动参数","params":"unix_udp: \/tmp\/dns_proto,","operate_result":"信息","failed_reason":""}
{"user":"x_finder3","timestamp":"2024-06-21T14:31:42.677242","nav_name":"dns","action":"组件启动","params":"开始验证授权....","operate_result":"信息","failed_reason":""}
{"user":"x_finder3","timestamp":"2024-06-21T14:31:42.677639","nav_name":"dns","action":"组件启动","params":"授权验证完成!","operate_result":"信息","failed_reason":""}
{"user":"x_finder3","timestamp":"2024-06-21T14:31:42.678279","nav_name":"dns","action":"组件启动","params":"数据窗口函数-0, 定时任务函数-0","operate_result":"信息","failed_reason":""}
{"user":"x_finder3","timestamp":"2024-06-21T14:31:42.678413","nav_name":"dns","action":"事件主循环","params":"Unix_UDP 建立中","operate_result":"信息","failed_reason":""}
{"user":"x_finder3","timestamp":"2024-06-21T14:31:42.678539","nav_name":"dns","action":"启动完成","params":"Unix_UDP 准备完毕,开始接收消息!","operate_result":"信息","failed_reason":""}
{"user":"x_finder3","timestamp":"2024-06-21T14:48:07.065442","nav_name":"dns","action":"启动参数","params":"unix_udp: \/tmp\/dns_proto,","operate_result":"信息","failed_reason":""}
{"user":"x_finder3","timestamp":"2024-06-21T14:48:07.087443","nav_name":"dns","action":"组件启动","params":"开始验证授权....","operate_result":"信息","failed_reason":""}
{"user":"x_finder3","timestamp":"2024-06-21T14:48:07.087883","nav_name":"dns","action":"组件启动","params":"授权验证完成!","operate_result":"信息","failed_reason":""}
{"user":"x_finder3","timestamp":"2024-06-21T14:48:07.088788","nav_name":"dns","action":"组件启动","params":"数据窗口函数-0, 定时任务函数-0","operate_result":"信息","failed_reason":""}
{"user":"x_finder3","timestamp":"2024-06-21T14:48:07.088960","nav_name":"dns","action":"事件主循环","params":"Unix_UDP 建立中","operate_result":"信息","failed_reason":""}
{"user":"x_finder3","timestamp":"2024-06-21T14:48:07.089140","nav_name":"dns","action":"启动完成","params":"Unix_UDP 准备完毕,开始接收消息!","operate_result":"信息","failed_reason":""}
{"user":"x_finder3","timestamp":"2024-06-21T14:49:56.729721","nav_name":"dns","action":"启动参数","params":"unix_udp: \/tmp\/dns_proto,","operate_result":"信息","failed_reason":""}
{"user":"x_finder3","timestamp":"2024-06-21T14:49:56.768268","nav_name":"dns","action":"组件启动","params":"开始验证授权....","operate_result":"信息","failed_reason":""}
{"user":"x_finder3","timestamp":"2024-06-21T14:49:56.768646","nav_name":"dns","action":"组件启动","params":"授权验证完成!","operate_result":"信息","failed_reason":""}
{"user":"x_finder3","timestamp":"2024-06-21T14:49:56.769582","nav_name":"dns","action":"组件启动","params":"数据窗口函数-0, 定时任务函数-0","operate_result":"信息","failed_reason":""}
{"user":"x_finder3","timestamp":"2024-06-21T14:49:56.769787","nav_name":"dns","action":"事件主循环","params":"Unix_UDP 建立中","operate_result":"信息","failed_reason":""}
{"user":"x_finder3","timestamp":"2024-06-21T14:49:56.769966","nav_name":"dns","action":"启动完成","params":"Unix_UDP 准备完毕,开始接收消息!","operate_result":"信息","failed_reason":""}
{"user":"x_finder3","timestamp":"2024-06-21T15:38:14.155513","nav_name":"dns","action":"启动参数","params":"unix_udp: \/tmp\/dns_proto,","operate_result":"信息","failed_reason":""}
{"user":"x_finder3","timestamp":"2024-06-21T15:38:14.208175","nav_name":"dns","action":"组件启动","params":"开始验证授权....","operate_result":"信息","failed_reason":""}
{"user":"x_finder3","timestamp":"2024-06-21T15:38:14.208600","nav_name":"dns","action":"组件启动","params":"授权验证完成!","operate_result":"信息","failed_reason":""}
{"user":"x_finder3","timestamp":"2024-06-21T15:38:14.209484","nav_name":"dns","action":"组件启动","params":"数据窗口函数-0, 定时任务函数-0","operate_result":"信息","failed_reason":""}
{"user":"x_finder3","timestamp":"2024-06-21T15:38:14.209644","nav_name":"dns","action":"事件主循环","params":"Unix_UDP 建立中","operate_result":"信息","failed_reason":""}
{"user":"x_finder3","timestamp":"2024-06-21T15:38:14.209800","nav_name":"dns","action":"启动完成","params":"Unix_UDP 准备完毕,开始接收消息!","operate_result":"信息","failed_reason":""}
{"user":"x_finder3","timestamp":"2024-06-21T16:08:42.987056","nav_name":"dns","action":"启动参数","params":"unix_udp: \/tmp\/dns_proto,","operate_result":"信息","failed_reason":""}
{"user":"x_finder3","timestamp":"2024-06-21T16:08:42.996362","nav_name":"dns","action":"组件启动","params":"开始验证授权....","operate_result":"信息","failed_reason":""}
{"user":"x_finder3","timestamp":"2024-06-21T16:08:42.996710","nav_name":"dns","action":"组件启动","params":"授权验证完成!","operate_result":"信息","failed_reason":""}
{"user":"x_finder3","timestamp":"2024-06-21T16:08:42.997513","nav_name":"dns","action":"组件启动","params":"数据窗口函数-0, 定时任务函数-0","operate_result":"信息","failed_reason":""}
{"user":"x_finder3","timestamp":"2024-06-21T16:08:42.997686","nav_name":"dns","action":"事件主循环","params":"Unix_UDP 建立中","operate_result":"信息","failed_reason":""}
{"user":"x_finder3","timestamp":"2024-06-21T16:08:42.997834","nav_name":"dns","action":"启动完成","params":"Unix_UDP 准备完毕,开始接收消息!","operate_result":"信息","failed_reason":""}
{"user":"x_finder3","timestamp":"2024-06-24T11:16:41.367340","nav_name":"dns","action":"启动参数","params":"unix_udp: \/tmp\/dns_proto,","operate_result":"信息","failed_reason":""}
{"user":"x_finder3","timestamp":"2024-06-24T11:16:41.422001","nav_name":"dns","action":"组件启动","params":"开始验证授权....","operate_result":"信息","failed_reason":""}
{"user":"x_finder3","timestamp":"2024-06-24T11:16:41.422368","nav_name":"dns","action":"组件启动","params":"授权验证完成!","operate_result":"信息","failed_reason":""}
{"user":"x_finder3","timestamp":"2024-06-24T11:16:41.441624","nav_name":"dns","action":"组件启动","params":"数据窗口函数-0, 定时任务函数-0","operate_result":"信息","failed_reason":""}
{"user":"x_finder3","timestamp":"2024-06-24T11:16:41.441958","nav_name":"dns","action":"事件主循环","params":"Unix_UDP 建立中","operate_result":"信息","failed_reason":""}
{"user":"x_finder3","timestamp":"2024-06-24T11:16:41.442144","nav_name":"dns","action":"启动完成","params":"Unix_UDP 准备完毕,开始接收消息!","operate_result":"信息","failed_reason":""}
{"user":"x_finder3","timestamp":"2024-06-24T11:23:06.762918","nav_name":"dns","action":"启动参数","params":"unix_udp: \/tmp\/dns_proto,","operate_result":"信息","failed_reason":""}
{"user":"x_finder3","timestamp":"2024-06-24T11:23:06.784897","nav_name":"dns","action":"组件启动","params":"开始验证授权....","operate_result":"信息","failed_reason":""}
{"user":"x_finder3","timestamp":"2024-06-24T11:23:06.785287","nav_name":"dns","action":"组件启动","params":"授权验证完成!","operate_result":"信息","failed_reason":""}
{"user":"x_finder3","timestamp":"2024-06-24T11:23:06.786121","nav_name":"dns","action":"组件启动","params":"数据窗口函数-0, 定时任务函数-0","operate_result":"信息","failed_reason":""}
{"user":"x_finder3","timestamp":"2024-06-24T11:23:06.786276","nav_name":"dns","action":"事件主循环","params":"Unix_UDP 建立中","operate_result":"信息","failed_reason":""}
{"user":"x_finder3","timestamp":"2024-06-24T11:23:06.786419","nav_name":"dns","action":"启动完成","params":"Unix_UDP 准备完毕,开始接收消息!","operate_result":"信息","failed_reason":""}
{"user":"x_finder3","timestamp":"2024-06-24T14:55:21.381056","nav_name":"dns","action":"启动参数","params":"unix_udp: \/tmp\/dns_proto,","operate_result":"信息","failed_reason":""}
{"user":"x_finder3","timestamp":"2024-06-24T14:55:21.389734","nav_name":"dns","action":"组件启动","params":"开始验证授权....","operate_result":"信息","failed_reason":""}
{"user":"x_finder3","timestamp":"2024-06-24T14:55:21.390226","nav_name":"dns","action":"组件启动","params":"授权验证完成!","operate_result":"信息","failed_reason":""}
{"user":"x_finder3","timestamp":"2024-06-24T14:55:21.391200","nav_name":"dns","action":"组件启动","params":"数据窗口函数-0, 定时任务函数-0","operate_result":"信息","failed_reason":""}
{"user":"x_finder3","timestamp":"2024-06-24T14:55:21.391493","nav_name":"dns","action":"事件主循环","params":"Unix_UDP 建立中","operate_result":"信息","failed_reason":""}
{"user":"x_finder3","timestamp":"2024-06-24T14:55:21.391667","nav_name":"dns","action":"启动完成","params":"Unix_UDP 准备完毕,开始接收消息!","operate_result":"信息","failed_reason":""}
{"user":"x_finder3","timestamp":"2024-06-24T14:59:15.941812","nav_name":"dns","action":"启动参数","params":"unix_udp: \/tmp\/dns_proto,","operate_result":"信息","failed_reason":""}
{"user":"x_finder3","timestamp":"2024-06-24T14:59:15.957661","nav_name":"dns","action":"组件启动","params":"开始验证授权....","operate_result":"信息","failed_reason":""}
{"user":"x_finder3","timestamp":"2024-06-24T14:59:15.958031","nav_name":"dns","action":"组件启动","params":"授权验证完成!","operate_result":"信息","failed_reason":""}
{"user":"x_finder3","timestamp":"2024-06-24T14:59:15.958816","nav_name":"dns","action":"组件启动","params":"数据窗口函数-0, 定时任务函数-0","operate_result":"信息","failed_reason":""}
{"user":"x_finder3","timestamp":"2024-06-24T14:59:15.958965","nav_name":"dns","action":"事件主循环","params":"Unix_UDP 建立中","operate_result":"信息","failed_reason":""}
{"user":"x_finder3","timestamp":"2024-06-24T14:59:15.959122","nav_name":"dns","action":"启动完成","params":"Unix_UDP 准备完毕,开始接收消息!","operate_result":"信息","failed_reason":""}
{"user":"x_finder3","timestamp":"2024-06-24T15:01:08.451663","nav_name":"dns","action":"启动参数","params":"unix_udp: \/tmp\/dns_proto,","operate_result":"信息","failed_reason":""}
{"user":"x_finder3","timestamp":"2024-06-24T15:01:08.466546","nav_name":"dns","action":"组件启动","params":"开始验证授权....","operate_result":"信息","failed_reason":""}
{"user":"x_finder3","timestamp":"2024-06-24T15:01:08.466955","nav_name":"dns","action":"组件启动","params":"授权验证完成!","operate_result":"信息","failed_reason":""}
{"user":"x_finder3","timestamp":"2024-06-24T15:01:08.467602","nav_name":"dns","action":"组件启动","params":"数据窗口函数-0, 定时任务函数-0","operate_result":"信息","failed_reason":""}
{"user":"x_finder3","timestamp":"2024-06-24T15:01:08.467757","nav_name":"dns","action":"事件主循环","params":"Unix_UDP 建立中","operate_result":"信息","failed_reason":""}
{"user":"x_finder3","timestamp":"2024-06-24T15:01:08.467925","nav_name":"dns","action":"启动完成","params":"Unix_UDP 准备完毕,开始接收消息!","operate_result":"信息","failed_reason":""}
{"user":"x_finder3","timestamp":"2024-06-24T15:02:25.608152","nav_name":"dns","action":"启动参数","params":"unix_udp: \/tmp\/dns_proto,","operate_result":"信息","failed_reason":""}
{"user":"x_finder3","timestamp":"2024-06-24T15:02:25.616211","nav_name":"dns","action":"组件启动","params":"开始验证授权....","operate_result":"信息","failed_reason":""}
{"user":"x_finder3","timestamp":"2024-06-24T15:02:25.616571","nav_name":"dns","action":"组件启动","params":"授权验证完成!","operate_result":"信息","failed_reason":""}
{"user":"x_finder3","timestamp":"2024-06-24T15:02:25.617383","nav_name":"dns","action":"组件启动","params":"数据窗口函数-0, 定时任务函数-0","operate_result":"信息","failed_reason":""}
{"user":"x_finder3","timestamp":"2024-06-24T15:02:25.617556","nav_name":"dns","action":"事件主循环","params":"Unix_UDP 建立中","operate_result":"信息","failed_reason":""}
{"user":"x_finder3","timestamp":"2024-06-24T15:02:25.617702","nav_name":"dns","action":"启动完成","params":"Unix_UDP 准备完毕,开始接收消息!","operate_result":"信息","failed_reason":""}
{"user":"x_finder3","timestamp":"2024-06-25T14:59:40.883544","nav_name":"dns","action":"启动参数","params":"unix_udp: \/tmp\/dns_proto,","operate_result":"信息","failed_reason":""}
{"user":"x_finder3","timestamp":"2024-06-25T14:59:40.914654","nav_name":"dns","action":"组件启动","params":"开始验证授权....","operate_result":"信息","failed_reason":""}
{"user":"x_finder3","timestamp":"2024-06-25T14:59:40.915102","nav_name":"dns","action":"组件启动","params":"授权验证完成!","operate_result":"信息","failed_reason":""}
{"user":"x_finder3","timestamp":"2024-06-25T14:59:40.916018","nav_name":"dns","action":"组件启动","params":"数据窗口函数-0, 定时任务函数-0","operate_result":"信息","failed_reason":""}
{"user":"x_finder3","timestamp":"2024-06-25T14:59:40.916179","nav_name":"dns","action":"事件主循环","params":"Unix_UDP 建立中","operate_result":"信息","failed_reason":""}
{"user":"x_finder3","timestamp":"2024-06-25T14:59:40.916341","nav_name":"dns","action":"启动完成","params":"Unix_UDP 准备完毕,开始接收消息!","operate_result":"信息","failed_reason":""}
{"user":"x_finder3","timestamp":"2024-06-25T15:09:42.375955","nav_name":"dns","action":"启动参数","params":"unix_udp: \/tmp\/dns_proto,","operate_result":"信息","failed_reason":""}
{"user":"x_finder3","timestamp":"2024-06-25T15:09:42.409952","nav_name":"dns","action":"组件启动","params":"开始验证授权....","operate_result":"信息","failed_reason":""}
{"user":"x_finder3","timestamp":"2024-06-25T15:09:42.411269","nav_name":"dns","action":"组件启动","params":"授权验证完成!","operate_result":"信息","failed_reason":""}
{"user":"x_finder3","timestamp":"2024-06-25T15:09:42.413118","nav_name":"dns","action":"组件启动","params":"数据窗口函数-0, 定时任务函数-0","operate_result":"信息","failed_reason":""}
{"user":"x_finder3","timestamp":"2024-06-25T15:09:42.413427","nav_name":"dns","action":"事件主循环","params":"Unix_UDP 建立中","operate_result":"信息","failed_reason":""}
{"user":"x_finder3","timestamp":"2024-06-25T15:09:42.413747","nav_name":"dns","action":"启动完成","params":"Unix_UDP 准备完毕,开始接收消息!","operate_result":"信息","failed_reason":""}
{"user":"x_finder3","timestamp":"2024-06-25T16:48:16.128602","nav_name":"dns","action":"启动参数","params":"unix_udp: \/tmp\/dns_proto,","operate_result":"信息","failed_reason":""}
{"user":"x_finder3","timestamp":"2024-06-25T16:48:16.174777","nav_name":"dns","action":"组件启动","params":"开始验证授权....","operate_result":"信息","failed_reason":""}
{"user":"x_finder3","timestamp":"2024-06-25T16:48:16.175222","nav_name":"dns","action":"组件启动","params":"授权验证完成!","operate_result":"信息","failed_reason":""}
{"user":"x_finder3","timestamp":"2024-06-25T16:48:16.176019","nav_name":"dns","action":"组件启动","params":"数据窗口函数-0, 定时任务函数-0","operate_result":"信息","failed_reason":""}
{"user":"x_finder3","timestamp":"2024-06-25T16:48:16.176208","nav_name":"dns","action":"事件主循环","params":"Unix_UDP 建立中","operate_result":"信息","failed_reason":""}
{"user":"x_finder3","timestamp":"2024-06-25T16:48:16.176375","nav_name":"dns","action":"启动完成","params":"Unix_UDP 准备完毕,开始接收消息!","operate_result":"信息","failed_reason":""}
{"user":"x_finder3","timestamp":"2024-06-25T16:56:37.107953","nav_name":"dns","action":"启动参数","params":"unix_udp: \/tmp\/dns_proto,","operate_result":"信息","failed_reason":""}
{"user":"x_finder3","timestamp":"2024-06-25T16:56:37.158398","nav_name":"dns","action":"组件启动","params":"开始验证授权....","operate_result":"信息","failed_reason":""}
{"user":"x_finder3","timestamp":"2024-06-25T16:56:37.159482","nav_name":"dns","action":"组件启动","params":"授权验证完成!","operate_result":"信息","failed_reason":""}
{"user":"x_finder3","timestamp":"2024-06-25T16:56:37.160785","nav_name":"dns","action":"组件启动","params":"数据窗口函数-0, 定时任务函数-0","operate_result":"信息","failed_reason":""}
{"user":"x_finder3","timestamp":"2024-06-25T16:56:37.161008","nav_name":"dns","action":"事件主循环","params":"Unix_UDP 建立中","operate_result":"信息","failed_reason":""}
{"user":"x_finder3","timestamp":"2024-06-25T16:56:37.161296","nav_name":"dns","action":"启动完成","params":"Unix_UDP 准备完毕,开始接收消息!","operate_result":"信息","failed_reason":""}
{"user":"x_finder3","timestamp":"2024-06-25T17:00:57.202130","nav_name":"dns","action":"启动参数","params":"unix_udp: \/tmp\/dns_proto,","operate_result":"信息","failed_reason":""}
{"user":"x_finder3","timestamp":"2024-06-25T17:00:57.276497","nav_name":"dns","action":"组件启动","params":"开始验证授权....","operate_result":"信息","failed_reason":""}
{"user":"x_finder3","timestamp":"2024-06-25T17:00:57.276864","nav_name":"dns","action":"组件启动","params":"授权验证完成!","operate_result":"信息","failed_reason":""}
{"user":"x_finder3","timestamp":"2024-06-25T17:00:57.277463","nav_name":"dns","action":"组件启动","params":"数据窗口函数-0, 定时任务函数-0","operate_result":"信息","failed_reason":""}
{"user":"x_finder3","timestamp":"2024-06-25T17:00:57.277596","nav_name":"dns","action":"事件主循环","params":"Unix_UDP 建立中","operate_result":"信息","failed_reason":""}
{"user":"x_finder3","timestamp":"2024-06-25T17:00:57.277725","nav_name":"dns","action":"启动完成","params":"Unix_UDP 准备完毕,开始接收消息!","operate_result":"信息","failed_reason":""}
{"user":"x_finder3","timestamp":"2024-06-25T17:18:45.743706","nav_name":"dns","action":"启动参数","params":"unix_udp: \/tmp\/dns_proto,","operate_result":"信息","failed_reason":""}
{"user":"x_finder3","timestamp":"2024-06-25T17:18:45.827600","nav_name":"dns","action":"组件启动","params":"开始验证授权....","operate_result":"信息","failed_reason":""}
{"user":"x_finder3","timestamp":"2024-06-25T17:18:45.828020","nav_name":"dns","action":"组件启动","params":"授权验证完成!","operate_result":"信息","failed_reason":""}
{"user":"x_finder3","timestamp":"2024-06-25T17:18:45.828953","nav_name":"dns","action":"组件启动","params":"数据窗口函数-0, 定时任务函数-0","operate_result":"信息","failed_reason":""}
{"user":"x_finder3","timestamp":"2024-06-25T17:18:45.829111","nav_name":"dns","action":"事件主循环","params":"Unix_UDP 建立中","operate_result":"信息","failed_reason":""}
{"user":"x_finder3","timestamp":"2024-06-25T17:18:45.829282","nav_name":"dns","action":"启动完成","params":"Unix_UDP 准备完毕,开始接收消息!","operate_result":"信息","failed_reason":""}
{"user":"x_finder3","timestamp":"2024-06-25T17:42:00.613690","nav_name":"dns","action":"启动参数","params":"unix_udp: \/tmp\/dns_proto,","operate_result":"信息","failed_reason":""}
{"user":"x_finder3","timestamp":"2024-06-25T17:42:00.626129","nav_name":"dns","action":"组件启动","params":"开始验证授权....","operate_result":"信息","failed_reason":""}
{"user":"x_finder3","timestamp":"2024-06-25T17:42:00.626467","nav_name":"dns","action":"组件启动","params":"授权验证完成!","operate_result":"信息","failed_reason":""}
{"user":"x_finder3","timestamp":"2024-06-25T17:42:00.627078","nav_name":"dns","action":"组件启动","params":"数据窗口函数-0, 定时任务函数-0","operate_result":"信息","failed_reason":""}
{"user":"x_finder3","timestamp":"2024-06-25T17:42:00.627213","nav_name":"dns","action":"事件主循环","params":"Unix_UDP 建立中","operate_result":"信息","failed_reason":""}
{"user":"x_finder3","timestamp":"2024-06-25T17:42:00.627363","nav_name":"dns","action":"启动完成","params":"Unix_UDP 准备完毕,开始接收消息!","operate_result":"信息","failed_reason":""}
{"user":"x_finder3","timestamp":"2024-06-26T14:45:07.875602","nav_name":"dns","action":"启动参数","params":"unix_udp: \/tmp\/dns_proto,","operate_result":"信息","failed_reason":""}
{"user":"x_finder3","timestamp":"2024-06-26T14:45:07.902522","nav_name":"dns","action":"组件启动","params":"开始验证授权....","operate_result":"信息","failed_reason":""}
{"user":"x_finder3","timestamp":"2024-06-26T14:45:07.902974","nav_name":"dns","action":"组件启动","params":"授权验证完成!","operate_result":"信息","failed_reason":""}
{"user":"x_finder3","timestamp":"2024-06-26T14:45:07.903840","nav_name":"dns","action":"组件启动","params":"数据窗口函数-0, 定时任务函数-0","operate_result":"信息","failed_reason":""}
{"user":"x_finder3","timestamp":"2024-06-26T14:45:07.903997","nav_name":"dns","action":"事件主循环","params":"Unix_UDP 建立中","operate_result":"信息","failed_reason":""}
{"user":"x_finder3","timestamp":"2024-06-26T14:45:07.904174","nav_name":"dns","action":"启动完成","params":"Unix_UDP 准备完毕,开始接收消息!","operate_result":"信息","failed_reason":""}
{"user":"x_finder3","timestamp":"2024-07-26T14:54:24.940845","nav_name":"dns","action":"启动参数","params":"unix_udp: \/tmp\/dns_proto,","operate_result":"信息","failed_reason":""}
{"user":"x_finder3","timestamp":"2024-07-26T14:54:24.950779","nav_name":"dns","action":"组件启动","params":"开始验证授权....","operate_result":"信息","failed_reason":""}
{"user":"x_finder3","timestamp":"2024-07-26T14:54:24.951273","nav_name":"dns","action":"组件启动","params":"授权验证完成!","operate_result":"信息","failed_reason":""}
{"user":"x_finder3","timestamp":"2024-07-26T14:54:24.952397","nav_name":"dns","action":"组件启动","params":"数据窗口函数-0, 定时任务函数-0","operate_result":"信息","failed_reason":""}
{"user":"x_finder3","timestamp":"2024-07-26T14:54:24.952593","nav_name":"dns","action":"事件主循环","params":"Unix_UDP 建立中","operate_result":"信息","failed_reason":""}
{"user":"x_finder3","timestamp":"2024-07-26T14:54:24.952761","nav_name":"dns","action":"启动完成","params":"Unix_UDP 准备完毕,开始接收消息!","operate_result":"信息","failed_reason":""}
{"user":"x_finder3","timestamp":"2024-07-26T14:59:58.993117","nav_name":"dns","action":"启动参数","params":"unix_udp: \/tmp\/dns_proto,","operate_result":"信息","failed_reason":""}
{"user":"x_finder3","timestamp":"2024-07-26T14:59:59.028910","nav_name":"dns","action":"组件启动","params":"开始验证授权....","operate_result":"信息","failed_reason":""}
{"user":"x_finder3","timestamp":"2024-07-26T14:59:59.029893","nav_name":"dns","action":"组件启动","params":"授权验证完成!","operate_result":"信息","failed_reason":""}
{"user":"x_finder3","timestamp":"2024-07-26T14:59:59.031178","nav_name":"dns","action":"组件启动","params":"数据窗口函数-0, 定时任务函数-0","operate_result":"信息","failed_reason":""}
{"user":"x_finder3","timestamp":"2024-07-26T14:59:59.031443","nav_name":"dns","action":"事件主循环","params":"Unix_UDP 建立中","operate_result":"信息","failed_reason":""}
{"user":"x_finder3","timestamp":"2024-07-26T14:59:59.031676","nav_name":"dns","action":"启动完成","params":"Unix_UDP 准备完毕,开始接收消息!","operate_result":"信息","failed_reason":""}
{"user":"x_finder3","timestamp":"2024-07-26T15:06:06.241828","nav_name":"dns","action":"启动参数","params":"unix_udp: \/tmp\/dns_proto,","operate_result":"信息","failed_reason":""}
{"user":"x_finder3","timestamp":"2024-07-26T15:06:06.256343","nav_name":"dns","action":"组件启动","params":"开始验证授权....","operate_result":"信息","failed_reason":""}
{"user":"x_finder3","timestamp":"2024-07-26T15:06:06.256701","nav_name":"dns","action":"组件启动","params":"授权验证完成!","operate_result":"信息","failed_reason":""}
{"user":"x_finder3","timestamp":"2024-07-26T15:06:06.257362","nav_name":"dns","action":"组件启动","params":"数据窗口函数-0, 定时任务函数-0","operate_result":"信息","failed_reason":""}
{"user":"x_finder3","timestamp":"2024-07-26T15:06:06.257492","nav_name":"dns","action":"事件主循环","params":"Unix_UDP 建立中","operate_result":"信息","failed_reason":""}
{"user":"x_finder3","timestamp":"2024-07-26T15:06:06.257622","nav_name":"dns","action":"启动完成","params":"Unix_UDP 准备完毕,开始接收消息!","operate_result":"信息","failed_reason":""}
{"user":"x_finder3","timestamp":"2024-07-26T16:43:05.791241","nav_name":"dns","action":"启动参数","params":"unix_udp: \/tmp\/dns_proto,","operate_result":"信息","failed_reason":""}
{"user":"x_finder3","timestamp":"2024-07-26T16:43:05.816976","nav_name":"dns","action":"组件启动","params":"开始验证授权....","operate_result":"信息","failed_reason":""}
{"user":"x_finder3","timestamp":"2024-07-26T16:43:05.817393","nav_name":"dns","action":"组件启动","params":"授权验证完成!","operate_result":"信息","failed_reason":""}
{"user":"x_finder3","timestamp":"2024-07-26T16:43:05.817983","nav_name":"dns","action":"组件启动","params":"数据窗口函数-0, 定时任务函数-0","operate_result":"信息","failed_reason":""}
{"user":"x_finder3","timestamp":"2024-07-26T16:43:05.818122","nav_name":"dns","action":"事件主循环","params":"Unix_UDP 建立中","operate_result":"信息","failed_reason":""}
{"user":"x_finder3","timestamp":"2024-07-26T16:43:05.818273","nav_name":"dns","action":"启动完成","params":"Unix_UDP 准备完毕,开始接收消息!","operate_result":"信息","failed_reason":""}
{"user":"x_finder3","timestamp":"2024-07-29T11:02:15.681422","nav_name":"dns","action":"启动参数","params":"unix_udp: \/tmp\/dns_proto,","operate_result":"信息","failed_reason":""}
{"user":"x_finder3","timestamp":"2024-07-29T11:02:15.731116","nav_name":"dns","action":"组件启动","params":"开始验证授权....","operate_result":"信息","failed_reason":""}
{"user":"x_finder3","timestamp":"2024-07-29T11:02:15.731522","nav_name":"dns","action":"组件启动","params":"授权验证完成!","operate_result":"信息","failed_reason":""}
{"user":"x_finder3","timestamp":"2024-07-29T11:02:15.732100","nav_name":"dns","action":"组件启动","params":"数据窗口函数-0, 定时任务函数-0","operate_result":"信息","failed_reason":""}
{"user":"x_finder3","timestamp":"2024-07-29T11:02:15.732255","nav_name":"dns","action":"事件主循环","params":"Unix_UDP 建立中","operate_result":"信息","failed_reason":""}
{"user":"x_finder3","timestamp":"2024-07-29T11:02:15.732427","nav_name":"dns","action":"启动完成","params":"Unix_UDP 准备完毕,开始接收消息!","operate_result":"信息","failed_reason":""}
{"user":"x_finder3","timestamp":"2024-07-29T11:05:37.558677","nav_name":"dns","action":"启动参数","params":"unix_udp: \/tmp\/dns_proto,","operate_result":"信息","failed_reason":""}
{"user":"x_finder3","timestamp":"2024-07-29T11:05:37.564311","nav_name":"dns","action":"组件启动","params":"开始验证授权....","operate_result":"信息","failed_reason":""}
{"user":"x_finder3","timestamp":"2024-07-29T11:05:37.564681","nav_name":"dns","action":"组件启动","params":"授权验证完成!","operate_result":"信息","failed_reason":""}
{"user":"x_finder3","timestamp":"2024-07-29T11:05:37.565268","nav_name":"dns","action":"组件启动","params":"数据窗口函数-0, 定时任务函数-0","operate_result":"信息","failed_reason":""}
{"user":"x_finder3","timestamp":"2024-07-29T11:05:37.565419","nav_name":"dns","action":"事件主循环","params":"Unix_UDP 建立中","operate_result":"信息","failed_reason":""}
{"user":"x_finder3","timestamp":"2024-07-29T11:05:37.565583","nav_name":"dns","action":"启动完成","params":"Unix_UDP 准备完毕,开始接收消息!","operate_result":"信息","failed_reason":""}
{"user":"x_finder3","timestamp":"2024-07-30T09:38:03.662657","nav_name":"dns","action":"启动参数","params":"unix_udp: \/tmp\/dns_proto,","operate_result":"信息","failed_reason":""}
{"user":"x_finder3","timestamp":"2024-07-30T09:38:03.691980","nav_name":"dns","action":"组件启动","params":"开始验证授权....","operate_result":"信息","failed_reason":""}
{"user":"x_finder3","timestamp":"2024-07-30T09:38:03.692347","nav_name":"dns","action":"组件启动","params":"授权验证完成!","operate_result":"信息","failed_reason":""}
{"user":"x_finder3","timestamp":"2024-07-30T09:38:03.711656","nav_name":"dns","action":"组件启动","params":"数据窗口函数-0, 定时任务函数-0","operate_result":"信息","failed_reason":""}
{"user":"x_finder3","timestamp":"2024-07-30T09:38:03.711883","nav_name":"dns","action":"事件主循环","params":"Unix_UDP 建立中","operate_result":"信息","failed_reason":""}
{"user":"x_finder3","timestamp":"2024-07-30T09:38:03.712021","nav_name":"dns","action":"启动完成","params":"Unix_UDP 准备完毕,开始接收消息!","operate_result":"信息","failed_reason":""}
{"user":"x_finder3","timestamp":"2024-07-30T09:49:55.758194","nav_name":"dns","action":"启动参数","params":"unix_udp: \/tmp\/dns_proto,","operate_result":"信息","failed_reason":""}
{"user":"x_finder3","timestamp":"2024-07-30T09:49:55.825858","nav_name":"dns","action":"组件启动","params":"开始验证授权....","operate_result":"信息","failed_reason":""}
{"user":"x_finder3","timestamp":"2024-07-30T09:49:55.826228","nav_name":"dns","action":"组件启动","params":"授权验证完成!","operate_result":"信息","failed_reason":""}
{"user":"x_finder3","timestamp":"2024-07-30T09:49:55.827082","nav_name":"dns","action":"组件启动","params":"数据窗口函数-0, 定时任务函数-0","operate_result":"信息","failed_reason":""}
{"user":"x_finder3","timestamp":"2024-07-30T09:49:55.827255","nav_name":"dns","action":"事件主循环","params":"Unix_UDP 建立中","operate_result":"信息","failed_reason":""}
{"user":"x_finder3","timestamp":"2024-07-30T09:49:55.827405","nav_name":"dns","action":"启动完成","params":"Unix_UDP 准备完毕,开始接收消息!","operate_result":"信息","failed_reason":""}
{"user":"x_finder3","timestamp":"2024-07-30T09:53:46.910079","nav_name":"dns","action":"启动参数","params":"unix_udp: \/tmp\/dns_proto,","operate_result":"信息","failed_reason":""}
{"user":"x_finder3","timestamp":"2024-07-30T09:53:46.915822","nav_name":"dns","action":"组件启动","params":"开始验证授权....","operate_result":"信息","failed_reason":""}
{"user":"x_finder3","timestamp":"2024-07-30T09:53:46.916181","nav_name":"dns","action":"组件启动","params":"授权验证完成!","operate_result":"信息","failed_reason":""}
{"user":"x_finder3","timestamp":"2024-07-30T09:53:46.916732","nav_name":"dns","action":"组件启动","params":"数据窗口函数-0, 定时任务函数-0","operate_result":"信息","failed_reason":""}
{"user":"x_finder3","timestamp":"2024-07-30T09:53:46.916868","nav_name":"dns","action":"事件主循环","params":"Unix_UDP 建立中","operate_result":"信息","failed_reason":""}
{"user":"x_finder3","timestamp":"2024-07-30T09:53:46.917011","nav_name":"dns","action":"启动完成","params":"Unix_UDP 准备完毕,开始接收消息!","operate_result":"信息","failed_reason":""}
{"user":"x_finder3","timestamp":"2024-07-30T10:04:07.985158","nav_name":"dns","action":"启动参数","params":"unix_udp: \/tmp\/dns_proto,","operate_result":"信息","failed_reason":""}
{"user":"x_finder3","timestamp":"2024-07-30T10:04:08.030189","nav_name":"dns","action":"组件启动","params":"开始验证授权....","operate_result":"信息","failed_reason":""}
{"user":"x_finder3","timestamp":"2024-07-30T10:04:08.030519","nav_name":"dns","action":"组件启动","params":"授权验证完成!","operate_result":"信息","failed_reason":""}
{"user":"x_finder3","timestamp":"2024-07-30T10:04:08.031079","nav_name":"dns","action":"组件启动","params":"数据窗口函数-0, 定时任务函数-0","operate_result":"信息","failed_reason":""}
{"user":"x_finder3","timestamp":"2024-07-30T10:04:08.031210","nav_name":"dns","action":"事件主循环","params":"Unix_UDP 建立中","operate_result":"信息","failed_reason":""}
{"user":"x_finder3","timestamp":"2024-07-30T10:04:08.031348","nav_name":"dns","action":"启动完成","params":"Unix_UDP 准备完毕,开始接收消息!","operate_result":"信息","failed_reason":""}
{"user":"x_finder3","timestamp":"2024-07-30T10:12:14.536142","nav_name":"dns","action":"启动参数","params":"unix_udp: \/tmp\/dns_proto,","operate_result":"信息","failed_reason":""}
{"user":"x_finder3","timestamp":"2024-07-30T10:12:14.546256","nav_name":"dns","action":"组件启动","params":"开始验证授权....","operate_result":"信息","failed_reason":""}
{"user":"x_finder3","timestamp":"2024-07-30T10:12:14.546627","nav_name":"dns","action":"组件启动","params":"授权验证完成!","operate_result":"信息","failed_reason":""}
{"user":"x_finder3","timestamp":"2024-07-30T10:12:14.547236","nav_name":"dns","action":"组件启动","params":"数据窗口函数-0, 定时任务函数-0","operate_result":"信息","failed_reason":""}
{"user":"x_finder3","timestamp":"2024-07-30T10:12:14.547381","nav_name":"dns","action":"事件主循环","params":"Unix_UDP 建立中","operate_result":"信息","failed_reason":""}
{"user":"x_finder3","timestamp":"2024-07-30T10:12:14.547539","nav_name":"dns","action":"启动完成","params":"Unix_UDP 准备完毕,开始接收消息!","operate_result":"信息","failed_reason":""}
{"user":"x_finder3","timestamp":"2024-07-30T10:17:49.106909","nav_name":"dns","action":"启动参数","params":"unix_udp: \/tmp\/dns_proto,","operate_result":"信息","failed_reason":""}
{"user":"x_finder3","timestamp":"2024-07-30T10:17:49.162010","nav_name":"dns","action":"组件启动","params":"开始验证授权....","operate_result":"信息","failed_reason":""}
{"user":"x_finder3","timestamp":"2024-07-30T10:17:49.162391","nav_name":"dns","action":"组件启动","params":"授权验证完成!","operate_result":"信息","failed_reason":""}
{"user":"x_finder3","timestamp":"2024-07-30T10:17:49.163120","nav_name":"dns","action":"组件启动","params":"数据窗口函数-0, 定时任务函数-0","operate_result":"信息","failed_reason":""}
{"user":"x_finder3","timestamp":"2024-07-30T10:17:49.163266","nav_name":"dns","action":"事件主循环","params":"Unix_UDP 建立中","operate_result":"信息","failed_reason":""}
{"user":"x_finder3","timestamp":"2024-07-30T10:17:49.163412","nav_name":"dns","action":"启动完成","params":"Unix_UDP 准备完毕,开始接收消息!","operate_result":"信息","failed_reason":""}
{"user":"x_finder3","timestamp":"2024-07-31T16:17:51.188268","nav_name":"dns","action":"启动参数","params":"unix_udp: \/tmp\/dns_proto,","operate_result":"信息","failed_reason":""}
{"user":"x_finder3","timestamp":"2024-07-31T16:17:51.208100","nav_name":"dns","action":"组件启动","params":"开始验证授权....","operate_result":"信息","failed_reason":""}
{"user":"x_finder3","timestamp":"2024-07-31T16:17:51.209153","nav_name":"dns","action":"组件启动","params":"授权验证完成!","operate_result":"信息","failed_reason":""}
{"user":"x_finder3","timestamp":"2024-07-31T16:17:51.210550","nav_name":"dns","action":"组件启动","params":"数据窗口函数-0, 定时任务函数-0","operate_result":"信息","failed_reason":""}
{"user":"x_finder3","timestamp":"2024-07-31T16:17:51.210814","nav_name":"dns","action":"事件主循环","params":"Unix_UDP 建立中","operate_result":"信息","failed_reason":""}
{"user":"x_finder3","timestamp":"2024-07-31T16:17:51.211090","nav_name":"dns","action":"启动完成","params":"Unix_UDP 准备完毕,开始接收消息!","operate_result":"信息","failed_reason":""}
{"user":"x_finder3","timestamp":"2024-08-01T17:38:49.376086","nav_name":"dns","action":"启动参数","params":"unix_udp: \/tmp\/dns_proto,","operate_result":"信息","failed_reason":""}
{"user":"x_finder3","timestamp":"2024-08-01T17:38:49.442513","nav_name":"dns","action":"组件启动","params":"开始验证授权....","operate_result":"信息","failed_reason":""}
{"user":"x_finder3","timestamp":"2024-08-01T17:38:49.442919","nav_name":"dns","action":"组件启动","params":"授权验证完成!","operate_result":"信息","failed_reason":""}
{"user":"x_finder3","timestamp":"2024-08-01T17:38:49.443519","nav_name":"dns","action":"组件启动","params":"数据窗口函数-0, 定时任务函数-0","operate_result":"信息","failed_reason":""}
{"user":"x_finder3","timestamp":"2024-08-01T17:38:49.443711","nav_name":"dns","action":"事件主循环","params":"Unix_UDP 建立中","operate_result":"信息","failed_reason":""}
{"user":"x_finder3","timestamp":"2024-08-01T17:38:49.443872","nav_name":"dns","action":"启动完成","params":"Unix_UDP 准备完毕,开始接收消息!","operate_result":"信息","failed_reason":""}
{"user":"x_finder3","timestamp":"2024-08-01T17:39:49.561936","nav_name":"dns","action":"启动参数","params":"unix_udp: \/tmp\/dns_proto,","operate_result":"信息","failed_reason":""}
{"user":"x_finder3","timestamp":"2024-08-01T17:39:49.582475","nav_name":"dns","action":"组件启动","params":"开始验证授权....","operate_result":"信息","failed_reason":""}
{"user":"x_finder3","timestamp":"2024-08-01T17:39:49.582855","nav_name":"dns","action":"组件启动","params":"授权验证完成!","operate_result":"信息","failed_reason":""}
{"user":"x_finder3","timestamp":"2024-08-01T17:39:49.583461","nav_name":"dns","action":"组件启动","params":"数据窗口函数-0, 定时任务函数-0","operate_result":"信息","failed_reason":""}
{"user":"x_finder3","timestamp":"2024-08-01T17:39:49.583601","nav_name":"dns","action":"事件主循环","params":"Unix_UDP 建立中","operate_result":"信息","failed_reason":""}
{"user":"x_finder3","timestamp":"2024-08-01T17:39:49.583738","nav_name":"dns","action":"启动完成","params":"Unix_UDP 准备完毕,开始接收消息!","operate_result":"信息","failed_reason":""}
{"user":"x_finder3","timestamp":"2024-08-06T09:34:06.233574","nav_name":"dns","action":"启动参数","params":"unix_udp: \/tmp\/dns_proto,","operate_result":"信息","failed_reason":""}
{"user":"x_finder3","timestamp":"2024-08-06T09:34:06.242170","nav_name":"dns","action":"组件启动","params":"开始验证授权....","operate_result":"信息","failed_reason":""}
{"user":"x_finder3","timestamp":"2024-08-06T09:34:06.242545","nav_name":"dns","action":"组件启动","params":"授权验证完成!","operate_result":"信息","failed_reason":""}
{"user":"x_finder3","timestamp":"2024-08-06T09:34:06.243333","nav_name":"dns","action":"组件启动","params":"数据窗口函数-0, 定时任务函数-0","operate_result":"信息","failed_reason":""}
{"user":"x_finder3","timestamp":"2024-08-06T09:34:06.243476","nav_name":"dns","action":"事件主循环","params":"Unix_UDP 建立中","operate_result":"信息","failed_reason":""}
{"user":"x_finder3","timestamp":"2024-08-06T09:34:06.243617","nav_name":"dns","action":"启动完成","params":"Unix_UDP 准备完毕,开始接收消息!","operate_result":"信息","failed_reason":""}
{"user":"x_finder3","timestamp":"2024-08-06T09:40:38.757001","nav_name":"dns","action":"启动参数","params":"unix_udp: \/tmp\/dns_proto,","operate_result":"信息","failed_reason":""}
{"user":"x_finder3","timestamp":"2024-08-06T09:40:38.762687","nav_name":"dns","action":"组件启动","params":"开始验证授权....","operate_result":"信息","failed_reason":""}
{"user":"x_finder3","timestamp":"2024-08-06T09:40:38.763048","nav_name":"dns","action":"组件启动","params":"授权验证完成!","operate_result":"信息","failed_reason":""}
{"user":"x_finder3","timestamp":"2024-08-06T09:40:38.763576","nav_name":"dns","action":"组件启动","params":"数据窗口函数-0, 定时任务函数-0","operate_result":"信息","failed_reason":""}
{"user":"x_finder3","timestamp":"2024-08-06T09:40:38.763710","nav_name":"dns","action":"事件主循环","params":"Unix_UDP 建立中","operate_result":"信息","failed_reason":""}
{"user":"x_finder3","timestamp":"2024-08-06T09:40:38.763852","nav_name":"dns","action":"启动完成","params":"Unix_UDP 准备完毕,开始接收消息!","operate_result":"信息","failed_reason":""}
{"user":"x_finder3","timestamp":"2024-08-06T09:41:58.412160","nav_name":"dns","action":"启动参数","params":"unix_udp: \/tmp\/dns_proto,","operate_result":"信息","failed_reason":""}
{"user":"x_finder3","timestamp":"2024-08-06T09:41:58.417928","nav_name":"dns","action":"组件启动","params":"开始验证授权....","operate_result":"信息","failed_reason":""}
{"user":"x_finder3","timestamp":"2024-08-06T09:41:58.418304","nav_name":"dns","action":"组件启动","params":"授权验证完成!","operate_result":"信息","failed_reason":""}
{"user":"x_finder3","timestamp":"2024-08-06T09:41:58.419140","nav_name":"dns","action":"组件启动","params":"数据窗口函数-0, 定时任务函数-0","operate_result":"信息","failed_reason":""}
{"user":"x_finder3","timestamp":"2024-08-06T09:41:58.419317","nav_name":"dns","action":"事件主循环","params":"Unix_UDP 建立中","operate_result":"信息","failed_reason":""}
{"user":"x_finder3","timestamp":"2024-08-06T09:41:58.419467","nav_name":"dns","action":"启动完成","params":"Unix_UDP 准备完毕,开始接收消息!","operate_result":"信息","failed_reason":""}
{"user":"x_finder3","timestamp":"2024-08-09T16:58:03.754056","nav_name":"dns","action":"启动参数","params":"unix_udp: \/tmp\/dns_proto,","operate_result":"信息","failed_reason":""}
{"user":"x_finder3","timestamp":"2024-08-09T16:58:03.778089","nav_name":"dns","action":"组件启动","params":"开始验证授权....","operate_result":"信息","failed_reason":""}
{"user":"x_finder3","timestamp":"2024-08-09T16:58:03.778423","nav_name":"dns","action":"组件启动","params":"授权验证完成!","operate_result":"信息","failed_reason":""}
{"user":"x_finder3","timestamp":"2024-08-09T16:58:03.779242","nav_name":"dns","action":"组件启动","params":"数据窗口函数-0, 定时任务函数-0","operate_result":"信息","failed_reason":""}
{"user":"x_finder3","timestamp":"2024-08-09T16:58:03.779440","nav_name":"dns","action":"事件主循环","params":"Unix_UDP 建立中","operate_result":"信息","failed_reason":""}
{"user":"x_finder3","timestamp":"2024-08-09T16:58:03.779589","nav_name":"dns","action":"启动完成","params":"Unix_UDP 准备完毕,开始接收消息!","operate_result":"信息","failed_reason":""}
{"user":"x_finder3","timestamp":"2024-08-27T16:27:55.799001","nav_name":"dns","action":"启动参数","params":"unix_udp: \/tmp\/dns_proto,","operate_result":"信息","failed_reason":""}
{"user":"x_finder3","timestamp":"2024-08-27T16:27:55.804174","nav_name":"dns","action":"组件启动","params":"开始验证授权....","operate_result":"信息","failed_reason":""}
{"user":"x_finder3","timestamp":"2024-08-27T16:27:55.804590","nav_name":"dns","action":"组件启动","params":"授权验证完成!","operate_result":"信息","failed_reason":""}
{"user":"x_finder3","timestamp":"2024-08-27T16:27:55.805222","nav_name":"dns","action":"组件启动","params":"数据窗口函数-0, 定时任务函数-0","operate_result":"信息","failed_reason":""}
{"user":"x_finder3","timestamp":"2024-08-27T16:27:55.805434","nav_name":"dns","action":"事件主循环","params":"Unix_UDP 建立中","operate_result":"信息","failed_reason":""}
{"user":"x_finder3","timestamp":"2024-08-27T16:27:55.805574","nav_name":"dns","action":"启动完成","params":"Unix_UDP 准备完毕,开始接收消息!","operate_result":"信息","failed_reason":""}
{"user":"x_finder3","timestamp":"2024-08-29T14:31:01.143960","nav_name":"dns","action":"启动参数","params":"unix_udp: \/tmp\/dns_proto,","operate_result":"信息","failed_reason":""}
{"user":"x_finder3","timestamp":"2024-08-29T14:31:01.200623","nav_name":"dns","action":"组件启动","params":"开始验证授权....","operate_result":"信息","failed_reason":""}
{"user":"x_finder3","timestamp":"2024-08-29T14:31:01.200979","nav_name":"dns","action":"组件启动","params":"授权验证完成!","operate_result":"信息","failed_reason":""}
{"user":"x_finder3","timestamp":"2024-08-29T14:31:01.207560","nav_name":"dns","action":"组件启动","params":"数据窗口函数-0, 定时任务函数-0","operate_result":"信息","failed_reason":""}
{"user":"x_finder3","timestamp":"2024-08-29T14:31:01.207807","nav_name":"dns","action":"事件主循环","params":"Unix_UDP 建立中","operate_result":"信息","failed_reason":""}
{"user":"x_finder3","timestamp":"2024-08-29T14:31:01.207963","nav_name":"dns","action":"启动完成","params":"Unix_UDP 准备完毕,开始接收消息!","operate_result":"信息","failed_reason":""}
{"user":"x_finder3","timestamp":"2024-08-30T10:13:02.767195","nav_name":"dns","action":"启动参数","params":"unix_udp: \/tmp\/dns_proto,","operate_result":"信息","failed_reason":""}
{"user":"x_finder3","timestamp":"2024-08-30T10:13:02.792292","nav_name":"dns","action":"组件启动","params":"开始验证授权....","operate_result":"信息","failed_reason":""}
{"user":"x_finder3","timestamp":"2024-08-30T10:13:02.792654","nav_name":"dns","action":"组件启动","params":"授权验证完成!","operate_result":"信息","failed_reason":""}
{"user":"x_finder3","timestamp":"2024-08-30T10:13:02.793240","nav_name":"dns","action":"组件启动","params":"数据窗口函数-0, 定时任务函数-0","operate_result":"信息","failed_reason":""}
{"user":"x_finder3","timestamp":"2024-08-30T10:13:02.793382","nav_name":"dns","action":"事件主循环","params":"Unix_UDP 建立中","operate_result":"信息","failed_reason":""}
{"user":"x_finder3","timestamp":"2024-08-30T10:13:02.793544","nav_name":"dns","action":"启动完成","params":"Unix_UDP 准备完毕,开始接收消息!","operate_result":"信息","failed_reason":""}
{"user":"x_finder3","timestamp":"2024-08-30T10:14:51.765418","nav_name":"dns","action":"启动参数","params":"unix_udp: \/tmp\/dns_proto,","operate_result":"信息","failed_reason":""}
{"user":"x_finder3","timestamp":"2024-08-30T10:14:51.805368","nav_name":"dns","action":"组件启动","params":"开始验证授权....","operate_result":"信息","failed_reason":""}
{"user":"x_finder3","timestamp":"2024-08-30T10:14:51.805835","nav_name":"dns","action":"组件启动","params":"授权验证完成!","operate_result":"信息","failed_reason":""}
{"user":"x_finder3","timestamp":"2024-08-30T10:14:51.806751","nav_name":"dns","action":"组件启动","params":"数据窗口函数-0, 定时任务函数-0","operate_result":"信息","failed_reason":""}
{"user":"x_finder3","timestamp":"2024-08-30T10:14:51.806989","nav_name":"dns","action":"事件主循环","params":"Unix_UDP 建立中","operate_result":"信息","failed_reason":""}
{"user":"x_finder3","timestamp":"2024-08-30T10:14:51.807175","nav_name":"dns","action":"启动完成","params":"Unix_UDP 准备完毕,开始接收消息!","operate_result":"信息","failed_reason":""}
{"user":"x_finder3","timestamp":"2024-08-30T10:16:36.603749","nav_name":"dns","action":"启动参数","params":"unix_udp: \/tmp\/dns_proto,","operate_result":"信息","failed_reason":""}
{"user":"x_finder3","timestamp":"2024-08-30T10:16:36.651476","nav_name":"dns","action":"组件启动","params":"开始验证授权....","operate_result":"信息","failed_reason":""}
{"user":"x_finder3","timestamp":"2024-08-30T10:16:36.651928","nav_name":"dns","action":"组件启动","params":"授权验证完成!","operate_result":"信息","failed_reason":""}
{"user":"x_finder3","timestamp":"2024-08-30T10:16:36.652900","nav_name":"dns","action":"组件启动","params":"数据窗口函数-0, 定时任务函数-0","operate_result":"信息","failed_reason":""}
{"user":"x_finder3","timestamp":"2024-08-30T10:16:36.653089","nav_name":"dns","action":"事件主循环","params":"Unix_UDP 建立中","operate_result":"信息","failed_reason":""}
{"user":"x_finder3","timestamp":"2024-08-30T10:16:36.653259","nav_name":"dns","action":"启动完成","params":"Unix_UDP 准备完毕,开始接收消息!","operate_result":"信息","failed_reason":""}
{"user":"x_finder3","timestamp":"2024-08-30T10:17:36.713811","nav_name":"dns","action":"启动参数","params":"unix_udp: \/tmp\/dns_proto,","operate_result":"信息","failed_reason":""}
{"user":"x_finder3","timestamp":"2024-08-30T10:17:36.742456","nav_name":"dns","action":"组件启动","params":"开始验证授权....","operate_result":"信息","failed_reason":""}
{"user":"x_finder3","timestamp":"2024-08-30T10:17:36.742823","nav_name":"dns","action":"组件启动","params":"授权验证完成!","operate_result":"信息","failed_reason":""}
{"user":"x_finder3","timestamp":"2024-08-30T10:17:36.743359","nav_name":"dns","action":"组件启动","params":"数据窗口函数-0, 定时任务函数-0","operate_result":"信息","failed_reason":""}
{"user":"x_finder3","timestamp":"2024-08-30T10:17:36.743495","nav_name":"dns","action":"事件主循环","params":"Unix_UDP 建立中","operate_result":"信息","failed_reason":""}
{"user":"x_finder3","timestamp":"2024-08-30T10:17:36.743632","nav_name":"dns","action":"启动完成","params":"Unix_UDP 准备完毕,开始接收消息!","operate_result":"信息","failed_reason":""}
{"user":"x_finder3","timestamp":"2024-08-30T10:21:17.941052","nav_name":"dns","action":"启动参数","params":"unix_udp: \/tmp\/dns_proto,","operate_result":"信息","failed_reason":""}
{"user":"x_finder3","timestamp":"2024-08-30T10:21:18.029922","nav_name":"dns","action":"组件启动","params":"开始验证授权....","operate_result":"信息","failed_reason":""}
{"user":"x_finder3","timestamp":"2024-08-30T10:21:18.030321","nav_name":"dns","action":"组件启动","params":"授权验证完成!","operate_result":"信息","failed_reason":""}
{"user":"x_finder3","timestamp":"2024-08-30T10:21:18.031218","nav_name":"dns","action":"组件启动","params":"数据窗口函数-0, 定时任务函数-0","operate_result":"信息","failed_reason":""}
{"user":"x_finder3","timestamp":"2024-08-30T10:21:18.031456","nav_name":"dns","action":"事件主循环","params":"Unix_UDP 建立中","operate_result":"信息","failed_reason":""}
{"user":"x_finder3","timestamp":"2024-08-30T10:21:18.031619","nav_name":"dns","action":"启动完成","params":"Unix_UDP 准备完毕,开始接收消息!","operate_result":"信息","failed_reason":""}
{"user":"x_finder3","timestamp":"2024-08-30T10:21:57.338225","nav_name":"dns","action":"启动参数","params":"unix_udp: \/tmp\/dns_proto,","operate_result":"信息","failed_reason":""}
{"user":"x_finder3","timestamp":"2024-08-30T10:21:57.371186","nav_name":"dns","action":"组件启动","params":"开始验证授权....","operate_result":"信息","failed_reason":""}
{"user":"x_finder3","timestamp":"2024-08-30T10:21:57.371566","nav_name":"dns","action":"组件启动","params":"授权验证完成!","operate_result":"信息","failed_reason":""}
{"user":"x_finder3","timestamp":"2024-08-30T10:21:57.372409","nav_name":"dns","action":"组件启动","params":"数据窗口函数-0, 定时任务函数-0","operate_result":"信息","failed_reason":""}
{"user":"x_finder3","timestamp":"2024-08-30T10:21:57.372580","nav_name":"dns","action":"事件主循环","params":"Unix_UDP 建立中","operate_result":"信息","failed_reason":""}
{"user":"x_finder3","timestamp":"2024-08-30T10:21:57.372742","nav_name":"dns","action":"启动完成","params":"Unix_UDP 准备完毕,开始接收消息!","operate_result":"信息","failed_reason":""}
{"user":"x_finder3","timestamp":"2024-08-30T10:25:42.856759","nav_name":"dns","action":"启动参数","params":"unix_udp: \/tmp\/dns_proto,","operate_result":"信息","failed_reason":""}
{"user":"x_finder3","timestamp":"2024-08-30T10:25:42.866515","nav_name":"dns","action":"组件启动","params":"开始验证授权....","operate_result":"信息","failed_reason":""}
{"user":"x_finder3","timestamp":"2024-08-30T10:25:42.866903","nav_name":"dns","action":"组件启动","params":"授权验证完成!","operate_result":"信息","failed_reason":""}
{"user":"x_finder3","timestamp":"2024-08-30T10:25:42.867668","nav_name":"dns","action":"组件启动","params":"数据窗口函数-0, 定时任务函数-0","operate_result":"信息","failed_reason":""}
{"user":"x_finder3","timestamp":"2024-08-30T10:25:42.867854","nav_name":"dns","action":"事件主循环","params":"Unix_UDP 建立中","operate_result":"信息","failed_reason":""}
{"user":"x_finder3","timestamp":"2024-08-30T10:25:42.868038","nav_name":"dns","action":"启动完成","params":"Unix_UDP 准备完毕,开始接收消息!","operate_result":"信息","failed_reason":""}
{"user":"x_finder3","timestamp":"2024-08-30T10:26:32.938648","nav_name":"dns","action":"启动参数","params":"unix_udp: \/tmp\/dns_proto,","operate_result":"信息","failed_reason":""}
{"user":"x_finder3","timestamp":"2024-08-30T10:26:32.981692","nav_name":"dns","action":"组件启动","params":"开始验证授权....","operate_result":"信息","failed_reason":""}
{"user":"x_finder3","timestamp":"2024-08-30T10:26:32.982105","nav_name":"dns","action":"组件启动","params":"授权验证完成!","operate_result":"信息","failed_reason":""}
{"user":"x_finder3","timestamp":"2024-08-30T10:26:32.983175","nav_name":"dns","action":"组件启动","params":"数据窗口函数-0, 定时任务函数-0","operate_result":"信息","failed_reason":""}
{"user":"x_finder3","timestamp":"2024-08-30T10:26:32.983375","nav_name":"dns","action":"事件主循环","params":"Unix_UDP 建立中","operate_result":"信息","failed_reason":""}
{"user":"x_finder3","timestamp":"2024-08-30T10:26:32.983561","nav_name":"dns","action":"启动完成","params":"Unix_UDP 准备完毕,开始接收消息!","operate_result":"信息","failed_reason":""}
{"user":"x_finder3","timestamp":"2024-08-30T10:34:32.938177","nav_name":"dns","action":"启动参数","params":"unix_udp: \/tmp\/dns_proto,","operate_result":"信息","failed_reason":""}
{"user":"x_finder3","timestamp":"2024-08-30T10:34:32.971670","nav_name":"dns","action":"组件启动","params":"开始验证授权....","operate_result":"信息","failed_reason":""}
{"user":"x_finder3","timestamp":"2024-08-30T10:34:32.972011","nav_name":"dns","action":"组件启动","params":"授权验证完成!","operate_result":"信息","failed_reason":""}
{"user":"x_finder3","timestamp":"2024-08-30T10:34:32.972562","nav_name":"dns","action":"组件启动","params":"数据窗口函数-0, 定时任务函数-0","operate_result":"信息","failed_reason":""}
{"user":"x_finder3","timestamp":"2024-08-30T10:34:32.972698","nav_name":"dns","action":"事件主循环","params":"Unix_UDP 建立中","operate_result":"信息","failed_reason":""}
{"user":"x_finder3","timestamp":"2024-08-30T10:34:32.972837","nav_name":"dns","action":"启动完成","params":"Unix_UDP 准备完毕,开始接收消息!","operate_result":"信息","failed_reason":""}
{"user":"x_finder3","timestamp":"2024-08-30T10:37:10.144408","nav_name":"dns","action":"启动参数","params":"unix_udp: \/tmp\/dns_proto,","operate_result":"信息","failed_reason":""}
{"user":"x_finder3","timestamp":"2024-08-30T10:37:10.172163","nav_name":"dns","action":"组件启动","params":"开始验证授权....","operate_result":"信息","failed_reason":""}
{"user":"x_finder3","timestamp":"2024-08-30T10:37:10.172697","nav_name":"dns","action":"组件启动","params":"授权验证完成!","operate_result":"信息","failed_reason":""}
{"user":"x_finder3","timestamp":"2024-08-30T10:37:10.173753","nav_name":"dns","action":"组件启动","params":"数据窗口函数-0, 定时任务函数-0","operate_result":"信息","failed_reason":""}
{"user":"x_finder3","timestamp":"2024-08-30T10:37:10.173944","nav_name":"dns","action":"事件主循环","params":"Unix_UDP 建立中","operate_result":"信息","failed_reason":""}
{"user":"x_finder3","timestamp":"2024-08-30T10:37:10.174132","nav_name":"dns","action":"启动完成","params":"Unix_UDP 准备完毕,开始接收消息!","operate_result":"信息","failed_reason":""}
{"user":"x_finder3","timestamp":"2024-08-30T10:45:37.578648","nav_name":"dns","action":"启动参数","params":"unix_udp: \/tmp\/dns_proto,","operate_result":"信息","failed_reason":""}
{"user":"x_finder3","timestamp":"2024-08-30T10:45:37.604471","nav_name":"dns","action":"组件启动","params":"开始验证授权....","operate_result":"信息","failed_reason":""}
{"user":"x_finder3","timestamp":"2024-08-30T10:45:37.605422","nav_name":"dns","action":"组件启动","params":"授权验证完成!","operate_result":"信息","failed_reason":""}
{"user":"x_finder3","timestamp":"2024-08-30T10:45:37.606776","nav_name":"dns","action":"组件启动","params":"数据窗口函数-0, 定时任务函数-0","operate_result":"信息","failed_reason":""}
{"user":"x_finder3","timestamp":"2024-08-30T10:45:37.607007","nav_name":"dns","action":"事件主循环","params":"Unix_UDP 建立中","operate_result":"信息","failed_reason":""}
{"user":"x_finder3","timestamp":"2024-08-30T10:45:37.607291","nav_name":"dns","action":"启动完成","params":"Unix_UDP 准备完毕,开始接收消息!","operate_result":"信息","failed_reason":""}
{"user":"x_finder3","timestamp":"2024-08-30T10:59:53.245029","nav_name":"dns","action":"启动参数","params":"unix_udp: \/tmp\/dns_proto,","operate_result":"信息","failed_reason":""}
{"user":"x_finder3","timestamp":"2024-08-30T10:59:53.270702","nav_name":"dns","action":"组件启动","params":"开始验证授权....","operate_result":"信息","failed_reason":""}
{"user":"x_finder3","timestamp":"2024-08-30T10:59:53.271049","nav_name":"dns","action":"组件启动","params":"授权验证完成!","operate_result":"信息","failed_reason":""}
{"user":"x_finder3","timestamp":"2024-08-30T10:59:53.271742","nav_name":"dns","action":"组件启动","params":"数据窗口函数-0, 定时任务函数-0","operate_result":"信息","failed_reason":""}
{"user":"x_finder3","timestamp":"2024-08-30T10:59:53.272010","nav_name":"dns","action":"事件主循环","params":"Unix_UDP 建立中","operate_result":"信息","failed_reason":""}
{"user":"x_finder3","timestamp":"2024-08-30T10:59:53.272172","nav_name":"dns","action":"启动完成","params":"Unix_UDP 准备完毕,开始接收消息!","operate_result":"信息","failed_reason":""}
{"user":"x_finder3","timestamp":"2024-08-30T11:12:57.539195","nav_name":"dns","action":"启动参数","params":"unix_udp: \/tmp\/dns_proto,","operate_result":"信息","failed_reason":""}
{"user":"x_finder3","timestamp":"2024-08-30T11:12:57.563063","nav_name":"dns","action":"组件启动","params":"开始验证授权....","operate_result":"信息","failed_reason":""}
{"user":"x_finder3","timestamp":"2024-08-30T11:12:57.563485","nav_name":"dns","action":"组件启动","params":"授权验证完成!","operate_result":"信息","failed_reason":""}
{"user":"x_finder3","timestamp":"2024-08-30T11:12:57.564171","nav_name":"dns","action":"组件启动","params":"数据窗口函数-0, 定时任务函数-0","operate_result":"信息","failed_reason":""}
{"user":"x_finder3","timestamp":"2024-08-30T11:12:57.564383","nav_name":"dns","action":"事件主循环","params":"Unix_UDP 建立中","operate_result":"信息","failed_reason":""}
{"user":"x_finder3","timestamp":"2024-08-30T11:12:57.564531","nav_name":"dns","action":"启动完成","params":"Unix_UDP 准备完毕,开始接收消息!","operate_result":"信息","failed_reason":""}
{"user":"x_finder3","timestamp":"2024-08-30T11:17:02.517258","nav_name":"dns","action":"启动参数","params":"unix_udp: \/tmp\/dns_proto,","operate_result":"信息","failed_reason":""}
{"user":"x_finder3","timestamp":"2024-08-30T11:17:02.551574","nav_name":"dns","action":"组件启动","params":"开始验证授权....","operate_result":"信息","failed_reason":""}
{"user":"x_finder3","timestamp":"2024-08-30T11:17:02.551978","nav_name":"dns","action":"组件启动","params":"授权验证完成!","operate_result":"信息","failed_reason":""}
{"user":"x_finder3","timestamp":"2024-08-30T11:17:02.552730","nav_name":"dns","action":"组件启动","params":"数据窗口函数-0, 定时任务函数-0","operate_result":"信息","failed_reason":""}
{"user":"x_finder3","timestamp":"2024-08-30T11:17:02.552903","nav_name":"dns","action":"事件主循环","params":"Unix_UDP 建立中","operate_result":"信息","failed_reason":""}
{"user":"x_finder3","timestamp":"2024-08-30T11:17:02.553072","nav_name":"dns","action":"启动完成","params":"Unix_UDP 准备完毕,开始接收消息!","operate_result":"信息","failed_reason":""}
{"user":"x_finder3","timestamp":"2024-08-30T11:19:14.746378","nav_name":"dns","action":"启动参数","params":"unix_udp: \/tmp\/dns_proto,","operate_result":"信息","failed_reason":""}
{"user":"x_finder3","timestamp":"2024-08-30T11:19:14.772125","nav_name":"dns","action":"组件启动","params":"开始验证授权....","operate_result":"信息","failed_reason":""}
{"user":"x_finder3","timestamp":"2024-08-30T11:19:14.772581","nav_name":"dns","action":"组件启动","params":"授权验证完成!","operate_result":"信息","failed_reason":""}
{"user":"x_finder3","timestamp":"2024-08-30T11:19:14.773599","nav_name":"dns","action":"组件启动","params":"数据窗口函数-0, 定时任务函数-0","operate_result":"信息","failed_reason":""}
{"user":"x_finder3","timestamp":"2024-08-30T11:19:14.773798","nav_name":"dns","action":"事件主循环","params":"Unix_UDP 建立中","operate_result":"信息","failed_reason":""}
{"user":"x_finder3","timestamp":"2024-08-30T11:19:14.773982","nav_name":"dns","action":"启动完成","params":"Unix_UDP 准备完毕,开始接收消息!","operate_result":"信息","failed_reason":""}
{"user":"x_finder3","timestamp":"2024-08-30T15:02:24.239784","nav_name":"dns","action":"启动参数","params":"unix_udp: \/tmp\/dns_proto,","operate_result":"信息","failed_reason":""}
{"user":"x_finder3","timestamp":"2024-08-30T15:02:24.262656","nav_name":"dns","action":"组件启动","params":"开始验证授权....","operate_result":"信息","failed_reason":""}
{"user":"x_finder3","timestamp":"2024-08-30T15:02:24.263050","nav_name":"dns","action":"组件启动","params":"授权验证完成!","operate_result":"信息","failed_reason":""}
{"user":"x_finder3","timestamp":"2024-08-30T15:02:24.263890","nav_name":"dns","action":"组件启动","params":"数据窗口函数-0, 定时任务函数-0","operate_result":"信息","failed_reason":""}
{"user":"x_finder3","timestamp":"2024-08-30T15:02:24.264069","nav_name":"dns","action":"事件主循环","params":"Unix_UDP 建立中","operate_result":"信息","failed_reason":""}
{"user":"x_finder3","timestamp":"2024-08-30T15:02:24.264241","nav_name":"dns","action":"启动完成","params":"Unix_UDP 准备完毕,开始接收消息!","operate_result":"信息","failed_reason":""}
{"user":"x_finder3","timestamp":"2024-08-30T15:06:05.916926","nav_name":"dns","action":"启动参数","params":"unix_udp: \/tmp\/dns_proto,","operate_result":"信息","failed_reason":""}
{"user":"x_finder3","timestamp":"2024-08-30T15:06:05.930843","nav_name":"dns","action":"组件启动","params":"开始验证授权....","operate_result":"信息","failed_reason":""}
{"user":"x_finder3","timestamp":"2024-08-30T15:06:05.931192","nav_name":"dns","action":"组件启动","params":"授权验证完成!","operate_result":"信息","failed_reason":""}
{"user":"x_finder3","timestamp":"2024-08-30T15:06:05.931738","nav_name":"dns","action":"组件启动","params":"数据窗口函数-0, 定时任务函数-0","operate_result":"信息","failed_reason":""}
{"user":"x_finder3","timestamp":"2024-08-30T15:06:05.931877","nav_name":"dns","action":"事件主循环","params":"Unix_UDP 建立中","operate_result":"信息","failed_reason":""}
{"user":"x_finder3","timestamp":"2024-08-30T15:06:05.932021","nav_name":"dns","action":"启动完成","params":"Unix_UDP 准备完毕,开始接收消息!","operate_result":"信息","failed_reason":""}
{"user":"x_finder3","timestamp":"2024-08-30T15:15:25.159785","nav_name":"dns","action":"启动参数","params":"unix_udp: \/tmp\/dns_proto,","operate_result":"信息","failed_reason":""}
{"user":"x_finder3","timestamp":"2024-08-30T15:15:25.165565","nav_name":"dns","action":"组件启动","params":"开始验证授权....","operate_result":"信息","failed_reason":""}
{"user":"x_finder3","timestamp":"2024-08-30T15:15:25.165940","nav_name":"dns","action":"组件启动","params":"授权验证完成!","operate_result":"信息","failed_reason":""}
{"user":"x_finder3","timestamp":"2024-08-30T15:15:25.166534","nav_name":"dns","action":"组件启动","params":"数据窗口函数-0, 定时任务函数-0","operate_result":"信息","failed_reason":""}
{"user":"x_finder3","timestamp":"2024-08-30T15:15:25.166692","nav_name":"dns","action":"事件主循环","params":"Unix_UDP 建立中","operate_result":"信息","failed_reason":""}
{"user":"x_finder3","timestamp":"2024-08-30T15:15:25.166857","nav_name":"dns","action":"启动完成","params":"Unix_UDP 准备完毕,开始接收消息!","operate_result":"信息","failed_reason":""}
{"user":"x_finder3","timestamp":"2024-08-30T15:28:28.675742","nav_name":"dns","action":"启动参数","params":"unix_udp: \/tmp\/dns_proto,","operate_result":"信息","failed_reason":""}
{"user":"x_finder3","timestamp":"2024-08-30T15:28:28.682230","nav_name":"dns","action":"组件启动","params":"开始验证授权....","operate_result":"信息","failed_reason":""}
{"user":"x_finder3","timestamp":"2024-08-30T15:28:28.682604","nav_name":"dns","action":"组件启动","params":"授权验证完成!","operate_result":"信息","failed_reason":""}
{"user":"x_finder3","timestamp":"2024-08-30T15:28:28.683358","nav_name":"dns","action":"组件启动","params":"数据窗口函数-0, 定时任务函数-0","operate_result":"信息","failed_reason":""}
{"user":"x_finder3","timestamp":"2024-08-30T15:28:28.683545","nav_name":"dns","action":"事件主循环","params":"Unix_UDP 建立中","operate_result":"信息","failed_reason":""}
{"user":"x_finder3","timestamp":"2024-08-30T15:28:28.683710","nav_name":"dns","action":"启动完成","params":"Unix_UDP 准备完毕,开始接收消息!","operate_result":"信息","failed_reason":""}
{"user":"x_finder3","timestamp":"2024-08-30T15:41:01.786689","nav_name":"dns","action":"启动参数","params":"unix_udp: \/tmp\/dns_proto,","operate_result":"信息","failed_reason":""}
{"user":"x_finder3","timestamp":"2024-08-30T15:41:01.791970","nav_name":"dns","action":"组件启动","params":"开始验证授权....","operate_result":"信息","failed_reason":""}
{"user":"x_finder3","timestamp":"2024-08-30T15:41:01.792309","nav_name":"dns","action":"组件启动","params":"授权验证完成!","operate_result":"信息","failed_reason":""}
{"user":"x_finder3","timestamp":"2024-08-30T15:41:01.792898","nav_name":"dns","action":"组件启动","params":"数据窗口函数-0, 定时任务函数-0","operate_result":"信息","failed_reason":""}
{"user":"x_finder3","timestamp":"2024-08-30T15:41:01.793047","nav_name":"dns","action":"事件主循环","params":"Unix_UDP 建立中","operate_result":"信息","failed_reason":""}
{"user":"x_finder3","timestamp":"2024-08-30T15:41:01.793208","nav_name":"dns","action":"启动完成","params":"Unix_UDP 准备完毕,开始接收消息!","operate_result":"信息","failed_reason":""}
{"user":"x_finder3","timestamp":"2024-08-30T16:11:06.776770","nav_name":"dns","action":"启动参数","params":"unix_udp: \/tmp\/dns_proto,","operate_result":"信息","failed_reason":""}
{"user":"x_finder3","timestamp":"2024-08-30T16:11:06.802724","nav_name":"dns","action":"组件启动","params":"开始验证授权....","operate_result":"信息","failed_reason":""}
{"user":"x_finder3","timestamp":"2024-08-30T16:11:06.803164","nav_name":"dns","action":"组件启动","params":"授权验证完成!","operate_result":"信息","failed_reason":""}
{"user":"x_finder3","timestamp":"2024-08-30T16:11:06.804057","nav_name":"dns","action":"组件启动","params":"数据窗口函数-0, 定时任务函数-0","operate_result":"信息","failed_reason":""}
{"user":"x_finder3","timestamp":"2024-08-30T16:11:06.804270","nav_name":"dns","action":"事件主循环","params":"Unix_UDP 建立中","operate_result":"信息","failed_reason":""}
{"user":"x_finder3","timestamp":"2024-08-30T16:11:06.804434","nav_name":"dns","action":"启动完成","params":"Unix_UDP 准备完毕,开始接收消息!","operate_result":"信息","failed_reason":""}
