2024-04-04 00:30:28,546 - fbi-eng - ERROR - ####### autorun task start ######
2024-04-04 00:30:28,547 - fbi-eng - ERROR - ####### run once task start ######
2024-04-04 00:31:48,519 - fbi-eng - ERROR - ####### autorun task start ######
2024-04-04 00:31:48,520 - fbi-eng - ERROR - ####### run once task start ######
2024-04-04 00:38:08,388 - fbi-eng - ERROR - ####### autorun task start ######
2024-04-04 00:38:08,389 - fbi-eng - ERROR - ####### run once task start ######
2024-04-03 16:52:14,489 - fbi-eng - ERROR - ####### autorun task start ######
2024-04-03 16:52:14,490 - fbi-eng - ERROR - ####### run once task start ######
2024-04-03 16:53:54,084 - fbi-eng - ERROR - ####### autorun task start ######
2024-04-03 16:53:54,084 - fbi-eng - ERROR - ####### run once task start ######
2024-04-07 14:30:39,266 - fbi-eng - ERROR - ####### autorun task start ######
2024-04-07 14:30:39,266 - fbi-eng - ERROR - ####### run once task start ######
2024-04-07 14:37:10,371 - fbi-eng - ERROR - ####### autorun task start ######
2024-04-07 14:37:10,372 - fbi-eng - ERROR - ####### run once task start ######
2024-04-07 14:50:51,673 - fbi-eng - ERROR - ####### autorun task start ######
2024-04-07 14:50:51,674 - fbi-eng - ERROR - ####### run once task start ######
2024-04-07 17:04:22,237 - fbi-eng - ERROR - ####### autorun task start ######
2024-04-07 17:04:22,237 - fbi-eng - ERROR - ####### run once task start ######
2024-04-08 10:58:45,674 - fbi-eng - ERROR - ####### autorun task start ######
2024-04-08 10:58:45,675 - fbi-eng - ERROR - ####### run once task start ######
2024-04-08 14:36:41,776 - fbi-eng - ERROR - ####### autorun task start ######
2024-04-08 14:36:41,776 - fbi-eng - ERROR - ####### run once task start ######
2024-04-08 14:38:34,001 - fbi-eng - ERROR - ####### autorun task start ######
2024-04-08 14:38:34,002 - fbi-eng - ERROR - ####### run once task start ######
2024-04-08 15:31:57,859 - fbi-eng - ERROR - ####### autorun task start ######
2024-04-08 15:31:57,859 - fbi-eng - ERROR - ####### run once task start ######
2024-04-22 14:05:13,136 - fbi-eng - ERROR - ####### autorun task start ######
2024-04-22 14:05:13,137 - fbi-eng - ERROR - ####### run once task start ######
2024-04-22 14:20:58,683 - fbi-eng - ERROR - ####### autorun task start ######
2024-04-22 14:20:58,684 - fbi-eng - ERROR - ####### run once task start ######
2024-04-22 14:52:34,452 - fbi-eng - ERROR - ####### autorun task start ######
2024-04-22 14:52:34,453 - fbi-eng - ERROR - ####### run once task start ######
2024-04-23 15:21:26,787 - fbi-eng - ERROR - ####### autorun task start ######
2024-04-23 15:21:26,788 - fbi-eng - ERROR - ####### run once task start ######
2024-04-23 16:56:41,707 - fbi-eng - ERROR - ####### autorun task start ######
2024-04-23 16:56:41,708 - fbi-eng - ERROR - ####### run once task start ######
2024-04-23 17:08:58,247 - fbi-eng - ERROR - ####### autorun task start ######
2024-04-23 17:08:58,248 - fbi-eng - ERROR - ####### run once task start ######
2024-04-23 17:18:29,787 - fbi-eng - ERROR - ####### autorun task start ######
2024-04-23 17:18:29,788 - fbi-eng - ERROR - ####### run once task start ######
2024-04-23 17:24:06,286 - fbi-eng - ERROR - ####### autorun task start ######
2024-04-23 17:24:06,286 - fbi-eng - ERROR - ####### run once task start ######
2024-04-23 17:31:04,054 - fbi-eng - ERROR - ####### autorun task start ######
2024-04-23 17:31:04,055 - fbi-eng - ERROR - ####### run once task start ######
2024-04-23 17:32:05,045 - fbi-eng - ERROR - ####### autorun task start ######
2024-04-23 17:32:05,046 - fbi-eng - ERROR - ####### run once task start ######
2024-04-23 17:34:09,016 - fbi-eng - ERROR - ####### autorun task start ######
2024-04-23 17:34:09,017 - fbi-eng - ERROR - ####### run once task start ######
2024-04-23 17:37:52,550 - fbi-eng - ERROR - ####### autorun task start ######
2024-04-23 17:37:52,550 - fbi-eng - ERROR - ####### run once task start ######
2024-04-23 17:43:00,820 - fbi-eng - ERROR - ####### autorun task start ######
2024-04-23 17:43:00,820 - fbi-eng - ERROR - ####### run once task start ######
2024-04-24 17:10:06,084 - fbi-eng - ERROR - ####### autorun task start ######
2024-04-24 17:10:06,084 - fbi-eng - ERROR - ####### run once task start ######
2024-04-25 11:16:40,178 - fbi-eng - ERROR - ####### autorun task start ######
2024-04-25 11:16:40,178 - fbi-eng - ERROR - ####### run once task start ######
2024-04-25 11:25:50,568 - fbi-eng - ERROR - ####### autorun task start ######
2024-04-25 11:25:50,569 - fbi-eng - ERROR - ####### run once task start ######
2024-04-25 11:38:48,032 - fbi-eng - ERROR - ####### autorun task start ######
2024-04-25 11:38:48,032 - fbi-eng - ERROR - ####### run once task start ######
2024-04-25 11:56:49,607 - fbi-eng - ERROR - ####### autorun task start ######
2024-04-25 11:56:49,607 - fbi-eng - ERROR - ####### run once task start ######
2024-04-25 12:01:20,561 - fbi-eng - ERROR - ####### autorun task start ######
2024-04-25 12:01:20,561 - fbi-eng - ERROR - ####### run once task start ######
2024-04-25 12:06:48,873 - fbi-eng - ERROR - ####### autorun task start ######
2024-04-25 12:06:48,874 - fbi-eng - ERROR - ####### run once task start ######
2024-04-25 12:15:15,721 - fbi-eng - ERROR - ####### autorun task start ######
2024-04-25 12:15:15,722 - fbi-eng - ERROR - ####### run once task start ######
2024-04-25 12:26:04,705 - fbi-eng - ERROR - ####### autorun task start ######
2024-04-25 12:26:04,705 - fbi-eng - ERROR - ####### run once task start ######
2024-04-25 12:30:30,944 - fbi-eng - ERROR - ####### autorun task start ######
2024-04-25 12:30:30,944 - fbi-eng - ERROR - ####### run once task start ######
2024-04-25 12:32:55,880 - fbi-eng - ERROR - ####### autorun task start ######
2024-04-25 12:32:55,881 - fbi-eng - ERROR - ####### run once task start ######
2024-04-29 10:24:54,122 - fbi-eng - ERROR - ####### autorun task start ######
2024-04-29 10:24:54,122 - fbi-eng - ERROR - ####### run once task start ######
2024-04-29 10:38:01,964 - fbi-eng - ERROR - ####### autorun task start ######
2024-04-29 10:38:01,965 - fbi-eng - ERROR - ####### run once task start ######
2024-04-29 11:16:17,007 - fbi-eng - ERROR - ####### autorun task start ######
2024-04-29 11:16:17,008 - fbi-eng - ERROR - ####### run once task start ######
2024-04-29 15:45:14,258 - fbi-eng - ERROR - ####### autorun task start ######
2024-04-29 15:45:14,259 - fbi-eng - ERROR - ####### run once task start ######
2024-04-30 13:04:14,183 - fbi-eng - ERROR - ####### autorun task start ######
2024-04-30 13:04:14,183 - fbi-eng - ERROR - ####### run once task start ######
2024-05-06 09:50:32,712 - fbi-eng - ERROR - ####### autorun task start ######
2024-05-06 09:50:32,713 - fbi-eng - ERROR - ####### run once task start ######
2024-05-07 14:29:14,627 - fbi-eng - ERROR - ####### autorun task start ######
2024-05-07 14:29:14,628 - fbi-eng - ERROR - ####### run once task start ######
2024-05-07 16:57:17,652 - fbi-eng - ERROR - ####### autorun task start ######
2024-05-07 16:57:17,653 - fbi-eng - ERROR - ####### run once task start ######
2024-05-07 16:59:38,100 - fbi-eng - ERROR - ####### autorun task start ######
2024-05-07 16:59:38,101 - fbi-eng - ERROR - ####### run once task start ######
2024-05-07 17:00:27,216 - fbi-eng - ERROR - ####### autorun task start ######
2024-05-07 17:00:27,216 - fbi-eng - ERROR - ####### run once task start ######
2024-05-08 10:56:28,079 - fbi-eng - ERROR - ####### autorun task start ######
2024-05-08 10:56:28,080 - fbi-eng - ERROR - ####### run once task start ######
2024-05-08 11:01:44,481 - fbi-eng - ERROR - ####### autorun task start ######
2024-05-08 11:01:44,482 - fbi-eng - ERROR - ####### run once task start ######
2024-05-08 11:05:13,069 - fbi-eng - ERROR - ####### autorun task start ######
2024-05-08 11:05:13,070 - fbi-eng - ERROR - ####### run once task start ######
2024-05-08 14:30:12,488 - fbi-eng - ERROR - ####### autorun task start ######
2024-05-08 14:30:12,488 - fbi-eng - ERROR - ####### run once task start ######
2024-05-08 14:48:40,809 - fbi-eng - ERROR - ####### autorun task start ######
2024-05-08 14:48:40,810 - fbi-eng - ERROR - ####### run once task start ######
2024-05-08 14:52:26,182 - fbi-eng - ERROR - ####### autorun task start ######
2024-05-08 14:52:26,183 - fbi-eng - ERROR - ####### run once task start ######
2024-05-08 15:06:06,895 - fbi-eng - ERROR - ####### autorun task start ######
2024-05-08 15:06:06,896 - fbi-eng - ERROR - ####### run once task start ######
2024-05-09 11:51:14,211 - fbi-eng - ERROR - ####### autorun task start ######
2024-05-09 11:51:14,212 - fbi-eng - ERROR - ####### run once task start ######
2024-05-09 16:20:44,063 - fbi-eng - ERROR - ####### autorun task start ######
2024-05-09 16:20:44,064 - fbi-eng - ERROR - ####### run once task start ######
2024-05-10 16:59:10,679 - fbi-eng - ERROR - ####### autorun task start ######
2024-05-10 16:59:10,680 - fbi-eng - ERROR - ####### run once task start ######
2024-05-10 17:29:55,161 - fbi-eng - ERROR - ####### autorun task start ######
2024-05-10 17:29:55,161 - fbi-eng - ERROR - ####### run once task start ######
2024-05-10 17:38:45,015 - fbi-eng - ERROR - ####### autorun task start ######
2024-05-10 17:38:45,015 - fbi-eng - ERROR - ####### run once task start ######
2024-05-10 17:55:39,198 - fbi-eng - ERROR - ####### autorun task start ######
2024-05-10 17:55:39,199 - fbi-eng - ERROR - ####### run once task start ######
2024-05-10 17:59:08,206 - fbi-eng - ERROR - ####### autorun task start ######
2024-05-10 17:59:08,207 - fbi-eng - ERROR - ####### run once task start ######
2024-05-10 18:02:39,709 - fbi-eng - ERROR - ####### autorun task start ######
2024-05-10 18:02:39,709 - fbi-eng - ERROR - ####### run once task start ######
2024-05-11 10:03:59,320 - fbi-eng - ERROR - ####### autorun task start ######
2024-05-11 10:03:59,320 - fbi-eng - ERROR - ####### run once task start ######
2024-05-11 10:24:49,498 - fbi-eng - ERROR - ####### autorun task start ######
2024-05-11 10:24:49,499 - fbi-eng - ERROR - ####### run once task start ######
2024-05-11 11:10:35,588 - fbi-eng - ERROR - ####### autorun task start ######
2024-05-11 11:10:35,589 - fbi-eng - ERROR - ####### run once task start ######
2024-05-11 16:50:36,795 - fbi-eng - ERROR - ####### autorun task start ######
2024-05-11 16:50:36,796 - fbi-eng - ERROR - ####### run once task start ######
2024-05-13 09:54:46,208 - fbi-eng - ERROR - ####### autorun task start ######
2024-05-13 09:54:46,208 - fbi-eng - ERROR - ####### run once task start ######
2024-05-13 16:16:59,158 - fbi-eng - ERROR - ####### autorun task start ######
2024-05-13 16:16:59,159 - fbi-eng - ERROR - ####### run once task start ######
2024-05-13 16:30:14,835 - fbi-eng - ERROR - ####### autorun task start ######
2024-05-13 16:30:14,835 - fbi-eng - ERROR - ####### run once task start ######
2024-05-16 16:05:01,130 - fbi-eng - ERROR - ####### autorun task start ######
2024-05-16 16:05:01,130 - fbi-eng - ERROR - ####### run once task start ######
2024-05-17 11:34:33,468 - fbi-eng - ERROR - ####### autorun task start ######
2024-05-17 11:34:33,468 - fbi-eng - ERROR - ####### run once task start ######
2024-05-17 17:07:20,800 - fbi-eng - ERROR - ####### autorun task start ######
2024-05-17 17:07:20,801 - fbi-eng - ERROR - ####### run once task start ######
2024-05-17 17:12:02,577 - fbi-eng - ERROR - ####### autorun task start ######
2024-05-17 17:12:02,578 - fbi-eng - ERROR - ####### run once task start ######
2024-05-17 17:15:12,436 - fbi-eng - ERROR - ####### autorun task start ######
2024-05-17 17:15:12,437 - fbi-eng - ERROR - ####### run once task start ######
2024-05-17 17:22:04,636 - fbi-eng - ERROR - ####### autorun task start ######
2024-05-17 17:22:04,636 - fbi-eng - ERROR - ####### run once task start ######
2024-05-20 09:56:47,006 - fbi-eng - ERROR - ####### autorun task start ######
2024-05-20 09:56:47,007 - fbi-eng - ERROR - ####### run once task start ######
2024-05-20 10:11:47,561 - fbi-eng - ERROR - ####### autorun task start ######
2024-05-20 10:11:47,562 - fbi-eng - ERROR - ####### run once task start ######
2024-05-21 09:37:46,584 - fbi-eng - ERROR - ####### autorun task start ######
2024-05-21 09:37:46,584 - fbi-eng - ERROR - ####### run once task start ######
2024-05-21 16:59:44,607 - fbi-eng - ERROR - ####### autorun task start ######
2024-05-21 16:59:44,607 - fbi-eng - ERROR - ####### run once task start ######
2024-05-21 17:21:48,952 - fbi-eng - ERROR - ####### autorun task start ######
2024-05-21 17:21:48,952 - fbi-eng - ERROR - ####### run once task start ######
2024-05-23 11:26:55,244 - fbi-eng - ERROR - ####### autorun task start ######
2024-05-23 11:26:55,245 - fbi-eng - ERROR - ####### run once task start ######
2024-06-17 09:58:56,034 - fbi-eng - ERROR - ####### autorun task start ######
2024-06-17 09:58:56,035 - fbi-eng - ERROR - ####### run once task start ######
2024-06-18 15:51:19,555 - fbi-eng - ERROR - ####### autorun task start ######
2024-06-18 15:51:19,556 - fbi-eng - ERROR - ####### run once task start ######
2024-06-18 15:54:08,274 - fbi-eng - ERROR - ####### autorun task start ######
2024-06-18 15:54:08,274 - fbi-eng - ERROR - ####### run once task start ######
2024-06-18 15:58:15,908 - fbi-eng - ERROR - ####### autorun task start ######
2024-06-18 15:58:15,909 - fbi-eng - ERROR - ####### run once task start ######
2024-06-18 16:02:08,708 - fbi-eng - ERROR - ####### autorun task start ######
2024-06-18 16:02:08,708 - fbi-eng - ERROR - ####### run once task start ######
2024-06-18 16:02:56,754 - fbi-eng - ERROR - ####### autorun task start ######
2024-06-18 16:02:56,754 - fbi-eng - ERROR - ####### run once task start ######
2024-06-18 16:03:59,204 - fbi-eng - ERROR - ####### autorun task start ######
2024-06-18 16:03:59,204 - fbi-eng - ERROR - ####### run once task start ######
2024-06-18 16:09:57,184 - fbi-eng - ERROR - ####### autorun task start ######
2024-06-18 16:09:57,184 - fbi-eng - ERROR - ####### run once task start ######
2024-06-18 16:16:49,539 - fbi-eng - ERROR - ####### autorun task start ######
2024-06-18 16:16:49,540 - fbi-eng - ERROR - ####### run once task start ######
2024-06-18 16:24:47,156 - fbi-eng - ERROR - ####### autorun task start ######
2024-06-18 16:24:47,157 - fbi-eng - ERROR - ####### run once task start ######
2024-06-18 16:26:00,383 - fbi-eng - ERROR - ####### autorun task start ######
2024-06-18 16:26:00,384 - fbi-eng - ERROR - ####### run once task start ######
2024-06-18 16:27:40,010 - fbi-eng - ERROR - ####### autorun task start ######
2024-06-18 16:27:40,011 - fbi-eng - ERROR - ####### run once task start ######
2024-06-18 16:29:45,207 - fbi-eng - ERROR - ####### autorun task start ######
2024-06-18 16:29:45,208 - fbi-eng - ERROR - ####### run once task start ######
2024-06-18 16:30:52,377 - fbi-eng - ERROR - ####### autorun task start ######
2024-06-18 16:30:52,377 - fbi-eng - ERROR - ####### run once task start ######
2024-06-18 17:10:35,680 - fbi-eng - ERROR - ####### autorun task start ######
2024-06-18 17:10:35,680 - fbi-eng - ERROR - ####### run once task start ######
2024-06-18 17:14:53,142 - fbi-eng - ERROR - ####### autorun task start ######
2024-06-18 17:14:53,143 - fbi-eng - ERROR - ####### run once task start ######
2024-06-18 17:16:46,919 - fbi-eng - ERROR - ####### autorun task start ######
2024-06-18 17:16:46,920 - fbi-eng - ERROR - ####### run once task start ######
2024-06-18 17:18:09,530 - fbi-eng - ERROR - ####### autorun task start ######
2024-06-18 17:18:09,530 - fbi-eng - ERROR - ####### run once task start ######
2024-06-18 17:24:03,736 - fbi-eng - ERROR - ####### autorun task start ######
2024-06-18 17:24:03,736 - fbi-eng - ERROR - ####### run once task start ######
2024-06-18 17:35:27,577 - fbi-eng - ERROR - ####### autorun task start ######
2024-06-18 17:35:27,578 - fbi-eng - ERROR - ####### run once task start ######
2024-06-19 10:32:37,477 - fbi-eng - ERROR - ####### autorun task start ######
2024-06-19 10:32:37,478 - fbi-eng - ERROR - ####### run once task start ######
2024-06-19 10:33:52,466 - fbi-eng - ERROR - ####### autorun task start ######
2024-06-19 10:33:52,466 - fbi-eng - ERROR - ####### run once task start ######
2024-06-19 10:35:25,521 - fbi-eng - ERROR - ####### autorun task start ######
2024-06-19 10:35:25,522 - fbi-eng - ERROR - ####### run once task start ######
2024-06-19 11:13:57,392 - fbi-eng - ERROR - ####### autorun task start ######
2024-06-19 11:13:57,393 - fbi-eng - ERROR - ####### run once task start ######
2024-06-19 11:28:59,305 - fbi-eng - ERROR - ####### autorun task start ######
2024-06-19 11:28:59,306 - fbi-eng - ERROR - ####### run once task start ######
2024-06-19 12:05:38,212 - fbi-eng - ERROR - ####### autorun task start ######
2024-06-19 12:05:38,213 - fbi-eng - ERROR - ####### run once task start ######
2024-06-19 14:29:58,565 - fbi-eng - ERROR - ####### autorun task start ######
2024-06-19 14:29:58,566 - fbi-eng - ERROR - ####### run once task start ######
2024-06-19 14:59:13,353 - fbi-eng - ERROR - ####### autorun task start ######
2024-06-19 14:59:13,354 - fbi-eng - ERROR - ####### run once task start ######
2024-06-19 15:12:43,945 - fbi-eng - ERROR - ####### autorun task start ######
2024-06-19 15:12:43,946 - fbi-eng - ERROR - ####### run once task start ######
2024-06-19 15:15:30,868 - fbi-eng - ERROR - ####### autorun task start ######
2024-06-19 15:15:30,869 - fbi-eng - ERROR - ####### run once task start ######
2024-06-19 15:21:03,495 - fbi-eng - ERROR - ####### autorun task start ######
2024-06-19 15:21:03,495 - fbi-eng - ERROR - ####### run once task start ######
2024-06-19 15:22:14,673 - fbi-eng - ERROR - ####### autorun task start ######
2024-06-19 15:22:14,674 - fbi-eng - ERROR - ####### run once task start ######
2024-06-19 15:24:12,888 - fbi-eng - ERROR - ####### autorun task start ######
2024-06-19 15:24:12,889 - fbi-eng - ERROR - ####### run once task start ######
2024-06-19 15:27:09,000 - fbi-eng - ERROR - ####### autorun task start ######
2024-06-19 15:27:09,000 - fbi-eng - ERROR - ####### run once task start ######
2024-06-19 15:28:48,151 - fbi-eng - ERROR - ####### autorun task start ######
2024-06-19 15:28:48,151 - fbi-eng - ERROR - ####### run once task start ######
2024-06-19 15:32:41,424 - fbi-eng - ERROR - ####### autorun task start ######
2024-06-19 15:32:41,424 - fbi-eng - ERROR - ####### run once task start ######
2024-06-19 15:32:57,979 - fbi-eng - ERROR - ####### autorun task start ######
2024-06-19 15:32:57,980 - fbi-eng - ERROR - ####### run once task start ######
2024-06-19 15:39:09,492 - fbi-eng - ERROR - ####### autorun task start ######
2024-06-19 15:39:09,493 - fbi-eng - ERROR - ####### run once task start ######
2024-06-19 15:51:27,727 - fbi-eng - ERROR - ####### autorun task start ######
2024-06-19 15:51:27,728 - fbi-eng - ERROR - ####### run once task start ######
2024-06-19 15:52:57,319 - fbi-eng - ERROR - ####### autorun task start ######
2024-06-19 15:52:57,320 - fbi-eng - ERROR - ####### run once task start ######
2024-06-19 16:00:09,964 - fbi-eng - ERROR - ####### autorun task start ######
2024-06-19 16:00:09,965 - fbi-eng - ERROR - ####### run once task start ######
2024-06-19 16:14:10,446 - fbi-eng - ERROR - ####### autorun task start ######
2024-06-19 16:14:10,447 - fbi-eng - ERROR - ####### run once task start ######
2024-06-19 16:15:17,019 - fbi-eng - ERROR - ####### autorun task start ######
2024-06-19 16:15:17,020 - fbi-eng - ERROR - ####### run once task start ######
2024-06-19 16:38:55,877 - fbi-eng - ERROR - ####### autorun task start ######
2024-06-19 16:38:55,878 - fbi-eng - ERROR - ####### run once task start ######
2024-06-19 17:12:45,936 - fbi-eng - ERROR - ####### autorun task start ######
2024-06-19 17:12:45,936 - fbi-eng - ERROR - ####### run once task start ######
2024-06-19 17:19:40,851 - fbi-eng - ERROR - ####### autorun task start ######
2024-06-19 17:19:40,852 - fbi-eng - ERROR - ####### run once task start ######
2024-06-19 17:23:37,210 - fbi-eng - ERROR - ####### autorun task start ######
2024-06-19 17:23:37,210 - fbi-eng - ERROR - ####### run once task start ######
2024-06-19 17:33:04,534 - fbi-eng - ERROR - ####### autorun task start ######
2024-06-19 17:33:04,534 - fbi-eng - ERROR - ####### run once task start ######
2024-06-20 09:34:53,225 - fbi-eng - ERROR - ####### autorun task start ######
2024-06-20 09:34:53,225 - fbi-eng - ERROR - ####### run once task start ######
2024-06-20 09:41:55,655 - fbi-eng - ERROR - ####### autorun task start ######
2024-06-20 09:41:55,656 - fbi-eng - ERROR - ####### run once task start ######
2024-06-20 09:43:10,392 - fbi-eng - ERROR - ####### autorun task start ######
2024-06-20 09:43:10,393 - fbi-eng - ERROR - ####### run once task start ######
2024-06-20 10:05:38,829 - fbi-eng - ERROR - ####### autorun task start ######
2024-06-20 10:05:38,829 - fbi-eng - ERROR - ####### run once task start ######
2024-06-20 10:07:22,695 - fbi-eng - ERROR - ####### autorun task start ######
2024-06-20 10:07:22,696 - fbi-eng - ERROR - ####### run once task start ######
2024-06-20 10:09:37,078 - fbi-eng - ERROR - ####### autorun task start ######
2024-06-20 10:09:37,079 - fbi-eng - ERROR - ####### run once task start ######
2024-06-20 10:10:56,783 - fbi-eng - ERROR - ####### autorun task start ######
2024-06-20 10:10:56,784 - fbi-eng - ERROR - ####### run once task start ######
2024-06-20 10:12:22,812 - fbi-eng - ERROR - ####### autorun task start ######
2024-06-20 10:12:22,813 - fbi-eng - ERROR - ####### run once task start ######
2024-06-20 10:25:28,825 - fbi-eng - ERROR - ####### autorun task start ######
2024-06-20 10:25:28,825 - fbi-eng - ERROR - ####### run once task start ######
2024-06-20 10:33:43,904 - fbi-eng - ERROR - ####### autorun task start ######
2024-06-20 10:33:43,905 - fbi-eng - ERROR - ####### run once task start ######
2024-06-20 10:35:21,574 - fbi-eng - ERROR - ####### autorun task start ######
2024-06-20 10:35:21,574 - fbi-eng - ERROR - ####### run once task start ######
2024-06-20 10:54:12,405 - fbi-eng - ERROR - ####### autorun task start ######
2024-06-20 10:54:12,406 - fbi-eng - ERROR - ####### run once task start ######
2024-06-20 10:57:05,451 - fbi-eng - ERROR - ####### autorun task start ######
2024-06-20 10:57:05,451 - fbi-eng - ERROR - ####### run once task start ######
2024-06-20 10:58:01,203 - fbi-eng - ERROR - ####### autorun task start ######
2024-06-20 10:58:01,204 - fbi-eng - ERROR - ####### run once task start ######
2024-06-20 10:59:15,690 - fbi-eng - ERROR - ####### autorun task start ######
2024-06-20 10:59:15,691 - fbi-eng - ERROR - ####### run once task start ######
2024-06-20 11:01:33,324 - fbi-eng - ERROR - ####### autorun task start ######
2024-06-20 11:01:33,324 - fbi-eng - ERROR - ####### run once task start ######
2024-06-20 11:05:58,460 - fbi-eng - ERROR - ####### autorun task start ######
2024-06-20 11:05:58,460 - fbi-eng - ERROR - ####### run once task start ######
2024-06-20 11:06:56,907 - fbi-eng - ERROR - ####### autorun task start ######
2024-06-20 11:06:56,908 - fbi-eng - ERROR - ####### run once task start ######
2024-06-20 11:07:04,257 - fbi-eng - ERROR - ####### autorun task start ######
2024-06-20 11:07:04,257 - fbi-eng - ERROR - ####### run once task start ######
2024-06-20 11:23:46,407 - fbi-eng - ERROR - ####### autorun task start ######
2024-06-20 11:23:46,407 - fbi-eng - ERROR - ####### run once task start ######
2024-06-20 11:26:01,913 - fbi-eng - ERROR - ####### autorun task start ######
2024-06-20 11:26:01,913 - fbi-eng - ERROR - ####### run once task start ######
2024-06-20 11:31:30,275 - fbi-eng - ERROR - ####### autorun task start ######
2024-06-20 11:31:30,276 - fbi-eng - ERROR - ####### run once task start ######
2024-06-20 11:48:55,320 - fbi-eng - ERROR - ####### autorun task start ######
2024-06-20 11:48:55,320 - fbi-eng - ERROR - ####### run once task start ######
2024-06-20 14:34:07,799 - fbi-eng - ERROR - ####### autorun task start ######
2024-06-20 14:34:07,799 - fbi-eng - ERROR - ####### run once task start ######
2024-06-20 14:35:54,977 - fbi-eng - ERROR - ####### autorun task start ######
2024-06-20 14:35:54,978 - fbi-eng - ERROR - ####### run once task start ######
2024-06-20 14:38:24,917 - fbi-eng - ERROR - ####### autorun task start ######
2024-06-20 14:38:24,918 - fbi-eng - ERROR - ####### run once task start ######
2024-06-20 14:39:26,638 - fbi-eng - ERROR - ####### autorun task start ######
2024-06-20 14:39:26,639 - fbi-eng - ERROR - ####### run once task start ######
2024-06-20 14:41:50,360 - fbi-eng - ERROR - ####### autorun task start ######
2024-06-20 14:41:50,361 - fbi-eng - ERROR - ####### run once task start ######
2024-06-20 14:43:46,124 - fbi-eng - ERROR - ####### autorun task start ######
2024-06-20 14:43:46,125 - fbi-eng - ERROR - ####### run once task start ######
2024-06-20 14:45:05,430 - fbi-eng - ERROR - ####### autorun task start ######
2024-06-20 14:45:05,431 - fbi-eng - ERROR - ####### run once task start ######
2024-06-20 14:47:15,672 - fbi-eng - ERROR - ####### autorun task start ######
2024-06-20 14:47:15,673 - fbi-eng - ERROR - ####### run once task start ######
2024-06-20 14:48:34,076 - fbi-eng - ERROR - ####### autorun task start ######
2024-06-20 14:48:34,077 - fbi-eng - ERROR - ####### run once task start ######
2024-06-20 14:54:35,414 - fbi-eng - ERROR - ####### autorun task start ######
2024-06-20 14:54:35,414 - fbi-eng - ERROR - ####### run once task start ######
2024-06-20 14:58:47,128 - fbi-eng - ERROR - ####### autorun task start ######
2024-06-20 14:58:47,129 - fbi-eng - ERROR - ####### run once task start ######
2024-06-20 15:08:07,169 - fbi-eng - ERROR - ####### autorun task start ######
2024-06-20 15:08:07,170 - fbi-eng - ERROR - ####### run once task start ######
2024-06-20 15:09:36,184 - fbi-eng - ERROR - ####### autorun task start ######
2024-06-20 15:09:36,185 - fbi-eng - ERROR - ####### run once task start ######
2024-06-20 15:13:53,980 - fbi-eng - ERROR - ####### autorun task start ######
2024-06-20 15:13:53,980 - fbi-eng - ERROR - ####### run once task start ######
2024-06-20 15:14:41,793 - fbi-eng - ERROR - ####### autorun task start ######
2024-06-20 15:14:41,794 - fbi-eng - ERROR - ####### run once task start ######
2024-06-20 15:15:35,144 - fbi-eng - ERROR - ####### autorun task start ######
2024-06-20 15:15:35,144 - fbi-eng - ERROR - ####### run once task start ######
2024-06-20 15:26:16,110 - fbi-eng - ERROR - ####### autorun task start ######
2024-06-20 15:26:16,111 - fbi-eng - ERROR - ####### run once task start ######
2024-06-20 15:27:17,713 - fbi-eng - ERROR - ####### autorun task start ######
2024-06-20 15:27:17,714 - fbi-eng - ERROR - ####### run once task start ######
2024-06-20 15:28:24,478 - fbi-eng - ERROR - ####### autorun task start ######
2024-06-20 15:28:24,479 - fbi-eng - ERROR - ####### run once task start ######
2024-06-20 15:29:29,823 - fbi-eng - ERROR - ####### autorun task start ######
2024-06-20 15:29:29,823 - fbi-eng - ERROR - ####### run once task start ######
2024-06-20 15:32:00,276 - fbi-eng - ERROR - ####### autorun task start ######
2024-06-20 15:32:00,276 - fbi-eng - ERROR - ####### run once task start ######
2024-06-20 15:41:50,076 - fbi-eng - ERROR - ####### autorun task start ######
2024-06-20 15:41:50,076 - fbi-eng - ERROR - ####### run once task start ######
2024-06-20 15:42:27,438 - fbi-eng - ERROR - ####### autorun task start ######
2024-06-20 15:42:27,439 - fbi-eng - ERROR - ####### run once task start ######
2024-06-20 15:42:29,447 - fbi-eng - ERROR - ####### autorun task start ######
2024-06-20 15:42:29,447 - fbi-eng - ERROR - ####### run once task start ######
2024-06-20 15:43:22,827 - fbi-eng - ERROR - ####### autorun task start ######
2024-06-20 15:43:22,827 - fbi-eng - ERROR - ####### run once task start ######
2024-06-20 15:44:40,451 - fbi-eng - ERROR - ####### autorun task start ######
2024-06-20 15:44:40,452 - fbi-eng - ERROR - ####### run once task start ######
2024-06-20 15:46:22,033 - fbi-eng - ERROR - ####### autorun task start ######
2024-06-20 15:46:22,034 - fbi-eng - ERROR - ####### run once task start ######
2024-06-20 15:47:54,871 - fbi-eng - ERROR - ####### autorun task start ######
2024-06-20 15:47:54,872 - fbi-eng - ERROR - ####### run once task start ######
2024-06-20 15:51:04,996 - fbi-eng - ERROR - ####### autorun task start ######
2024-06-20 15:51:04,997 - fbi-eng - ERROR - ####### run once task start ######
2024-06-20 15:53:24,755 - fbi-eng - ERROR - ####### autorun task start ######
2024-06-20 15:53:24,755 - fbi-eng - ERROR - ####### run once task start ######
2024-06-20 17:50:01,056 - fbi-eng - ERROR - ####### autorun task start ######
2024-06-20 17:50:01,057 - fbi-eng - ERROR - ####### run once task start ######
2024-06-21 10:12:23,862 - fbi-eng - ERROR - ####### autorun task start ######
2024-06-21 10:12:23,863 - fbi-eng - ERROR - ####### run once task start ######
2024-06-21 10:14:09,502 - fbi-eng - ERROR - ####### autorun task start ######
2024-06-21 10:14:09,502 - fbi-eng - ERROR - ####### run once task start ######
2024-06-21 10:19:42,420 - fbi-eng - ERROR - ####### autorun task start ######
2024-06-21 10:19:42,420 - fbi-eng - ERROR - ####### run once task start ######
2024-06-21 10:21:33,875 - fbi-eng - ERROR - ####### autorun task start ######
2024-06-21 10:21:33,876 - fbi-eng - ERROR - ####### run once task start ######
2024-06-21 10:27:32,335 - fbi-eng - ERROR - ####### autorun task start ######
2024-06-21 10:27:32,335 - fbi-eng - ERROR - ####### run once task start ######
2024-06-21 10:41:14,727 - fbi-eng - ERROR - ####### autorun task start ######
2024-06-21 10:41:14,728 - fbi-eng - ERROR - ####### run once task start ######
2024-06-21 10:42:43,766 - fbi-eng - ERROR - ####### autorun task start ######
2024-06-21 10:42:43,766 - fbi-eng - ERROR - ####### run once task start ######
2024-06-21 10:44:04,611 - fbi-eng - ERROR - ####### autorun task start ######
2024-06-21 10:44:04,612 - fbi-eng - ERROR - ####### run once task start ######
2024-06-21 10:44:11,869 - fbi-eng - ERROR - ####### autorun task start ######
2024-06-21 10:44:11,870 - fbi-eng - ERROR - ####### run once task start ######
2024-06-21 10:45:44,458 - fbi-eng - ERROR - ####### autorun task start ######
2024-06-21 10:45:44,458 - fbi-eng - ERROR - ####### run once task start ######
2024-06-21 10:56:05,712 - fbi-eng - ERROR - ####### autorun task start ######
2024-06-21 10:56:05,712 - fbi-eng - ERROR - ####### run once task start ######
2024-06-21 10:57:25,294 - fbi-eng - ERROR - ####### autorun task start ######
2024-06-21 10:57:25,295 - fbi-eng - ERROR - ####### run once task start ######
2024-06-21 10:59:39,913 - fbi-eng - ERROR - ####### autorun task start ######
2024-06-21 10:59:39,913 - fbi-eng - ERROR - ####### run once task start ######
2024-06-21 11:08:33,134 - fbi-eng - ERROR - ####### autorun task start ######
2024-06-21 11:08:33,135 - fbi-eng - ERROR - ####### run once task start ######
2024-06-21 11:09:37,739 - fbi-eng - ERROR - ####### autorun task start ######
2024-06-21 11:09:37,739 - fbi-eng - ERROR - ####### run once task start ######
2024-06-21 11:16:12,016 - fbi-eng - ERROR - ####### autorun task start ######
2024-06-21 11:16:12,016 - fbi-eng - ERROR - ####### run once task start ######
2024-06-21 11:43:09,766 - fbi-eng - ERROR - ####### autorun task start ######
2024-06-21 11:43:09,767 - fbi-eng - ERROR - ####### run once task start ######
2024-06-21 14:23:07,952 - fbi-eng - ERROR - ####### autorun task start ######
2024-06-21 14:23:07,952 - fbi-eng - ERROR - ####### run once task start ######
2024-06-21 14:24:46,866 - fbi-eng - ERROR - ####### autorun task start ######
2024-06-21 14:24:46,866 - fbi-eng - ERROR - ####### run once task start ######
2024-06-21 14:31:32,791 - fbi-eng - ERROR - ####### autorun task start ######
2024-06-21 14:31:32,791 - fbi-eng - ERROR - ####### run once task start ######
2024-06-21 14:47:57,458 - fbi-eng - ERROR - ####### autorun task start ######
2024-06-21 14:47:57,458 - fbi-eng - ERROR - ####### run once task start ######
2024-06-21 14:49:46,863 - fbi-eng - ERROR - ####### autorun task start ######
2024-06-21 14:49:46,864 - fbi-eng - ERROR - ####### run once task start ######
2024-06-21 15:38:04,380 - fbi-eng - ERROR - ####### autorun task start ######
2024-06-21 15:38:04,380 - fbi-eng - ERROR - ####### run once task start ######
2024-06-21 16:08:33,403 - fbi-eng - ERROR - ####### autorun task start ######
2024-06-21 16:08:33,404 - fbi-eng - ERROR - ####### run once task start ######
2024-06-24 11:16:31,635 - fbi-eng - ERROR - ####### autorun task start ######
2024-06-24 11:16:31,636 - fbi-eng - ERROR - ####### run once task start ######
2024-06-24 11:22:57,300 - fbi-eng - ERROR - ####### autorun task start ######
2024-06-24 11:22:57,301 - fbi-eng - ERROR - ####### run once task start ######
2024-06-24 14:55:11,660 - fbi-eng - ERROR - ####### autorun task start ######
2024-06-24 14:55:11,661 - fbi-eng - ERROR - ####### run once task start ######
2024-06-24 14:59:06,078 - fbi-eng - ERROR - ####### autorun task start ######
2024-06-24 14:59:06,079 - fbi-eng - ERROR - ####### run once task start ######
2024-06-24 15:00:57,812 - fbi-eng - ERROR - ####### autorun task start ######
2024-06-24 15:00:57,813 - fbi-eng - ERROR - ####### run once task start ######
2024-06-24 15:02:15,757 - fbi-eng - ERROR - ####### autorun task start ######
2024-06-24 15:02:15,757 - fbi-eng - ERROR - ####### run once task start ######
2024-06-25 14:59:31,396 - fbi-eng - ERROR - ####### autorun task start ######
2024-06-25 14:59:31,397 - fbi-eng - ERROR - ####### run once task start ######
2024-06-25 15:09:32,761 - fbi-eng - ERROR - ####### autorun task start ######
2024-06-25 15:09:32,762 - fbi-eng - ERROR - ####### run once task start ######
2024-06-25 16:48:06,171 - fbi-eng - ERROR - ####### autorun task start ######
2024-06-25 16:48:06,172 - fbi-eng - ERROR - ####### run once task start ######
2024-06-25 16:56:27,356 - fbi-eng - ERROR - ####### autorun task start ######
2024-06-25 16:56:27,357 - fbi-eng - ERROR - ####### run once task start ######
2024-06-25 17:00:47,405 - fbi-eng - ERROR - ####### autorun task start ######
2024-06-25 17:00:47,405 - fbi-eng - ERROR - ####### run once task start ######
2024-06-25 17:18:36,343 - fbi-eng - ERROR - ####### autorun task start ######
2024-06-25 17:18:36,344 - fbi-eng - ERROR - ####### run once task start ######
2024-06-25 17:41:50,945 - fbi-eng - ERROR - ####### autorun task start ######
2024-06-25 17:41:50,945 - fbi-eng - ERROR - ####### run once task start ######
2024-06-26 14:44:58,380 - fbi-eng - ERROR - ####### autorun task start ######
2024-06-26 14:44:58,381 - fbi-eng - ERROR - ####### run once task start ######
2024-07-26 14:54:15,301 - fbi-eng - ERROR - ####### autorun task start ######
2024-07-26 14:54:15,302 - fbi-eng - ERROR - ####### run once task start ######
2024-07-26 14:59:49,548 - fbi-eng - ERROR - ####### autorun task start ######
2024-07-26 14:59:49,548 - fbi-eng - ERROR - ####### run once task start ######
2024-07-26 15:05:56,487 - fbi-eng - ERROR - ####### autorun task start ######
2024-07-26 15:05:56,487 - fbi-eng - ERROR - ####### run once task start ######
2024-07-26 16:42:56,112 - fbi-eng - ERROR - ####### autorun task start ######
2024-07-26 16:42:56,113 - fbi-eng - ERROR - ####### run once task start ######
2024-07-29 11:02:05,872 - fbi-eng - ERROR - ####### autorun task start ######
2024-07-29 11:02:05,873 - fbi-eng - ERROR - ####### run once task start ######
2024-07-29 11:05:27,676 - fbi-eng - ERROR - ####### autorun task start ######
2024-07-29 11:05:27,677 - fbi-eng - ERROR - ####### run once task start ######
2024-07-30 09:37:53,978 - fbi-eng - ERROR - ####### autorun task start ######
2024-07-30 09:37:53,979 - fbi-eng - ERROR - ####### run once task start ######
2024-07-30 09:49:46,096 - fbi-eng - ERROR - ####### autorun task start ######
2024-07-30 09:49:46,097 - fbi-eng - ERROR - ####### run once task start ######
2024-07-30 09:53:37,059 - fbi-eng - ERROR - ####### autorun task start ######
2024-07-30 09:53:37,059 - fbi-eng - ERROR - ####### run once task start ######
2024-07-30 10:03:58,258 - fbi-eng - ERROR - ####### autorun task start ######
2024-07-30 10:03:58,258 - fbi-eng - ERROR - ####### run once task start ######
2024-07-30 10:12:04,814 - fbi-eng - ERROR - ####### autorun task start ######
2024-07-30 10:12:04,815 - fbi-eng - ERROR - ####### run once task start ######
2024-07-30 10:17:39,104 - fbi-eng - ERROR - ####### autorun task start ######
2024-07-30 10:17:39,105 - fbi-eng - ERROR - ####### run once task start ######
2024-07-31 16:17:41,344 - fbi-eng - ERROR - ####### autorun task start ######
2024-07-31 16:17:41,344 - fbi-eng - ERROR - ####### run once task start ######
2024-08-01 17:38:39,791 - fbi-eng - ERROR - ####### autorun task start ######
2024-08-01 17:38:39,791 - fbi-eng - ERROR - ####### run once task start ######
2024-08-01 17:39:39,678 - fbi-eng - ERROR - ####### autorun task start ######
2024-08-01 17:39:39,678 - fbi-eng - ERROR - ####### run once task start ######
2024-08-06 09:33:56,336 - fbi-eng - ERROR - ####### autorun task start ######
2024-08-06 09:33:56,337 - fbi-eng - ERROR - ####### run once task start ######
2024-08-06 09:40:25,942 - fbi-eng - ERROR - ####### autorun task start ######
2024-08-06 09:40:25,942 - fbi-eng - ERROR - ####### run once task start ######
2024-08-06 09:41:48,814 - fbi-eng - ERROR - ####### autorun task start ######
2024-08-06 09:41:48,814 - fbi-eng - ERROR - ####### run once task start ######
2024-08-09 16:57:49,463 - fbi-eng - ERROR - ####### autorun task start ######
2024-08-09 16:57:49,463 - fbi-eng - ERROR - ####### run once task start ######
2024-08-27 16:27:41,869 - fbi-eng - ERROR - ####### autorun task start ######
2024-08-27 16:27:41,869 - fbi-eng - ERROR - ####### run once task start ######
2024-08-27 16:27:54,548 - fbi-eng - ERROR - Traceback (most recent call last):
  File "avenger/fst.py", line 216, in run_timer
ValueError: invalid literal for int() with base 10: ''

2024-08-29 14:30:46,647 - fbi-eng - ERROR - ####### autorun task start ######
2024-08-29 14:30:46,648 - fbi-eng - ERROR - ####### run once task start ######
2024-08-29 14:30:59,081 - fbi-eng - ERROR - Traceback (most recent call last):
  File "avenger/fst.py", line 216, in run_timer
ValueError: invalid literal for int() with base 10: ''

2024-08-30 10:12:48,681 - fbi-eng - ERROR - ####### autorun task start ######
2024-08-30 10:12:48,681 - fbi-eng - ERROR - ####### run once task start ######
2024-08-30 10:13:00,812 - fbi-eng - ERROR - Traceback (most recent call last):
  File "avenger/fst.py", line 216, in run_timer
ValueError: invalid literal for int() with base 10: ''

2024-08-30 10:14:38,953 - fbi-eng - ERROR - ####### autorun task start ######
2024-08-30 10:14:38,954 - fbi-eng - ERROR - ####### run once task start ######
2024-08-30 10:16:22,587 - fbi-eng - ERROR - ####### autorun task start ######
2024-08-30 10:16:22,587 - fbi-eng - ERROR - ####### run once task start ######
2024-08-30 10:16:34,789 - fbi-eng - ERROR - Traceback (most recent call last):
  File "avenger/fst.py", line 216, in run_timer
ValueError: invalid literal for int() with base 10: ''

2024-08-30 10:17:22,780 - fbi-eng - ERROR - ####### autorun task start ######
2024-08-30 10:17:22,781 - fbi-eng - ERROR - ####### run once task start ######
2024-08-30 10:17:35,125 - fbi-eng - ERROR - Traceback (most recent call last):
  File "avenger/fst.py", line 216, in run_timer
ValueError: invalid literal for int() with base 10: ''

2024-08-30 10:21:03,674 - fbi-eng - ERROR - ####### autorun task start ######
2024-08-30 10:21:03,675 - fbi-eng - ERROR - ####### run once task start ######
2024-08-30 10:21:16,101 - fbi-eng - ERROR - Traceback (most recent call last):
  File "avenger/fst.py", line 216, in run_timer
ValueError: invalid literal for int() with base 10: ''

2024-08-30 10:21:43,625 - fbi-eng - ERROR - ####### autorun task start ######
2024-08-30 10:21:43,625 - fbi-eng - ERROR - ####### run once task start ######
2024-08-30 10:21:55,890 - fbi-eng - ERROR - Traceback (most recent call last):
  File "avenger/fst.py", line 216, in run_timer
ValueError: invalid literal for int() with base 10: ''

2024-08-30 10:25:28,916 - fbi-eng - ERROR - ####### autorun task start ######
2024-08-30 10:25:28,917 - fbi-eng - ERROR - ####### run once task start ######
2024-08-30 10:25:41,109 - fbi-eng - ERROR - Traceback (most recent call last):
  File "avenger/fst.py", line 216, in run_timer
ValueError: invalid literal for int() with base 10: ''

2024-08-30 10:26:18,905 - fbi-eng - ERROR - ####### autorun task start ######
2024-08-30 10:26:18,905 - fbi-eng - ERROR - ####### run once task start ######
2024-08-30 10:26:31,502 - fbi-eng - ERROR - Traceback (most recent call last):
  File "avenger/fst.py", line 216, in run_timer
ValueError: invalid literal for int() with base 10: ''

2024-08-30 10:34:18,460 - fbi-eng - ERROR - ####### autorun task start ######
2024-08-30 10:34:18,460 - fbi-eng - ERROR - ####### run once task start ######
2024-08-30 10:34:30,764 - fbi-eng - ERROR - Traceback (most recent call last):
  File "avenger/fst.py", line 216, in run_timer
ValueError: invalid literal for int() with base 10: ''

2024-08-30 10:36:56,587 - fbi-eng - ERROR - ####### autorun task start ######
2024-08-30 10:36:56,588 - fbi-eng - ERROR - ####### run once task start ######
2024-08-30 10:37:09,157 - fbi-eng - ERROR - Traceback (most recent call last):
  File "avenger/fst.py", line 216, in run_timer
ValueError: invalid literal for int() with base 10: ''

2024-08-30 10:45:23,997 - fbi-eng - ERROR - ####### autorun task start ######
2024-08-30 10:45:23,997 - fbi-eng - ERROR - ####### run once task start ######
2024-08-30 10:45:36,495 - fbi-eng - ERROR - Traceback (most recent call last):
  File "avenger/fst.py", line 216, in run_timer
ValueError: invalid literal for int() with base 10: ''

2024-08-30 10:59:39,463 - fbi-eng - ERROR - ####### autorun task start ######
2024-08-30 10:59:39,463 - fbi-eng - ERROR - ####### run once task start ######
2024-08-30 11:12:43,323 - fbi-eng - ERROR - ####### autorun task start ######
2024-08-30 11:12:43,324 - fbi-eng - ERROR - ####### run once task start ######
2024-08-30 11:12:56,008 - fbi-eng - ERROR - Traceback (most recent call last):
  File "avenger/fst.py", line 216, in run_timer
ValueError: invalid literal for int() with base 10: ''

2024-08-30 11:16:49,556 - fbi-eng - ERROR - ####### autorun task start ######
2024-08-30 11:16:49,556 - fbi-eng - ERROR - ####### run once task start ######
2024-08-30 11:19:01,394 - fbi-eng - ERROR - ####### autorun task start ######
2024-08-30 11:19:01,395 - fbi-eng - ERROR - ####### run once task start ######
2024-08-30 15:02:10,582 - fbi-eng - ERROR - ####### autorun task start ######
2024-08-30 15:02:10,583 - fbi-eng - ERROR - ####### run once task start ######
2024-08-30 15:02:22,951 - fbi-eng - ERROR - Traceback (most recent call last):
  File "avenger/fst.py", line 216, in run_timer
ValueError: invalid literal for int() with base 10: ''

2024-08-30 15:05:51,887 - fbi-eng - ERROR - ####### autorun task start ######
2024-08-30 15:05:51,888 - fbi-eng - ERROR - ####### run once task start ######
2024-08-30 15:06:04,510 - fbi-eng - ERROR - Traceback (most recent call last):
  File "avenger/fst.py", line 216, in run_timer
ValueError: invalid literal for int() with base 10: ''

2024-08-30 15:15:11,274 - fbi-eng - ERROR - ####### autorun task start ######
2024-08-30 15:15:11,275 - fbi-eng - ERROR - ####### run once task start ######
2024-08-30 15:28:14,919 - fbi-eng - ERROR - ####### autorun task start ######
2024-08-30 15:28:14,920 - fbi-eng - ERROR - ####### run once task start ######
2024-08-30 15:40:47,919 - fbi-eng - ERROR - ####### autorun task start ######
2024-08-30 15:40:47,920 - fbi-eng - ERROR - ####### run once task start ######
2024-08-30 15:41:00,499 - fbi-eng - ERROR - Traceback (most recent call last):
  File "avenger/fst.py", line 216, in run_timer
ValueError: invalid literal for int() with base 10: ''

2024-08-30 16:10:53,095 - fbi-eng - ERROR - ####### autorun task start ######
2024-08-30 16:10:53,095 - fbi-eng - ERROR - ####### run once task start ######
2024-08-30 16:11:05,663 - fbi-eng - ERROR - Traceback (most recent call last):
  File "avenger/fst.py", line 216, in run_timer
ValueError: invalid literal for int() with base 10: ''

