{"user":"x_finder3","timestamp":"2024-06-20T17:50:12.709249","nav_name":"http_datafilter","action":"启动完成","params":"Unix_UDP 准备完毕,开始接收消息!","operate_result":"信息","failed_reason":""}
{"user":"x_finder3","timestamp":"2024-06-21T10:12:35.964420","nav_name":"http_datafilter","action":"启动参数","params":"unix_udp: \/tmp\/sen_count,","operate_result":"信息","failed_reason":""}
{"user":"x_finder3","timestamp":"2024-06-21T10:12:35.969997","nav_name":"http_datafilter","action":"组件启动","params":"开始验证授权....","operate_result":"信息","failed_reason":""}
{"user":"x_finder3","timestamp":"2024-06-21T10:12:35.970360","nav_name":"http_datafilter","action":"组件启动","params":"授权验证完成!","operate_result":"信息","failed_reason":""}
{"user":"x_finder3","timestamp":"2024-06-21T10:12:35.971352","nav_name":"http_datafilter","action":"组件启动","params":"数据窗口函数-0, 定时任务函数-3","operate_result":"信息","failed_reason":""}
{"user":"x_finder3","timestamp":"2024-06-21T10:12:35.971505","nav_name":"http_datafilter","action":"事件主循环","params":"Unix_UDP 建立中","operate_result":"信息","failed_reason":""}
{"user":"x_finder3","timestamp":"2024-06-21T10:12:35.971640","nav_name":"http_datafilter","action":"启动完成","params":"Unix_UDP 准备完毕,开始接收消息!","operate_result":"信息","failed_reason":""}
{"user":"x_finder3","timestamp":"2024-06-21T10:14:21.596905","nav_name":"http_datafilter","action":"启动参数","params":"unix_udp: \/tmp\/sen_count,","operate_result":"信息","failed_reason":""}
{"user":"x_finder3","timestamp":"2024-06-21T10:14:21.602874","nav_name":"http_datafilter","action":"组件启动","params":"开始验证授权....","operate_result":"信息","failed_reason":""}
{"user":"x_finder3","timestamp":"2024-06-21T10:14:21.603242","nav_name":"http_datafilter","action":"组件启动","params":"授权验证完成!","operate_result":"信息","failed_reason":""}
{"user":"x_finder3","timestamp":"2024-06-21T10:14:21.604516","nav_name":"http_datafilter","action":"组件启动","params":"数据窗口函数-0, 定时任务函数-3","operate_result":"信息","failed_reason":""}
{"user":"x_finder3","timestamp":"2024-06-21T10:14:21.604656","nav_name":"http_datafilter","action":"事件主循环","params":"Unix_UDP 建立中","operate_result":"信息","failed_reason":""}
{"user":"x_finder3","timestamp":"2024-06-21T10:14:21.604792","nav_name":"http_datafilter","action":"启动完成","params":"Unix_UDP 准备完毕,开始接收消息!","operate_result":"信息","failed_reason":""}
{"user":"x_finder3","timestamp":"2024-06-21T10:19:54.443369","nav_name":"http_datafilter","action":"启动参数","params":"unix_udp: \/tmp\/sen_count,","operate_result":"信息","failed_reason":""}
{"user":"x_finder3","timestamp":"2024-06-21T10:19:54.450099","nav_name":"http_datafilter","action":"组件启动","params":"开始验证授权....","operate_result":"信息","failed_reason":""}
{"user":"x_finder3","timestamp":"2024-06-21T10:19:54.450500","nav_name":"http_datafilter","action":"组件启动","params":"授权验证完成!","operate_result":"信息","failed_reason":""}
{"user":"x_finder3","timestamp":"2024-06-21T10:19:54.451811","nav_name":"http_datafilter","action":"组件启动","params":"数据窗口函数-0, 定时任务函数-3","operate_result":"信息","failed_reason":""}
{"user":"x_finder3","timestamp":"2024-06-21T10:19:54.451950","nav_name":"http_datafilter","action":"事件主循环","params":"Unix_UDP 建立中","operate_result":"信息","failed_reason":""}
{"user":"x_finder3","timestamp":"2024-06-21T10:19:54.452091","nav_name":"http_datafilter","action":"启动完成","params":"Unix_UDP 准备完毕,开始接收消息!","operate_result":"信息","failed_reason":""}
{"user":"x_finder3","timestamp":"2024-06-21T10:21:45.884599","nav_name":"http_datafilter","action":"启动参数","params":"unix_udp: \/tmp\/sen_count,","operate_result":"信息","failed_reason":""}
{"user":"x_finder3","timestamp":"2024-06-21T10:21:45.889943","nav_name":"http_datafilter","action":"组件启动","params":"开始验证授权....","operate_result":"信息","failed_reason":""}
{"user":"x_finder3","timestamp":"2024-06-21T10:21:45.890289","nav_name":"http_datafilter","action":"组件启动","params":"授权验证完成!","operate_result":"信息","failed_reason":""}
{"user":"x_finder3","timestamp":"2024-06-21T10:21:45.891229","nav_name":"http_datafilter","action":"组件启动","params":"数据窗口函数-0, 定时任务函数-3","operate_result":"信息","failed_reason":""}
{"user":"x_finder3","timestamp":"2024-06-21T10:21:45.891384","nav_name":"http_datafilter","action":"事件主循环","params":"Unix_UDP 建立中","operate_result":"信息","failed_reason":""}
{"user":"x_finder3","timestamp":"2024-06-21T10:21:45.891525","nav_name":"http_datafilter","action":"启动完成","params":"Unix_UDP 准备完毕,开始接收消息!","operate_result":"信息","failed_reason":""}
{"user":"x_finder3","timestamp":"2024-06-21T10:27:44.237965","nav_name":"http_datafilter","action":"启动参数","params":"unix_udp: \/tmp\/sen_count,","operate_result":"信息","failed_reason":""}
{"user":"x_finder3","timestamp":"2024-06-21T10:27:44.244229","nav_name":"http_datafilter","action":"组件启动","params":"开始验证授权....","operate_result":"信息","failed_reason":""}
{"user":"x_finder3","timestamp":"2024-06-21T10:27:44.244597","nav_name":"http_datafilter","action":"组件启动","params":"授权验证完成!","operate_result":"信息","failed_reason":""}
{"user":"x_finder3","timestamp":"2024-06-21T10:27:44.245594","nav_name":"http_datafilter","action":"组件启动","params":"数据窗口函数-0, 定时任务函数-3","operate_result":"信息","failed_reason":""}
{"user":"x_finder3","timestamp":"2024-06-21T10:27:44.245741","nav_name":"http_datafilter","action":"事件主循环","params":"Unix_UDP 建立中","operate_result":"信息","failed_reason":""}
{"user":"x_finder3","timestamp":"2024-06-21T10:27:44.245884","nav_name":"http_datafilter","action":"启动完成","params":"Unix_UDP 准备完毕,开始接收消息!","operate_result":"信息","failed_reason":""}
{"user":"x_finder3","timestamp":"2024-06-21T10:41:26.851422","nav_name":"http_datafilter","action":"启动参数","params":"unix_udp: \/tmp\/sen_count,","operate_result":"信息","failed_reason":""}
{"user":"x_finder3","timestamp":"2024-06-21T10:41:26.857137","nav_name":"http_datafilter","action":"组件启动","params":"开始验证授权....","operate_result":"信息","failed_reason":""}
{"user":"x_finder3","timestamp":"2024-06-21T10:41:26.857502","nav_name":"http_datafilter","action":"组件启动","params":"授权验证完成!","operate_result":"信息","failed_reason":""}
{"user":"x_finder3","timestamp":"2024-06-21T10:41:26.858551","nav_name":"http_datafilter","action":"组件启动","params":"数据窗口函数-0, 定时任务函数-3","operate_result":"信息","failed_reason":""}
{"user":"x_finder3","timestamp":"2024-06-21T10:41:26.858683","nav_name":"http_datafilter","action":"事件主循环","params":"Unix_UDP 建立中","operate_result":"信息","failed_reason":""}
{"user":"x_finder3","timestamp":"2024-06-21T10:41:26.858825","nav_name":"http_datafilter","action":"启动完成","params":"Unix_UDP 准备完毕,开始接收消息!","operate_result":"信息","failed_reason":""}
{"user":"x_finder3","timestamp":"2024-06-21T10:42:56.155180","nav_name":"http_datafilter","action":"启动参数","params":"unix_udp: \/tmp\/sen_count,","operate_result":"信息","failed_reason":""}
{"user":"x_finder3","timestamp":"2024-06-21T10:42:56.160801","nav_name":"http_datafilter","action":"组件启动","params":"开始验证授权....","operate_result":"信息","failed_reason":""}
{"user":"x_finder3","timestamp":"2024-06-21T10:42:56.161160","nav_name":"http_datafilter","action":"组件启动","params":"授权验证完成!","operate_result":"信息","failed_reason":""}
{"user":"x_finder3","timestamp":"2024-06-21T10:42:56.162219","nav_name":"http_datafilter","action":"组件启动","params":"数据窗口函数-0, 定时任务函数-3","operate_result":"信息","failed_reason":""}
{"user":"x_finder3","timestamp":"2024-06-21T10:42:56.162371","nav_name":"http_datafilter","action":"事件主循环","params":"Unix_UDP 建立中","operate_result":"信息","failed_reason":""}
{"user":"x_finder3","timestamp":"2024-06-21T10:42:56.162516","nav_name":"http_datafilter","action":"启动完成","params":"Unix_UDP 准备完毕,开始接收消息!","operate_result":"信息","failed_reason":""}
{"user":"x_finder3","timestamp":"2024-06-21T10:44:23.842297","nav_name":"http_datafilter","action":"启动参数","params":"unix_udp: \/tmp\/sen_count,","operate_result":"信息","failed_reason":""}
{"user":"x_finder3","timestamp":"2024-06-21T10:44:23.848036","nav_name":"http_datafilter","action":"组件启动","params":"开始验证授权....","operate_result":"信息","failed_reason":""}
{"user":"x_finder3","timestamp":"2024-06-21T10:44:23.848407","nav_name":"http_datafilter","action":"组件启动","params":"授权验证完成!","operate_result":"信息","failed_reason":""}
{"user":"x_finder3","timestamp":"2024-06-21T10:44:23.849408","nav_name":"http_datafilter","action":"组件启动","params":"数据窗口函数-0, 定时任务函数-3","operate_result":"信息","failed_reason":""}
{"user":"x_finder3","timestamp":"2024-06-21T10:44:23.849539","nav_name":"http_datafilter","action":"事件主循环","params":"Unix_UDP 建立中","operate_result":"信息","failed_reason":""}
{"user":"x_finder3","timestamp":"2024-06-21T10:44:23.849680","nav_name":"http_datafilter","action":"启动完成","params":"Unix_UDP 准备完毕,开始接收消息!","operate_result":"信息","failed_reason":""}
{"user":"x_finder3","timestamp":"2024-06-21T10:45:56.507720","nav_name":"http_datafilter","action":"启动参数","params":"unix_udp: \/tmp\/sen_count,","operate_result":"信息","failed_reason":""}
{"user":"x_finder3","timestamp":"2024-06-21T10:45:56.513925","nav_name":"http_datafilter","action":"组件启动","params":"开始验证授权....","operate_result":"信息","failed_reason":""}
{"user":"x_finder3","timestamp":"2024-06-21T10:45:56.514322","nav_name":"http_datafilter","action":"组件启动","params":"授权验证完成!","operate_result":"信息","failed_reason":""}
{"user":"x_finder3","timestamp":"2024-06-21T10:45:56.515486","nav_name":"http_datafilter","action":"组件启动","params":"数据窗口函数-0, 定时任务函数-3","operate_result":"信息","failed_reason":""}
{"user":"x_finder3","timestamp":"2024-06-21T10:45:56.515630","nav_name":"http_datafilter","action":"事件主循环","params":"Unix_UDP 建立中","operate_result":"信息","failed_reason":""}
{"user":"x_finder3","timestamp":"2024-06-21T10:45:56.515772","nav_name":"http_datafilter","action":"启动完成","params":"Unix_UDP 准备完毕,开始接收消息!","operate_result":"信息","failed_reason":""}
{"user":"x_finder3","timestamp":"2024-06-21T10:56:17.629918","nav_name":"http_datafilter","action":"启动参数","params":"unix_udp: \/tmp\/sen_count,","operate_result":"信息","failed_reason":""}
{"user":"x_finder3","timestamp":"2024-06-21T10:56:17.635548","nav_name":"http_datafilter","action":"组件启动","params":"开始验证授权....","operate_result":"信息","failed_reason":""}
{"user":"x_finder3","timestamp":"2024-06-21T10:56:17.635889","nav_name":"http_datafilter","action":"组件启动","params":"授权验证完成!","operate_result":"信息","failed_reason":""}
{"user":"x_finder3","timestamp":"2024-06-21T10:56:17.636923","nav_name":"http_datafilter","action":"组件启动","params":"数据窗口函数-0, 定时任务函数-3","operate_result":"信息","failed_reason":""}
{"user":"x_finder3","timestamp":"2024-06-21T10:56:17.637060","nav_name":"http_datafilter","action":"事件主循环","params":"Unix_UDP 建立中","operate_result":"信息","failed_reason":""}
{"user":"x_finder3","timestamp":"2024-06-21T10:56:17.637197","nav_name":"http_datafilter","action":"启动完成","params":"Unix_UDP 准备完毕,开始接收消息!","operate_result":"信息","failed_reason":""}
{"user":"x_finder3","timestamp":"2024-06-21T10:57:37.484495","nav_name":"http_datafilter","action":"启动参数","params":"unix_udp: \/tmp\/sen_count,","operate_result":"信息","failed_reason":""}
{"user":"x_finder3","timestamp":"2024-06-21T10:57:37.490329","nav_name":"http_datafilter","action":"组件启动","params":"开始验证授权....","operate_result":"信息","failed_reason":""}
{"user":"x_finder3","timestamp":"2024-06-21T10:57:37.490704","nav_name":"http_datafilter","action":"组件启动","params":"授权验证完成!","operate_result":"信息","failed_reason":""}
{"user":"x_finder3","timestamp":"2024-06-21T10:57:37.491782","nav_name":"http_datafilter","action":"组件启动","params":"数据窗口函数-0, 定时任务函数-3","operate_result":"信息","failed_reason":""}
{"user":"x_finder3","timestamp":"2024-06-21T10:57:37.491921","nav_name":"http_datafilter","action":"事件主循环","params":"Unix_UDP 建立中","operate_result":"信息","failed_reason":""}
{"user":"x_finder3","timestamp":"2024-06-21T10:57:37.492062","nav_name":"http_datafilter","action":"启动完成","params":"Unix_UDP 准备完毕,开始接收消息!","operate_result":"信息","failed_reason":""}
{"user":"x_finder3","timestamp":"2024-06-21T10:59:52.253573","nav_name":"http_datafilter","action":"启动参数","params":"unix_udp: \/tmp\/sen_count,","operate_result":"信息","failed_reason":""}
{"user":"x_finder3","timestamp":"2024-06-21T10:59:52.259615","nav_name":"http_datafilter","action":"组件启动","params":"开始验证授权....","operate_result":"信息","failed_reason":""}
{"user":"x_finder3","timestamp":"2024-06-21T10:59:52.259964","nav_name":"http_datafilter","action":"组件启动","params":"授权验证完成!","operate_result":"信息","failed_reason":""}
{"user":"x_finder3","timestamp":"2024-06-21T10:59:52.261153","nav_name":"http_datafilter","action":"组件启动","params":"数据窗口函数-0, 定时任务函数-3","operate_result":"信息","failed_reason":""}
{"user":"x_finder3","timestamp":"2024-06-21T10:59:52.261291","nav_name":"http_datafilter","action":"事件主循环","params":"Unix_UDP 建立中","operate_result":"信息","failed_reason":""}
{"user":"x_finder3","timestamp":"2024-06-21T10:59:52.261449","nav_name":"http_datafilter","action":"启动完成","params":"Unix_UDP 准备完毕,开始接收消息!","operate_result":"信息","failed_reason":""}
{"user":"x_finder3","timestamp":"2024-06-21T11:08:45.086202","nav_name":"http_datafilter","action":"启动参数","params":"unix_udp: \/tmp\/sen_count,","operate_result":"信息","failed_reason":""}
{"user":"x_finder3","timestamp":"2024-06-21T11:08:45.096084","nav_name":"http_datafilter","action":"组件启动","params":"开始验证授权....","operate_result":"信息","failed_reason":""}
{"user":"x_finder3","timestamp":"2024-06-21T11:08:45.096454","nav_name":"http_datafilter","action":"组件启动","params":"授权验证完成!","operate_result":"信息","failed_reason":""}
{"user":"x_finder3","timestamp":"2024-06-21T11:08:45.097514","nav_name":"http_datafilter","action":"组件启动","params":"数据窗口函数-0, 定时任务函数-3","operate_result":"信息","failed_reason":""}
{"user":"x_finder3","timestamp":"2024-06-21T11:08:45.097651","nav_name":"http_datafilter","action":"事件主循环","params":"Unix_UDP 建立中","operate_result":"信息","failed_reason":""}
{"user":"x_finder3","timestamp":"2024-06-21T11:08:45.097787","nav_name":"http_datafilter","action":"启动完成","params":"Unix_UDP 准备完毕,开始接收消息!","operate_result":"信息","failed_reason":""}
{"user":"x_finder3","timestamp":"2024-06-21T11:09:49.801985","nav_name":"http_datafilter","action":"启动参数","params":"unix_udp: \/tmp\/sen_count,","operate_result":"信息","failed_reason":""}
{"user":"x_finder3","timestamp":"2024-06-21T11:09:49.807149","nav_name":"http_datafilter","action":"组件启动","params":"开始验证授权....","operate_result":"信息","failed_reason":""}
{"user":"x_finder3","timestamp":"2024-06-21T11:09:49.807529","nav_name":"http_datafilter","action":"组件启动","params":"授权验证完成!","operate_result":"信息","failed_reason":""}
{"user":"x_finder3","timestamp":"2024-06-21T11:09:49.808495","nav_name":"http_datafilter","action":"组件启动","params":"数据窗口函数-0, 定时任务函数-3","operate_result":"信息","failed_reason":""}
{"user":"x_finder3","timestamp":"2024-06-21T11:09:49.808641","nav_name":"http_datafilter","action":"事件主循环","params":"Unix_UDP 建立中","operate_result":"信息","failed_reason":""}
{"user":"x_finder3","timestamp":"2024-06-21T11:09:49.808785","nav_name":"http_datafilter","action":"启动完成","params":"Unix_UDP 准备完毕,开始接收消息!","operate_result":"信息","failed_reason":""}
{"user":"x_finder3","timestamp":"2024-06-21T11:16:23.957020","nav_name":"http_datafilter","action":"启动参数","params":"unix_udp: \/tmp\/sen_count,","operate_result":"信息","failed_reason":""}
{"user":"x_finder3","timestamp":"2024-06-21T11:16:23.962292","nav_name":"http_datafilter","action":"组件启动","params":"开始验证授权....","operate_result":"信息","failed_reason":""}
{"user":"x_finder3","timestamp":"2024-06-21T11:16:23.962649","nav_name":"http_datafilter","action":"组件启动","params":"授权验证完成!","operate_result":"信息","failed_reason":""}
{"user":"x_finder3","timestamp":"2024-06-21T11:16:23.963708","nav_name":"http_datafilter","action":"组件启动","params":"数据窗口函数-0, 定时任务函数-3","operate_result":"信息","failed_reason":""}
{"user":"x_finder3","timestamp":"2024-06-21T11:16:23.963845","nav_name":"http_datafilter","action":"事件主循环","params":"Unix_UDP 建立中","operate_result":"信息","failed_reason":""}
{"user":"x_finder3","timestamp":"2024-06-21T11:16:23.963984","nav_name":"http_datafilter","action":"启动完成","params":"Unix_UDP 准备完毕,开始接收消息!","operate_result":"信息","failed_reason":""}
{"user":"x_finder3","timestamp":"2024-06-21T11:43:21.671908","nav_name":"http_datafilter","action":"启动参数","params":"unix_udp: \/tmp\/sen_count,","operate_result":"信息","failed_reason":""}
{"user":"x_finder3","timestamp":"2024-06-21T11:43:21.678016","nav_name":"http_datafilter","action":"组件启动","params":"开始验证授权....","operate_result":"信息","failed_reason":""}
{"user":"x_finder3","timestamp":"2024-06-21T11:43:21.678390","nav_name":"http_datafilter","action":"组件启动","params":"授权验证完成!","operate_result":"信息","failed_reason":""}
{"user":"x_finder3","timestamp":"2024-06-21T11:43:21.679560","nav_name":"http_datafilter","action":"组件启动","params":"数据窗口函数-0, 定时任务函数-3","operate_result":"信息","failed_reason":""}
{"user":"x_finder3","timestamp":"2024-06-21T11:43:21.679702","nav_name":"http_datafilter","action":"事件主循环","params":"Unix_UDP 建立中","operate_result":"信息","failed_reason":""}
{"user":"x_finder3","timestamp":"2024-06-21T11:43:21.679846","nav_name":"http_datafilter","action":"启动完成","params":"Unix_UDP 准备完毕,开始接收消息!","operate_result":"信息","failed_reason":""}
{"user":"x_finder3","timestamp":"2024-06-21T14:23:19.311204","nav_name":"http_datafilter","action":"启动参数","params":"unix_udp: \/tmp\/sen_count,","operate_result":"信息","failed_reason":""}
{"user":"x_finder3","timestamp":"2024-06-21T14:23:19.316740","nav_name":"http_datafilter","action":"组件启动","params":"开始验证授权....","operate_result":"信息","failed_reason":""}
{"user":"x_finder3","timestamp":"2024-06-21T14:23:19.317112","nav_name":"http_datafilter","action":"组件启动","params":"授权验证完成!","operate_result":"信息","failed_reason":""}
{"user":"x_finder3","timestamp":"2024-06-21T14:23:19.318177","nav_name":"http_datafilter","action":"组件启动","params":"数据窗口函数-0, 定时任务函数-3","operate_result":"信息","failed_reason":""}
{"user":"x_finder3","timestamp":"2024-06-21T14:23:19.318316","nav_name":"http_datafilter","action":"事件主循环","params":"Unix_UDP 建立中","operate_result":"信息","failed_reason":""}
{"user":"x_finder3","timestamp":"2024-06-21T14:23:19.318459","nav_name":"http_datafilter","action":"启动完成","params":"Unix_UDP 准备完毕,开始接收消息!","operate_result":"信息","failed_reason":""}
{"user":"x_finder3","timestamp":"2024-06-21T14:24:58.907635","nav_name":"http_datafilter","action":"启动参数","params":"unix_udp: \/tmp\/sen_count,","operate_result":"信息","failed_reason":""}
{"user":"x_finder3","timestamp":"2024-06-21T14:24:58.914387","nav_name":"http_datafilter","action":"组件启动","params":"开始验证授权....","operate_result":"信息","failed_reason":""}
{"user":"x_finder3","timestamp":"2024-06-21T14:24:58.914765","nav_name":"http_datafilter","action":"组件启动","params":"授权验证完成!","operate_result":"信息","failed_reason":""}
{"user":"x_finder3","timestamp":"2024-06-21T14:24:58.916103","nav_name":"http_datafilter","action":"组件启动","params":"数据窗口函数-0, 定时任务函数-3","operate_result":"信息","failed_reason":""}
{"user":"x_finder3","timestamp":"2024-06-21T14:24:58.916249","nav_name":"http_datafilter","action":"事件主循环","params":"Unix_UDP 建立中","operate_result":"信息","failed_reason":""}
{"user":"x_finder3","timestamp":"2024-06-21T14:24:58.916394","nav_name":"http_datafilter","action":"启动完成","params":"Unix_UDP 准备完毕,开始接收消息!","operate_result":"信息","failed_reason":""}
{"user":"x_finder3","timestamp":"2024-06-21T14:31:45.043064","nav_name":"http_datafilter","action":"启动参数","params":"unix_udp: \/tmp\/sen_count,","operate_result":"信息","failed_reason":""}
{"user":"x_finder3","timestamp":"2024-06-21T14:31:45.049252","nav_name":"http_datafilter","action":"组件启动","params":"开始验证授权....","operate_result":"信息","failed_reason":""}
{"user":"x_finder3","timestamp":"2024-06-21T14:31:45.049634","nav_name":"http_datafilter","action":"组件启动","params":"授权验证完成!","operate_result":"信息","failed_reason":""}
{"user":"x_finder3","timestamp":"2024-06-21T14:31:45.050755","nav_name":"http_datafilter","action":"组件启动","params":"数据窗口函数-0, 定时任务函数-3","operate_result":"信息","failed_reason":""}
{"user":"x_finder3","timestamp":"2024-06-21T14:31:45.050902","nav_name":"http_datafilter","action":"事件主循环","params":"Unix_UDP 建立中","operate_result":"信息","failed_reason":""}
{"user":"x_finder3","timestamp":"2024-06-21T14:31:45.051035","nav_name":"http_datafilter","action":"启动完成","params":"Unix_UDP 准备完毕,开始接收消息!","operate_result":"信息","failed_reason":""}
{"user":"x_finder3","timestamp":"2024-06-21T14:48:09.266872","nav_name":"http_datafilter","action":"启动参数","params":"unix_udp: \/tmp\/sen_count,","operate_result":"信息","failed_reason":""}
{"user":"x_finder3","timestamp":"2024-06-21T14:48:09.272365","nav_name":"http_datafilter","action":"组件启动","params":"开始验证授权....","operate_result":"信息","failed_reason":""}
{"user":"x_finder3","timestamp":"2024-06-21T14:48:09.272739","nav_name":"http_datafilter","action":"组件启动","params":"授权验证完成!","operate_result":"信息","failed_reason":""}
{"user":"x_finder3","timestamp":"2024-06-21T14:48:09.273852","nav_name":"http_datafilter","action":"组件启动","params":"数据窗口函数-0, 定时任务函数-3","operate_result":"信息","failed_reason":""}
{"user":"x_finder3","timestamp":"2024-06-21T14:48:09.273994","nav_name":"http_datafilter","action":"事件主循环","params":"Unix_UDP 建立中","operate_result":"信息","failed_reason":""}
{"user":"x_finder3","timestamp":"2024-06-21T14:48:09.274131","nav_name":"http_datafilter","action":"启动完成","params":"Unix_UDP 准备完毕,开始接收消息!","operate_result":"信息","failed_reason":""}
{"user":"x_finder3","timestamp":"2024-06-21T14:49:59.013616","nav_name":"http_datafilter","action":"启动参数","params":"unix_udp: \/tmp\/sen_count,","operate_result":"信息","failed_reason":""}
{"user":"x_finder3","timestamp":"2024-06-21T14:49:59.020793","nav_name":"http_datafilter","action":"组件启动","params":"开始验证授权....","operate_result":"信息","failed_reason":""}
{"user":"x_finder3","timestamp":"2024-06-21T14:49:59.021278","nav_name":"http_datafilter","action":"组件启动","params":"授权验证完成!","operate_result":"信息","failed_reason":""}
{"user":"x_finder3","timestamp":"2024-06-21T14:49:59.022936","nav_name":"http_datafilter","action":"组件启动","params":"数据窗口函数-0, 定时任务函数-3","operate_result":"信息","failed_reason":""}
{"user":"x_finder3","timestamp":"2024-06-21T14:49:59.023109","nav_name":"http_datafilter","action":"事件主循环","params":"Unix_UDP 建立中","operate_result":"信息","failed_reason":""}
{"user":"x_finder3","timestamp":"2024-06-21T14:49:59.023294","nav_name":"http_datafilter","action":"启动完成","params":"Unix_UDP 准备完毕,开始接收消息!","operate_result":"信息","failed_reason":""}
{"user":"x_finder3","timestamp":"2024-06-21T15:38:16.266353","nav_name":"http_datafilter","action":"启动参数","params":"unix_udp: \/tmp\/sen_count,","operate_result":"信息","failed_reason":""}
{"user":"x_finder3","timestamp":"2024-06-21T15:38:16.272106","nav_name":"http_datafilter","action":"组件启动","params":"开始验证授权....","operate_result":"信息","failed_reason":""}
{"user":"x_finder3","timestamp":"2024-06-21T15:38:16.272463","nav_name":"http_datafilter","action":"组件启动","params":"授权验证完成!","operate_result":"信息","failed_reason":""}
{"user":"x_finder3","timestamp":"2024-06-21T15:38:16.273609","nav_name":"http_datafilter","action":"组件启动","params":"数据窗口函数-0, 定时任务函数-3","operate_result":"信息","failed_reason":""}
{"user":"x_finder3","timestamp":"2024-06-21T15:38:16.273746","nav_name":"http_datafilter","action":"事件主循环","params":"Unix_UDP 建立中","operate_result":"信息","failed_reason":""}
{"user":"x_finder3","timestamp":"2024-06-21T15:38:16.273890","nav_name":"http_datafilter","action":"启动完成","params":"Unix_UDP 准备完毕,开始接收消息!","operate_result":"信息","failed_reason":""}
{"user":"x_finder3","timestamp":"2024-06-21T16:08:45.395903","nav_name":"http_datafilter","action":"启动参数","params":"unix_udp: \/tmp\/sen_count,","operate_result":"信息","failed_reason":""}
{"user":"x_finder3","timestamp":"2024-06-21T16:08:45.401659","nav_name":"http_datafilter","action":"组件启动","params":"开始验证授权....","operate_result":"信息","failed_reason":""}
{"user":"x_finder3","timestamp":"2024-06-21T16:08:45.402028","nav_name":"http_datafilter","action":"组件启动","params":"授权验证完成!","operate_result":"信息","failed_reason":""}
{"user":"x_finder3","timestamp":"2024-06-21T16:08:45.403216","nav_name":"http_datafilter","action":"组件启动","params":"数据窗口函数-0, 定时任务函数-3","operate_result":"信息","failed_reason":""}
{"user":"x_finder3","timestamp":"2024-06-21T16:08:45.403367","nav_name":"http_datafilter","action":"事件主循环","params":"Unix_UDP 建立中","operate_result":"信息","failed_reason":""}
{"user":"x_finder3","timestamp":"2024-06-21T16:08:45.403508","nav_name":"http_datafilter","action":"启动完成","params":"Unix_UDP 准备完毕,开始接收消息!","operate_result":"信息","failed_reason":""}
{"user":"x_finder3","timestamp":"2024-06-24T11:16:43.388368","nav_name":"http_datafilter","action":"启动参数","params":"unix_udp: \/tmp\/sen_count,","operate_result":"信息","failed_reason":""}
{"user":"x_finder3","timestamp":"2024-06-24T11:16:43.394454","nav_name":"http_datafilter","action":"组件启动","params":"开始验证授权....","operate_result":"信息","failed_reason":""}
{"user":"x_finder3","timestamp":"2024-06-24T11:16:43.394779","nav_name":"http_datafilter","action":"组件启动","params":"授权验证完成!","operate_result":"信息","failed_reason":""}
{"user":"x_finder3","timestamp":"2024-06-24T11:16:43.395984","nav_name":"http_datafilter","action":"组件启动","params":"数据窗口函数-0, 定时任务函数-3","operate_result":"信息","failed_reason":""}
{"user":"x_finder3","timestamp":"2024-06-24T11:16:43.396125","nav_name":"http_datafilter","action":"事件主循环","params":"Unix_UDP 建立中","operate_result":"信息","failed_reason":""}
{"user":"x_finder3","timestamp":"2024-06-24T11:16:43.396276","nav_name":"http_datafilter","action":"启动完成","params":"Unix_UDP 准备完毕,开始接收消息!","operate_result":"信息","failed_reason":""}
{"user":"x_finder3","timestamp":"2024-06-24T11:23:08.916242","nav_name":"http_datafilter","action":"启动参数","params":"unix_udp: \/tmp\/sen_count,","operate_result":"信息","failed_reason":""}
{"user":"x_finder3","timestamp":"2024-06-24T11:23:08.921817","nav_name":"http_datafilter","action":"组件启动","params":"开始验证授权....","operate_result":"信息","failed_reason":""}
{"user":"x_finder3","timestamp":"2024-06-24T11:23:08.922234","nav_name":"http_datafilter","action":"组件启动","params":"授权验证完成!","operate_result":"信息","failed_reason":""}
{"user":"x_finder3","timestamp":"2024-06-24T11:23:08.923244","nav_name":"http_datafilter","action":"组件启动","params":"数据窗口函数-0, 定时任务函数-3","operate_result":"信息","failed_reason":""}
{"user":"x_finder3","timestamp":"2024-06-24T11:23:08.923396","nav_name":"http_datafilter","action":"事件主循环","params":"Unix_UDP 建立中","operate_result":"信息","failed_reason":""}
{"user":"x_finder3","timestamp":"2024-06-24T11:23:08.923557","nav_name":"http_datafilter","action":"启动完成","params":"Unix_UDP 准备完毕,开始接收消息!","operate_result":"信息","failed_reason":""}
{"user":"x_finder3","timestamp":"2024-06-24T14:55:23.609809","nav_name":"http_datafilter","action":"启动参数","params":"unix_udp: \/tmp\/sen_count,","operate_result":"信息","failed_reason":""}
{"user":"x_finder3","timestamp":"2024-06-24T14:55:23.616559","nav_name":"http_datafilter","action":"组件启动","params":"开始验证授权....","operate_result":"信息","failed_reason":""}
{"user":"x_finder3","timestamp":"2024-06-24T14:55:23.616899","nav_name":"http_datafilter","action":"组件启动","params":"授权验证完成!","operate_result":"信息","failed_reason":""}
{"user":"x_finder3","timestamp":"2024-06-24T14:55:23.618114","nav_name":"http_datafilter","action":"组件启动","params":"数据窗口函数-0, 定时任务函数-3","operate_result":"信息","failed_reason":""}
{"user":"x_finder3","timestamp":"2024-06-24T14:55:23.618247","nav_name":"http_datafilter","action":"事件主循环","params":"Unix_UDP 建立中","operate_result":"信息","failed_reason":""}
{"user":"x_finder3","timestamp":"2024-06-24T14:55:23.618384","nav_name":"http_datafilter","action":"启动完成","params":"Unix_UDP 准备完毕,开始接收消息!","operate_result":"信息","failed_reason":""}
{"user":"x_finder3","timestamp":"2024-06-24T14:59:18.336739","nav_name":"http_datafilter","action":"启动参数","params":"unix_udp: \/tmp\/sen_count,","operate_result":"信息","failed_reason":""}
{"user":"x_finder3","timestamp":"2024-06-24T14:59:18.342915","nav_name":"http_datafilter","action":"组件启动","params":"开始验证授权....","operate_result":"信息","failed_reason":""}
{"user":"x_finder3","timestamp":"2024-06-24T14:59:18.343279","nav_name":"http_datafilter","action":"组件启动","params":"授权验证完成!","operate_result":"信息","failed_reason":""}
{"user":"x_finder3","timestamp":"2024-06-24T14:59:18.344497","nav_name":"http_datafilter","action":"组件启动","params":"数据窗口函数-0, 定时任务函数-3","operate_result":"信息","failed_reason":""}
{"user":"x_finder3","timestamp":"2024-06-24T14:59:18.344639","nav_name":"http_datafilter","action":"事件主循环","params":"Unix_UDP 建立中","operate_result":"信息","failed_reason":""}
{"user":"x_finder3","timestamp":"2024-06-24T14:59:18.344780","nav_name":"http_datafilter","action":"启动完成","params":"Unix_UDP 准备完毕,开始接收消息!","operate_result":"信息","failed_reason":""}
{"user":"x_finder3","timestamp":"2024-06-24T15:01:10.981299","nav_name":"http_datafilter","action":"启动参数","params":"unix_udp: \/tmp\/sen_count,","operate_result":"信息","failed_reason":""}
{"user":"x_finder3","timestamp":"2024-06-24T15:01:10.987425","nav_name":"http_datafilter","action":"组件启动","params":"开始验证授权....","operate_result":"信息","failed_reason":""}
{"user":"x_finder3","timestamp":"2024-06-24T15:01:10.987785","nav_name":"http_datafilter","action":"组件启动","params":"授权验证完成!","operate_result":"信息","failed_reason":""}
{"user":"x_finder3","timestamp":"2024-06-24T15:01:10.989305","nav_name":"http_datafilter","action":"组件启动","params":"数据窗口函数-0, 定时任务函数-3","operate_result":"信息","failed_reason":""}
{"user":"x_finder3","timestamp":"2024-06-24T15:01:10.989596","nav_name":"http_datafilter","action":"事件主循环","params":"Unix_UDP 建立中","operate_result":"信息","failed_reason":""}
{"user":"x_finder3","timestamp":"2024-06-24T15:01:10.989911","nav_name":"http_datafilter","action":"启动完成","params":"Unix_UDP 准备完毕,开始接收消息!","operate_result":"信息","failed_reason":""}
{"user":"x_finder3","timestamp":"2024-06-24T15:02:28.342652","nav_name":"http_datafilter","action":"启动参数","params":"unix_udp: \/tmp\/sen_count,","operate_result":"信息","failed_reason":""}
{"user":"x_finder3","timestamp":"2024-06-24T15:02:28.348978","nav_name":"http_datafilter","action":"组件启动","params":"开始验证授权....","operate_result":"信息","failed_reason":""}
{"user":"x_finder3","timestamp":"2024-06-24T15:02:28.349319","nav_name":"http_datafilter","action":"组件启动","params":"授权验证完成!","operate_result":"信息","failed_reason":""}
{"user":"x_finder3","timestamp":"2024-06-24T15:02:28.350557","nav_name":"http_datafilter","action":"组件启动","params":"数据窗口函数-0, 定时任务函数-3","operate_result":"信息","failed_reason":""}
{"user":"x_finder3","timestamp":"2024-06-24T15:02:28.350694","nav_name":"http_datafilter","action":"事件主循环","params":"Unix_UDP 建立中","operate_result":"信息","failed_reason":""}
{"user":"x_finder3","timestamp":"2024-06-24T15:02:28.350844","nav_name":"http_datafilter","action":"启动完成","params":"Unix_UDP 准备完毕,开始接收消息!","operate_result":"信息","failed_reason":""}
{"user":"x_finder3","timestamp":"2024-06-25T14:59:42.783841","nav_name":"http_datafilter","action":"启动参数","params":"unix_udp: \/tmp\/sen_count,","operate_result":"信息","failed_reason":""}
{"user":"x_finder3","timestamp":"2024-06-25T14:59:42.789589","nav_name":"http_datafilter","action":"组件启动","params":"开始验证授权....","operate_result":"信息","failed_reason":""}
{"user":"x_finder3","timestamp":"2024-06-25T14:59:42.789921","nav_name":"http_datafilter","action":"组件启动","params":"授权验证完成!","operate_result":"信息","failed_reason":""}
{"user":"x_finder3","timestamp":"2024-06-25T14:59:42.791194","nav_name":"http_datafilter","action":"组件启动","params":"数据窗口函数-0, 定时任务函数-3","operate_result":"信息","failed_reason":""}
{"user":"x_finder3","timestamp":"2024-06-25T14:59:42.791414","nav_name":"http_datafilter","action":"事件主循环","params":"Unix_UDP 建立中","operate_result":"信息","failed_reason":""}
{"user":"x_finder3","timestamp":"2024-06-25T14:59:42.791563","nav_name":"http_datafilter","action":"启动完成","params":"Unix_UDP 准备完毕,开始接收消息!","operate_result":"信息","failed_reason":""}
{"user":"x_finder3","timestamp":"2024-06-25T15:09:44.276890","nav_name":"http_datafilter","action":"启动参数","params":"unix_udp: \/tmp\/sen_count,","operate_result":"信息","failed_reason":""}
{"user":"x_finder3","timestamp":"2024-06-25T15:09:44.282240","nav_name":"http_datafilter","action":"组件启动","params":"开始验证授权....","operate_result":"信息","failed_reason":""}
{"user":"x_finder3","timestamp":"2024-06-25T15:09:44.282594","nav_name":"http_datafilter","action":"组件启动","params":"授权验证完成!","operate_result":"信息","failed_reason":""}
{"user":"x_finder3","timestamp":"2024-06-25T15:09:44.283774","nav_name":"http_datafilter","action":"组件启动","params":"数据窗口函数-0, 定时任务函数-3","operate_result":"信息","failed_reason":""}
{"user":"x_finder3","timestamp":"2024-06-25T15:09:44.283963","nav_name":"http_datafilter","action":"事件主循环","params":"Unix_UDP 建立中","operate_result":"信息","failed_reason":""}
{"user":"x_finder3","timestamp":"2024-06-25T15:09:44.284114","nav_name":"http_datafilter","action":"启动完成","params":"Unix_UDP 准备完毕,开始接收消息!","operate_result":"信息","failed_reason":""}
{"user":"x_finder3","timestamp":"2024-06-25T16:48:18.418132","nav_name":"http_datafilter","action":"启动参数","params":"unix_udp: \/tmp\/sen_count,","operate_result":"信息","failed_reason":""}
{"user":"x_finder3","timestamp":"2024-06-25T16:48:18.424561","nav_name":"http_datafilter","action":"组件启动","params":"开始验证授权....","operate_result":"信息","failed_reason":""}
{"user":"x_finder3","timestamp":"2024-06-25T16:48:18.425004","nav_name":"http_datafilter","action":"组件启动","params":"授权验证完成!","operate_result":"信息","failed_reason":""}
{"user":"x_finder3","timestamp":"2024-06-25T16:48:18.426279","nav_name":"http_datafilter","action":"组件启动","params":"数据窗口函数-0, 定时任务函数-3","operate_result":"信息","failed_reason":""}
{"user":"x_finder3","timestamp":"2024-06-25T16:48:18.426416","nav_name":"http_datafilter","action":"事件主循环","params":"Unix_UDP 建立中","operate_result":"信息","failed_reason":""}
{"user":"x_finder3","timestamp":"2024-06-25T16:48:18.426561","nav_name":"http_datafilter","action":"启动完成","params":"Unix_UDP 准备完毕,开始接收消息!","operate_result":"信息","failed_reason":""}
{"user":"x_finder3","timestamp":"2024-06-25T16:56:39.503790","nav_name":"http_datafilter","action":"启动参数","params":"unix_udp: \/tmp\/sen_count,","operate_result":"信息","failed_reason":""}
{"user":"x_finder3","timestamp":"2024-06-25T16:56:39.510053","nav_name":"http_datafilter","action":"组件启动","params":"开始验证授权....","operate_result":"信息","failed_reason":""}
{"user":"x_finder3","timestamp":"2024-06-25T16:56:39.510417","nav_name":"http_datafilter","action":"组件启动","params":"授权验证完成!","operate_result":"信息","failed_reason":""}
{"user":"x_finder3","timestamp":"2024-06-25T16:56:39.511640","nav_name":"http_datafilter","action":"组件启动","params":"数据窗口函数-0, 定时任务函数-3","operate_result":"信息","failed_reason":""}
{"user":"x_finder3","timestamp":"2024-06-25T16:56:39.511784","nav_name":"http_datafilter","action":"事件主循环","params":"Unix_UDP 建立中","operate_result":"信息","failed_reason":""}
{"user":"x_finder3","timestamp":"2024-06-25T16:56:39.511929","nav_name":"http_datafilter","action":"启动完成","params":"Unix_UDP 准备完毕,开始接收消息!","operate_result":"信息","failed_reason":""}
{"user":"x_finder3","timestamp":"2024-06-25T17:00:59.447325","nav_name":"http_datafilter","action":"启动参数","params":"unix_udp: \/tmp\/sen_count,","operate_result":"信息","failed_reason":""}
{"user":"x_finder3","timestamp":"2024-06-25T17:00:59.453385","nav_name":"http_datafilter","action":"组件启动","params":"开始验证授权....","operate_result":"信息","failed_reason":""}
{"user":"x_finder3","timestamp":"2024-06-25T17:00:59.453749","nav_name":"http_datafilter","action":"组件启动","params":"授权验证完成!","operate_result":"信息","failed_reason":""}
{"user":"x_finder3","timestamp":"2024-06-25T17:00:59.454792","nav_name":"http_datafilter","action":"组件启动","params":"数据窗口函数-0, 定时任务函数-3","operate_result":"信息","failed_reason":""}
{"user":"x_finder3","timestamp":"2024-06-25T17:00:59.454937","nav_name":"http_datafilter","action":"事件主循环","params":"Unix_UDP 建立中","operate_result":"信息","failed_reason":""}
{"user":"x_finder3","timestamp":"2024-06-25T17:00:59.455079","nav_name":"http_datafilter","action":"启动完成","params":"Unix_UDP 准备完毕,开始接收消息!","operate_result":"信息","failed_reason":""}
{"user":"x_finder3","timestamp":"2024-06-25T17:18:48.017743","nav_name":"http_datafilter","action":"启动参数","params":"unix_udp: \/tmp\/sen_count,","operate_result":"信息","failed_reason":""}
{"user":"x_finder3","timestamp":"2024-06-25T17:18:48.024309","nav_name":"http_datafilter","action":"组件启动","params":"开始验证授权....","operate_result":"信息","failed_reason":""}
{"user":"x_finder3","timestamp":"2024-06-25T17:18:48.024727","nav_name":"http_datafilter","action":"组件启动","params":"授权验证完成!","operate_result":"信息","failed_reason":""}
{"user":"x_finder3","timestamp":"2024-06-25T17:18:48.026062","nav_name":"http_datafilter","action":"组件启动","params":"数据窗口函数-0, 定时任务函数-3","operate_result":"信息","failed_reason":""}
{"user":"x_finder3","timestamp":"2024-06-25T17:18:48.026214","nav_name":"http_datafilter","action":"事件主循环","params":"Unix_UDP 建立中","operate_result":"信息","failed_reason":""}
{"user":"x_finder3","timestamp":"2024-06-25T17:18:48.026377","nav_name":"http_datafilter","action":"启动完成","params":"Unix_UDP 准备完毕,开始接收消息!","operate_result":"信息","failed_reason":""}
{"user":"x_finder3","timestamp":"2024-06-25T17:42:03.205500","nav_name":"http_datafilter","action":"启动参数","params":"unix_udp: \/tmp\/sen_count,","operate_result":"信息","failed_reason":""}
{"user":"x_finder3","timestamp":"2024-06-25T17:42:03.212276","nav_name":"http_datafilter","action":"组件启动","params":"开始验证授权....","operate_result":"信息","failed_reason":""}
{"user":"x_finder3","timestamp":"2024-06-25T17:42:03.212693","nav_name":"http_datafilter","action":"组件启动","params":"授权验证完成!","operate_result":"信息","failed_reason":""}
{"user":"x_finder3","timestamp":"2024-06-25T17:42:03.214006","nav_name":"http_datafilter","action":"组件启动","params":"数据窗口函数-0, 定时任务函数-3","operate_result":"信息","failed_reason":""}
{"user":"x_finder3","timestamp":"2024-06-25T17:42:03.214169","nav_name":"http_datafilter","action":"事件主循环","params":"Unix_UDP 建立中","operate_result":"信息","failed_reason":""}
{"user":"x_finder3","timestamp":"2024-06-25T17:42:03.214334","nav_name":"http_datafilter","action":"启动完成","params":"Unix_UDP 准备完毕,开始接收消息!","operate_result":"信息","failed_reason":""}
{"user":"x_finder3","timestamp":"2024-06-26T14:45:09.725977","nav_name":"http_datafilter","action":"启动参数","params":"unix_udp: \/tmp\/sen_count,","operate_result":"信息","failed_reason":""}
{"user":"x_finder3","timestamp":"2024-06-26T14:45:09.732660","nav_name":"http_datafilter","action":"组件启动","params":"开始验证授权....","operate_result":"信息","failed_reason":""}
{"user":"x_finder3","timestamp":"2024-06-26T14:45:09.733039","nav_name":"http_datafilter","action":"组件启动","params":"授权验证完成!","operate_result":"信息","failed_reason":""}
{"user":"x_finder3","timestamp":"2024-06-26T14:45:09.734425","nav_name":"http_datafilter","action":"组件启动","params":"数据窗口函数-0, 定时任务函数-3","operate_result":"信息","failed_reason":""}
{"user":"x_finder3","timestamp":"2024-06-26T14:45:09.734576","nav_name":"http_datafilter","action":"事件主循环","params":"Unix_UDP 建立中","operate_result":"信息","failed_reason":""}
{"user":"x_finder3","timestamp":"2024-06-26T14:45:09.734732","nav_name":"http_datafilter","action":"启动完成","params":"Unix_UDP 准备完毕,开始接收消息!","operate_result":"信息","failed_reason":""}
{"user":"x_finder3","timestamp":"2024-07-26T14:54:27.394321","nav_name":"http_datafilter","action":"启动参数","params":"unix_udp: \/tmp\/sen_count,","operate_result":"信息","failed_reason":""}
{"user":"x_finder3","timestamp":"2024-07-26T14:54:27.400508","nav_name":"http_datafilter","action":"组件启动","params":"开始验证授权....","operate_result":"信息","failed_reason":""}
{"user":"x_finder3","timestamp":"2024-07-26T14:54:27.400858","nav_name":"http_datafilter","action":"组件启动","params":"授权验证完成!","operate_result":"信息","failed_reason":""}
{"user":"x_finder3","timestamp":"2024-07-26T14:54:27.402026","nav_name":"http_datafilter","action":"组件启动","params":"数据窗口函数-0, 定时任务函数-3","operate_result":"信息","failed_reason":""}
{"user":"x_finder3","timestamp":"2024-07-26T14:54:27.402155","nav_name":"http_datafilter","action":"事件主循环","params":"Unix_UDP 建立中","operate_result":"信息","failed_reason":""}
{"user":"x_finder3","timestamp":"2024-07-26T14:54:27.402297","nav_name":"http_datafilter","action":"启动完成","params":"Unix_UDP 准备完毕,开始接收消息!","operate_result":"信息","failed_reason":""}
{"user":"x_finder3","timestamp":"2024-07-26T15:00:01.224658","nav_name":"http_datafilter","action":"启动参数","params":"unix_udp: \/tmp\/sen_count,","operate_result":"信息","failed_reason":""}
{"user":"x_finder3","timestamp":"2024-07-26T15:00:01.231799","nav_name":"http_datafilter","action":"组件启动","params":"开始验证授权....","operate_result":"信息","failed_reason":""}
{"user":"x_finder3","timestamp":"2024-07-26T15:00:01.232262","nav_name":"http_datafilter","action":"组件启动","params":"授权验证完成!","operate_result":"信息","failed_reason":""}
{"user":"x_finder3","timestamp":"2024-07-26T15:00:01.233641","nav_name":"http_datafilter","action":"组件启动","params":"数据窗口函数-0, 定时任务函数-3","operate_result":"信息","failed_reason":""}
{"user":"x_finder3","timestamp":"2024-07-26T15:00:01.233807","nav_name":"http_datafilter","action":"事件主循环","params":"Unix_UDP 建立中","operate_result":"信息","failed_reason":""}
{"user":"x_finder3","timestamp":"2024-07-26T15:00:01.233979","nav_name":"http_datafilter","action":"启动完成","params":"Unix_UDP 准备完毕,开始接收消息!","operate_result":"信息","failed_reason":""}
{"user":"x_finder3","timestamp":"2024-07-26T15:06:08.509540","nav_name":"http_datafilter","action":"启动参数","params":"unix_udp: \/tmp\/sen_count,","operate_result":"信息","failed_reason":""}
{"user":"x_finder3","timestamp":"2024-07-26T15:06:08.515546","nav_name":"http_datafilter","action":"组件启动","params":"开始验证授权....","operate_result":"信息","failed_reason":""}
{"user":"x_finder3","timestamp":"2024-07-26T15:06:08.515914","nav_name":"http_datafilter","action":"组件启动","params":"授权验证完成!","operate_result":"信息","failed_reason":""}
{"user":"x_finder3","timestamp":"2024-07-26T15:06:08.516888","nav_name":"http_datafilter","action":"组件启动","params":"数据窗口函数-0, 定时任务函数-3","operate_result":"信息","failed_reason":""}
{"user":"x_finder3","timestamp":"2024-07-26T15:06:08.517026","nav_name":"http_datafilter","action":"事件主循环","params":"Unix_UDP 建立中","operate_result":"信息","failed_reason":""}
{"user":"x_finder3","timestamp":"2024-07-26T15:06:08.517164","nav_name":"http_datafilter","action":"启动完成","params":"Unix_UDP 准备完毕,开始接收消息!","operate_result":"信息","failed_reason":""}
{"user":"x_finder3","timestamp":"2024-07-26T16:43:07.740972","nav_name":"http_datafilter","action":"启动参数","params":"unix_udp: \/tmp\/sen_count,","operate_result":"信息","failed_reason":""}
{"user":"x_finder3","timestamp":"2024-07-26T16:43:07.747020","nav_name":"http_datafilter","action":"组件启动","params":"开始验证授权....","operate_result":"信息","failed_reason":""}
{"user":"x_finder3","timestamp":"2024-07-26T16:43:07.747366","nav_name":"http_datafilter","action":"组件启动","params":"授权验证完成!","operate_result":"信息","failed_reason":""}
{"user":"x_finder3","timestamp":"2024-07-26T16:43:07.748650","nav_name":"http_datafilter","action":"组件启动","params":"数据窗口函数-0, 定时任务函数-3","operate_result":"信息","failed_reason":""}
{"user":"x_finder3","timestamp":"2024-07-26T16:43:07.748801","nav_name":"http_datafilter","action":"事件主循环","params":"Unix_UDP 建立中","operate_result":"信息","failed_reason":""}
{"user":"x_finder3","timestamp":"2024-07-26T16:43:07.748943","nav_name":"http_datafilter","action":"启动完成","params":"Unix_UDP 准备完毕,开始接收消息!","operate_result":"信息","failed_reason":""}
{"user":"x_finder3","timestamp":"2024-07-29T11:02:17.928442","nav_name":"http_datafilter","action":"启动参数","params":"unix_udp: \/tmp\/sen_count,","operate_result":"信息","failed_reason":""}
{"user":"x_finder3","timestamp":"2024-07-29T11:02:17.935033","nav_name":"http_datafilter","action":"组件启动","params":"开始验证授权....","operate_result":"信息","failed_reason":""}
{"user":"x_finder3","timestamp":"2024-07-29T11:02:17.935407","nav_name":"http_datafilter","action":"组件启动","params":"授权验证完成!","operate_result":"信息","failed_reason":""}
{"user":"x_finder3","timestamp":"2024-07-29T11:02:17.936645","nav_name":"http_datafilter","action":"组件启动","params":"数据窗口函数-0, 定时任务函数-3","operate_result":"信息","failed_reason":""}
{"user":"x_finder3","timestamp":"2024-07-29T11:02:17.936830","nav_name":"http_datafilter","action":"事件主循环","params":"Unix_UDP 建立中","operate_result":"信息","failed_reason":""}
{"user":"x_finder3","timestamp":"2024-07-29T11:02:17.936975","nav_name":"http_datafilter","action":"启动完成","params":"Unix_UDP 准备完毕,开始接收消息!","operate_result":"信息","failed_reason":""}
{"user":"x_finder3","timestamp":"2024-07-29T11:05:39.945737","nav_name":"http_datafilter","action":"启动参数","params":"unix_udp: \/tmp\/sen_count,","operate_result":"信息","failed_reason":""}
{"user":"x_finder3","timestamp":"2024-07-29T11:05:39.951476","nav_name":"http_datafilter","action":"组件启动","params":"开始验证授权....","operate_result":"信息","failed_reason":""}
{"user":"x_finder3","timestamp":"2024-07-29T11:05:39.951841","nav_name":"http_datafilter","action":"组件启动","params":"授权验证完成!","operate_result":"信息","failed_reason":""}
{"user":"x_finder3","timestamp":"2024-07-29T11:05:39.953082","nav_name":"http_datafilter","action":"组件启动","params":"数据窗口函数-0, 定时任务函数-3","operate_result":"信息","failed_reason":""}
{"user":"x_finder3","timestamp":"2024-07-29T11:05:39.953268","nav_name":"http_datafilter","action":"事件主循环","params":"Unix_UDP 建立中","operate_result":"信息","failed_reason":""}
{"user":"x_finder3","timestamp":"2024-07-29T11:05:39.953437","nav_name":"http_datafilter","action":"启动完成","params":"Unix_UDP 准备完毕,开始接收消息!","operate_result":"信息","failed_reason":""}
{"user":"x_finder3","timestamp":"2024-07-30T09:38:06.010326","nav_name":"http_datafilter","action":"启动参数","params":"unix_udp: \/tmp\/sen_count,","operate_result":"信息","failed_reason":""}
{"user":"x_finder3","timestamp":"2024-07-30T09:38:06.016123","nav_name":"http_datafilter","action":"组件启动","params":"开始验证授权....","operate_result":"信息","failed_reason":""}
{"user":"x_finder3","timestamp":"2024-07-30T09:38:06.016490","nav_name":"http_datafilter","action":"组件启动","params":"授权验证完成!","operate_result":"信息","failed_reason":""}
{"user":"x_finder3","timestamp":"2024-07-30T09:38:06.017589","nav_name":"http_datafilter","action":"组件启动","params":"数据窗口函数-0, 定时任务函数-3","operate_result":"信息","failed_reason":""}
{"user":"x_finder3","timestamp":"2024-07-30T09:38:06.017729","nav_name":"http_datafilter","action":"事件主循环","params":"Unix_UDP 建立中","operate_result":"信息","failed_reason":""}
{"user":"x_finder3","timestamp":"2024-07-30T09:38:06.017876","nav_name":"http_datafilter","action":"启动完成","params":"Unix_UDP 准备完毕,开始接收消息!","operate_result":"信息","failed_reason":""}
{"user":"x_finder3","timestamp":"2024-07-30T09:49:57.784699","nav_name":"http_datafilter","action":"启动参数","params":"unix_udp: \/tmp\/sen_count,","operate_result":"信息","failed_reason":""}
{"user":"x_finder3","timestamp":"2024-07-30T09:49:57.790742","nav_name":"http_datafilter","action":"组件启动","params":"开始验证授权....","operate_result":"信息","failed_reason":""}
{"user":"x_finder3","timestamp":"2024-07-30T09:49:57.791098","nav_name":"http_datafilter","action":"组件启动","params":"授权验证完成!","operate_result":"信息","failed_reason":""}
{"user":"x_finder3","timestamp":"2024-07-30T09:49:57.792677","nav_name":"http_datafilter","action":"组件启动","params":"数据窗口函数-0, 定时任务函数-3","operate_result":"信息","failed_reason":""}
{"user":"x_finder3","timestamp":"2024-07-30T09:49:57.792833","nav_name":"http_datafilter","action":"事件主循环","params":"Unix_UDP 建立中","operate_result":"信息","failed_reason":""}
{"user":"x_finder3","timestamp":"2024-07-30T09:49:57.792975","nav_name":"http_datafilter","action":"启动完成","params":"Unix_UDP 准备完毕,开始接收消息!","operate_result":"信息","failed_reason":""}
{"user":"x_finder3","timestamp":"2024-07-30T09:53:48.904178","nav_name":"http_datafilter","action":"启动参数","params":"unix_udp: \/tmp\/sen_count,","operate_result":"信息","failed_reason":""}
{"user":"x_finder3","timestamp":"2024-07-30T09:53:48.909878","nav_name":"http_datafilter","action":"组件启动","params":"开始验证授权....","operate_result":"信息","failed_reason":""}
{"user":"x_finder3","timestamp":"2024-07-30T09:53:48.910256","nav_name":"http_datafilter","action":"组件启动","params":"授权验证完成!","operate_result":"信息","failed_reason":""}
{"user":"x_finder3","timestamp":"2024-07-30T09:53:48.911412","nav_name":"http_datafilter","action":"组件启动","params":"数据窗口函数-0, 定时任务函数-3","operate_result":"信息","failed_reason":""}
{"user":"x_finder3","timestamp":"2024-07-30T09:53:48.911555","nav_name":"http_datafilter","action":"事件主循环","params":"Unix_UDP 建立中","operate_result":"信息","failed_reason":""}
{"user":"x_finder3","timestamp":"2024-07-30T09:53:48.911696","nav_name":"http_datafilter","action":"启动完成","params":"Unix_UDP 准备完毕,开始接收消息!","operate_result":"信息","failed_reason":""}
{"user":"x_finder3","timestamp":"2024-07-30T10:04:10.275354","nav_name":"http_datafilter","action":"启动参数","params":"unix_udp: \/tmp\/sen_count,","operate_result":"信息","failed_reason":""}
{"user":"x_finder3","timestamp":"2024-07-30T10:04:10.281701","nav_name":"http_datafilter","action":"组件启动","params":"开始验证授权....","operate_result":"信息","failed_reason":""}
{"user":"x_finder3","timestamp":"2024-07-30T10:04:10.282031","nav_name":"http_datafilter","action":"组件启动","params":"授权验证完成!","operate_result":"信息","failed_reason":""}
{"user":"x_finder3","timestamp":"2024-07-30T10:04:10.283569","nav_name":"http_datafilter","action":"组件启动","params":"数据窗口函数-0, 定时任务函数-3","operate_result":"信息","failed_reason":""}
{"user":"x_finder3","timestamp":"2024-07-30T10:04:10.283999","nav_name":"http_datafilter","action":"事件主循环","params":"Unix_UDP 建立中","operate_result":"信息","failed_reason":""}
{"user":"x_finder3","timestamp":"2024-07-30T10:04:10.284237","nav_name":"http_datafilter","action":"启动完成","params":"Unix_UDP 准备完毕,开始接收消息!","operate_result":"信息","failed_reason":""}
{"user":"x_finder3","timestamp":"2024-07-30T10:12:16.716175","nav_name":"http_datafilter","action":"启动参数","params":"unix_udp: \/tmp\/sen_count,","operate_result":"信息","failed_reason":""}
{"user":"x_finder3","timestamp":"2024-07-30T10:12:16.722655","nav_name":"http_datafilter","action":"组件启动","params":"开始验证授权....","operate_result":"信息","failed_reason":""}
{"user":"x_finder3","timestamp":"2024-07-30T10:12:16.723030","nav_name":"http_datafilter","action":"组件启动","params":"授权验证完成!","operate_result":"信息","failed_reason":""}
{"user":"x_finder3","timestamp":"2024-07-30T10:12:16.724347","nav_name":"http_datafilter","action":"组件启动","params":"数据窗口函数-0, 定时任务函数-3","operate_result":"信息","failed_reason":""}
{"user":"x_finder3","timestamp":"2024-07-30T10:12:16.724525","nav_name":"http_datafilter","action":"事件主循环","params":"Unix_UDP 建立中","operate_result":"信息","failed_reason":""}
{"user":"x_finder3","timestamp":"2024-07-30T10:12:16.724675","nav_name":"http_datafilter","action":"启动完成","params":"Unix_UDP 准备完毕,开始接收消息!","operate_result":"信息","failed_reason":""}
{"user":"x_finder3","timestamp":"2024-07-30T10:17:51.328939","nav_name":"http_datafilter","action":"启动参数","params":"unix_udp: \/tmp\/sen_count,","operate_result":"信息","failed_reason":""}
{"user":"x_finder3","timestamp":"2024-07-30T10:17:51.336176","nav_name":"http_datafilter","action":"组件启动","params":"开始验证授权....","operate_result":"信息","failed_reason":""}
{"user":"x_finder3","timestamp":"2024-07-30T10:17:51.336622","nav_name":"http_datafilter","action":"组件启动","params":"授权验证完成!","operate_result":"信息","failed_reason":""}
{"user":"x_finder3","timestamp":"2024-07-30T10:17:51.337825","nav_name":"http_datafilter","action":"组件启动","params":"数据窗口函数-0, 定时任务函数-3","operate_result":"信息","failed_reason":""}
{"user":"x_finder3","timestamp":"2024-07-30T10:17:51.337971","nav_name":"http_datafilter","action":"事件主循环","params":"Unix_UDP 建立中","operate_result":"信息","failed_reason":""}
{"user":"x_finder3","timestamp":"2024-07-30T10:17:51.338124","nav_name":"http_datafilter","action":"启动完成","params":"Unix_UDP 准备完毕,开始接收消息!","operate_result":"信息","failed_reason":""}
{"user":"x_finder3","timestamp":"2024-07-31T16:17:53.458274","nav_name":"http_datafilter","action":"启动参数","params":"unix_udp: \/tmp\/sen_count,","operate_result":"信息","failed_reason":""}
{"user":"x_finder3","timestamp":"2024-07-31T16:17:53.464825","nav_name":"http_datafilter","action":"组件启动","params":"开始验证授权....","operate_result":"信息","failed_reason":""}
{"user":"x_finder3","timestamp":"2024-07-31T16:17:53.465254","nav_name":"http_datafilter","action":"组件启动","params":"授权验证完成!","operate_result":"信息","failed_reason":""}
{"user":"x_finder3","timestamp":"2024-07-31T16:17:53.466772","nav_name":"http_datafilter","action":"组件启动","params":"数据窗口函数-0, 定时任务函数-3","operate_result":"信息","failed_reason":""}
{"user":"x_finder3","timestamp":"2024-07-31T16:17:53.466933","nav_name":"http_datafilter","action":"事件主循环","params":"Unix_UDP 建立中","operate_result":"信息","failed_reason":""}
{"user":"x_finder3","timestamp":"2024-07-31T16:17:53.467108","nav_name":"http_datafilter","action":"启动完成","params":"Unix_UDP 准备完毕,开始接收消息!","operate_result":"信息","failed_reason":""}
{"user":"x_finder3","timestamp":"2024-08-01T17:38:51.645842","nav_name":"http_datafilter","action":"启动参数","params":"unix_udp: \/tmp\/sen_count,","operate_result":"信息","failed_reason":""}
{"user":"x_finder3","timestamp":"2024-08-01T17:38:51.651874","nav_name":"http_datafilter","action":"组件启动","params":"开始验证授权....","operate_result":"信息","failed_reason":""}
{"user":"x_finder3","timestamp":"2024-08-01T17:38:51.652253","nav_name":"http_datafilter","action":"组件启动","params":"授权验证完成!","operate_result":"信息","failed_reason":""}
{"user":"x_finder3","timestamp":"2024-08-01T17:38:51.653554","nav_name":"http_datafilter","action":"组件启动","params":"数据窗口函数-0, 定时任务函数-3","operate_result":"信息","failed_reason":""}
{"user":"x_finder3","timestamp":"2024-08-01T17:38:51.653779","nav_name":"http_datafilter","action":"事件主循环","params":"Unix_UDP 建立中","operate_result":"信息","failed_reason":""}
{"user":"x_finder3","timestamp":"2024-08-01T17:38:51.653939","nav_name":"http_datafilter","action":"启动完成","params":"Unix_UDP 准备完毕,开始接收消息!","operate_result":"信息","failed_reason":""}
{"user":"x_finder3","timestamp":"2024-08-01T17:39:51.769389","nav_name":"http_datafilter","action":"启动参数","params":"unix_udp: \/tmp\/sen_count,","operate_result":"信息","failed_reason":""}
{"user":"x_finder3","timestamp":"2024-08-01T17:39:51.775332","nav_name":"http_datafilter","action":"组件启动","params":"开始验证授权....","operate_result":"信息","failed_reason":""}
{"user":"x_finder3","timestamp":"2024-08-01T17:39:51.775699","nav_name":"http_datafilter","action":"组件启动","params":"授权验证完成!","operate_result":"信息","failed_reason":""}
{"user":"x_finder3","timestamp":"2024-08-01T17:39:51.776897","nav_name":"http_datafilter","action":"组件启动","params":"数据窗口函数-0, 定时任务函数-3","operate_result":"信息","failed_reason":""}
{"user":"x_finder3","timestamp":"2024-08-01T17:39:51.777039","nav_name":"http_datafilter","action":"事件主循环","params":"Unix_UDP 建立中","operate_result":"信息","failed_reason":""}
{"user":"x_finder3","timestamp":"2024-08-01T17:39:51.777178","nav_name":"http_datafilter","action":"启动完成","params":"Unix_UDP 准备完毕,开始接收消息!","operate_result":"信息","failed_reason":""}
{"user":"x_finder3","timestamp":"2024-08-06T09:34:08.233382","nav_name":"http_datafilter","action":"启动参数","params":"unix_udp: \/tmp\/sen_count,","operate_result":"信息","failed_reason":""}
{"user":"x_finder3","timestamp":"2024-08-06T09:34:08.238533","nav_name":"http_datafilter","action":"组件启动","params":"开始验证授权....","operate_result":"信息","failed_reason":""}
{"user":"x_finder3","timestamp":"2024-08-06T09:34:08.238898","nav_name":"http_datafilter","action":"组件启动","params":"授权验证完成!","operate_result":"信息","failed_reason":""}
{"user":"x_finder3","timestamp":"2024-08-06T09:34:08.239811","nav_name":"http_datafilter","action":"组件启动","params":"数据窗口函数-0, 定时任务函数-3","operate_result":"信息","failed_reason":""}
{"user":"x_finder3","timestamp":"2024-08-06T09:34:08.239945","nav_name":"http_datafilter","action":"事件主循环","params":"Unix_UDP 建立中","operate_result":"信息","failed_reason":""}
{"user":"x_finder3","timestamp":"2024-08-06T09:34:08.240079","nav_name":"http_datafilter","action":"启动完成","params":"Unix_UDP 准备完毕,开始接收消息!","operate_result":"信息","failed_reason":""}
{"user":"x_finder3","timestamp":"2024-08-06T09:40:41.063574","nav_name":"http_datafilter","action":"启动参数","params":"unix_udp: \/tmp\/sen_count,","operate_result":"信息","failed_reason":""}
{"user":"x_finder3","timestamp":"2024-08-06T09:40:41.069578","nav_name":"http_datafilter","action":"组件启动","params":"开始验证授权....","operate_result":"信息","failed_reason":""}
{"user":"x_finder3","timestamp":"2024-08-06T09:40:41.069949","nav_name":"http_datafilter","action":"组件启动","params":"授权验证完成!","operate_result":"信息","failed_reason":""}
{"user":"x_finder3","timestamp":"2024-08-06T09:40:41.071176","nav_name":"http_datafilter","action":"组件启动","params":"数据窗口函数-0, 定时任务函数-3","operate_result":"信息","failed_reason":""}
{"user":"x_finder3","timestamp":"2024-08-06T09:40:41.071325","nav_name":"http_datafilter","action":"事件主循环","params":"Unix_UDP 建立中","operate_result":"信息","failed_reason":""}
{"user":"x_finder3","timestamp":"2024-08-06T09:40:41.071482","nav_name":"http_datafilter","action":"启动完成","params":"Unix_UDP 准备完毕,开始接收消息!","operate_result":"信息","failed_reason":""}
{"user":"x_finder3","timestamp":"2024-08-06T09:42:00.926370","nav_name":"http_datafilter","action":"启动参数","params":"unix_udp: \/tmp\/sen_count,","operate_result":"信息","failed_reason":""}
{"user":"x_finder3","timestamp":"2024-08-06T09:42:00.932596","nav_name":"http_datafilter","action":"组件启动","params":"开始验证授权....","operate_result":"信息","failed_reason":""}
{"user":"x_finder3","timestamp":"2024-08-06T09:42:00.932975","nav_name":"http_datafilter","action":"组件启动","params":"授权验证完成!","operate_result":"信息","failed_reason":""}
{"user":"x_finder3","timestamp":"2024-08-06T09:42:00.934273","nav_name":"http_datafilter","action":"组件启动","params":"数据窗口函数-0, 定时任务函数-3","operate_result":"信息","failed_reason":""}
{"user":"x_finder3","timestamp":"2024-08-06T09:42:00.934421","nav_name":"http_datafilter","action":"事件主循环","params":"Unix_UDP 建立中","operate_result":"信息","failed_reason":""}
{"user":"x_finder3","timestamp":"2024-08-06T09:42:00.934565","nav_name":"http_datafilter","action":"启动完成","params":"Unix_UDP 准备完毕,开始接收消息!","operate_result":"信息","failed_reason":""}
{"user":"x_finder3","timestamp":"2024-08-09T16:58:06.170769","nav_name":"http_datafilter","action":"启动参数","params":"unix_udp: \/tmp\/sen_count,","operate_result":"信息","failed_reason":""}
{"user":"x_finder3","timestamp":"2024-08-09T16:58:06.177229","nav_name":"http_datafilter","action":"组件启动","params":"开始验证授权....","operate_result":"信息","failed_reason":""}
{"user":"x_finder3","timestamp":"2024-08-09T16:58:06.177653","nav_name":"http_datafilter","action":"组件启动","params":"授权验证完成!","operate_result":"信息","failed_reason":""}
{"user":"x_finder3","timestamp":"2024-08-09T16:58:06.178985","nav_name":"http_datafilter","action":"组件启动","params":"数据窗口函数-0, 定时任务函数-3","operate_result":"信息","failed_reason":""}
{"user":"x_finder3","timestamp":"2024-08-09T16:58:06.179131","nav_name":"http_datafilter","action":"事件主循环","params":"Unix_UDP 建立中","operate_result":"信息","failed_reason":""}
{"user":"x_finder3","timestamp":"2024-08-09T16:58:06.179276","nav_name":"http_datafilter","action":"启动完成","params":"Unix_UDP 准备完毕,开始接收消息!","operate_result":"信息","failed_reason":""}
{"user":"x_finder3","timestamp":"2024-08-27T16:27:58.117695","nav_name":"http_datafilter","action":"启动参数","params":"unix_udp: \/tmp\/sen_count,","operate_result":"信息","failed_reason":""}
{"user":"x_finder3","timestamp":"2024-08-27T16:27:58.124231","nav_name":"http_datafilter","action":"组件启动","params":"开始验证授权....","operate_result":"信息","failed_reason":""}
{"user":"x_finder3","timestamp":"2024-08-27T16:27:58.124680","nav_name":"http_datafilter","action":"组件启动","params":"授权验证完成!","operate_result":"信息","failed_reason":""}
{"user":"x_finder3","timestamp":"2024-08-27T16:27:58.125901","nav_name":"http_datafilter","action":"组件启动","params":"数据窗口函数-0, 定时任务函数-3","operate_result":"信息","failed_reason":""}
{"user":"x_finder3","timestamp":"2024-08-27T16:27:58.126043","nav_name":"http_datafilter","action":"事件主循环","params":"Unix_UDP 建立中","operate_result":"信息","failed_reason":""}
{"user":"x_finder3","timestamp":"2024-08-27T16:27:58.126187","nav_name":"http_datafilter","action":"启动完成","params":"Unix_UDP 准备完毕,开始接收消息!","operate_result":"信息","failed_reason":""}
{"user":"x_finder3","timestamp":"2024-08-29T14:31:03.552732","nav_name":"http_datafilter","action":"启动参数","params":"unix_udp: \/tmp\/sen_count,","operate_result":"信息","failed_reason":""}
{"user":"x_finder3","timestamp":"2024-08-29T14:31:03.559134","nav_name":"http_datafilter","action":"组件启动","params":"开始验证授权....","operate_result":"信息","failed_reason":""}
{"user":"x_finder3","timestamp":"2024-08-29T14:31:03.559496","nav_name":"http_datafilter","action":"组件启动","params":"授权验证完成!","operate_result":"信息","failed_reason":""}
{"user":"x_finder3","timestamp":"2024-08-29T14:31:03.560659","nav_name":"http_datafilter","action":"组件启动","params":"数据窗口函数-0, 定时任务函数-3","operate_result":"信息","failed_reason":""}
{"user":"x_finder3","timestamp":"2024-08-29T14:31:03.560804","nav_name":"http_datafilter","action":"事件主循环","params":"Unix_UDP 建立中","operate_result":"信息","failed_reason":""}
{"user":"x_finder3","timestamp":"2024-08-29T14:31:03.560947","nav_name":"http_datafilter","action":"启动完成","params":"Unix_UDP 准备完毕,开始接收消息!","operate_result":"信息","failed_reason":""}
{"user":"x_finder3","timestamp":"2024-08-30T10:13:04.930662","nav_name":"http_datafilter","action":"启动参数","params":"unix_udp: \/tmp\/sen_count,","operate_result":"信息","failed_reason":""}
{"user":"x_finder3","timestamp":"2024-08-30T10:13:04.936473","nav_name":"http_datafilter","action":"组件启动","params":"开始验证授权....","operate_result":"信息","failed_reason":""}
{"user":"x_finder3","timestamp":"2024-08-30T10:13:04.936853","nav_name":"http_datafilter","action":"组件启动","params":"授权验证完成!","operate_result":"信息","failed_reason":""}
{"user":"x_finder3","timestamp":"2024-08-30T10:13:04.937986","nav_name":"http_datafilter","action":"组件启动","params":"数据窗口函数-0, 定时任务函数-3","operate_result":"信息","failed_reason":""}
{"user":"x_finder3","timestamp":"2024-08-30T10:13:04.938132","nav_name":"http_datafilter","action":"事件主循环","params":"Unix_UDP 建立中","operate_result":"信息","failed_reason":""}
{"user":"x_finder3","timestamp":"2024-08-30T10:13:04.938282","nav_name":"http_datafilter","action":"启动完成","params":"Unix_UDP 准备完毕,开始接收消息!","operate_result":"信息","failed_reason":""}
{"user":"x_finder3","timestamp":"2024-08-30T10:14:54.294146","nav_name":"http_datafilter","action":"启动参数","params":"unix_udp: \/tmp\/sen_count,","operate_result":"信息","failed_reason":""}
{"user":"x_finder3","timestamp":"2024-08-30T10:14:54.300040","nav_name":"http_datafilter","action":"组件启动","params":"开始验证授权....","operate_result":"信息","failed_reason":""}
{"user":"x_finder3","timestamp":"2024-08-30T10:14:54.300403","nav_name":"http_datafilter","action":"组件启动","params":"授权验证完成!","operate_result":"信息","failed_reason":""}
{"user":"x_finder3","timestamp":"2024-08-30T10:14:54.301700","nav_name":"http_datafilter","action":"组件启动","params":"数据窗口函数-0, 定时任务函数-3","operate_result":"信息","failed_reason":""}
{"user":"x_finder3","timestamp":"2024-08-30T10:14:54.301845","nav_name":"http_datafilter","action":"事件主循环","params":"Unix_UDP 建立中","operate_result":"信息","failed_reason":""}
{"user":"x_finder3","timestamp":"2024-08-30T10:14:54.301998","nav_name":"http_datafilter","action":"启动完成","params":"Unix_UDP 准备完毕,开始接收消息!","operate_result":"信息","failed_reason":""}
{"user":"x_finder3","timestamp":"2024-08-30T10:16:39.130697","nav_name":"http_datafilter","action":"启动参数","params":"unix_udp: \/tmp\/sen_count,","operate_result":"信息","failed_reason":""}
{"user":"x_finder3","timestamp":"2024-08-30T10:16:39.137006","nav_name":"http_datafilter","action":"组件启动","params":"开始验证授权....","operate_result":"信息","failed_reason":""}
{"user":"x_finder3","timestamp":"2024-08-30T10:16:39.137417","nav_name":"http_datafilter","action":"组件启动","params":"授权验证完成!","operate_result":"信息","failed_reason":""}
{"user":"x_finder3","timestamp":"2024-08-30T10:16:39.138609","nav_name":"http_datafilter","action":"组件启动","params":"数据窗口函数-0, 定时任务函数-3","operate_result":"信息","failed_reason":""}
{"user":"x_finder3","timestamp":"2024-08-30T10:16:39.138750","nav_name":"http_datafilter","action":"事件主循环","params":"Unix_UDP 建立中","operate_result":"信息","failed_reason":""}
{"user":"x_finder3","timestamp":"2024-08-30T10:16:39.138898","nav_name":"http_datafilter","action":"启动完成","params":"Unix_UDP 准备完毕,开始接收消息!","operate_result":"信息","failed_reason":""}
{"user":"x_finder3","timestamp":"2024-08-30T10:17:38.987484","nav_name":"http_datafilter","action":"启动参数","params":"unix_udp: \/tmp\/sen_count,","operate_result":"信息","failed_reason":""}
{"user":"x_finder3","timestamp":"2024-08-30T10:17:38.994810","nav_name":"http_datafilter","action":"组件启动","params":"开始验证授权....","operate_result":"信息","failed_reason":""}
{"user":"x_finder3","timestamp":"2024-08-30T10:17:38.995246","nav_name":"http_datafilter","action":"组件启动","params":"授权验证完成!","operate_result":"信息","failed_reason":""}
{"user":"x_finder3","timestamp":"2024-08-30T10:17:38.996696","nav_name":"http_datafilter","action":"组件启动","params":"数据窗口函数-0, 定时任务函数-3","operate_result":"信息","failed_reason":""}
{"user":"x_finder3","timestamp":"2024-08-30T10:17:38.996877","nav_name":"http_datafilter","action":"事件主循环","params":"Unix_UDP 建立中","operate_result":"信息","failed_reason":""}
{"user":"x_finder3","timestamp":"2024-08-30T10:17:38.997039","nav_name":"http_datafilter","action":"启动完成","params":"Unix_UDP 准备完毕,开始接收消息!","operate_result":"信息","failed_reason":""}
{"user":"x_finder3","timestamp":"2024-08-30T10:21:20.213874","nav_name":"http_datafilter","action":"启动参数","params":"unix_udp: \/tmp\/sen_count,","operate_result":"信息","failed_reason":""}
{"user":"x_finder3","timestamp":"2024-08-30T10:21:20.220823","nav_name":"http_datafilter","action":"组件启动","params":"开始验证授权....","operate_result":"信息","failed_reason":""}
{"user":"x_finder3","timestamp":"2024-08-30T10:21:20.221234","nav_name":"http_datafilter","action":"组件启动","params":"授权验证完成!","operate_result":"信息","failed_reason":""}
{"user":"x_finder3","timestamp":"2024-08-30T10:21:20.222430","nav_name":"http_datafilter","action":"组件启动","params":"数据窗口函数-0, 定时任务函数-3","operate_result":"信息","failed_reason":""}
{"user":"x_finder3","timestamp":"2024-08-30T10:21:20.222570","nav_name":"http_datafilter","action":"事件主循环","params":"Unix_UDP 建立中","operate_result":"信息","failed_reason":""}
{"user":"x_finder3","timestamp":"2024-08-30T10:21:20.222721","nav_name":"http_datafilter","action":"启动完成","params":"Unix_UDP 准备完毕,开始接收消息!","operate_result":"信息","failed_reason":""}
{"user":"x_finder3","timestamp":"2024-08-30T10:21:59.739819","nav_name":"http_datafilter","action":"启动参数","params":"unix_udp: \/tmp\/sen_count,","operate_result":"信息","failed_reason":""}
{"user":"x_finder3","timestamp":"2024-08-30T10:21:59.745972","nav_name":"http_datafilter","action":"组件启动","params":"开始验证授权....","operate_result":"信息","failed_reason":""}
{"user":"x_finder3","timestamp":"2024-08-30T10:21:59.746374","nav_name":"http_datafilter","action":"组件启动","params":"授权验证完成!","operate_result":"信息","failed_reason":""}
{"user":"x_finder3","timestamp":"2024-08-30T10:21:59.747741","nav_name":"http_datafilter","action":"组件启动","params":"数据窗口函数-0, 定时任务函数-3","operate_result":"信息","failed_reason":""}
{"user":"x_finder3","timestamp":"2024-08-30T10:21:59.747897","nav_name":"http_datafilter","action":"事件主循环","params":"Unix_UDP 建立中","operate_result":"信息","failed_reason":""}
{"user":"x_finder3","timestamp":"2024-08-30T10:21:59.748045","nav_name":"http_datafilter","action":"启动完成","params":"Unix_UDP 准备完毕,开始接收消息!","operate_result":"信息","failed_reason":""}
{"user":"x_finder3","timestamp":"2024-08-30T10:25:45.025227","nav_name":"http_datafilter","action":"启动参数","params":"unix_udp: \/tmp\/sen_count,","operate_result":"信息","failed_reason":""}
{"user":"x_finder3","timestamp":"2024-08-30T10:25:45.031313","nav_name":"http_datafilter","action":"组件启动","params":"开始验证授权....","operate_result":"信息","failed_reason":""}
{"user":"x_finder3","timestamp":"2024-08-30T10:25:45.031680","nav_name":"http_datafilter","action":"组件启动","params":"授权验证完成!","operate_result":"信息","failed_reason":""}
{"user":"x_finder3","timestamp":"2024-08-30T10:25:45.032878","nav_name":"http_datafilter","action":"组件启动","params":"数据窗口函数-0, 定时任务函数-3","operate_result":"信息","failed_reason":""}
{"user":"x_finder3","timestamp":"2024-08-30T10:25:45.033017","nav_name":"http_datafilter","action":"事件主循环","params":"Unix_UDP 建立中","operate_result":"信息","failed_reason":""}
{"user":"x_finder3","timestamp":"2024-08-30T10:25:45.033166","nav_name":"http_datafilter","action":"启动完成","params":"Unix_UDP 准备完毕,开始接收消息!","operate_result":"信息","failed_reason":""}
{"user":"x_finder3","timestamp":"2024-08-30T10:26:35.424008","nav_name":"http_datafilter","action":"启动参数","params":"unix_udp: \/tmp\/sen_count,","operate_result":"信息","failed_reason":""}
{"user":"x_finder3","timestamp":"2024-08-30T10:26:35.431071","nav_name":"http_datafilter","action":"组件启动","params":"开始验证授权....","operate_result":"信息","failed_reason":""}
{"user":"x_finder3","timestamp":"2024-08-30T10:26:35.431485","nav_name":"http_datafilter","action":"组件启动","params":"授权验证完成!","operate_result":"信息","failed_reason":""}
{"user":"x_finder3","timestamp":"2024-08-30T10:26:35.432955","nav_name":"http_datafilter","action":"组件启动","params":"数据窗口函数-0, 定时任务函数-3","operate_result":"信息","failed_reason":""}
{"user":"x_finder3","timestamp":"2024-08-30T10:26:35.433114","nav_name":"http_datafilter","action":"事件主循环","params":"Unix_UDP 建立中","operate_result":"信息","failed_reason":""}
{"user":"x_finder3","timestamp":"2024-08-30T10:26:35.433287","nav_name":"http_datafilter","action":"启动完成","params":"Unix_UDP 准备完毕,开始接收消息!","operate_result":"信息","failed_reason":""}
{"user":"x_finder3","timestamp":"2024-08-30T10:34:35.279048","nav_name":"http_datafilter","action":"启动参数","params":"unix_udp: \/tmp\/sen_count,","operate_result":"信息","failed_reason":""}
{"user":"x_finder3","timestamp":"2024-08-30T10:34:35.285066","nav_name":"http_datafilter","action":"组件启动","params":"开始验证授权....","operate_result":"信息","failed_reason":""}
{"user":"x_finder3","timestamp":"2024-08-30T10:34:35.285430","nav_name":"http_datafilter","action":"组件启动","params":"授权验证完成!","operate_result":"信息","failed_reason":""}
{"user":"x_finder3","timestamp":"2024-08-30T10:34:35.286624","nav_name":"http_datafilter","action":"组件启动","params":"数据窗口函数-0, 定时任务函数-3","operate_result":"信息","failed_reason":""}
{"user":"x_finder3","timestamp":"2024-08-30T10:34:35.286769","nav_name":"http_datafilter","action":"事件主循环","params":"Unix_UDP 建立中","operate_result":"信息","failed_reason":""}
{"user":"x_finder3","timestamp":"2024-08-30T10:34:35.286915","nav_name":"http_datafilter","action":"启动完成","params":"Unix_UDP 准备完毕,开始接收消息!","operate_result":"信息","failed_reason":""}
{"user":"x_finder3","timestamp":"2024-08-30T10:37:12.664215","nav_name":"http_datafilter","action":"启动参数","params":"unix_udp: \/tmp\/sen_count,","operate_result":"信息","failed_reason":""}
{"user":"x_finder3","timestamp":"2024-08-30T10:37:12.670024","nav_name":"http_datafilter","action":"组件启动","params":"开始验证授权....","operate_result":"信息","failed_reason":""}
{"user":"x_finder3","timestamp":"2024-08-30T10:37:12.670371","nav_name":"http_datafilter","action":"组件启动","params":"授权验证完成!","operate_result":"信息","failed_reason":""}
{"user":"x_finder3","timestamp":"2024-08-30T10:37:12.671545","nav_name":"http_datafilter","action":"组件启动","params":"数据窗口函数-0, 定时任务函数-3","operate_result":"信息","failed_reason":""}
{"user":"x_finder3","timestamp":"2024-08-30T10:37:12.671682","nav_name":"http_datafilter","action":"事件主循环","params":"Unix_UDP 建立中","operate_result":"信息","failed_reason":""}
{"user":"x_finder3","timestamp":"2024-08-30T10:37:12.671827","nav_name":"http_datafilter","action":"启动完成","params":"Unix_UDP 准备完毕,开始接收消息!","operate_result":"信息","failed_reason":""}
{"user":"x_finder3","timestamp":"2024-08-30T10:45:39.886320","nav_name":"http_datafilter","action":"启动参数","params":"unix_udp: \/tmp\/sen_count,","operate_result":"信息","failed_reason":""}
{"user":"x_finder3","timestamp":"2024-08-30T10:45:39.892500","nav_name":"http_datafilter","action":"组件启动","params":"开始验证授权....","operate_result":"信息","failed_reason":""}
{"user":"x_finder3","timestamp":"2024-08-30T10:45:39.892874","nav_name":"http_datafilter","action":"组件启动","params":"授权验证完成!","operate_result":"信息","failed_reason":""}
{"user":"x_finder3","timestamp":"2024-08-30T10:45:39.894035","nav_name":"http_datafilter","action":"组件启动","params":"数据窗口函数-0, 定时任务函数-3","operate_result":"信息","failed_reason":""}
{"user":"x_finder3","timestamp":"2024-08-30T10:45:39.894177","nav_name":"http_datafilter","action":"事件主循环","params":"Unix_UDP 建立中","operate_result":"信息","failed_reason":""}
{"user":"x_finder3","timestamp":"2024-08-30T10:45:39.894323","nav_name":"http_datafilter","action":"启动完成","params":"Unix_UDP 准备完毕,开始接收消息!","operate_result":"信息","failed_reason":""}
{"user":"x_finder3","timestamp":"2024-08-30T10:59:55.604887","nav_name":"http_datafilter","action":"启动参数","params":"unix_udp: \/tmp\/sen_count,","operate_result":"信息","failed_reason":""}
{"user":"x_finder3","timestamp":"2024-08-30T10:59:55.610601","nav_name":"http_datafilter","action":"组件启动","params":"开始验证授权....","operate_result":"信息","failed_reason":""}
{"user":"x_finder3","timestamp":"2024-08-30T10:59:55.610960","nav_name":"http_datafilter","action":"组件启动","params":"授权验证完成!","operate_result":"信息","failed_reason":""}
{"user":"x_finder3","timestamp":"2024-08-30T10:59:55.612070","nav_name":"http_datafilter","action":"组件启动","params":"数据窗口函数-0, 定时任务函数-3","operate_result":"信息","failed_reason":""}
{"user":"x_finder3","timestamp":"2024-08-30T10:59:55.612214","nav_name":"http_datafilter","action":"事件主循环","params":"Unix_UDP 建立中","operate_result":"信息","failed_reason":""}
{"user":"x_finder3","timestamp":"2024-08-30T10:59:55.612354","nav_name":"http_datafilter","action":"启动完成","params":"Unix_UDP 准备完毕,开始接收消息!","operate_result":"信息","failed_reason":""}
{"user":"x_finder3","timestamp":"2024-08-30T11:13:00.176149","nav_name":"http_datafilter","action":"启动参数","params":"unix_udp: \/tmp\/sen_count,","operate_result":"信息","failed_reason":""}
{"user":"x_finder3","timestamp":"2024-08-30T11:13:00.182247","nav_name":"http_datafilter","action":"组件启动","params":"开始验证授权....","operate_result":"信息","failed_reason":""}
{"user":"x_finder3","timestamp":"2024-08-30T11:13:00.182631","nav_name":"http_datafilter","action":"组件启动","params":"授权验证完成!","operate_result":"信息","failed_reason":""}
{"user":"x_finder3","timestamp":"2024-08-30T11:13:00.183901","nav_name":"http_datafilter","action":"组件启动","params":"数据窗口函数-0, 定时任务函数-3","operate_result":"信息","failed_reason":""}
{"user":"x_finder3","timestamp":"2024-08-30T11:13:00.184046","nav_name":"http_datafilter","action":"事件主循环","params":"Unix_UDP 建立中","operate_result":"信息","failed_reason":""}
{"user":"x_finder3","timestamp":"2024-08-30T11:13:00.184192","nav_name":"http_datafilter","action":"启动完成","params":"Unix_UDP 准备完毕,开始接收消息!","operate_result":"信息","failed_reason":""}
{"user":"x_finder3","timestamp":"2024-08-30T11:17:05.029450","nav_name":"http_datafilter","action":"启动参数","params":"unix_udp: \/tmp\/sen_count,","operate_result":"信息","failed_reason":""}
{"user":"x_finder3","timestamp":"2024-08-30T11:17:05.034834","nav_name":"http_datafilter","action":"组件启动","params":"开始验证授权....","operate_result":"信息","failed_reason":""}
{"user":"x_finder3","timestamp":"2024-08-30T11:17:05.035179","nav_name":"http_datafilter","action":"组件启动","params":"授权验证完成!","operate_result":"信息","failed_reason":""}
{"user":"x_finder3","timestamp":"2024-08-30T11:17:05.036107","nav_name":"http_datafilter","action":"组件启动","params":"数据窗口函数-0, 定时任务函数-3","operate_result":"信息","failed_reason":""}
{"user":"x_finder3","timestamp":"2024-08-30T11:17:05.036245","nav_name":"http_datafilter","action":"事件主循环","params":"Unix_UDP 建立中","operate_result":"信息","failed_reason":""}
{"user":"x_finder3","timestamp":"2024-08-30T11:17:05.036385","nav_name":"http_datafilter","action":"启动完成","params":"Unix_UDP 准备完毕,开始接收消息!","operate_result":"信息","failed_reason":""}
{"user":"x_finder3","timestamp":"2024-08-30T11:19:17.264580","nav_name":"http_datafilter","action":"启动参数","params":"unix_udp: \/tmp\/sen_count,","operate_result":"信息","failed_reason":""}
{"user":"x_finder3","timestamp":"2024-08-30T11:19:17.270213","nav_name":"http_datafilter","action":"组件启动","params":"开始验证授权....","operate_result":"信息","failed_reason":""}
{"user":"x_finder3","timestamp":"2024-08-30T11:19:17.270571","nav_name":"http_datafilter","action":"组件启动","params":"授权验证完成!","operate_result":"信息","failed_reason":""}
{"user":"x_finder3","timestamp":"2024-08-30T11:19:17.271678","nav_name":"http_datafilter","action":"组件启动","params":"数据窗口函数-0, 定时任务函数-3","operate_result":"信息","failed_reason":""}
{"user":"x_finder3","timestamp":"2024-08-30T11:19:17.271818","nav_name":"http_datafilter","action":"事件主循环","params":"Unix_UDP 建立中","operate_result":"信息","failed_reason":""}
{"user":"x_finder3","timestamp":"2024-08-30T11:19:17.271964","nav_name":"http_datafilter","action":"启动完成","params":"Unix_UDP 准备完毕,开始接收消息!","operate_result":"信息","failed_reason":""}
{"user":"x_finder3","timestamp":"2024-08-30T15:02:26.426878","nav_name":"http_datafilter","action":"启动参数","params":"unix_udp: \/tmp\/sen_count,","operate_result":"信息","failed_reason":""}
{"user":"x_finder3","timestamp":"2024-08-30T15:02:26.432276","nav_name":"http_datafilter","action":"组件启动","params":"开始验证授权....","operate_result":"信息","failed_reason":""}
{"user":"x_finder3","timestamp":"2024-08-30T15:02:26.432695","nav_name":"http_datafilter","action":"组件启动","params":"授权验证完成!","operate_result":"信息","failed_reason":""}
{"user":"x_finder3","timestamp":"2024-08-30T15:02:26.433741","nav_name":"http_datafilter","action":"组件启动","params":"数据窗口函数-0, 定时任务函数-3","operate_result":"信息","failed_reason":""}
{"user":"x_finder3","timestamp":"2024-08-30T15:02:26.433896","nav_name":"http_datafilter","action":"事件主循环","params":"Unix_UDP 建立中","operate_result":"信息","failed_reason":""}
{"user":"x_finder3","timestamp":"2024-08-30T15:02:26.434065","nav_name":"http_datafilter","action":"启动完成","params":"Unix_UDP 准备完毕,开始接收消息!","operate_result":"信息","failed_reason":""}
{"user":"x_finder3","timestamp":"2024-08-30T15:06:08.594041","nav_name":"http_datafilter","action":"启动参数","params":"unix_udp: \/tmp\/sen_count,","operate_result":"信息","failed_reason":""}
{"user":"x_finder3","timestamp":"2024-08-30T15:06:08.600370","nav_name":"http_datafilter","action":"组件启动","params":"开始验证授权....","operate_result":"信息","failed_reason":""}
{"user":"x_finder3","timestamp":"2024-08-30T15:06:08.600774","nav_name":"http_datafilter","action":"组件启动","params":"授权验证完成!","operate_result":"信息","failed_reason":""}
{"user":"x_finder3","timestamp":"2024-08-30T15:06:08.602095","nav_name":"http_datafilter","action":"组件启动","params":"数据窗口函数-0, 定时任务函数-3","operate_result":"信息","failed_reason":""}
{"user":"x_finder3","timestamp":"2024-08-30T15:06:08.602266","nav_name":"http_datafilter","action":"事件主循环","params":"Unix_UDP 建立中","operate_result":"信息","failed_reason":""}
{"user":"x_finder3","timestamp":"2024-08-30T15:06:08.602451","nav_name":"http_datafilter","action":"启动完成","params":"Unix_UDP 准备完毕,开始接收消息!","operate_result":"信息","failed_reason":""}
{"user":"x_finder3","timestamp":"2024-08-30T15:15:27.475706","nav_name":"http_datafilter","action":"启动参数","params":"unix_udp: \/tmp\/sen_count,","operate_result":"信息","failed_reason":""}
{"user":"x_finder3","timestamp":"2024-08-30T15:15:27.482561","nav_name":"http_datafilter","action":"组件启动","params":"开始验证授权....","operate_result":"信息","failed_reason":""}
{"user":"x_finder3","timestamp":"2024-08-30T15:15:27.482973","nav_name":"http_datafilter","action":"组件启动","params":"授权验证完成!","operate_result":"信息","failed_reason":""}
{"user":"x_finder3","timestamp":"2024-08-30T15:15:27.484309","nav_name":"http_datafilter","action":"组件启动","params":"数据窗口函数-0, 定时任务函数-3","operate_result":"信息","failed_reason":""}
{"user":"x_finder3","timestamp":"2024-08-30T15:15:27.484462","nav_name":"http_datafilter","action":"事件主循环","params":"Unix_UDP 建立中","operate_result":"信息","failed_reason":""}
{"user":"x_finder3","timestamp":"2024-08-30T15:15:27.484636","nav_name":"http_datafilter","action":"启动完成","params":"Unix_UDP 准备完毕,开始接收消息!","operate_result":"信息","failed_reason":""}
{"user":"x_finder3","timestamp":"2024-08-30T15:28:31.569664","nav_name":"http_datafilter","action":"启动参数","params":"unix_udp: \/tmp\/sen_count,","operate_result":"信息","failed_reason":""}
{"user":"x_finder3","timestamp":"2024-08-30T15:28:31.576110","nav_name":"http_datafilter","action":"组件启动","params":"开始验证授权....","operate_result":"信息","failed_reason":""}
{"user":"x_finder3","timestamp":"2024-08-30T15:28:31.576496","nav_name":"http_datafilter","action":"组件启动","params":"授权验证完成!","operate_result":"信息","failed_reason":""}
{"user":"x_finder3","timestamp":"2024-08-30T15:28:31.577782","nav_name":"http_datafilter","action":"组件启动","params":"数据窗口函数-0, 定时任务函数-3","operate_result":"信息","failed_reason":""}
{"user":"x_finder3","timestamp":"2024-08-30T15:28:31.577939","nav_name":"http_datafilter","action":"事件主循环","params":"Unix_UDP 建立中","operate_result":"信息","failed_reason":""}
{"user":"x_finder3","timestamp":"2024-08-30T15:28:31.578086","nav_name":"http_datafilter","action":"启动完成","params":"Unix_UDP 准备完毕,开始接收消息!","operate_result":"信息","failed_reason":""}
{"user":"x_finder3","timestamp":"2024-08-30T15:41:04.325815","nav_name":"http_datafilter","action":"启动参数","params":"unix_udp: \/tmp\/sen_count,","operate_result":"信息","failed_reason":""}
{"user":"x_finder3","timestamp":"2024-08-30T15:41:04.332159","nav_name":"http_datafilter","action":"组件启动","params":"开始验证授权....","operate_result":"信息","failed_reason":""}
{"user":"x_finder3","timestamp":"2024-08-30T15:41:04.332542","nav_name":"http_datafilter","action":"组件启动","params":"授权验证完成!","operate_result":"信息","failed_reason":""}
{"user":"x_finder3","timestamp":"2024-08-30T15:41:04.333816","nav_name":"http_datafilter","action":"组件启动","params":"数据窗口函数-0, 定时任务函数-3","operate_result":"信息","failed_reason":""}
{"user":"x_finder3","timestamp":"2024-08-30T15:41:04.333968","nav_name":"http_datafilter","action":"事件主循环","params":"Unix_UDP 建立中","operate_result":"信息","failed_reason":""}
{"user":"x_finder3","timestamp":"2024-08-30T15:41:04.334118","nav_name":"http_datafilter","action":"启动完成","params":"Unix_UDP 准备完毕,开始接收消息!","operate_result":"信息","failed_reason":""}
{"user":"x_finder3","timestamp":"2024-08-30T16:11:09.379060","nav_name":"http_datafilter","action":"启动参数","params":"unix_udp: \/tmp\/sen_count,","operate_result":"信息","failed_reason":""}
{"user":"x_finder3","timestamp":"2024-08-30T16:11:09.385076","nav_name":"http_datafilter","action":"组件启动","params":"开始验证授权....","operate_result":"信息","failed_reason":""}
{"user":"x_finder3","timestamp":"2024-08-30T16:11:09.385445","nav_name":"http_datafilter","action":"组件启动","params":"授权验证完成!","operate_result":"信息","failed_reason":""}
{"user":"x_finder3","timestamp":"2024-08-30T16:11:09.386660","nav_name":"http_datafilter","action":"组件启动","params":"数据窗口函数-0, 定时任务函数-3","operate_result":"信息","failed_reason":""}
{"user":"x_finder3","timestamp":"2024-08-30T16:11:09.386809","nav_name":"http_datafilter","action":"事件主循环","params":"Unix_UDP 建立中","operate_result":"信息","failed_reason":""}
{"user":"x_finder3","timestamp":"2024-08-30T16:11:09.386953","nav_name":"http_datafilter","action":"启动完成","params":"Unix_UDP 准备完毕,开始接收消息!","operate_result":"信息","failed_reason":""}
